12th DIMACS Implementation Challenge: Vehicle Routing
VRPTW track
Controller version: December 13, 2021
Competitor: HustSmart
Ubuntu 21.04
Intel(R) Xeon(R) CPU E5-2698 v3 @ 2.30GHz
hostid: 10916887366929678835
PassMark Single Thread Benchmark: 1981
Time factor: 0.99 (baseline 2000)
Instance: C1_10_4
Standardized Time limit: 7200 secs
Local Machine Time Limit: 7269 secs
Base solution: 43439.990
BKS: 39490.9
Optimal: 0
Sat 15 Jan 2022 04:20:59 AM CST
timestamp: 1642191659
Solution value, local machine time, standardized time
43428.0 2.681 2.656
43420.3 2.682 2.657
43410.9 2.688 2.662
43406.7 2.689 2.663
43406.5 2.690 2.664
43387.0 2.709 2.683
43374.2 2.710 2.684
43363.9 2.711 2.685
43363.3 2.714 2.688
43363.1 2.715 2.689
43362.9 2.716 2.690
43362.0 2.717 2.691
43361.9 2.718 2.692
43361.4 2.719 2.693
43359.7 2.720 2.694
43355.9 2.726 2.700
43350.3 2.727 2.701
43350.1 2.728 2.702
43348.4 2.729 2.703
43348.2 2.730 2.704
43346.3 2.731 2.705
43345.6 2.732 2.706
43344.2 2.733 2.707
43343.8 2.734 2.708
43343.6 2.735 2.709
43342.2 2.736 2.710
43342.0 2.737 2.711
43340.1 2.739 2.713
43339.1 2.740 2.714
43334.6 2.763 2.737
43331.9 2.764 2.738
43331.8 2.767 2.741
43331.0 2.768 2.742
43330.3 2.769 2.743
43329.6 2.770 2.744
43328.5 2.771 2.745
43328.3 2.772 2.746
43327.4 2.773 2.747
43327.1 2.774 2.748
43326.9 2.775 2.749
43325.9 2.780 2.754
43325.7 2.790 2.763
43325.3 2.791 2.764
43324.2 2.792 2.765
43300.3 2.797 2.770
43291.3 2.798 2.771
43291.2 2.799 2.772
43289.9 2.800 2.773
43288.9 2.801 2.774
43287.4 2.802 2.775
43286.5 2.803 2.776
43284.7 2.804 2.777
43283.0 2.806 2.779
43281.8 2.807 2.780
43281.5 2.808 2.781
43281.4 2.809 2.782
43281.3 2.810 2.783
43280.9 2.811 2.784
43275.5 2.812 2.785
43256.8 2.813 2.786
43256.1 2.814 2.787
43255.9 2.815 2.788
43255.4 2.816 2.789
43255.2 2.820 2.793
43254.9 2.821 2.794
43254.6 2.822 2.795
43254.1 2.823 2.796
43253.9 2.825 2.798
43253.3 2.826 2.799
43251.4 2.827 2.800
43250.6 2.828 2.801
43250.4 2.829 2.802
43248.0 2.830 2.803
43246.9 2.831 2.804
43239.9 2.838 2.811
43239.5 2.839 2.812
43235.2 2.840 2.813
43235.0 2.841 2.814
43233.0 2.842 2.815
43232.4 2.843 2.816
43231.5 2.844 2.817
43173.7 2.845 2.818
43173.1 2.846 2.819
43171.0 2.847 2.820
43168.0 2.848 2.821
43165.9 2.869 2.842
43161.2 2.879 2.852
43160.0 2.880 2.853
43159.5 2.881 2.854
43158.1 2.882 2.855
43142.1 2.883 2.856
43082.9 2.884 2.857
43080.5 2.885 2.858
43079.4 2.886 2.859
43077.0 2.887 2.860
43076.7 2.888 2.861
43074.9 2.890 2.863
43074.2 2.891 2.864
43066.0 2.892 2.865
43064.9 2.893 2.866
43063.3 2.894 2.867
43061.4 2.895 2.867
43060.8 2.896 2.868
43060.4 2.897 2.869
43057.1 2.898 2.870
43056.4 2.899 2.871
43056.3 2.900 2.872
43055.4 2.901 2.873
43054.9 2.903 2.875
43054.2 2.904 2.876
43049.9 2.907 2.879
43042.7 2.915 2.887
43041.1 2.916 2.888
43040.5 2.927 2.899
43037.6 2.928 2.900
43036.7 2.930 2.902
43033.9 2.931 2.903
43033.1 2.932 2.904
43027.4 2.937 2.909
43027.0 2.938 2.910
43026.6 2.939 2.911
43026.3 2.940 2.912
43025.8 2.941 2.913
43023.2 2.942 2.914
43008.3 2.943 2.915
43007.1 2.944 2.916
43003.4 2.945 2.917
43001.6 2.951 2.923
43000.6 2.952 2.924
43000.5 2.953 2.925
42999.1 2.958 2.930
42997.8 2.979 2.951
42996.6 2.980 2.952
42995.0 2.980 2.952
42994.8 2.981 2.953
42994.0 2.982 2.954
42992.0 2.982 2.954
42991.9 2.983 2.955
42991.7 2.984 2.956
42991.6 2.984 2.956
42991.1 2.985 2.957
42987.4 2.999 2.971
42985.6 3.000 2.972
42981.9 3.001 2.972
42980.0 3.002 2.973
42977.9 3.004 2.975
42976.2 3.053 3.024
42975.2 3.054 3.025
42972.2 3.064 3.035
42971.6 3.065 3.036
42968.4 3.066 3.037
42967.4 3.067 3.038
42966.5 3.068 3.039
42966.2 3.069 3.040
42965.6 3.070 3.041
42964.6 3.071 3.042
42962.7 3.072 3.043
42954.1 3.073 3.044
42951.1 3.074 3.045
42944.6 3.085 3.056
42941.0 3.087 3.058
42940.6 3.088 3.059
42939.8 3.088 3.059
42927.8 3.089 3.060
42927.6 3.089 3.060
42926.2 3.090 3.061
42925.4 3.091 3.062
42917.3 3.092 3.063
42916.0 3.092 3.063
42914.4 3.093 3.064
42913.7 3.094 3.065
42910.1 3.094 3.065
42908.3 3.095 3.066
42907.7 3.096 3.067
42907.1 3.096 3.067
42906.4 3.097 3.068
42905.1 3.098 3.069
42888.6 3.132 3.102
42881.0 3.133 3.103
42880.6 3.134 3.104
42868.4 3.171 3.141
42866.4 3.172 3.142
42836.8 3.173 3.143
42831.6 3.174 3.144
42831.5 3.175 3.145
42819.0 3.187 3.157
42816.8 3.188 3.158
42814.0 3.189 3.159
42811.1 3.190 3.160
42806.5 3.191 3.161
42805.2 3.192 3.162
42805.0 3.193 3.163
42800.8 3.195 3.165
42788.8 3.206 3.176
42788.7 3.207 3.177
42785.3 3.208 3.178
42781.3 3.209 3.179
42779.4 3.211 3.180
42778.3 3.212 3.181
42778.1 3.229 3.198
42777.8 3.230 3.199
42775.4 3.262 3.231
42773.2 3.283 3.252
42773.0 3.284 3.253
42767.1 3.285 3.254
42766.3 3.286 3.255
42761.6 3.287 3.256
42759.4 3.288 3.257
42758.8 3.289 3.258
42758.2 3.290 3.259
42751.6 3.291 3.260
42750.9 3.352 3.320
42750.4 3.353 3.321
42749.6 3.354 3.322
42749.0 3.355 3.323
42747.4 3.357 3.325
42746.1 3.358 3.326
42745.8 3.359 3.327
42745.7 3.360 3.328
42743.5 3.361 3.329
42739.3 3.362 3.330
42738.9 3.363 3.331
42738.7 3.364 3.332
42738.5 3.366 3.334
42736.4 3.367 3.335
42734.8 3.368 3.336
42730.0 3.369 3.337
42722.3 3.379 3.347
42721.8 3.380 3.348
42721.2 3.381 3.349
42720.5 3.381 3.349
42719.5 3.392 3.360
42719.2 3.393 3.361
42718.9 3.394 3.362
42718.3 3.395 3.363
42717.1 3.403 3.371
42713.1 3.404 3.372
42711.1 3.405 3.373
42706.3 3.406 3.374
42706.0 3.407 3.375
42662.2 3.422 3.389
42661.5 3.423 3.390
42660.7 3.424 3.391
42659.4 3.425 3.392
42658.5 3.477 3.444
42657.8 3.478 3.445
42657.7 3.521 3.488
42656.1 3.522 3.489
42655.9 3.523 3.490
42655.5 3.524 3.491
42653.8 3.525 3.492
42653.1 3.526 3.493
42651.3 3.527 3.493
42650.8 3.528 3.494
42650.5 3.529 3.495
42650.1 3.531 3.497
42649.9 3.532 3.498
42649.1 3.586 3.552
42648.9 3.587 3.553
42647.4 3.588 3.554
42646.7 3.589 3.555
42643.3 3.591 3.557
42642.9 3.592 3.558
42641.8 3.593 3.559
42640.2 3.594 3.560
42639.8 3.595 3.561
42638.9 3.596 3.562
42638.0 3.597 3.563
42637.2 3.598 3.564
42637.1 3.599 3.565
42634.9 3.600 3.566
42634.8 3.601 3.567
42631.6 3.602 3.568
42629.6 3.603 3.569
42626.9 3.604 3.570
42624.5 3.606 3.572
42624.0 3.607 3.573
42623.8 3.608 3.574
42618.9 3.612 3.578
42616.2 3.613 3.579
42615.4 3.614 3.580
42615.2 3.615 3.581
42607.0 3.645 3.610
42605.3 3.646 3.611
42605.1 3.647 3.612
42604.4 3.648 3.613
42604.1 3.661 3.626
42603.3 3.662 3.627
42599.6 3.663 3.628
42599.5 3.665 3.630
42597.9 3.673 3.638
42597.4 3.674 3.639
42596.5 3.676 3.641
42590.4 3.677 3.642
42581.7 3.678 3.643
42580.9 3.679 3.644
42579.6 3.680 3.645
42577.5 3.681 3.646
42572.2 3.682 3.647
42572.0 3.701 3.666
42571.4 3.702 3.667
42542.1 3.703 3.668
42389.5 3.712 3.677
42385.6 3.713 3.678
42384.8 3.714 3.679
42384.7 3.715 3.680
42384.4 3.716 3.681
42364.0 3.721 3.686
42360.1 3.722 3.687
42343.0 3.723 3.688
42338.3 3.765 3.729
42337.1 3.766 3.730
42336.5 3.767 3.731
42335.2 3.768 3.732
42335.0 3.769 3.733
42334.8 3.770 3.734
42334.4 3.771 3.735
42333.9 3.796 3.760
42330.6 3.797 3.761
42329.4 3.798 3.762
42326.1 3.799 3.763
42324.0 3.803 3.767
42320.7 3.804 3.768
42318.3 3.814 3.778
42317.1 3.832 3.796
42313.2 3.833 3.797
42309.4 3.834 3.798
42305.3 3.885 3.848
42304.3 3.886 3.849
42304.2 3.887 3.850
42303.5 3.888 3.851
42301.0 3.889 3.852
42300.2 3.890 3.853
42299.1 3.891 3.854
42297.1 3.892 3.855
42296.5 3.893 3.856
42295.6 3.894 3.857
42288.4 3.895 3.858
42288.0 3.919 3.882
42285.1 3.920 3.883
42284.5 3.921 3.884
42280.6 3.922 3.885
42280.2 3.923 3.886
42278.9 3.925 3.888
42278.7 3.926 3.889
42276.5 3.927 3.890
42275.6 3.928 3.891
42273.3 3.929 3.892
42271.3 3.930 3.893
42264.5 3.959 3.921
42254.8 3.960 3.922
42247.2 3.961 3.923
42246.6 3.962 3.924
42246.5 3.963 3.925
42245.7 4.018 3.980
42245.2 4.019 3.981
42244.3 4.020 3.982
42244.2 4.021 3.983
42244.0 4.022 3.984
42242.0 4.023 3.985
42240.6 4.026 3.988
42240.2 4.027 3.989
42239.9 4.037 3.999
42238.3 4.047 4.009
42233.7 4.080 4.041
42232.8 4.081 4.042
42221.6 4.134 4.095
42221.3 4.163 4.123
42213.3 4.165 4.125
42213.2 4.166 4.126
42212.8 4.182 4.142
42209.0 4.194 4.154
42208.2 4.195 4.155
42203.8 4.309 4.268
42203.0 4.310 4.269
42202.9 4.311 4.270
42202.5 4.312 4.271
42202.0 4.313 4.272
42192.5 4.330 4.289
42192.4 4.331 4.290
42185.5 4.338 4.297
42179.8 4.339 4.298
42179.6 4.340 4.299
42178.5 4.341 4.300
42171.1 4.364 4.323
42168.4 4.365 4.324
42168.2 4.379 4.337
42167.3 4.385 4.343
42165.6 4.386 4.344
42165.1 4.387 4.345
42164.8 4.388 4.346
42164.2 4.410 4.368
42159.5 4.411 4.369
42158.6 4.412 4.370
42118.9 4.413 4.371
42118.8 4.414 4.372
42116.1 4.440 4.398
42115.9 4.441 4.399
42115.7 4.442 4.400
42114.6 4.443 4.401
42113.5 4.444 4.402
42108.0 4.464 4.422
42107.6 4.465 4.423
42107.0 4.466 4.424
42106.3 4.467 4.425
42104.4 4.468 4.426
42103.2 4.515 4.472
42101.2 4.517 4.474
42098.4 4.532 4.489
42097.3 4.556 4.513
42096.8 4.557 4.514
42096.7 4.558 4.515
42096.4 4.568 4.525
42023.9 4.583 4.539
42019.1 4.584 4.540
42019.0 4.585 4.541
42015.9 4.586 4.542
42015.4 4.587 4.543
42014.1 4.590 4.546
42014.0 4.594 4.550
42013.8 4.595 4.551
42011.3 4.604 4.560
42007.2 4.613 4.569
42004.7 4.614 4.570
41985.6 4.615 4.571
41984.0 4.616 4.572
41978.6 4.617 4.573
41978.2 4.618 4.574
41976.3 4.619 4.575
41971.2 4.620 4.576
41867.2 4.631 4.587
41862.3 4.632 4.588
41860.1 4.633 4.589
41858.7 4.634 4.590
41857.7 4.635 4.591
41856.9 4.786 4.741
41855.2 4.787 4.742
41854.6 4.788 4.743
41842.1 4.804 4.758
41841.8 4.805 4.759
41840.8 4.806 4.760
41832.0 4.807 4.761
41831.6 4.808 4.762
41823.7 4.853 4.807
41822.0 4.855 4.809
41821.3 4.856 4.810
41821.0 4.857 4.811
41820.9 4.870 4.824
41820.4 4.959 4.912
41819.2 4.960 4.913
41818.9 4.961 4.914
41817.8 4.998 4.951
41816.1 5.026 4.978
41789.4 5.027 4.979
41788.2 5.028 4.980
41787.9 5.029 4.981
41787.3 5.030 4.982
41787.0 5.042 4.994
41785.6 5.043 4.995
41784.5 5.044 4.996
41782.9 5.060 5.012
41778.2 5.063 5.015
41776.7 5.064 5.016
41776.0 5.072 5.024
41775.8 5.073 5.025
41775.4 5.074 5.026
41775.2 5.081 5.033
41774.7 5.083 5.035
41771.8 5.084 5.036
41771.4 5.085 5.037
41769.9 5.086 5.038
41766.7 5.087 5.039
41766.2 5.088 5.040
41765.9 5.089 5.041
41765.4 5.090 5.042
41760.4 5.091 5.043
41760.3 5.092 5.044
41760.2 5.093 5.045
41757.6 5.152 5.103
41757.1 5.153 5.104
41755.8 5.155 5.106
41755.1 5.163 5.114
41748.0 5.210 5.161
41747.5 5.211 5.161
41746.1 5.212 5.162
41743.3 5.213 5.163
41742.4 5.214 5.164
41741.8 5.216 5.166
41740.9 5.217 5.167
41739.0 5.294 5.244
41738.3 5.296 5.246
41736.8 5.297 5.247
41736.7 5.298 5.248
41734.0 5.299 5.249
41733.8 5.300 5.250
41733.4 5.301 5.251
41733.2 5.302 5.252
41730.4 5.303 5.253
41726.0 5.304 5.254
41719.5 5.309 5.259
41719.0 5.310 5.260
41717.8 5.311 5.261
41713.4 5.312 5.262
41712.7 5.313 5.263
41712.2 5.314 5.264
41711.2 5.315 5.265
41711.0 5.317 5.266
41709.8 5.318 5.267
41707.8 5.349 5.298
41707.2 5.350 5.299
41706.1 5.351 5.300
41705.9 5.352 5.301
41705.3 5.353 5.302
41705.2 5.354 5.303
41702.5 5.355 5.304
41701.0 5.356 5.305
41699.4 5.357 5.306
41698.0 5.358 5.307
41692.4 5.359 5.308
41691.6 5.360 5.309
41691.3 5.361 5.310
41691.2 5.369 5.318
41690.6 5.370 5.319
41690.4 5.371 5.320
41690.0 5.372 5.321
41689.7 5.424 5.372
41689.3 5.425 5.373
41688.9 5.458 5.406
41688.7 5.461 5.409
41683.4 5.523 5.471
41682.5 5.524 5.472
41682.3 5.525 5.473
41681.6 5.526 5.474
41680.1 5.527 5.474
41679.5 5.528 5.475
41678.1 5.529 5.476
41676.7 5.530 5.477
41675.0 5.531 5.478
41673.3 5.534 5.481
41671.3 5.535 5.482
41668.7 5.536 5.483
41668.6 5.537 5.484
41667.3 5.538 5.485
41666.9 5.539 5.486
41663.5 5.540 5.487
41662.1 5.542 5.489
41661.8 5.543 5.490
41661.7 5.544 5.491
41660.9 5.545 5.492
41657.6 5.546 5.493
41655.7 5.547 5.494
41648.9 5.548 5.495
41648.6 5.549 5.496
41648.0 5.550 5.497
41647.4 5.551 5.498
41647.3 5.552 5.499
41647.2 5.556 5.503
41644.5 5.557 5.504
41644.1 5.558 5.505
41640.1 5.559 5.506
41639.6 5.560 5.507
41637.1 5.561 5.508
41630.5 5.567 5.514
41629.9 5.568 5.515
41629.4 5.569 5.516
41627.0 5.570 5.517
41625.8 5.571 5.518
41608.8 5.584 5.531
41602.4 5.613 5.560
41599.9 5.627 5.574
41599.5 5.710 5.656
41599.3 5.711 5.657
41597.7 5.741 5.686
41597.4 5.775 5.720
41596.4 5.776 5.721
41594.5 5.778 5.723
41591.6 5.779 5.724
41590.8 5.788 5.733
41590.1 5.789 5.734
41589.4 5.790 5.735
41589.0 5.791 5.736
41588.5 5.793 5.738
41588.0 5.794 5.739
41587.8 5.830 5.775
41587.2 5.831 5.776
41587.1 5.832 5.777
41585.5 5.833 5.778
41583.5 5.836 5.781
41580.5 5.840 5.785
41579.6 5.841 5.786
41579.2 5.842 5.787
41579.1 5.843 5.787
41578.8 5.844 5.788
41578.6 5.845 5.789
41575.7 5.847 5.791
41571.8 5.848 5.792
41569.9 5.849 5.793
41568.7 5.850 5.794
41568.6 5.858 5.802
41568.5 5.859 5.803
41567.8 5.860 5.804
41563.1 5.861 5.805
41562.6 5.862 5.806
41561.4 5.863 5.807
41551.2 5.941 5.885
41546.8 5.949 5.892
41546.6 5.950 5.893
41546.2 5.951 5.894
41544.4 5.983 5.926
41541.9 5.985 5.928
41541.7 5.986 5.929
41541.2 5.987 5.930
41540.4 6.034 5.977
41539.9 6.035 5.978
41539.0 6.040 5.983
41538.5 6.043 5.986
41537.1 6.051 5.994
41537.0 6.051 5.994
41536.7 6.052 5.995
41536.0 6.070 6.012
41535.4 6.071 6.013
41532.8 6.075 6.017
41531.7 6.076 6.018
41527.5 6.077 6.019
41525.7 6.109 6.051
41524.5 6.110 6.052
41522.6 6.111 6.053
41521.5 6.112 6.054
41521.4 6.112 6.054
41520.7 6.113 6.055
41518.4 6.127 6.069
41516.5 6.128 6.070
41507.9 6.138 6.080
41506.4 6.139 6.081
41505.8 6.140 6.082
41504.4 6.209 6.150
41502.7 6.210 6.151
41500.8 6.211 6.152
41497.6 6.212 6.153
41497.0 6.213 6.154
41488.9 6.255 6.196
41487.1 6.261 6.202
41485.7 6.266 6.206
41485.5 6.392 6.331
41476.9 6.440 6.379
41476.6 6.441 6.380
41475.8 6.447 6.386
41474.9 6.448 6.387
41473.7 6.449 6.388
41472.2 6.450 6.389
41472.0 6.547 6.485
41466.6 6.548 6.486
41462.0 6.549 6.487
41456.6 6.550 6.488
41456.2 6.551 6.489
41450.1 6.552 6.490
41423.5 6.554 6.492
41420.1 6.555 6.493
41418.9 6.556 6.494
41418.1 6.557 6.495
41417.6 6.558 6.496
41393.4 6.559 6.497
41392.5 6.560 6.498
41392.4 6.561 6.499
41387.8 6.562 6.500
41386.5 6.563 6.501
41385.9 6.564 6.502
41382.4 6.565 6.503
41380.5 6.566 6.504
41375.9 6.567 6.505
41342.7 6.588 6.525
41342.0 6.589 6.526
41341.6 6.590 6.527
41337.5 6.591 6.528
41337.1 6.612 6.549
41336.3 6.613 6.550
41324.6 6.630 6.567
41322.9 6.631 6.568
41321.4 6.637 6.574
41321.0 6.638 6.575
41320.8 6.693 6.629
41317.5 6.695 6.631
41315.4 6.696 6.632
41315.1 6.697 6.633
41313.1 6.698 6.634
41312.5 6.702 6.638
41311.7 6.703 6.639
41311.3 6.705 6.641
41310.9 6.706 6.642
41310.5 6.754 6.690
41309.9 6.755 6.691
41307.7 6.756 6.692
41306.0 6.760 6.696
41304.4 6.761 6.697
41304.2 6.762 6.698
41304.0 6.763 6.699
41298.0 6.764 6.700
41297.1 6.765 6.701
41294.0 6.766 6.702
41293.6 6.767 6.703
41293.0 6.768 6.704
41292.8 6.795 6.730
41292.7 6.796 6.731
41291.6 6.843 6.778
41290.9 6.844 6.779
41289.5 6.845 6.780
41289.2 6.846 6.781
41287.9 6.847 6.782
41287.1 6.854 6.789
41287.0 6.864 6.799
41286.5 6.865 6.800
41286.1 6.866 6.801
41285.5 6.867 6.802
41283.8 6.868 6.803
41283.7 6.869 6.804
41283.3 6.874 6.809
41276.5 6.895 6.829
41276.2 6.982 6.916
41275.7 6.999 6.933
41274.9 7.000 6.934
41274.7 7.001 6.934
41274.0 7.007 6.940
41272.1 7.008 6.941
41271.8 7.009 6.942
41270.9 7.010 6.943
41270.5 7.023 6.956
41270.2 7.048 6.981
41268.3 7.057 6.990
41268.0 7.454 7.383
41267.3 7.455 7.384
41259.7 7.499 7.428
41258.9 7.576 7.504
41255.1 7.585 7.513
41255.0 7.586 7.514
41253.7 7.593 7.521
41249.6 7.599 7.527
41241.5 7.600 7.528
41240.6 7.601 7.529
41240.4 7.677 7.604
41240.2 7.678 7.605
41237.0 7.679 7.606
41235.8 7.680 7.607
41233.7 7.681 7.608
41233.4 7.682 7.609
41232.6 7.695 7.622
41231.2 7.696 7.623
41231.0 7.709 7.636
41229.5 7.710 7.637
41227.9 7.813 7.739
41225.4 7.814 7.740
41224.9 7.825 7.751
41224.5 7.827 7.753
41223.9 7.828 7.754
41223.3 7.881 7.806
41222.9 7.882 7.807
41222.5 7.883 7.808
41212.7 7.900 7.825
41210.2 7.901 7.826
41205.7 7.902 7.827
41203.2 7.903 7.828
41200.5 7.904 7.829
41200.3 7.911 7.836
41199.7 7.912 7.837
41197.8 7.914 7.839
41196.5 7.915 7.840
41195.6 7.916 7.841
41195.5 7.949 7.873
41193.5 7.987 7.911
41191.5 7.988 7.912
41190.9 7.989 7.913
41190.7 7.990 7.914
41190.4 7.991 7.915
41190.1 8.014 7.938
41187.4 8.015 7.939
41186.5 8.031 7.955
41180.4 8.032 7.956
41179.4 8.033 7.957
41173.7 8.034 7.958
41165.6 8.035 7.959
41165.2 8.036 7.960
41164.6 8.037 7.961
41164.4 8.038 7.962
41164.1 8.039 7.963
41164.0 8.040 7.964
41163.9 8.041 7.965
41153.0 8.082 8.005
41152.8 8.083 8.006
41149.6 8.084 8.007
41148.7 8.085 8.008
41148.4 8.086 8.009
41148.0 8.087 8.010
41147.7 8.088 8.011
41146.1 8.158 8.080
41145.7 8.159 8.081
41141.5 8.215 8.137
41136.2 8.301 8.222
41134.2 8.302 8.223
41130.4 8.303 8.224
41127.8 8.304 8.225
41125.5 8.370 8.290
41124.2 8.371 8.291
41120.5 8.372 8.292
41117.0 8.393 8.313
41112.3 8.394 8.314
41111.9 8.395 8.315
41111.0 8.396 8.316
41110.2 8.397 8.317
41110.1 8.398 8.318
41109.5 8.399 8.319
41107.9 8.400 8.320
41107.4 8.401 8.321
41106.9 8.466 8.386
41105.4 8.467 8.387
41101.6 8.470 8.390
41101.2 8.471 8.391
41099.8 8.481 8.400
41097.0 8.482 8.401
41096.2 8.487 8.406
41095.0 8.519 8.438
41092.0 8.524 8.443
41091.2 8.526 8.445
41090.7 8.527 8.446
41090.0 8.528 8.447
41089.5 8.535 8.454
41089.4 8.567 8.486
41087.8 8.569 8.488
41086.2 8.866 8.782
41085.5 8.867 8.783
41084.3 8.868 8.784
41084.2 8.869 8.785
41081.7 8.870 8.786
41081.2 8.905 8.820
41081.1 8.924 8.839
41079.8 8.978 8.893
41079.7 8.979 8.894
41079.6 8.980 8.895
41079.4 8.981 8.896
41077.4 9.061 8.975
41075.3 9.089 9.003
41075.1 9.099 9.013
41074.3 9.100 9.014
41072.8 9.101 9.015
41066.9 9.108 9.021
41066.5 9.109 9.022
41064.3 9.123 9.036
41064.2 9.124 9.037
41063.3 9.141 9.054
41063.1 9.142 9.055
41060.7 9.143 9.056
41060.4 9.159 9.072
41059.1 9.163 9.076
41058.6 9.164 9.077
41055.5 9.165 9.078
41054.2 9.165 9.078
41054.1 9.166 9.079
41053.5 9.167 9.080
41053.4 9.168 9.081
41052.1 9.172 9.085
41052.0 9.173 9.086
41051.6 9.174 9.087
41051.0 9.175 9.088
41050.9 9.176 9.089
41048.2 9.180 9.093
41045.5 9.196 9.109
41045.1 9.197 9.110
41042.8 9.209 9.122
41042.7 9.210 9.123
41042.6 9.211 9.123
41041.7 9.212 9.124
41041.2 9.292 9.204
41040.9 9.293 9.205
41039.0 9.993 9.898
41037.0 10.008 9.913
41036.6 10.009 9.914
41035.6 10.010 9.915
41035.4 10.048 9.953
41035.3 10.049 9.954
41035.1 10.050 9.955
41034.9 10.051 9.956
41034.5 10.052 9.957
41028.5 10.356 10.258
41025.4 10.357 10.259
41025.3 10.358 10.260
41024.6 10.366 10.268
41024.5 10.367 10.269
41020.1 10.368 10.270
41019.2 10.369 10.270
41018.7 10.724 10.622
41016.5 10.746 10.644
41010.0 10.747 10.645
41008.0 10.748 10.646
41005.6 10.749 10.647
41005.5 10.750 10.648
41004.1 10.751 10.649
41003.9 10.752 10.650
41002.3 10.765 10.663
41001.0 10.766 10.664
41000.2 10.769 10.667
40997.7 10.770 10.668
40997.5 10.771 10.669
40995.9 10.775 10.673
40995.5 10.804 10.701
40994.3 10.817 10.714
40994.2 10.818 10.715
40992.0 10.819 10.716
40990.7 10.820 10.717
40990.3 10.821 10.718
40990.0 10.850 10.747
40988.9 10.871 10.768
40988.3 10.872 10.769
40987.9 10.874 10.771
40987.4 10.893 10.790
40986.6 10.901 10.797
40985.8 10.902 10.798
40985.5 10.903 10.799
40983.9 10.904 10.800
40982.3 10.905 10.801
40980.9 10.906 10.802
40980.7 10.949 10.845
40979.6 11.068 10.963
40979.5 11.068 10.963
40977.1 11.069 10.964
40975.6 11.070 10.965
40974.6 11.070 10.965
40974.5 11.071 10.966
40973.9 11.072 10.967
40973.0 11.080 10.975
40972.9 11.081 10.976
40969.7 11.082 10.977
40963.8 11.083 10.978
40961.3 11.084 10.979
40961.2 11.085 10.980
40960.9 11.086 10.981
40960.8 11.087 10.982
40960.3 11.088 10.983
40958.3 11.103 10.998
40956.1 11.155 11.049
40955.7 11.157 11.051
40955.2 11.159 11.053
40954.9 11.190 11.084
40953.6 11.223 11.116
40940.2 11.458 11.349
40939.8 11.623 11.513
40937.6 11.627 11.517
40936.4 11.659 11.548
40931.4 11.706 11.595
40929.8 11.707 11.596
40929.4 11.708 11.597
40929.2 11.709 11.598
40928.9 11.844 11.731
40928.7 11.861 11.748
40927.2 11.966 11.852
40927.0 11.967 11.853
40926.8 11.968 11.854
40926.3 11.969 11.855
40926.0 11.970 11.856
40925.4 12.104 11.989
40925.1 12.184 12.068
40923.8 12.185 12.069
40922.5 12.192 12.076
40922.4 12.193 12.077
40912.4 13.374 13.247
40911.1 13.375 13.248
40908.5 13.378 13.251
40907.3 13.379 13.252
40907.0 13.380 13.253
40906.8 13.384 13.257
40902.2 13.385 13.258
40902.1 13.386 13.259
40899.1 13.387 13.260
40899.0 13.388 13.261
40895.2 13.389 13.262
40892.9 13.390 13.263
40891.8 13.391 13.264
40889.8 13.392 13.265
40889.0 13.393 13.266
40887.6 13.438 13.310
40887.5 13.439 13.311
40887.4 13.440 13.312
40886.6 13.441 13.313
40885.0 13.442 13.314
40884.6 13.443 13.315
40880.0 13.488 13.360
40879.9 13.489 13.361
40878.8 13.549 13.420
40878.5 13.572 13.443
40878.4 13.573 13.444
40878.3 13.583 13.454
40877.0 13.609 13.480
40836.1 13.660 13.530
40835.2 13.661 13.531
40834.7 13.662 13.532
40832.8 13.698 13.568
40832.4 13.699 13.569
40829.7 13.700 13.570
40829.4 13.701 13.571
40829.3 13.705 13.575
40828.2 13.706 13.576
40828.0 13.707 13.577
40825.3 14.546 14.408
40824.2 14.547 14.409
40824.1 14.549 14.411
40823.7 14.550 14.412
40821.3 14.599 14.460
40820.8 14.600 14.461
40819.7 14.601 14.462
40819.6 14.643 14.504
40819.0 14.644 14.505
40813.1 14.646 14.507
40813.0 14.708 14.568
40812.6 14.709 14.569
40811.0 14.710 14.570
40810.6 14.711 14.571
40810.2 14.815 14.674
40807.0 14.816 14.675
40806.9 16.616 16.458
40806.7 16.641 16.483
40805.9 17.443 17.277
40804.7 17.457 17.291
40804.5 17.458 17.292
40803.0 17.591 17.424
40799.3 17.592 17.425
40798.1 17.593 17.426
40797.9 17.593 17.426
40797.5 17.594 17.427
40796.0 17.594 17.427
40795.8 17.595 17.428
40794.8 17.596 17.429
40794.6 17.613 17.446
40794.0 17.615 17.448
40793.2 17.616 17.449
40793.1 17.617 17.450
40792.5 17.618 17.451
40791.1 17.619 17.452
40790.6 17.621 17.454
40790.5 17.622 17.455
40789.9 17.623 17.456
40780.3 17.684 17.516
40779.7 17.685 17.517
40778.3 17.686 17.518
40777.0 17.726 17.558
40776.6 18.354 18.180
40774.1 18.355 18.181
40773.3 18.445 18.270
40773.1 18.447 18.272
40772.7 18.448 18.273
40772.3 18.449 18.274
40771.4 18.454 18.279
40769.7 18.483 18.307
40768.9 18.484 18.308
40768.1 18.485 18.309
40765.7 18.485 18.309
40763.9 18.497 18.321
40763.4 18.512 18.336
40759.8 18.722 18.544
40759.7 18.723 18.545
40756.9 18.724 18.546
40756.6 18.724 18.546
40756.3 18.725 18.547
40754.5 18.734 18.556
40752.9 18.735 18.557
40747.6 18.881 18.702
40746.3 18.947 18.767
40745.2 18.948 18.768
40744.4 18.949 18.769
40742.3 18.988 18.808
40741.9 21.225 21.023
40735.6 21.239 21.037
40734.8 21.240 21.038
40734.4 21.241 21.039
40734.3 21.606 21.401
40732.6 21.661 21.455
40732.3 21.696 21.490
40730.6 21.697 21.491
40729.5 21.720 21.514
40729.4 21.764 21.557
40729.3 21.765 21.558
40727.5 21.779 21.572
40726.4 21.780 21.573
40726.0 21.805 21.598
40725.0 21.806 21.599
40724.0 21.920 21.712
40723.8 21.921 21.713
40662.4 21.944 21.736
40658.3 21.945 21.737
40655.2 21.947 21.739
40653.5 21.948 21.739
40652.2 21.949 21.740
40650.5 21.950 21.741
40650.3 21.951 21.742
40648.8 21.952 21.743
40632.2 22.079 21.869
40629.3 22.080 21.870
40628.7 22.081 21.871
40624.7 22.082 21.872
40620.4 22.083 21.873
40620.0 22.084 21.874
40619.1 22.085 21.875
40618.1 22.086 21.876
40617.8 22.087 21.877
40616.9 22.088 21.878
40615.2 22.089 21.879
40614.2 22.090 21.880
40614.0 22.091 21.881
40609.6 22.092 21.882
40609.2 22.093 21.883
40608.8 22.094 21.884
40603.5 22.095 21.885
40577.4 22.096 21.886
40577.0 22.097 21.887
40576.9 22.098 21.888
40574.7 22.099 21.889
40569.9 22.100 21.890
40569.2 22.127 21.917
40567.7 22.128 21.918
40564.7 22.176 21.965
40563.5 22.177 21.966
40557.8 22.178 21.967
40555.2 22.179 21.968
40553.8 22.180 21.969
40550.3 22.204 21.993
40546.7 22.206 21.995
40545.9 22.207 21.996
40544.5 22.208 21.997
40536.4 22.331 22.119
40536.3 22.333 22.121
40535.2 22.334 22.122
40534.6 22.335 22.123
40534.1 22.357 22.145
40533.0 22.464 22.251
40532.8 22.480 22.266
40532.7 22.482 22.268
40532.5 22.513 22.299
40530.4 22.600 22.385
40529.6 22.684 22.469
40529.0 22.685 22.469
40527.9 22.686 22.470
40524.1 22.687 22.471
40523.3 22.688 22.472
40523.2 22.842 22.625
40523.1 22.843 22.626
40523.0 22.863 22.646
40521.5 22.864 22.647
40520.7 22.865 22.648
40520.3 22.887 22.670
40519.0 42.613 42.208
40518.9 42.614 42.209
40514.4 42.759 42.353
40513.3 42.760 42.354
40512.9 42.779 42.373
40512.8 42.802 42.395
40512.7 42.827 42.420
40500.1 43.390 42.978
40497.2 43.392 42.980
40493.3 43.393 42.981
40492.6 43.394 42.982
40486.4 43.395 42.983
40484.8 43.396 42.984
40484.5 43.397 42.985
40476.4 43.463 43.050
40475.7 43.572 43.158
40475.6 43.573 43.159
40475.3 43.609 43.195
40475.1 43.610 43.196
40473.7 43.611 43.197
40471.6 43.711 43.296
40471.5 43.712 43.297
40471.1 43.713 43.298
40470.1 43.715 43.300
40469.8 43.717 43.302
40468.3 43.737 43.321
40467.3 43.738 43.322
40467.0 43.739 43.323
40460.9 43.759 43.343
40459.4 43.761 43.345
40456.6 43.825 43.409
40456.2 43.826 43.410
40455.4 43.827 43.411
40455.0 43.845 43.428
40454.2 43.894 43.477
40453.5 43.895 43.478
40452.8 43.896 43.479
40452.4 43.897 43.480
40451.3 43.898 43.481
40450.5 43.899 43.482
40444.1 44.485 44.062
40439.4 44.487 44.064
40437.1 44.498 44.075
40434.0 44.499 44.076
40430.9 44.501 44.078
40428.6 44.503 44.080
40428.1 44.568 44.145
40427.9 44.569 44.146
40427.0 44.594 44.170
40426.9 44.615 44.191
40426.7 44.617 44.193
40423.6 44.665 44.241
40421.3 44.666 44.242
40420.5 44.714 44.289
40411.8 44.725 44.300
40409.3 44.726 44.301
40408.2 44.727 44.302
40407.8 44.728 44.303
40405.6 45.058 44.630
40405.4 45.059 44.631
40404.1 45.060 44.632
40403.6 45.061 44.633
40403.5 45.062 44.634
40403.3 45.064 44.636
40403.2 45.065 44.637
40402.6 45.066 44.638
40402.3 45.067 44.639
40398.2 45.068 44.640
40398.1 45.069 44.641
40396.8 45.238 44.808
40396.5 45.326 44.895
40394.2 45.327 44.896
40391.5 45.340 44.909
40391.0 45.341 44.910
40389.0 45.342 44.911
40386.9 45.343 44.912
40385.4 45.344 44.913
40381.8 45.345 44.914
40381.4 47.969 47.513
40380.9 48.050 47.594
40380.6 48.051 47.595
40380.0 48.099 47.642
40379.8 48.130 47.673
40379.2 48.289 47.830
40377.7 48.302 47.843
40376.2 48.303 47.844
40375.7 48.304 47.845
40375.0 48.306 47.847
40373.0 48.318 47.859
40372.9 48.356 47.897
40372.2 48.359 47.900
40371.0 48.360 47.901
40370.6 48.361 47.902
40370.4 48.362 47.903
40367.7 49.111 48.644
40366.2 49.112 48.645
40363.4 49.120 48.653
40363.1 49.121 48.654
40361.0 49.122 48.655
40359.3 49.123 48.656
40358.4 49.124 48.657
40354.3 49.125 48.658
40351.7 49.159 48.692
40351.4 49.167 48.700
40351.3 49.423 48.953
40350.9 49.672 49.200
40350.2 49.748 49.275
40349.4 49.749 49.276
40349.1 49.781 49.308
40349.0 49.800 49.327
40348.8 49.825 49.352
40347.1 49.828 49.355
40346.2 49.829 49.356
40345.9 49.840 49.367
40345.8 49.841 49.368
40343.9 49.842 49.369
40342.8 49.856 49.382
40342.0 49.946 49.472
40341.9 49.997 49.522
40339.8 49.998 49.523
40339.6 53.064 52.560
40339.1 132.748 131.487
40338.9 133.181 131.916
40337.4 133.182 131.917
40336.5 133.183 131.918
40336.1 133.184 131.919
40335.7 133.185 131.920
40334.8 133.338 132.071
40334.6 133.610 132.341
40334.4 133.633 132.363
40334.3 133.634 132.364
40332.6 133.976 132.703
40330.5 133.977 132.704
40330.3 134.897 133.615
40329.6 135.390 134.104
40328.8 135.390 134.104
40327.6 135.391 134.105
40327.2 135.730 134.441
40326.6 135.731 134.442
40326.3 135.824 134.534
40326.2 136.010 134.718
40325.3 136.055 134.762
40324.8 136.057 134.764
40324.4 136.077 134.784
40323.9 136.920 135.619
40323.0 136.921 135.620
40318.4 137.271 135.967
40268.5 137.940 136.630
40264.1 137.941 136.631
40263.6 137.941 136.631
40263.3 137.942 136.632
40241.6 138.222 136.909
40239.7 138.223 136.910
40239.1 138.224 136.911
40205.7 138.225 136.912
40205.5 138.225 136.912
40205.1 138.226 136.913
40203.8 138.227 136.914
40203.6 138.228 136.915
40200.8 138.229 136.916
40198.0 138.230 136.917
40197.9 138.231 136.918
40197.6 138.634 137.317
40196.3 138.635 137.318
40195.3 138.654 137.337
40193.7 138.655 137.338
40191.5 138.655 137.338
40189.8 139.085 137.764
40189.6 139.316 137.992
40189.3 139.317 137.993
40174.9 139.342 138.018
40174.5 139.343 138.019
40173.4 139.344 138.020
40172.4 139.345 138.021
40170.9 139.346 138.022
40170.3 139.525 138.200
40170.1 139.967 138.637
40167.5 140.581 139.245
40166.7 140.582 139.246
40166.2 140.583 139.247
40165.3 140.981 139.642
40165.2 141.170 139.829
40164.5 141.557 140.212
40164.0 141.848 140.500
40163.5 141.849 140.501
40163.0 141.850 140.502
40162.3 141.851 140.503
40158.5 141.859 140.511
40157.2 141.860 140.512
40155.1 141.861 140.513
40152.3 141.862 140.514
40151.9 142.044 140.695
40150.7 142.046 140.697
40150.5 142.047 140.698
40150.2 142.048 140.699
40149.7 142.541 141.187
40142.3 142.950 141.592
40139.4 143.509 142.146
40139.1 143.840 142.474
40138.5 144.954 143.577
40138.4 145.579 144.196
40137.6 145.580 144.197
40137.3 146.028 144.641
40136.2 146.029 144.642
40133.8 146.030 144.643
40131.8 146.338 144.948
40126.5 146.713 145.319
40126.0 146.714 145.320
40125.0 147.520 146.119
40124.9 148.629 147.217
40122.7 148.770 147.357
40121.3 149.047 147.631
40121.1 149.073 147.657
40120.0 149.085 147.669
40119.8 149.800 148.377
40119.7 150.605 149.174
40119.1 151.095 149.660
40118.9 151.358 149.920
40118.1 154.455 152.988
40115.8 154.464 152.997
40115.7 156.222 154.738
40115.0 156.237 154.753
40114.3 156.609 155.121
40113.7 157.392 155.897
40113.6 159.007 157.496
40111.7 159.247 157.734
40110.3 159.258 157.745
40110.1 159.260 157.747
40108.2 161.041 159.511
40108.1 162.227 160.686
40106.0 162.227 160.686
40104.9 162.228 160.687
40104.8 162.229 160.688
40104.0 162.229 160.688
40099.4 162.230 160.689
40097.4 162.231 160.690
40094.5 167.608 166.016
40093.3 167.609 166.017
40092.5 176.469 174.793
40092.1 176.470 174.794
40091.3 176.471 174.795
40090.1 176.548 174.871
40090.0 177.519 175.833
40089.8 177.520 175.834
40089.5 177.521 175.835
40089.4 177.522 175.836
40087.7 181.101 179.381
40087.3 182.575 180.841
40084.9 189.377 187.578
40084.8 189.378 187.579
40084.7 190.015 188.210
40082.3 192.964 191.131
40081.9 197.354 195.479
40081.2 202.515 200.591
40080.8 204.610 202.666
40079.4 207.728 205.755
40079.1 207.729 205.756
40078.3 209.958 207.963
40075.8 214.057 212.023
40075.6 214.058 212.024
40074.9 249.234 246.866
40074.2 249.263 246.895
40073.8 249.265 246.897
40071.7 249.266 246.898
40065.0 249.634 247.262
40064.3 249.636 247.264
40063.5 249.876 247.502
40063.3 250.342 247.964
40061.6 250.351 247.973
40061.0 250.353 247.975
40060.2 250.354 247.976
40058.2 250.355 247.977
40056.1 250.805 248.422
40053.8 251.214 248.827
40052.9 251.215 248.828
40051.9 251.216 248.829
40049.8 251.721 249.330
40048.3 251.937 249.544
40047.9 251.938 249.545
40047.6 251.940 249.547
40045.8 252.222 249.826
40044.0 252.223 249.827
40043.5 252.224 249.828
40038.5 252.656 250.256
40036.4 253.053 250.649
40035.9 253.624 251.215
40035.7 253.871 251.459
40034.1 253.872 251.460
40033.8 254.269 251.853
40032.0 254.282 251.866
40031.6 254.285 251.869
40029.9 254.814 252.393
40029.8 254.815 252.394
40029.5 254.828 252.407
40029.4 255.049 252.626
40028.8 255.071 252.648
40027.5 255.073 252.650
40027.0 255.074 252.651
40026.8 255.076 252.653
40026.4 255.077 252.654
40025.8 255.111 252.687
40025.3 255.112 252.688
40025.1 255.113 252.689
40024.7 255.114 252.690
40020.6 255.330 252.904
40019.1 255.332 252.906
40018.5 255.945 253.514
40016.8 256.133 253.700
40016.6 257.524 255.078
40016.2 257.771 255.322
40014.9 257.773 255.324
40014.5 258.428 255.973
40014.3 258.429 255.974
40011.8 258.431 255.976
40009.3 259.119 256.657
40009.2 259.786 257.318
40006.8 259.787 257.319
40005.8 259.788 257.320
40004.6 260.146 257.675
40003.7 260.270 257.797
40003.2 260.271 257.798
40002.9 260.887 258.409
40002.7 261.188 258.707
40002.5 261.189 258.708
40001.7 261.677 259.191
40001.5 261.678 259.192
40001.2 262.327 259.835
39999.1 262.328 259.836
39998.9 262.451 259.958
39998.5 262.805 260.308
39997.5 262.807 260.310
39997.1 264.081 261.572
39996.8 264.083 261.574
39996.7 264.084 261.575
39996.6 264.086 261.577
39996.5 264.087 261.578
39995.9 264.089 261.580
39995.8 264.090 261.581
39995.7 264.091 261.582
39995.5 264.224 261.714
39992.3 265.863 263.337
39990.9 266.249 263.720
39990.7 266.250 263.721
39990.2 266.632 264.099
39988.4 267.237 264.698
39987.7 268.147 265.600
39985.3 268.434 265.884
39982.8 269.116 266.559
39982.6 269.117 266.560
39981.5 269.118 266.561
39981.4 269.491 266.931
39981.3 269.492 266.932
39980.9 269.843 267.279
39980.4 269.880 267.316
39978.9 272.439 269.851
39978.5 272.440 269.852
39978.1 272.442 269.854
39977.9 274.583 271.974
39976.8 276.189 273.565
39975.1 276.191 273.567
39974.9 276.192 273.568
39974.5 276.596 273.968
39974.2 277.572 274.935
39973.2 277.896 275.256
39972.4 278.512 275.866
39971.0 280.160 277.498
39970.3 280.162 277.500
39969.3 280.750 278.083
39967.4 280.751 278.084
39966.3 281.436 278.762
39966.2 281.437 278.763
39965.8 281.438 278.764
39965.7 282.915 280.227
39963.2 282.917 280.229
39961.4 282.918 280.230
39960.3 283.483 280.790
39959.5 288.338 285.599
39957.5 289.676 286.924
39956.6 290.248 287.491
39955.9 295.574 292.766
39954.6 295.575 292.767
39952.4 295.624 292.816
39951.8 295.625 292.817
39951.0 306.394 303.483
39950.9 306.491 303.579
39950.5 306.528 303.616
39949.3 306.547 303.635
39946.5 335.965 332.773
39946.1 335.966 332.774
39945.4 336.247 333.053
39944.9 336.248 333.054
39943.5 336.755 333.556
39941.6 337.070 333.868
39941.5 337.071 333.869
39941.1 337.073 333.871
39940.0 337.074 333.872
39938.9 337.491 334.285
39938.6 337.518 334.312
39938.5 338.101 334.889
39937.7 338.106 334.894
39935.0 338.109 334.897
39933.5 338.135 334.923
39933.3 338.136 334.924
39932.3 338.137 334.925
39928.9 338.139 334.927
39927.8 338.140 334.928
39926.6 338.141 334.929
39925.4 338.142 334.930
39925.0 338.143 334.931
39923.3 338.144 334.932
39922.4 338.519 335.303
39921.0 338.536 335.320
39920.9 339.013 335.792
39919.7 339.014 335.793
39917.8 339.015 335.794
39917.3 339.040 335.819
39915.1 339.041 335.820
39915.0 339.178 335.956
39914.2 339.206 335.984
39914.0 339.207 335.985
39913.9 339.358 336.134
39913.7 339.379 336.155
39913.4 339.435 336.210
39913.3 339.745 336.517
39906.8 339.826 336.598
39905.8 339.826 336.598
39905.2 339.827 336.599
39905.1 340.255 337.023
39903.6 340.372 337.138
39902.5 340.386 337.152
39901.0 340.401 337.167
39899.2 340.717 337.480
39895.7 340.718 337.481
39892.8 340.874 337.636
39892.1 341.305 338.063
39887.9 341.307 338.065
39887.5 341.308 338.066
39883.4 341.478 338.234
39882.9 341.715 338.469
39882.6 341.727 338.481
39880.6 341.776 338.529
39879.7 341.777 338.530
39879.4 341.990 338.741
39879.1 342.183 338.932
39878.9 342.194 338.943
39876.4 342.538 339.284
39875.6 342.544 339.290
39872.9 342.545 339.291
39872.6 342.651 339.396
39871.8 342.675 339.420
39870.5 342.676 339.421
39870.3 342.676 339.421
39870.0 343.107 339.847
39868.8 343.141 339.881
39868.1 343.547 340.283
39866.9 343.550 340.286
39866.7 343.628 340.364
39866.1 343.629 340.365
39865.7 343.631 340.367
39864.5 343.632 340.367
39864.4 343.633 340.368
39863.7 344.615 341.341
39863.6 345.063 341.785
39861.9 345.356 342.075
39861.2 345.358 342.077
39860.9 346.025 342.738
39860.4 346.653 343.360
39859.0 347.094 343.797
39858.2 347.951 344.645
39857.2 348.322 345.013
39856.4 348.360 345.051
39856.2 348.361 345.052
39855.9 348.363 345.054
39853.8 348.364 345.055
39852.0 348.365 345.056
39850.4 348.366 345.057
39850.2 348.702 345.389
39849.1 348.861 345.547
39848.6 348.866 345.552
39848.2 350.316 346.988
39847.3 350.319 346.991
39844.8 351.680 348.339
39844.5 351.681 348.340
39844.4 351.682 348.341
39843.5 351.973 348.629
39842.6 352.031 348.687
39841.3 352.521 349.172
39841.2 352.522 349.173
39838.3 352.523 349.174
39838.1 352.524 349.175
39836.1 352.707 349.356
39835.8 353.004 349.650
39835.1 354.862 351.491
39833.9 354.863 351.492
39831.0 356.133 352.750
39828.9 356.134 352.751
39828.7 356.242 352.858
39825.6 357.837 354.438
39825.1 357.838 354.439
39824.0 357.839 354.440
39823.7 359.856 356.437
39823.1 362.070 358.630
39822.0 362.822 359.375
39821.7 363.387 359.935
39821.6 364.176 360.716
39820.9 364.177 360.717
39820.7 365.480 362.008
39820.3 375.697 372.128
39819.9 375.733 372.164
39818.4 375.929 372.358
39816.3 375.929 372.358
39815.8 375.951 372.379
39815.7 375.963 372.391
39815.0 375.974 372.402
39813.9 375.974 372.402
39812.6 375.975 372.403
39812.4 375.976 372.404
39810.5 375.989 372.417
39805.5 419.087 415.106
39805.4 419.088 415.107
39802.8 419.088 415.107
39801.5 420.223 416.231
39801.1 420.496 416.501
39799.8 421.129 417.128
39799.7 423.946 419.919
39798.9 428.269 424.200
39792.9 435.114 430.980
39792.7 435.115 430.981
39792.1 435.117 430.983
39791.5 435.118 430.984
39790.2 435.120 430.986
39785.6 435.121 430.987
39785.1 435.123 430.989
39783.8 435.124 430.990
39783.6 435.126 430.992
39782.9 435.127 430.993
39782.4 435.129 430.995
39782.0 435.130 430.996
39781.8 435.138 431.004
39781.7 435.140 431.006
39780.8 435.141 431.007
39780.5 435.337 431.201
39780.0 435.338 431.202
39776.8 435.339 431.203
39776.4 435.341 431.205
39775.1 435.342 431.206
39774.6 435.343 431.207
39774.4 435.344 431.208
39774.1 435.629 431.491
39760.8 435.677 431.538
39757.9 435.869 431.728
39757.5 435.870 431.729
39756.9 435.871 431.730
39756.3 435.872 431.731
39755.8 435.877 431.736
39755.5 435.878 431.737
39755.3 435.879 431.738
39754.2 435.926 431.785
39752.1 435.927 431.786
39750.4 495.621 490.913
39750.3 495.648 490.939
39749.9 495.880 491.169
39748.4 496.105 491.392
39748.3 496.106 491.393
39748.1 496.557 491.840
39747.7 496.591 491.873
39747.6 496.607 491.889
39746.2 496.608 491.890
39746.0 496.609 491.891
39736.4 496.793 492.073
39736.2 496.872 492.152
39735.9 567.824 562.430
39735.8 567.835 562.441
39734.5 567.850 562.455
39734.0 567.988 562.592
39733.3 567.990 562.594
39731.6 568.022 562.626
39731.3 568.257 562.859
39731.2 568.274 562.875
39730.5 568.410 563.010
39726.2 568.568 563.167
39725.9 668.261 661.913
39725.8 668.446 662.096
39725.6 668.510 662.159
39725.5 668.999 662.644
39725.4 669.156 662.799
39725.3 669.157 662.800
39725.2 718.420 711.595
39722.9 767.659 760.366
39722.5 767.978 760.682
39717.6 768.641 761.339
39716.3 768.642 761.340
39714.5 768.643 761.341
39711.2 768.726 761.423
39711.1 869.490 861.230
39710.7 917.748 909.029
39710.6 917.750 909.031
39709.4 917.987 909.266
39706.8 972.532 963.293
39704.6 973.172 963.927
39704.4 973.786 964.535
39701.4 973.831 964.580
39701.2 976.189 966.915
39698.8 977.360 968.075
39698.4 977.362 968.077
39697.5 978.126 968.834
39697.3 978.699 969.401
39697.2 982.161 972.830
39696.5 982.426 973.093
39696.2 982.427 973.094
39695.4 982.428 973.095
39695.2 982.430 973.097
39693.6 982.431 973.098
39693.0 983.130 973.790
39692.6 983.132 973.792
39692.4 983.133 973.793
39692.2 983.757 974.411
39691.8 983.791 974.445
39690.1 984.211 974.861
39690.0 986.059 976.691
39689.0 986.205 976.836
39688.9 986.206 976.837
39688.2 986.750 977.376
39687.4 987.711 978.328
39687.0 987.712 978.329
39686.8 988.200 978.812
39685.1 989.017 979.621
39685.0 989.323 979.924
39684.2 989.325 979.926
39682.4 993.427 983.989
39681.7 993.428 983.990
39680.9 993.438 984.000
39680.5 993.438 984.000
39680.1 1029.191 1019.414
39679.2 1029.192 1019.415
39675.6 1029.236 1019.458
39672.7 1029.313 1019.535
39672.4 1029.361 1019.582
39670.8 1029.760 1019.977
39669.2 1029.761 1019.978
39668.8 1029.780 1019.997
39668.7 1052.073 1042.078
39668.6 1052.074 1042.079
39668.4 1052.076 1042.081
39667.8 1052.077 1042.082
39667.6 1052.078 1042.083
39664.3 1121.069 1110.419
39663.7 1121.071 1110.421
39663.2 1121.343 1110.690
39662.0 1121.399 1110.746
39661.2 1121.495 1110.841
39660.9 1121.909 1111.251
39660.4 1203.293 1191.862
39660.3 1277.142 1265.009
39660.1 1362.674 1349.729
39659.9 1362.854 1349.907
39659.4 1520.213 1505.771
39658.4 1520.214 1505.772
39657.6 1520.226 1505.784
39657.1 1520.227 1505.785
39656.4 1578.401 1563.406
39656.2 1578.403 1563.408
39644.2 2573.397 2548.950
39642.6 2573.399 2548.952
39641.9 2573.400 2548.953
39641.0 2573.401 2548.954
39639.5 2573.402 2548.955
39639.1 2573.403 2548.956
39637.0 2574.393 2549.936
39634.1 2574.694 2550.234
39633.9 2575.601 2551.133
39633.6 2575.602 2551.134
39632.6 2575.613 2551.145
39632.2 2575.615 2551.147
39630.5 2576.496 2552.019
39626.9 2579.167 2554.665
39626.6 2579.168 2554.666
39624.6 2579.169 2554.667
39624.1 2579.208 2554.706
39622.2 2579.209 2554.707
39620.3 2579.505 2555.000
39620.1 2579.506 2555.001
39619.1 2579.507 2555.002
39618.9 2580.002 2555.492
39618.8 2582.521 2557.987
39616.5 2582.523 2557.989
39616.3 2582.524 2557.990
39616.1 2582.525 2557.991
39615.7 2582.526 2557.992
39614.3 2582.527 2557.993
39613.9 2582.528 2557.994
39612.3 2582.529 2557.995
39610.6 2582.952 2558.414
39610.2 2582.953 2558.415
39608.3 2582.954 2558.416
39608.0 2583.304 2558.763
39604.9 2584.038 2559.490
39604.3 2585.158 2560.599
39603.4 2590.304 2565.696
39601.7 2592.812 2568.180
39600.2 2592.813 2568.181
39600.0 2592.814 2568.182
39599.2 2595.326 2570.670
39598.3 2595.337 2570.681
39597.9 2595.339 2570.683
39597.1 2595.340 2570.684
39595.5 2597.493 2572.817
39595.3 2597.494 2572.818
39594.7 2598.147 2573.465
39593.8 2601.641 2576.925
39593.1 2601.688 2576.972
39592.5 2601.689 2576.973
39591.6 2601.690 2576.974
39591.2 2601.951 2577.232
39582.6 2601.976 2577.257
39578.4 2601.986 2577.267
39577.0 2601.989 2577.270
39576.9 2601.990 2577.271
39576.7 2601.991 2577.272
39576.0 2601.999 2577.280
39575.6 2602.042 2577.323
39574.6 2683.146 2657.656
39573.6 2683.191 2657.701
39571.9 2683.263 2657.772
39571.0 2683.675 2658.180
39569.9 2729.459 2703.529
39568.1 2729.812 2703.879
39568.0 2729.825 2703.892
39567.6 2729.826 2703.893
39567.2 2787.764 2761.280
39566.7 2788.267 2761.778
39566.2 2995.225 2966.770
39564.7 3068.231 3039.083
39562.8 3191.144 3160.828
39562.5 3191.145 3160.829
39560.5 3191.146 3160.830
39558.7 3238.002 3207.241
39557.7 3280.622 3249.456
39556.9 3330.340 3298.702
39556.4 3407.669 3375.296
39555.7 3407.708 3375.335
39555.5 3407.762 3375.388
39555.3 3407.789 3375.415
39553.8 3407.790 3375.416
39553.2 3407.844 3375.469
39552.8 3449.863 3417.089
39552.7 3449.864 3417.090
39552.3 3449.865 3417.091
39550.7 3562.810 3528.963
39550.2 3599.026 3564.835
39550.0 3855.200 3818.576
39549.7 3855.292 3818.667
39548.5 3855.293 3818.668
39548.3 3855.294 3818.669
39548.1 3882.516 3845.632
39547.3 3882.580 3845.695
39547.2 3919.039 3881.808
39545.7 3919.041 3881.810
39544.9 3993.256 3955.320
39544.7 4031.707 3993.406
39544.6 4031.708 3993.407
39544.5 4074.946 4036.234
39543.8 4308.924 4267.989
39543.7 4308.925 4267.990
39543.3 4391.969 4350.245
39542.4 4391.970 4350.246
39541.4 4707.245 4662.526
39541.0 4719.662 4674.825
39540.6 4719.805 4674.967
39540.4 5025.669 4977.925
39540.3 5025.670 4977.926
39538.6 5284.112 5233.913
39537.3 5284.114 5233.915
39536.3 5284.115 5233.916
39535.0 6123.742 6065.566
Primal Integral: 0.3253704284
