12th DIMACS Implementation Challenge: Vehicle Routing
VRPTW track
Controller version: December 13, 2021
Competitor: HustSmart
Ubuntu 21.04
Intel(R) Xeon(R) CPU E5-2698 v3 @ 2.30GHz
hostid: 10916887366929678835
PassMark Single Thread Benchmark: 1981
Time factor: 0.99 (baseline 2000)
Instance: C1_6_5
Standardized Time limit: 3600 secs
Local Machine Time Limit: 3635 secs
Base solution: 15473.480
BKS: 14066.8
Optimal: 0
Fri 14 Jan 2022 11:22:33 PM CST
timestamp: 1642173753
Solution value, local machine time, standardized time
15462.6 0.195 0.193
15460.7 0.196 0.194
15457.6 0.196 0.194
15457.1 0.197 0.195
15455.9 0.197 0.195
15455.3 0.198 0.196
15454.8 0.198 0.196
15454.4 0.202 0.200
15453.9 0.202 0.200
15452.5 0.204 0.202
15450.9 0.208 0.206
15448.5 0.217 0.215
15447.7 0.222 0.220
15293.5 0.242 0.240
15261.5 0.243 0.241
15172.1 0.243 0.241
15064.3 0.244 0.242
14960.9 0.244 0.242
14833.1 0.245 0.243
14675.7 0.246 0.244
14675.6 0.247 0.245
14674.9 0.247 0.245
14671.2 0.247 0.245
14668.9 0.248 0.246
14668.5 0.248 0.246
14536.6 0.249 0.247
14535.7 0.249 0.247
14493.5 0.250 0.248
14484.6 0.250 0.248
14479.5 0.251 0.249
14410.7 0.253 0.251
14410.1 0.254 0.252
14407.2 0.254 0.252
14406.8 0.255 0.253
14272.3 0.255 0.253
14269.5 0.255 0.253
14269.4 0.256 0.254
14224.6 0.260 0.258
14195.9 0.261 0.259
14181.3 0.265 0.262
14177.7 0.266 0.263
14080.0 0.269 0.266
14072.4 0.342 0.339
14069.0 0.475 0.470
14067.7 1.438 1.424
14066.8 44.830 44.404
Primal Integral: 0.0007685641
