12th DIMACS Implementation Challenge: Vehicle Routing
VRPTW track
Controller version: December 13, 2021
Competitor: HustSmart
Ubuntu 21.04
Intel(R) Xeon(R) CPU E5-2698 v3 @ 2.30GHz
hostid: 10916887366929678835
PassMark Single Thread Benchmark: 1981
Time factor: 0.99 (baseline 2000)
Instance: RC202
Standardized Time limit: 1800 secs
Local Machine Time Limit: 1817 secs
Base solution: 1201.530
BKS: 1092.3
Optimal: 1
Fri 14 Jan 2022 09:44:40 PM CST
timestamp: 1642167880
Solution value, local machine time, standardized time
1200.2 0.023 0.023
1199.9 0.023 0.023
1198.3 0.023 0.023
1192.8 0.024 0.024
1192.7 0.024 0.024
1179.9 0.039 0.039
1176.4 0.062 0.061
1175.4 0.064 0.063
1175.3 0.064 0.063
1165.2 0.064 0.063
1162.8 0.064 0.063
1162.0 0.064 0.063
1155.1 0.064 0.063
1153.4 0.064 0.063
1150.0 0.064 0.063
1149.5 0.075 0.074
1148.2 0.075 0.074
1147.8 0.075 0.074
1139.9 0.106 0.105
1139.0 0.115 0.114
1138.7 0.115 0.114
1135.6 0.115 0.114
1134.7 0.178 0.176
1134.6 0.191 0.189
1132.2 0.199 0.197
1127.9 0.200 0.198
1126.9 0.200 0.198
1126.7 0.200 0.198
1118.7 0.225 0.223
1118.6 0.232 0.230
1118.5 0.232 0.230
1115.7 0.250 0.248
1111.6 3.006 2.977
1110.0 3.006 2.977
1107.1 3.897 3.860
1105.7 3.916 3.879
1104.8 3.916 3.879
1104.6 3.916 3.879
1102.5 17.325 17.160
1099.9 17.326 17.161
1098.8 17.449 17.283
1098.3 17.593 17.426
1096.7 22.018 21.809
1095.6 22.022 21.813
1095.5 620.408 614.514
1094.8 620.409 614.515
1092.3 620.503 614.608
Primal Integral: 0.1140097089
