12th DIMACS Implementation Challenge: Vehicle Routing
VRPTW track
Controller version: December 13, 2021
Competitor: HustSmart
Ubuntu 21.04
Intel(R) Xeon(R) CPU E5-2698 v3 @ 2.30GHz
hostid: 10916887366929678835
PassMark Single Thread Benchmark: 1981
Time factor: 0.99 (baseline 2000)
Instance: C1_10_10
Standardized Time limit: 7200 secs
Local Machine Time Limit: 7269 secs
Base solution: 43861.950
BKS: 39874.5
Optimal: 0
Sat 15 Jan 2022 04:19:22 AM CST
timestamp: 1642191562
Solution value, local machine time, standardized time
43812.6 1.333 1.320
43806.1 1.334 1.321
43805.3 1.335 1.322
43804.4 1.336 1.323
43793.9 1.338 1.325
43793.5 1.339 1.326
43791.2 1.340 1.327
43791.1 1.341 1.328
43790.9 1.342 1.329
43788.4 1.350 1.337
43782.0 1.357 1.344
43779.3 1.358 1.345
43778.7 1.359 1.346
43775.2 1.361 1.348
43774.4 1.362 1.349
43771.5 1.363 1.350
43768.8 1.364 1.351
43768.4 1.365 1.352
43767.9 1.367 1.354
43767.4 1.368 1.355
43767.2 1.369 1.356
43759.4 1.370 1.357
43757.4 1.371 1.358
43754.8 1.372 1.359
43753.0 1.373 1.360
43735.3 1.382 1.369
43632.2 1.383 1.370
43629.6 1.384 1.371
43628.1 1.386 1.373
43624.2 1.387 1.374
43618.3 1.391 1.378
43616.5 1.392 1.379
43614.8 1.394 1.381
43614.5 1.395 1.382
43610.2 1.396 1.383
43608.3 1.397 1.384
43554.1 1.398 1.385
43552.8 1.399 1.386
43552.3 1.400 1.387
43552.1 1.401 1.388
43544.5 1.407 1.394
43544.3 1.409 1.396
43543.9 1.410 1.397
43543.5 1.425 1.411
43496.2 1.454 1.440
43495.5 1.455 1.441
43494.9 1.456 1.442
43452.6 1.456 1.442
43452.0 1.457 1.443
43451.9 1.482 1.468
43438.1 1.505 1.491
43433.6 1.506 1.492
43403.9 1.513 1.499
43403.4 1.515 1.501
43401.3 1.516 1.502
43400.4 1.517 1.503
43400.3 1.518 1.504
43399.5 1.520 1.506
43376.3 1.526 1.512
43374.3 1.528 1.513
43356.1 1.566 1.551
43354.4 1.567 1.552
43353.5 1.568 1.553
43352.9 1.569 1.554
43351.8 1.570 1.555
43340.1 1.571 1.556
43338.8 1.572 1.557
43326.7 1.573 1.558
43317.4 1.574 1.559
43316.2 1.576 1.561
43281.5 1.577 1.562
43281.4 1.578 1.563
43279.6 1.579 1.564
43277.5 1.580 1.565
43276.4 1.581 1.566
43274.4 1.605 1.590
43272.5 1.606 1.591
43271.1 1.607 1.592
43269.7 1.607 1.592
43268.3 1.608 1.593
43267.1 1.608 1.593
43267.0 1.609 1.594
43260.3 1.634 1.618
43259.9 1.635 1.619
43249.6 1.636 1.620
43247.0 1.637 1.621
43245.7 1.638 1.622
43233.9 1.639 1.623
43233.0 1.640 1.624
43228.9 1.641 1.625
43227.7 1.642 1.626
43226.1 1.643 1.627
43190.9 1.660 1.644
43190.1 1.662 1.646
43189.8 1.663 1.647
43184.9 1.664 1.648
43172.9 1.665 1.649
43168.1 1.666 1.650
43167.6 1.667 1.651
43162.6 1.668 1.652
43162.4 1.669 1.653
43160.6 1.670 1.654
43158.8 1.671 1.655
43158.3 1.672 1.656
43158.0 1.673 1.657
43146.3 1.691 1.675
43146.0 1.718 1.702
43145.3 1.720 1.704
43141.7 1.721 1.705
43125.5 1.730 1.714
43124.4 1.731 1.715
43121.0 1.732 1.716
43116.6 1.733 1.717
43115.8 1.734 1.718
43114.3 1.735 1.719
43113.8 1.736 1.720
43110.4 1.737 1.720
43110.3 1.738 1.721
43108.5 1.740 1.723
43100.6 1.741 1.724
43098.8 1.742 1.725
43068.1 1.759 1.742
43064.2 1.778 1.761
43064.0 1.779 1.762
43063.8 1.780 1.763
43063.1 1.781 1.764
43061.9 1.782 1.765
43060.7 1.783 1.766
43060.6 1.784 1.767
43060.5 1.785 1.768
43041.5 1.789 1.772
43038.8 1.790 1.773
43038.3 1.791 1.774
43037.2 1.792 1.775
43031.9 1.794 1.777
43031.8 1.795 1.778
43031.6 1.796 1.779
43029.8 1.797 1.780
43013.5 1.820 1.803
43013.3 1.822 1.805
43012.1 1.823 1.806
43009.8 1.824 1.807
43007.5 1.825 1.808
43006.9 1.826 1.809
43003.0 1.827 1.810
43001.4 1.828 1.811
43001.3 1.829 1.812
43000.0 1.830 1.813
42999.7 1.869 1.851
42999.0 1.870 1.852
42998.8 1.871 1.853
42998.3 1.872 1.854
42994.6 1.873 1.855
42977.0 1.878 1.860
42973.0 1.879 1.861
42972.6 1.880 1.862
42972.3 1.881 1.863
42969.3 1.882 1.864
42968.5 1.883 1.865
42967.9 1.884 1.866
42967.5 1.885 1.867
42967.3 1.886 1.868
42967.0 1.887 1.869
42965.6 1.900 1.882
42964.4 1.901 1.883
42964.3 1.902 1.884
42964.0 1.903 1.885
42952.4 1.909 1.891
42950.2 1.910 1.892
42945.7 1.961 1.942
42943.3 1.962 1.943
42942.3 2.013 1.994
42937.9 2.014 1.995
42934.5 2.015 1.996
42934.1 2.015 1.996
42931.2 2.016 1.997
42931.0 2.017 1.998
42930.9 2.017 1.998
42928.5 2.018 1.999
42928.0 2.019 2.000
42927.9 2.020 2.001
42927.8 2.020 2.001
42927.0 2.021 2.002
42926.0 2.022 2.003
42922.5 2.023 2.004
42922.2 2.024 2.005
42917.0 2.025 2.006
42916.7 2.026 2.007
42916.3 2.027 2.008
42914.3 2.028 2.009
42913.0 2.029 2.010
42912.2 2.029 2.010
42905.0 2.044 2.025
42902.2 2.044 2.025
42900.1 2.056 2.036
42898.9 2.059 2.039
42897.8 2.060 2.040
42897.3 2.061 2.041
42896.2 2.062 2.042
42895.9 2.063 2.043
42894.9 2.064 2.044
42892.6 2.090 2.070
42892.3 2.091 2.071
42869.7 2.092 2.072
42869.6 2.093 2.073
42833.5 2.094 2.074
42831.9 2.095 2.075
42669.4 2.157 2.137
42646.2 2.158 2.137
42644.4 2.159 2.138
42642.6 2.160 2.139
42640.2 2.161 2.140
42639.6 2.162 2.141
42637.7 2.163 2.142
42632.0 2.164 2.143
42630.3 2.165 2.144
42628.7 2.166 2.145
42611.9 2.167 2.146
42611.1 2.168 2.147
42610.6 2.169 2.148
42610.5 2.175 2.154
42585.0 2.314 2.292
42581.6 2.315 2.293
42581.5 2.316 2.294
42581.4 2.317 2.295
42576.0 2.318 2.296
42575.4 2.319 2.297
42571.0 2.320 2.298
42570.2 2.321 2.299
42569.7 2.322 2.300
42569.5 2.323 2.301
42568.2 2.324 2.302
42563.6 2.325 2.303
42555.2 2.326 2.304
42554.3 2.327 2.305
42552.2 2.328 2.306
42547.9 2.329 2.307
42547.6 2.330 2.308
42546.8 2.332 2.310
42544.7 2.333 2.311
42544.2 2.334 2.312
42531.0 2.335 2.313
42530.6 2.336 2.314
42529.1 2.337 2.315
42528.7 2.338 2.316
42528.5 2.339 2.317
42525.3 2.340 2.318
42523.1 2.341 2.319
42522.2 2.342 2.320
42518.3 2.343 2.321
42516.4 2.344 2.322
42508.0 2.345 2.323
42505.8 2.346 2.324
42504.6 2.347 2.325
42503.3 2.348 2.326
42502.9 2.350 2.328
42500.0 2.366 2.344
42499.4 2.367 2.345
42498.4 2.368 2.346
42498.0 2.369 2.346
42495.6 2.370 2.347
42495.3 2.382 2.359
42493.0 2.393 2.370
42489.6 2.394 2.371
42487.8 2.395 2.372
42483.3 2.400 2.377
42483.0 2.401 2.378
42478.7 2.402 2.379
42475.1 2.404 2.381
42474.4 2.434 2.411
42474.3 2.435 2.412
42473.1 2.436 2.413
42473.0 2.437 2.414
42472.8 2.438 2.415
42471.8 2.459 2.436
42471.6 2.460 2.437
42470.7 2.461 2.438
42448.2 2.631 2.606
42446.8 2.632 2.607
42432.1 2.633 2.608
42425.2 2.634 2.609
42423.4 2.635 2.610
42417.6 2.636 2.611
42415.2 2.637 2.612
42414.5 2.638 2.613
42412.7 2.647 2.622
42412.6 2.648 2.623
42411.6 2.649 2.624
42411.4 2.650 2.625
42410.3 2.651 2.626
42410.2 2.652 2.627
42408.9 2.653 2.628
42407.9 2.654 2.629
42407.8 2.671 2.646
42405.7 2.672 2.647
42405.2 2.673 2.648
42404.4 2.693 2.667
42403.6 2.694 2.668
42403.4 2.696 2.670
42403.0 2.697 2.671
42401.6 2.698 2.672
42401.5 2.699 2.673
42400.8 2.700 2.674
42399.3 2.702 2.676
42398.4 2.703 2.677
42396.7 2.711 2.685
42396.3 2.712 2.686
42396.1 2.715 2.689
42394.7 2.716 2.690
42394.6 2.717 2.691
42393.7 2.718 2.692
42392.1 2.719 2.693
42391.3 2.720 2.694
42391.1 2.722 2.696
42389.6 2.725 2.699
42385.3 2.736 2.710
42385.2 2.737 2.711
42384.3 2.738 2.712
42384.0 2.739 2.713
42383.9 2.740 2.714
42374.5 2.774 2.748
42374.0 2.775 2.749
42373.9 2.777 2.751
42373.1 2.778 2.752
42298.4 2.779 2.753
42297.3 2.780 2.754
42296.5 2.804 2.777
42295.7 2.805 2.778
42295.0 2.829 2.802
42289.7 2.830 2.803
42288.9 2.843 2.816
42285.0 2.844 2.817
42284.2 2.845 2.818
42282.3 2.846 2.819
42282.2 2.847 2.820
42281.5 2.848 2.821
42280.9 2.853 2.826
42278.3 2.854 2.827
42276.8 2.855 2.828
42276.3 2.856 2.829
42276.1 2.857 2.830
42274.2 2.859 2.832
42265.7 2.861 2.834
42263.4 2.863 2.836
42263.3 2.864 2.837
42262.8 2.865 2.838
42262.4 2.866 2.839
42255.4 2.876 2.849
42254.9 2.877 2.850
42254.8 2.878 2.851
42253.7 2.879 2.852
42253.1 2.880 2.853
42248.4 2.881 2.854
42246.4 2.931 2.903
42239.6 2.933 2.905
42235.7 2.950 2.922
42233.6 2.951 2.923
42231.3 2.952 2.924
42230.5 2.953 2.925
42229.7 2.954 2.926
42229.5 2.955 2.927
42229.2 2.956 2.928
42226.6 2.957 2.929
42221.2 2.958 2.930
42220.7 2.959 2.931
42217.2 3.103 3.074
42213.5 3.104 3.075
42212.4 3.105 3.076
42212.2 3.161 3.131
42211.5 3.243 3.212
42211.4 3.248 3.217
42209.2 3.251 3.220
42205.8 3.387 3.355
42205.7 3.388 3.356
42203.2 3.389 3.357
42202.3 3.390 3.358
42200.2 3.391 3.359
42197.9 3.392 3.360
42197.4 3.393 3.361
42197.0 3.394 3.362
42195.8 3.395 3.363
42194.3 3.396 3.364
42194.2 3.475 3.442
42118.4 3.876 3.839
42117.7 3.878 3.841
42117.2 3.879 3.842
42116.8 3.880 3.843
42116.6 3.881 3.844
42115.2 3.882 3.845
42114.7 3.883 3.846
42113.5 3.884 3.847
42090.3 3.895 3.858
42089.9 3.896 3.859
42089.6 3.897 3.860
42088.2 3.899 3.862
42087.2 3.900 3.863
42086.9 3.926 3.889
42086.8 3.927 3.890
42086.1 3.928 3.891
42085.0 3.929 3.892
42083.7 3.930 3.893
42082.8 3.980 3.942
42082.7 4.008 3.970
42082.6 4.009 3.971
42082.3 4.010 3.972
42082.0 4.024 3.986
42081.4 4.142 4.103
42081.1 4.143 4.104
42080.7 4.157 4.118
42079.5 4.248 4.208
42075.7 4.250 4.210
42074.9 4.251 4.211
42072.7 4.485 4.442
42070.8 4.486 4.443
42070.6 4.488 4.445
42070.3 4.540 4.497
42068.1 4.686 4.641
42067.7 4.688 4.643
42067.2 4.689 4.644
42062.9 4.690 4.645
42061.6 4.691 4.646
42061.5 4.692 4.647
42059.1 4.693 4.648
42058.4 4.694 4.649
42057.2 4.695 4.650
42056.6 4.696 4.651
42055.0 4.731 4.686
42054.6 4.768 4.723
42054.2 4.774 4.729
42052.3 4.789 4.744
42050.3 4.790 4.744
42050.2 4.792 4.746
42049.4 4.793 4.747
42046.4 4.841 4.795
42046.1 4.842 4.796
42044.5 4.879 4.833
42042.4 4.880 4.834
42042.2 4.881 4.835
42040.9 4.893 4.847
42035.3 4.894 4.848
42033.0 4.910 4.863
42032.8 4.911 4.864
42032.0 4.912 4.865
42006.7 4.916 4.869
42004.4 4.917 4.870
42003.9 4.918 4.871
42003.2 4.920 4.873
42001.9 4.926 4.879
42001.1 4.935 4.888
42001.0 4.936 4.889
42000.6 4.937 4.890
41997.9 4.959 4.912
41997.3 4.960 4.913
41996.1 5.044 4.996
41995.7 5.045 4.997
41992.4 5.089 5.041
41992.0 5.091 5.043
41991.5 5.157 5.108
41991.4 5.159 5.110
41989.5 5.297 5.247
41987.7 5.299 5.249
41986.7 5.301 5.251
41984.6 5.302 5.252
41983.3 5.303 5.253
41983.2 5.304 5.254
41982.6 5.305 5.255
41982.3 5.321 5.270
41981.8 5.331 5.280
41981.1 5.333 5.282
41981.0 5.434 5.382
41978.5 5.436 5.384
41977.8 5.437 5.385
41974.2 5.447 5.395
41972.6 5.449 5.397
41972.5 5.483 5.431
41971.7 6.053 5.995
41971.1 6.054 5.996
41959.3 6.055 5.997
41953.7 6.056 5.998
41952.9 6.191 6.132
41951.0 6.192 6.133
41950.6 6.193 6.134
41921.8 6.194 6.135
41920.6 6.195 6.136
41919.7 6.196 6.137
41919.6 6.202 6.143
41919.0 6.217 6.158
41912.7 6.218 6.159
41907.7 6.219 6.160
41906.8 6.220 6.161
41903.5 6.221 6.162
41903.4 6.244 6.185
41901.6 6.274 6.214
41901.3 6.286 6.226
41898.8 6.313 6.253
41898.7 6.315 6.255
41897.6 6.316 6.256
41897.3 6.336 6.276
41896.6 6.343 6.283
41893.1 6.345 6.285
41891.6 6.417 6.356
41889.4 6.436 6.375
41887.7 6.437 6.376
41887.4 6.438 6.377
41886.9 6.440 6.379
41885.5 6.441 6.380
41835.4 6.548 6.486
41832.3 6.549 6.487
41830.6 6.550 6.488
41829.8 6.551 6.489
41795.9 6.552 6.490
41794.7 6.571 6.509
41790.9 6.572 6.510
41790.7 6.573 6.511
41768.1 6.606 6.543
41764.1 6.607 6.544
41756.9 6.608 6.545
41755.7 6.609 6.546
41754.9 6.610 6.547
41754.8 6.611 6.548
41751.3 6.615 6.552
41741.7 6.635 6.572
41740.7 6.636 6.573
41737.7 6.637 6.574
41737.6 6.638 6.575
41696.0 6.650 6.587
41693.2 6.651 6.588
41692.9 6.652 6.589
41688.2 6.653 6.590
41687.4 6.655 6.592
41685.9 6.656 6.593
41684.7 6.657 6.594
41680.4 6.658 6.595
41674.0 6.661 6.598
41673.8 6.663 6.600
41640.9 6.802 6.737
41636.1 6.803 6.738
41634.5 6.804 6.739
41633.0 6.806 6.741
41631.8 6.807 6.742
41630.4 6.808 6.743
41627.7 6.809 6.744
41626.7 6.810 6.745
41624.0 6.811 6.746
41599.9 6.812 6.747
41599.4 6.813 6.748
41598.3 6.815 6.750
41595.6 6.816 6.751
41595.5 6.817 6.752
41595.4 6.818 6.753
41591.6 6.819 6.754
41591.4 6.820 6.755
41591.0 6.821 6.756
41590.4 6.822 6.757
41590.2 6.823 6.758
41589.4 6.824 6.759
41588.4 6.825 6.760
41585.4 6.826 6.761
41584.7 6.833 6.768
41583.5 7.006 6.939
41583.4 7.007 6.940
41583.0 7.008 6.941
41582.5 7.019 6.952
41581.2 7.020 6.953
41581.1 7.021 6.954
41580.1 7.183 7.115
41565.8 7.184 7.116
41564.9 7.267 7.198
41564.3 7.298 7.229
41562.6 7.345 7.275
41562.2 7.346 7.276
41561.8 7.347 7.277
41560.1 7.373 7.303
41559.1 7.374 7.304
41558.8 7.382 7.312
41557.2 7.441 7.370
41556.5 7.443 7.372
41547.9 7.451 7.380
41542.8 7.452 7.381
41542.5 7.453 7.382
41540.9 7.454 7.383
41537.4 7.455 7.384
41537.3 7.456 7.385
41533.9 7.457 7.386
41533.7 7.458 7.387
41530.0 7.459 7.388
41529.4 7.460 7.389
41528.4 7.461 7.390
41528.2 7.475 7.404
41527.1 7.509 7.438
41526.6 7.515 7.444
41525.8 7.527 7.455
41524.3 7.528 7.456
41523.2 7.642 7.569
41522.3 7.643 7.570
41522.1 7.644 7.571
41519.0 7.645 7.572
41518.6 7.646 7.573
41517.0 7.647 7.574
41514.7 7.648 7.575
41514.1 7.655 7.582
41513.1 7.656 7.583
41513.0 7.661 7.588
41507.4 7.753 7.679
41506.4 7.754 7.680
41506.2 7.793 7.719
41505.6 7.794 7.720
41503.5 7.796 7.722
41502.8 7.797 7.723
41500.4 7.906 7.831
41499.5 7.907 7.832
41498.5 7.909 7.834
41496.6 7.954 7.878
41496.0 7.959 7.883
41493.9 7.960 7.884
41493.3 7.961 7.885
41484.1 7.963 7.887
41483.5 7.964 7.888
41483.3 7.988 7.912
41482.8 7.989 7.913
41482.4 7.990 7.914
41481.8 7.991 7.915
41480.6 7.992 7.916
41479.5 7.993 7.917
41476.8 8.062 7.985
41476.4 8.589 8.507
41476.3 8.590 8.508
41475.8 8.683 8.601
41475.6 8.691 8.608
41475.4 8.692 8.609
41474.9 8.693 8.610
41474.2 8.700 8.617
41472.7 8.718 8.635
41471.3 8.780 8.697
41471.0 8.812 8.728
41470.8 8.813 8.729
41470.7 8.822 8.738
41468.8 8.874 8.790
41468.5 8.875 8.791
41467.9 8.876 8.792
41467.8 8.877 8.793
41467.5 8.878 8.794
41465.8 8.879 8.795
41464.4 8.880 8.796
41464.1 8.881 8.797
41461.4 9.038 8.952
41460.8 9.079 8.993
41459.0 9.158 9.071
41458.9 9.159 9.072
41458.8 9.160 9.073
41458.6 9.240 9.152
41457.4 9.277 9.189
41455.6 9.306 9.218
41454.7 9.308 9.220
41454.6 9.309 9.221
41453.0 9.339 9.250
41447.8 9.345 9.256
41447.6 9.347 9.258
41447.4 9.348 9.259
41445.5 9.349 9.260
41444.5 9.350 9.261
41444.3 9.351 9.262
41443.5 9.352 9.263
41442.5 9.353 9.264
41442.0 9.354 9.265
41441.7 9.355 9.266
41438.5 9.357 9.268
41437.6 9.358 9.269
41436.0 9.403 9.314
41432.2 9.404 9.315
41430.9 9.522 9.432
41427.0 9.613 9.522
41426.0 9.615 9.524
41425.3 9.616 9.525
41425.0 9.617 9.526
41422.2 9.618 9.527
41421.8 9.619 9.528
41421.2 9.620 9.529
41420.7 9.621 9.530
41420.1 9.622 9.531
41400.7 9.722 9.630
41400.0 9.723 9.631
41397.6 9.724 9.632
41397.2 9.725 9.633
41396.2 9.726 9.634
41395.8 9.727 9.635
41395.3 9.728 9.636
41394.1 9.730 9.638
41393.5 9.731 9.639
41392.7 9.732 9.640
41344.4 10.333 10.235
41343.4 10.334 10.236
41340.3 10.335 10.237
41339.5 10.336 10.238
41337.6 10.338 10.240
41329.0 10.339 10.241
41328.9 10.340 10.242
41328.0 10.341 10.243
41327.0 10.342 10.244
41326.2 10.343 10.245
41325.8 10.344 10.246
41323.9 10.346 10.248
41322.9 10.347 10.249
41322.5 10.348 10.250
41322.3 10.349 10.251
41322.0 10.350 10.252
41321.7 10.351 10.253
41321.4 10.352 10.254
41321.0 10.353 10.255
41319.9 10.354 10.256
41315.5 10.455 10.356
41315.0 10.457 10.358
41313.6 10.458 10.359
41312.1 10.459 10.360
41311.1 10.460 10.361
41310.4 10.461 10.362
41309.2 10.462 10.363
41308.8 10.463 10.364
41307.6 10.464 10.365
41306.7 10.466 10.367
41305.8 10.617 10.516
41305.1 11.984 11.870
41305.0 11.985 11.871
41303.0 11.986 11.872
41300.4 11.987 11.873
41298.2 11.995 11.881
41287.7 12.266 12.149
41286.5 12.268 12.151
41283.6 12.269 12.152
41277.2 12.270 12.153
41276.7 12.271 12.154
41274.1 12.272 12.155
41272.3 12.273 12.156
41264.9 12.343 12.226
41264.6 12.344 12.227
41263.5 12.346 12.229
41258.5 12.347 12.230
41254.3 12.348 12.231
41254.0 12.349 12.232
41248.4 12.350 12.233
41246.7 12.354 12.237
41245.1 12.690 12.569
41243.5 12.693 12.572
41243.4 12.728 12.607
41243.3 12.730 12.609
41241.6 12.732 12.611
41240.2 12.934 12.811
41238.9 12.935 12.812
41235.8 12.936 12.813
41235.2 12.956 12.833
41232.6 12.957 12.834
41231.4 13.058 12.934
41229.3 13.093 12.969
41228.8 13.095 12.971
41045.9 13.355 13.228
41045.5 13.358 13.231
41044.8 13.360 13.233
41043.9 13.376 13.249
41042.8 13.377 13.250
41042.7 13.379 13.252
41040.4 13.380 13.253
41037.2 13.391 13.264
41036.3 13.424 13.296
41035.1 13.477 13.349
41034.8 13.478 13.350
41032.1 13.480 13.352
41032.0 13.843 13.711
41031.8 13.844 13.712
41031.6 13.845 13.713
41031.4 13.847 13.715
41031.1 13.848 13.716
41026.5 13.899 13.767
41025.7 13.900 13.768
41025.4 13.901 13.769
41024.9 13.910 13.778
41024.4 13.930 13.798
41019.2 16.035 15.883
41019.1 16.108 15.955
41014.7 16.117 15.964
41014.3 16.118 15.965
41014.2 16.119 15.966
41012.7 16.120 15.967
41011.5 16.452 16.296
41011.1 16.493 16.336
41010.1 16.515 16.358
41008.7 16.516 16.359
41008.6 16.518 16.361
41008.2 16.767 16.608
41006.5 16.768 16.609
41005.7 16.803 16.643
41004.1 16.804 16.644
41003.0 16.806 16.646
41001.8 17.034 16.872
41001.3 17.200 17.037
41001.0 17.368 17.203
41000.6 17.384 17.219
40998.6 17.387 17.222
40998.3 17.482 17.316
40997.9 17.484 17.318
40990.3 18.371 18.196
40989.8 18.372 18.197
40989.3 18.374 18.199
40988.8 18.442 18.267
40983.2 20.012 19.822
40982.3 20.045 19.855
40982.0 20.046 19.856
40980.2 20.175 19.983
40979.9 20.176 19.984
40974.7 20.192 20.000
40973.3 20.197 20.005
40972.9 20.209 20.017
40966.3 20.210 20.018
40965.0 20.244 20.052
40964.9 20.290 20.097
40964.8 20.302 20.109
40962.2 20.385 20.191
40962.1 20.387 20.193
40961.2 20.408 20.214
40960.2 20.537 20.342
40953.0 20.597 20.401
40952.4 21.077 20.877
40951.2 21.263 21.061
40950.9 21.265 21.063
40949.3 21.318 21.115
40948.9 21.473 21.269
40948.8 21.474 21.270
40948.4 21.495 21.291
40947.5 21.538 21.333
40946.4 21.624 21.419
40946.0 21.626 21.421
40945.4 21.627 21.422
40945.1 21.628 21.423
40944.5 21.629 21.424
40944.4 21.630 21.425
40944.2 143.203 141.843
40940.4 143.205 141.845
40937.6 143.312 141.951
40937.3 143.516 142.153
40937.2 143.517 142.154
40936.9 143.980 142.612
40934.7 143.988 142.620
40934.4 144.649 143.275
40934.3 144.805 143.429
40916.1 145.252 143.872
40915.9 145.253 143.873
40915.0 145.254 143.874
40914.6 145.540 144.157
40914.1 145.556 144.173
40913.6 145.557 144.174
40908.2 145.680 144.296
40907.9 145.681 144.297
40907.4 145.682 144.298
40907.3 145.682 144.298
40906.9 145.913 144.527
40885.6 146.307 144.917
40884.2 146.307 144.917
40883.7 146.308 144.918
40881.9 146.309 144.919
40881.5 146.311 144.921
40881.2 146.312 144.922
40880.0 146.508 145.116
40879.6 146.632 145.239
40879.2 146.633 145.240
40878.0 146.634 145.241
40877.5 146.635 145.242
40876.5 146.636 145.243
40876.4 147.061 145.664
40876.3 147.061 145.664
40875.2 147.069 145.672
40873.7 147.276 145.877
40873.6 147.499 146.098
40873.5 147.578 146.176
40873.4 147.607 146.205
40873.3 147.808 146.404
40870.9 147.809 146.405
40870.8 148.781 147.368
40863.8 148.806 147.392
40862.6 148.924 147.509
40861.6 148.925 147.510
40860.4 149.225 147.807
40860.0 149.250 147.832
40859.9 149.252 147.834
40859.4 149.276 147.858
40859.1 149.277 147.859
40857.0 149.278 147.860
40856.5 149.891 148.467
40855.5 151.002 149.567
40855.4 151.349 149.911
40855.3 151.814 150.372
40854.1 152.024 150.580
40852.6 152.728 151.277
40850.8 152.734 151.283
40850.5 153.488 152.030
40850.1 153.489 152.031
40849.1 153.490 152.032
40848.7 153.491 152.033
40848.6 153.493 152.035
40847.4 153.728 152.268
40845.9 157.423 155.927
40844.1 168.978 167.373
40843.8 169.395 167.786
40843.7 169.545 167.934
40842.8 169.553 167.942
40842.3 169.651 168.039
40842.2 169.652 168.040
40838.6 169.652 168.040
40838.5 169.874 168.260
40838.2 169.877 168.263
40833.7 169.879 168.265
40833.3 169.880 168.266
40832.5 169.995 168.380
40832.3 170.557 168.937
40832.2 171.238 169.611
40831.4 171.740 170.108
40831.3 171.741 170.109
40829.4 171.920 170.287
40825.5 176.133 174.460
40824.1 177.415 175.730
40802.7 181.359 179.636
40796.0 181.360 179.637
40794.7 181.528 179.803
40794.4 181.580 179.855
40792.4 181.616 179.891
40759.5 181.678 179.952
40759.4 181.679 179.953
40759.2 181.763 180.036
40758.5 210.409 208.410
40757.1 210.472 208.473
40755.9 210.492 208.492
40748.2 210.594 208.593
40747.9 210.595 208.594
40671.3 210.618 208.617
40670.4 210.619 208.618
40669.8 210.620 208.619
40669.2 210.621 208.620
40668.8 257.637 255.189
40668.4 257.643 255.195
40668.1 257.644 255.196
40666.4 257.645 255.197
40666.3 257.646 255.198
40659.5 257.647 255.199
40659.1 257.676 255.228
40658.1 257.677 255.229
40654.3 257.753 255.304
40653.9 257.754 255.305
40652.9 257.846 255.396
40652.3 257.934 255.484
40651.1 257.935 255.485
40651.0 257.936 255.486
40647.8 257.937 255.487
40647.1 257.964 255.513
40646.5 257.965 255.514
40646.0 257.966 255.515
40644.8 257.992 255.541
40643.9 258.047 255.596
40642.7 258.077 255.625
40642.1 258.166 255.713
40641.2 258.167 255.714
40641.0 258.169 255.716
40639.7 258.300 255.846
40639.5 267.376 264.836
40635.2 267.645 265.102
40634.8 267.806 265.262
40633.3 300.115 297.264
40630.5 300.429 297.575
40629.5 300.654 297.798
40628.2 322.890 319.823
40625.8 345.843 342.557
40625.5 345.943 342.657
40625.3 346.146 342.858
40623.7 346.278 342.988
40623.6 346.279 342.989
40623.3 346.280 342.990
40620.6 346.361 343.071
40620.4 346.383 343.092
40614.9 362.913 359.465
40614.3 363.008 359.559
40613.4 393.948 390.205
40613.2 393.949 390.206
40613.1 393.950 390.207
40613.0 393.951 390.208
40609.9 425.944 421.898
40605.0 425.946 421.900
40604.0 425.947 421.901
40588.2 426.384 422.333
40582.1 429.293 425.215
40573.9 429.294 425.216
40572.8 429.295 425.217
40571.4 429.296 425.218
40562.3 429.745 425.662
40561.9 430.216 426.129
40561.5 430.217 426.130
40561.0 430.218 426.131
40559.2 430.228 426.141
40556.4 430.229 426.142
40556.0 430.231 426.144
40555.9 430.232 426.145
40554.9 430.233 426.146
40554.6 430.234 426.147
40542.4 430.235 426.148
40541.6 430.236 426.149
40541.0 430.237 426.150
40534.5 433.627 429.508
40534.0 433.629 429.510
40533.7 434.013 429.890
40533.6 434.129 430.005
40533.5 434.131 430.007
40533.4 434.132 430.008
40533.3 434.134 430.010
40533.0 434.136 430.012
40532.5 434.138 430.014
40532.3 434.139 430.015
40532.2 434.153 430.029
40531.8 434.157 430.033
40531.5 434.159 430.034
40529.8 434.160 430.035
40528.6 439.471 435.296
40527.6 455.052 450.729
40520.2 455.505 451.178
40518.4 455.745 451.415
40517.0 455.746 451.416
40516.8 455.747 451.417
40516.5 455.748 451.418
40515.0 456.719 452.380
40514.9 456.720 452.381
40512.9 456.732 452.393
40511.2 457.591 453.244
40511.0 459.063 454.702
40509.4 461.099 456.719
40503.0 473.092 468.598
40500.1 473.668 469.168
40499.2 474.007 469.504
40499.1 474.945 470.433
40493.9 475.634 471.115
40493.7 475.978 471.456
40493.1 475.981 471.459
40491.9 476.205 471.681
40491.5 476.538 472.011
40491.1 476.879 472.349
40490.4 478.290 473.746
40490.2 478.298 473.754
40488.9 478.300 473.756
40488.4 478.518 473.972
40486.4 478.532 473.986
40485.9 478.731 474.183
40485.8 479.138 474.586
40485.6 484.473 479.871
40485.5 484.475 479.872
40484.8 496.466 491.750
40483.6 496.468 491.752
40482.6 496.469 491.753
40482.4 496.470 491.754
40482.3 496.699 491.980
40481.1 496.714 491.995
40480.9 496.715 491.996
40480.8 497.631 492.904
40472.3 497.941 493.211
40472.0 499.054 494.313
40444.7 500.003 495.253
40442.6 500.004 495.254
40442.2 500.005 495.255
40440.8 503.445 498.662
40439.7 503.446 498.663
40419.5 503.447 498.664
40418.4 503.505 498.722
40414.2 503.507 498.724
40413.2 513.775 508.894
40412.9 513.864 508.982
40408.8 513.927 509.045
40408.4 513.974 509.091
40408.3 514.123 509.239
40407.7 514.125 509.241
40407.2 514.126 509.242
40405.8 514.127 509.243
40405.6 514.128 509.244
40405.5 514.129 509.245
40399.9 514.130 509.246
40399.0 514.131 509.247
40398.7 514.132 509.248
40396.6 531.746 526.694
40395.7 531.777 526.725
40394.7 546.144 540.956
40393.8 546.166 540.977
40389.7 546.475 541.283
40389.3 546.550 541.358
40372.9 546.551 541.359
40372.6 546.552 541.360
40372.5 546.553 541.361
40370.6 546.554 541.362
40369.9 546.667 541.474
40361.8 546.668 541.475
40361.5 546.669 541.476
40361.3 546.670 541.477
40361.1 546.671 541.478
40360.1 564.764 559.399
40357.9 564.869 559.503
40357.7 564.938 559.571
40357.2 564.939 559.572
40356.7 564.940 559.573
40356.4 565.110 559.741
40355.9 575.469 570.002
40355.5 575.593 570.125
40355.2 590.599 584.988
40354.2 590.600 584.989
40353.4 607.011 601.244
40352.5 607.072 601.305
40352.2 607.074 601.307
40352.1 607.249 601.480
40351.5 621.611 615.706
40351.4 667.522 661.181
40348.7 697.466 690.840
40348.4 697.467 690.841
40347.6 740.517 733.482
40346.6 740.579 733.543
40346.3 740.580 733.544
40345.2 857.350 849.205
40345.1 921.762 913.005
40344.5 1247.463 1235.612
40343.8 1487.247 1473.118
40343.7 1490.520 1476.360
40342.5 1490.602 1476.441
40341.5 1490.734 1476.572
40341.2 1490.736 1476.574
40340.9 1490.825 1476.662
40337.5 1490.844 1476.681
40337.1 1507.390 1493.070
40336.8 1507.392 1493.072
40336.5 1507.473 1493.152
40336.1 1507.510 1493.189
40335.1 1507.589 1493.267
40335.0 1507.625 1493.303
40334.4 1507.626 1493.304
40334.3 1507.627 1493.305
40332.1 1507.835 1493.511
40331.3 1517.525 1503.109
40331.2 1528.636 1514.114
40330.7 1528.658 1514.136
40330.4 1528.659 1514.137
40329.8 1542.894 1528.237
40329.3 1553.242 1538.486
40329.1 1562.717 1547.871
40328.9 1985.552 1966.689
40328.6 1985.937 1967.071
40327.3 1985.941 1967.075
40326.9 1996.544 1977.577
40326.7 2041.965 2022.566
40326.6 2094.490 2074.592
40326.3 2094.619 2074.720
40326.1 2094.620 2074.721
40325.9 2094.694 2074.794
40325.3 2116.355 2096.250
40315.2 2130.085 2109.849
40313.6 2130.228 2109.991
40300.5 2243.476 2222.163
40299.8 2243.477 2222.164
40299.0 2243.532 2222.218
40295.9 2243.542 2222.228
40294.8 2257.246 2235.802
40293.9 2257.248 2235.804
40283.8 2289.203 2267.456
40282.8 2418.354 2395.380
40282.1 2450.723 2427.441
40281.5 2450.725 2427.443
40281.2 2523.205 2499.235
40280.9 2572.458 2548.020
40280.6 2572.459 2548.021
40279.8 2572.460 2548.022
40277.2 2572.585 2548.145
40275.9 2572.597 2548.157
40272.4 2572.778 2548.337
40267.1 2573.181 2548.736
40264.5 2573.225 2548.779
40263.7 2574.316 2549.860
40263.6 2576.221 2551.747
40263.1 2576.223 2551.749
40263.0 2576.913 2552.432
40262.3 2576.924 2552.443
40261.7 2581.115 2556.594
40260.9 2581.230 2556.708
40258.7 2581.231 2556.709
40256.1 2581.244 2556.722
40255.9 2581.856 2557.328
40255.3 2581.895 2557.367
40251.6 2581.896 2557.368
40251.4 2582.047 2557.518
40249.4 2582.048 2557.519
40249.1 2582.644 2558.109
40248.9 2582.789 2558.253
40247.6 2587.235 2562.656
40240.0 2588.073 2563.486
40238.4 2588.074 2563.487
40235.3 2588.075 2563.488
40235.2 2588.096 2563.509
40234.7 2588.097 2563.510
40234.1 2603.775 2579.039
40234.0 2604.098 2579.359
40232.8 2604.118 2579.379
40232.1 2604.252 2579.512
40231.3 2618.839 2593.960
40230.4 2627.224 2602.265
40230.1 2627.267 2602.308
40230.0 2627.602 2602.640
40228.0 2641.991 2616.892
40224.1 2792.681 2766.151
40223.1 2794.124 2767.580
40221.1 2794.252 2767.707
40218.9 2795.105 2768.552
40218.8 2797.121 2770.548
40218.3 2797.122 2770.549
40217.6 2797.141 2770.568
40214.6 2811.835 2785.123
40214.3 2811.895 2785.182
40213.6 2811.902 2785.189
40211.7 2821.720 2794.914
40211.4 2894.539 2867.041
40210.9 2901.980 2874.411
40204.3 3077.604 3048.367
40204.1 3077.818 3048.579
40203.6 3077.819 3048.580
40202.7 3077.829 3048.590
40200.0 3077.852 3048.612
40199.9 3077.917 3048.677
40195.7 3077.958 3048.717
40195.4 3077.960 3048.719
40183.7 3077.961 3048.720
40183.6 3077.962 3048.721
40183.4 3078.059 3048.817
40181.3 5523.770 5471.294
40180.7 5523.771 5471.295
40180.2 5523.772 5471.296
40179.2 5523.773 5471.297
40177.7 5523.833 5471.357
40175.9 5523.959 5471.481
40175.8 5523.989 5471.511
40174.5 5533.205 5480.640
40173.8 5533.207 5480.642
40172.7 5536.642 5484.044
40172.0 5536.643 5484.045
40167.7 5614.493 5561.155
40167.3 5614.523 5561.185
40167.2 5674.497 5620.589
40167.1 5674.693 5620.783
40166.1 5784.191 5729.241
40165.1 5784.192 5729.242
40161.7 5784.192 5729.242
40161.2 5790.269 5735.261
40157.3 5915.788 5859.588
40156.8 5915.789 5859.589
40156.7 5947.851 5891.346
40154.4 5947.852 5891.347
40154.1 6107.304 6049.285
40152.1 6223.671 6164.546
40151.6 6223.673 6164.548
40151.4 6254.581 6195.162
40150.6 6427.531 6366.469
40150.0 6427.532 6366.470
Primal Integral: 0.9682142038
