12th DIMACS Implementation Challenge: Vehicle Routing
VRPTW track
Controller version: December 13, 2021
Competitor: HustSmart
Ubuntu 21.04
Intel(R) Xeon(R) CPU E5-2698 v3 @ 2.30GHz
hostid: 10916887366929678835
PassMark Single Thread Benchmark: 1981
Time factor: 0.99 (baseline 2000)
Instance: C2_2_1
Standardized Time limit: 1800 secs
Local Machine Time Limit: 1817 secs
Base solution: 2114.310
BKS: 1922.1
Optimal: 1
Fri 14 Jan 2022 09:45:04 PM CST
timestamp: 1642167904
Solution value, local machine time, standardized time
2110.5 0.134 0.133
2108.2 0.134 0.133
2091.5 0.134 0.133
2090.1 0.134 0.133
2087.8 0.134 0.133
2085.0 0.135 0.134
2074.7 0.135 0.134
2074.2 0.135 0.134
2072.9 0.135 0.134
2021.2 0.135 0.134
2020.3 0.135 0.134
2018.2 0.135 0.134
2013.8 0.135 0.134
1997.5 0.136 0.135
1986.3 0.136 0.135
1984.6 0.137 0.136
1984.4 0.141 0.140
1984.2 0.142 0.141
1976.7 0.142 0.141
1974.8 0.142 0.141
1963.5 0.177 0.175
1963.4 0.177 0.175
1961.9 0.177 0.175
1956.1 0.178 0.176
1947.6 0.178 0.176
1922.1 0.178 0.176
Primal Integral: 0.0008101506
