12th DIMACS Implementation Challenge: Vehicle Routing
VRPTW track
Controller version: December 13, 2021
Competitor: HustSmart
Ubuntu 21.04
Intel(R) Xeon(R) CPU E5-2698 v3 @ 2.30GHz
hostid: 10916887366929678835
PassMark Single Thread Benchmark: 1981
Time factor: 0.99 (baseline 2000)
Instance: C208
Standardized Time limit: 1800 secs
Local Machine Time Limit: 1817 secs
Base solution: 644.380
BKS: 585.8
Optimal: 1
Fri 14 Jan 2022 09:44:07 PM CST
timestamp: 1642167847
Solution value, local machine time, standardized time
623.5 0.014 0.014
621.3 0.015 0.015
585.8 0.026 0.026
Primal Integral: 0.0001183870
