12th DIMACS Implementation Challenge: Vehicle Routing
VRPTW track
Controller version: December 13, 2021
Competitor: HustSmart
Ubuntu 21.04
Intel(R) Xeon(R) CPU E5-2698 v3 @ 2.30GHz
hostid: 10916887366929678835
PassMark Single Thread Benchmark: 1981
Time factor: 0.99 (baseline 2000)
Instance: C2_2_9
Standardized Time limit: 1800 secs
Local Machine Time Limit: 1817 secs
Base solution: 1996.500
BKS: 1815.0
Optimal: 1
Thu 10 Feb 2022 11:14:29 AM CST
timestamp: 1644462869
Solution value, local machine time, standardized time
1963.5 0.032 0.032
1958.2 0.033 0.033
1937.7 0.034 0.034
1917.4 0.036 0.036
1916.1 0.037 0.037
1912.1 0.039 0.039
1895.9 0.044 0.044
1863.6 0.054 0.053
1861.8 0.057 0.056
1860.2 0.060 0.059
1852.6 0.071 0.070
1852.0 0.076 0.075
1850.1 0.083 0.082
1849.6 0.086 0.085
1846.6 0.088 0.087
1845.6 0.093 0.092
1844.4 0.116 0.115
1844.1 0.122 0.121
1836.2 0.128 0.127
1832.7 0.132 0.131
1830.8 0.214 0.212
1829.4 0.853 0.845
1827.0 0.991 0.982
1818.7 0.993 0.984
1818.6 1.000 0.991
1816.7 41.358 40.965
1815.0 52.313 51.816
Primal Integral: 0.0057048271
