12th DIMACS Implementation Challenge: Vehicle Routing
VRPTW track
Controller version: December 13, 2021
Competitor: HustSmart
Ubuntu 21.04
Intel(R) Xeon(R) CPU E5-2698 v3 @ 2.30GHz
hostid: 10916887366929678835
PassMark Single Thread Benchmark: 1981
Time factor: 0.99 (baseline 2000)
Instance: RC104
Standardized Time limit: 1800 secs
Local Machine Time Limit: 1817 secs
Base solution: 1245.530
BKS: 1132.3
Optimal: 1
Thu 10 Feb 2022 11:26:14 AM CST
timestamp: 1644463574
Solution value, local machine time, standardized time
1232.7 0.043 0.043
1232.5 0.059 0.058
1216.3 0.060 0.059
1213.4 0.071 0.070
1209.4 0.087 0.086
1201.3 0.088 0.087
1199.4 0.099 0.098
1199.0 0.110 0.109
1198.9 0.115 0.114
1196.6 0.127 0.126
1196.2 0.129 0.128
1192.4 0.159 0.157
1189.9 0.160 0.158
1188.1 0.161 0.159
1186.0 0.164 0.162
1185.1 0.176 0.174
1183.9 0.184 0.182
1181.5 0.189 0.187
1180.8 0.259 0.257
1180.5 0.270 0.267
1180.3 0.284 0.281
1178.6 0.287 0.284
1175.5 0.294 0.291
1175.1 0.300 0.297
1174.8 0.306 0.303
1174.3 0.322 0.319
1174.1 0.328 0.325
1172.3 0.512 0.507
1169.6 0.546 0.541
1166.0 1.182 1.171
1151.9 1.184 1.173
1144.8 1.220 1.208
1143.1 1.281 1.269
1139.3 1.288 1.276
1136.1 1.384 1.371
1135.6 1.408 1.395
1134.5 3.653 3.618
1132.8 3.675 3.640
1132.3 3.795 3.759
Primal Integral: 0.0031289897
