12th DIMACS Implementation Challenge: Vehicle Routing
VRPTW track
Controller version: December 13, 2021
Competitor: HustSmart
Ubuntu 21.04
Intel(R) Xeon(R) CPU E5-2698 v3 @ 2.30GHz
hostid: 10916887366929678835
PassMark Single Thread Benchmark: 1981
Time factor: 0.99 (baseline 2000)
Instance: C207
Standardized Time limit: 1800 secs
Local Machine Time Limit: 1817 secs
Base solution: 644.380
BKS: 585.8
Optimal: 1
Thu 10 Feb 2022 11:30:15 AM CST
timestamp: 1644463815
Solution value, local machine time, standardized time
595.6 0.013 0.013
589.2 0.015 0.015
585.8 0.019 0.019
Primal Integral: 0.0000753708
