12th DIMACS Implementation Challenge: Vehicle Routing
VRPTW track
Controller version: December 13, 2021
Competitor: HustSmart
Ubuntu 21.04
Intel(R) Xeon(R) CPU E5-2698 v3 @ 2.30GHz
hostid: 10916887366929678835
PassMark Single Thread Benchmark: 1981
Time factor: 0.99 (baseline 2000)
Instance: R204
Standardized Time limit: 1800 secs
Local Machine Time Limit: 1817 secs
Base solution: 804.430
BKS: 731.3
Optimal: 1
Thu 10 Feb 2022 11:28:07 AM CST
timestamp: 1644463687
Solution value, local machine time, standardized time
799.5 0.026 0.026
792.0 0.028 0.028
789.4 0.030 0.030
786.6 0.032 0.032
774.1 0.034 0.034
770.7 0.042 0.042
767.0 0.043 0.043
762.7 0.045 0.045
761.5 0.050 0.050
754.0 0.051 0.051
753.8 0.052 0.052
752.7 0.055 0.054
750.5 0.056 0.055
749.7 0.060 0.059
749.6 0.164 0.162
745.8 0.168 0.166
744.7 0.281 0.278
743.3 0.464 0.460
741.4 0.605 0.599
740.9 0.769 0.762
739.7 0.774 0.767
739.2 0.783 0.776
738.4 0.784 0.777
738.3 0.996 0.987
738.1 1.061 1.051
737.1 1.069 1.059
736.7 2.121 2.101
735.7 2.262 2.241
734.4 2.324 2.302
733.4 10.329 10.231
733.3 16.456 16.300
732.3 17.509 17.343
731.8 18.141 17.969
731.3 28.964 28.689
Primal Integral: 0.0050995548
