12th DIMACS Implementation Challenge: Vehicle Routing
VRPTW track
Controller version: December 13, 2021
Competitor: HustSmart
Ubuntu 21.04
Intel(R) Xeon(R) CPU E5-2698 v3 @ 2.30GHz
hostid: 10916887366929678835
PassMark Single Thread Benchmark: 1981
Time factor: 0.99 (baseline 2000)
Instance: C2_2_1
Standardized Time limit: 1800 secs
Local Machine Time Limit: 1817 secs
Base solution: 2114.310
BKS: 1922.1
Optimal: 1
Thu 10 Feb 2022 11:20:50 AM CST
timestamp: 1644463250
Solution value, local machine time, standardized time
2047.8 0.046 0.046
2046.7 0.047 0.047
2041.1 0.052 0.052
2015.3 0.053 0.052
2001.7 0.054 0.053
1970.6 0.054 0.053
1945.6 0.059 0.058
1925.4 0.060 0.059
1923.8 0.097 0.096
1922.1 0.154 0.153
Primal Integral: 0.0002939077
