12th DIMACS Implementation Challenge: Vehicle Routing
VRPTW track
Controller version: December 13, 2021
Competitor: HustSmart
Ubuntu 21.04
Intel(R) Xeon(R) CPU E5-2698 v3 @ 2.30GHz
hostid: 10916887366929678835
PassMark Single Thread Benchmark: 1981
Time factor: 0.99 (baseline 2000)
Instance: RC2_2_1
Standardized Time limit: 1800 secs
Local Machine Time Limit: 1817 secs
Base solution: 3077.140
BKS: 2797.4
Optimal: 1
Thu 10 Feb 2022 10:54:17 AM CST
timestamp: 1644461657
Solution value, local machine time, standardized time
3067.3 0.070 0.069
3053.4 0.071 0.070
3047.9 0.074 0.073
3013.3 0.076 0.075
3007.2 0.079 0.078
2993.8 0.082 0.081
2992.2 0.083 0.082
2974.4 0.085 0.084
2970.5 0.090 0.089
2957.5 0.098 0.097
2934.3 0.103 0.102
2931.4 0.104 0.103
2927.5 0.106 0.105
2916.2 0.110 0.109
2906.2 0.111 0.110
2894.2 0.113 0.112
2894.0 0.115 0.114
2890.1 0.121 0.120
2886.2 0.162 0.160
2877.3 0.240 0.238
2874.2 0.263 0.261
2874.0 0.276 0.273
2873.4 0.277 0.274
2873.0 0.383 0.379
2866.2 0.435 0.431
2864.2 0.555 0.550
2863.7 0.588 0.582
2845.5 0.632 0.626
2839.5 0.633 0.627
2836.1 0.645 0.639
2828.4 1.444 1.430
2824.7 1.764 1.747
2819.1 1.782 1.765
2817.9 1.783 1.766
2813.8 1.798 1.781
2809.7 1.836 1.819
2807.3 1.976 1.957
2803.3 2.066 2.046
2803.2 2.111 2.091
2802.1 19.840 19.652
2799.4 57.041 56.499
2799.1 57.676 57.128
2799.0 58.479 57.923
2798.2 667.753 661.409
2798.1 667.783 661.439
2797.4 668.516 662.165
Primal Integral: 0.0269191742
