12th DIMACS Implementation Challenge: Vehicle Routing
VRPTW track
Controller version: December 13, 2021
Competitor: HustSmart
Ubuntu 21.04
Intel(R) Xeon(R) CPU E5-2698 v3 @ 2.30GHz
hostid: 10916887366929678835
PassMark Single Thread Benchmark: 1981
Time factor: 0.99 (baseline 2000)
Instance: R109
Standardized Time limit: 1800 secs
Local Machine Time Limit: 1817 secs
Base solution: 1261.590
BKS: 1146.9
Optimal: 1
Thu 10 Feb 2022 11:29:39 AM CST
timestamp: 1644463779
Solution value, local machine time, standardized time
1259.3 0.019 0.019
1250.0 0.020 0.020
1242.6 0.021 0.021
1239.5 0.022 0.022
1230.4 0.023 0.023
1215.1 0.026 0.026
1196.1 0.036 0.036
1192.5 0.038 0.038
1190.1 0.040 0.040
1175.9 0.052 0.052
1170.3 0.054 0.053
1165.2 0.067 0.066
1157.1 0.075 0.074
1155.9 0.097 0.096
1155.1 0.141 0.140
1153.7 0.158 0.156
1152.3 0.189 0.187
1149.4 0.323 0.320
1147.5 0.503 0.498
1146.9 0.617 0.611
Primal Integral: 0.0003340604
