12th DIMACS Implementation Challenge: Vehicle Routing
VRPTW track
Controller version: December 13, 2021
Competitor: HustSmart
Ubuntu 21.04
Intel(R) Xeon(R) CPU E5-2698 v3 @ 2.30GHz
hostid: 10916887366929678835
PassMark Single Thread Benchmark: 1981
Time factor: 0.99 (baseline 2000)
Instance: RC102
Standardized Time limit: 1800 secs
Local Machine Time Limit: 1817 secs
Base solution: 1603.140
BKS: 1457.4
Optimal: 1
Thu 10 Feb 2022 11:26:19 AM CST
timestamp: 1644463579
Solution value, local machine time, standardized time
1596.8 0.022 0.022
1570.6 0.023 0.023
1538.8 0.025 0.025
1532.3 0.026 0.026
1528.8 0.030 0.030
1518.1 0.034 0.034
1517.9 0.053 0.052
1512.0 0.068 0.067
1511.3 0.070 0.069
1487.8 0.072 0.071
1481.5 0.076 0.075
1479.7 0.081 0.080
1478.1 0.113 0.112
1477.4 0.116 0.115
1476.7 0.124 0.123
1457.6 1.791 1.774
1457.4 1.798 1.781
Primal Integral: 0.0015056981
