12th DIMACS Implementation Challenge: Vehicle Routing
VRPTW track
Controller version: December 13, 2021
Competitor: HustSmart
Ubuntu 21.04
Intel(R) Xeon(R) CPU E5-2698 v3 @ 2.30GHz
hostid: 10916887366929678835
PassMark Single Thread Benchmark: 1981
Time factor: 0.99 (baseline 2000)
Instance: R106
Standardized Time limit: 1800 secs
Local Machine Time Limit: 1817 secs
Base solution: 1358.060
BKS: 1234.6
Optimal: 1
Thu 10 Feb 2022 11:29:54 AM CST
timestamp: 1644463794
Solution value, local machine time, standardized time
1347.6 0.019 0.019
1345.1 0.021 0.021
1327.2 0.022 0.022
1302.8 0.024 0.024
1293.8 0.030 0.030
1274.6 0.031 0.031
1257.6 0.033 0.033
1254.1 0.108 0.107
1253.5 0.286 0.283
1249.6 0.332 0.329
1249.0 0.346 0.343
1247.9 0.355 0.352
1247.5 0.370 0.366
1245.1 0.485 0.480
1241.5 0.487 0.482
1240.0 0.522 0.517
1235.2 2.771 2.745
1234.6 2.938 2.910
Primal Integral: 0.0010713474
