12th DIMACS Implementation Challenge: Vehicle Routing
VRPTW track
Controller version: December 13, 2021
Competitor: HustSmart
Ubuntu 21.04
Intel(R) Xeon(R) CPU E5-2698 v3 @ 2.30GHz
hostid: 10916887366929678835
PassMark Single Thread Benchmark: 1981
Time factor: 0.99 (baseline 2000)
Instance: RC2_2_3
Standardized Time limit: 1800 secs
Local Machine Time Limit: 1817 secs
Base solution: 2450.470
BKS: 2227.7
Optimal: 1
Thu 10 Feb 2022 10:51:58 AM CST
timestamp: 1644461518
Solution value, local machine time, standardized time
2441.4 0.061 0.060
2432.9 0.063 0.062
2417.4 0.064 0.063
2391.4 0.065 0.064
2390.3 0.067 0.066
2386.8 0.068 0.067
2376.3 0.070 0.069
2375.4 0.071 0.070
2374.8 0.073 0.072
2373.2 0.074 0.073
2369.3 0.076 0.075
2348.6 0.077 0.076
2345.7 0.079 0.078
2339.5 0.080 0.079
2323.4 0.106 0.105
2309.7 0.108 0.107
2297.3 0.109 0.108
2296.5 0.137 0.136
2296.1 0.145 0.144
2278.9 0.177 0.175
2278.5 0.197 0.195
2276.4 0.225 0.223
2276.3 0.252 0.250
2276.1 0.258 0.256
2276.0 0.267 0.264
2275.5 0.295 0.292
2274.8 0.355 0.352
2274.4 0.359 0.356
2274.3 0.361 0.358
2264.2 0.394 0.390
2255.9 0.395 0.391
2255.2 0.738 0.731
2255.1 0.815 0.807
2254.0 0.982 0.973
2253.8 0.984 0.975
2245.2 4.188 4.148
2235.1 4.190 4.150
2232.5 4.218 4.178
2229.7 4.228 4.188
2229.3 52.770 52.269
2229.1 57.119 56.576
Primal Integral: 0.0667824138
