12th DIMACS Implementation Challenge: Vehicle Routing
VRPTW track
Controller version: December 13, 2021
Competitor: HustSmart
Ubuntu 21.04
Intel(R) Xeon(R) CPU E5-2698 v3 @ 2.30GHz
hostid: 10916887366929678835
PassMark Single Thread Benchmark: 1981
Time factor: 0.99 (baseline 2000)
Instance: C204
Standardized Time limit: 1800 secs
Local Machine Time Limit: 1817 secs
Base solution: 646.910
BKS: 588.1
Optimal: 1
Tue 11 Jan 2022 12:31:54 AM CST
timestamp: 1641832314
Solution value, local machine time, standardized time
644.8 0.020 0.020
643.4 0.020 0.020
643.2 0.020 0.020
638.4 0.020 0.020
636.4 0.020 0.020
634.0 0.020 0.020
633.0 0.020 0.020
632.8 0.021 0.021
624.2 0.021 0.021
621.2 0.021 0.021
620.3 0.021 0.021
618.1 0.021 0.021
614.7 0.021 0.021
612.0 0.021 0.021
608.6 0.021 0.021
608.5 0.249 0.247
605.2 0.264 0.261
604.0 0.265 0.262
601.5 0.310 0.307
598.4 0.310 0.307
596.7 0.310 0.307
596.6 0.423 0.419
596.4 0.423 0.419
592.0 0.505 0.500
591.4 0.561 0.556
588.1 0.876 0.868
Primal Integral: 0.0009215931
