12th DIMACS Implementation Challenge: Vehicle Routing
VRPTW track
Controller version: December 13, 2021
Competitor: HustSmart
Ubuntu 21.04
Intel(R) Xeon(R) CPU E5-2698 v3 @ 2.30GHz
hostid: 10916887366929678835
PassMark Single Thread Benchmark: 1981
Time factor: 0.99 (baseline 2000)
Instance: R110
Standardized Time limit: 1800 secs
Local Machine Time Limit: 1817 secs
Base solution: 1174.800
BKS: 1068.0
Optimal: 1
Tue 11 Jan 2022 12:32:08 AM CST
timestamp: 1641832328
Solution value, local machine time, standardized time
1170.9 0.011 0.011
1162.5 0.011 0.011
1162.1 0.013 0.013
1159.9 0.013 0.013
1159.6 2.320 2.298
1157.4 2.320 2.298
1156.7 2.320 2.298
1153.0 2.320 2.298
1150.4 2.379 2.356
1149.8 2.382 2.359
1148.1 2.382 2.359
1146.3 2.382 2.359
1141.6 2.397 2.374
1141.5 2.397 2.374
1140.1 2.397 2.374
1139.0 2.398 2.375
1133.7 2.399 2.376
1132.2 2.400 2.377
1131.4 2.400 2.377
1131.1 2.400 2.377
1128.6 2.400 2.377
1126.5 2.503 2.479
1126.3 2.581 2.556
1124.4 2.581 2.556
1115.5 2.581 2.556
1113.3 2.682 2.657
1110.5 2.685 2.659
1110.1 2.750 2.724
1105.1 2.788 2.762
1105.0 2.851 2.824
1104.7 2.871 2.844
1103.7 2.957 2.929
1102.0 3.115 3.085
1101.3 3.115 3.085
1100.7 3.134 3.104
1099.7 3.162 3.132
1097.6 3.163 3.133
1094.6 3.275 3.244
1093.1 3.336 3.304
1090.4 3.552 3.518
1085.8 4.080 4.041
1082.6 4.080 4.041
1080.6 4.081 4.042
1079.8 4.103 4.064
1076.7 4.442 4.400
1075.3 4.442 4.400
1072.6 4.442 4.400
1069.5 4.448 4.406
1068.0 9.351 9.262
Primal Integral: 0.0148094673
