12th DIMACS Implementation Challenge: Vehicle Routing
VRPTW track
Controller version: December 13, 2021
Competitor: HustSmart
Ubuntu 21.04
Intel(R) Xeon(R) CPU E5-2698 v3 @ 2.30GHz
hostid: 10916887366929678835
PassMark Single Thread Benchmark: 1981
Time factor: 0.99 (baseline 2000)
Instance: R209
Standardized Time limit: 1800 secs
Local Machine Time Limit: 1817 secs
Base solution: 940.280
BKS: 854.8
Optimal: 1
Tue 11 Jan 2022 12:32:20 AM CST
timestamp: 1641832340
Solution value, local machine time, standardized time
940.1 6.824 6.759
939.0 6.824 6.759
938.1 6.824 6.759
936.1 6.824 6.759
931.4 6.824 6.759
931.3 6.824 6.759
927.8 6.825 6.760
927.0 6.825 6.760
925.6 6.825 6.760
919.6 6.936 6.870
915.0 7.134 7.066
914.8 7.155 7.087
914.4 7.155 7.087
913.9 7.155 7.087
912.0 7.156 7.088
911.9 7.156 7.088
908.5 7.156 7.088
903.6 7.156 7.088
902.7 7.157 7.089
899.8 7.174 7.106
899.6 7.398 7.328
899.0 7.433 7.362
898.9 7.433 7.362
898.1 7.436 7.365
897.2 7.446 7.375
896.4 7.488 7.417
894.3 7.489 7.418
893.5 7.496 7.425
893.1 7.518 7.447
892.8 7.525 7.454
892.3 7.707 7.634
889.6 7.767 7.693
888.6 8.196 8.118
878.3 8.300 8.221
877.8 8.303 8.224
877.7 8.303 8.224
870.2 8.306 8.227
867.6 8.306 8.227
867.5 8.306 8.227
866.1 8.307 8.228
865.8 8.314 8.235
856.8 8.315 8.236
856.1 11.959 11.845
856.0 11.960 11.846
854.8 56.988 56.447
Primal Integral: 0.0457621224
