12th DIMACS Implementation Challenge: Vehicle Routing
VRPTW track
Controller version: December 13, 2021
Competitor: HustSmart
Ubuntu 21.04
Intel(R) Xeon(R) CPU E5-2698 v3 @ 2.30GHz
hostid: 10916887366929678835
PassMark Single Thread Benchmark: 1981
Time factor: 0.99 (baseline 2000)
Instance: RC206
Standardized Time limit: 1800 secs
Local Machine Time Limit: 1817 secs
Base solution: 1156.210
BKS: 1051.1
Optimal: 1
Tue 11 Jan 2022 12:32:44 AM CST
timestamp: 1641832364
Solution value, local machine time, standardized time
1155.8 4.887 4.841
1152.3 4.949 4.902
1148.5 4.950 4.903
1146.2 4.951 4.904
1137.3 4.952 4.905
1136.2 5.002 4.954
1130.1 5.002 4.954
1128.5 5.091 5.043
1122.8 5.091 5.043
1121.8 5.091 5.043
1120.7 5.152 5.103
1115.5 5.158 5.109
1114.7 5.255 5.205
1112.9 5.255 5.205
1112.0 5.325 5.274
1110.8 5.343 5.292
1110.5 5.357 5.306
1110.2 5.377 5.326
1109.7 5.380 5.329
1106.3 5.389 5.338
1103.9 5.434 5.382
1103.8 6.646 6.583
1103.6 6.691 6.627
1097.8 6.790 6.725
1097.4 6.791 6.726
1092.9 6.792 6.727
1083.1 6.792 6.727
1076.1 6.797 6.732
1076.0 6.837 6.772
1071.6 6.837 6.772
1068.9 6.838 6.773
1063.5 6.838 6.773
1063.2 6.838 6.773
1061.7 8.812 8.728
1061.0 21.033 20.833
1059.2 24.837 24.601
1056.2 24.838 24.602
1053.5 24.838 24.602
1051.1 24.929 24.692
Primal Integral: 0.0428005745
