12th DIMACS Implementation Challenge: Vehicle Routing
VRPTW track
Controller version: December 13, 2021
Competitor: HustSmart
Ubuntu 21.04
Intel(R) Xeon(R) CPU E5-2698 v3 @ 2.30GHz
hostid: 10916887366929678835
PassMark Single Thread Benchmark: 1981
Time factor: 0.99 (baseline 2000)
Instance: RC2_6_6
Standardized Time limit: 3600 secs
Local Machine Time Limit: 3635 secs
Base solution: 11927.410
BKS: 10843.1
Optimal: 0
Thu 27 Jan 2022 12:45:31 AM CST
timestamp: 1643215531
Solution value, local machine time, standardized time
11910.3 54.138 53.624
11897.6 54.139 53.625
11887.6 54.139 53.625
11884.3 54.140 53.626
11880.5 54.140 53.626
11879.8 54.141 53.627
11873.5 54.142 53.628
11861.5 54.142 53.628
11861.3 54.143 53.629
11860.4 54.143 53.629
11859.4 54.144 53.630
11818.8 54.490 53.972
11804.6 55.424 54.897
11803.5 55.425 54.898
11802.3 55.425 54.898
11798.7 55.426 54.899
11796.6 55.427 54.900
11796.4 55.427 54.900
11783.5 55.452 54.925
11779.7 55.452 54.925
11769.7 55.892 55.361
11703.9 55.893 55.362
11698.5 55.893 55.362
11697.3 55.894 55.363
11697.1 55.894 55.363
11682.7 55.895 55.364
11682.5 55.896 55.365
11677.4 56.564 56.027
11676.2 56.566 56.029
11675.7 56.567 56.030
11673.8 56.567 56.030
11673.2 56.568 56.031
11670.2 56.568 56.031
11669.6 56.569 56.032
11669.0 56.569 56.032
11668.4 56.570 56.033
11666.6 56.570 56.033
11655.3 56.573 56.036
11654.3 56.573 56.036
11653.4 56.574 56.037
11650.5 58.305 57.751
11647.6 58.305 57.751
11643.0 60.218 59.646
11636.9 60.219 59.647
11633.9 60.219 59.647
11625.1 60.220 59.648
11623.0 60.220 59.648
11611.3 60.221 59.649
11605.1 63.010 62.411
11604.8 63.011 62.412
11603.5 63.011 62.412
11603.1 63.012 62.413
11595.9 63.012 62.413
11595.6 63.013 62.414
11593.8 63.014 62.415
11562.3 63.017 62.418
11551.8 63.019 62.420
11548.4 63.020 62.421
11535.7 64.654 64.040
11533.0 64.655 64.041
11510.4 64.829 64.213
11505.7 65.262 64.642
11498.9 65.262 64.642
11496.8 65.887 65.261
11495.5 65.888 65.262
11473.8 65.891 65.265
11472.6 65.891 65.265
11471.8 65.892 65.266
11471.3 65.893 65.267
11469.3 65.893 65.267
11469.2 65.894 65.268
11468.5 65.894 65.268
11466.3 65.895 65.269
11466.1 65.895 65.269
11462.3 65.896 65.270
11461.5 65.896 65.270
11460.6 65.897 65.271
11459.5 65.898 65.272
11459.3 65.898 65.272
11457.4 65.899 65.273
11443.3 65.899 65.273
11442.5 65.900 65.274
11441.4 65.900 65.274
11440.4 66.815 66.180
11436.1 66.816 66.181
11434.9 68.695 68.042
11420.8 68.745 68.092
11407.9 68.751 68.098
11405.6 69.816 69.153
11401.1 69.817 69.154
11398.3 69.820 69.157
11384.9 69.820 69.157
11382.3 69.821 69.158
11337.6 70.325 69.657
11314.1 72.027 71.343
11307.8 72.028 71.344
11305.0 72.058 71.373
11303.2 72.060 71.375
11279.7 72.361 71.674
11276.2 72.921 72.228
11275.1 72.922 72.229
11274.4 72.922 72.229
11274.3 72.923 72.230
11274.2 72.924 72.231
11270.9 72.924 72.231
11266.8 72.925 72.232
11266.6 72.925 72.232
11266.5 72.926 72.233
11261.5 73.998 73.295
11256.4 74.004 73.301
11250.4 74.005 73.302
11241.0 74.420 73.713
11235.2 74.919 74.207
11224.7 75.284 74.569
11215.4 75.294 74.579
11215.2 75.425 74.708
11215.0 75.426 74.709
11210.2 75.426 74.709
11207.8 75.427 74.710
11201.4 75.427 74.710
11199.3 75.428 74.711
11197.1 75.428 74.711
11191.4 75.429 74.712
11190.9 75.431 74.714
11178.1 75.434 74.717
11177.2 76.308 75.583
11176.5 76.673 75.945
11175.1 76.675 75.947
11174.5 77.090 76.358
11174.4 77.091 76.359
11174.1 77.091 76.359
11173.8 77.091 76.359
11173.6 77.092 76.360
11172.5 77.095 76.363
11161.5 77.096 76.364
11161.4 78.276 77.532
11160.1 78.283 77.539
11159.3 78.286 77.542
11158.9 78.644 77.897
11158.6 78.660 77.913
11148.8 78.663 77.916
11148.7 80.013 79.253
11137.8 83.406 82.614
11136.7 83.406 82.614
11128.7 84.812 84.006
11124.2 84.813 84.007
11122.0 84.816 84.010
11121.8 85.728 84.914
11120.2 85.728 84.914
11118.3 85.729 84.915
11116.4 85.730 84.916
11115.3 85.730 84.916
11115.0 85.825 85.010
11113.8 85.825 85.010
11113.3 85.826 85.011
11107.4 85.827 85.012
11107.0 85.827 85.012
11090.1 85.877 85.061
11079.1 85.878 85.062
11078.8 85.879 85.063
11078.4 85.879 85.063
11072.9 85.880 85.064
11071.2 85.880 85.064
11070.8 85.881 85.065
11069.3 87.055 86.228
11067.1 87.635 86.802
11065.2 87.636 86.803
11064.8 87.637 86.804
11036.3 87.644 86.811
11033.8 87.644 86.811
11031.3 87.645 86.812
11030.6 88.952 88.107
11025.6 90.314 89.456
11005.4 90.318 89.460
11005.0 92.911 92.028
11000.9 92.917 92.034
10995.9 93.017 92.133
10995.1 93.018 92.134
10994.6 93.407 92.520
10993.0 93.407 92.520
10991.2 93.410 92.523
10990.8 93.746 92.855
10989.5 93.754 92.863
10988.7 93.754 92.863
10983.7 94.048 93.155
10981.7 94.594 93.695
10981.0 94.972 94.070
10979.2 94.977 94.075
10978.7 95.598 94.690
10977.3 96.126 95.213
10976.0 96.500 95.583
10974.3 96.798 95.878
10972.6 97.302 96.378
10970.7 97.690 96.762
10970.3 97.691 96.763
10969.9 98.121 97.189
10969.7 98.349 97.415
10969.6 98.399 97.464
10969.4 98.526 97.590
10969.2 98.616 97.679
10969.0 98.620 97.683
10967.6 98.621 97.684
10965.4 98.685 97.747
10943.6 98.696 97.758
10940.3 100.561 99.606
10938.1 101.440 100.476
10938.0 103.146 102.166
10937.8 103.163 102.183
10936.9 103.313 102.332
10933.7 103.314 102.333
10933.6 104.399 103.407
10933.5 104.400 103.408
10931.8 104.452 103.460
10931.5 105.993 104.986
10930.9 106.309 105.299
10930.8 106.310 105.300
10930.5 106.396 105.385
10929.6 106.674 105.661
10929.4 106.994 105.978
10926.9 106.998 105.982
10926.2 107.257 106.238
10925.6 107.649 106.626
10923.2 108.706 107.673
10923.0 109.070 108.034
10921.2 109.632 108.590
10917.3 110.031 108.986
10916.7 110.031 108.986
10916.1 110.032 108.987
10915.6 110.032 108.987
10914.6 110.033 108.988
10914.5 110.929 109.875
10912.1 112.807 111.735
10912.0 112.966 111.893
10891.4 118.713 117.585
10890.7 120.552 119.407
10889.7 182.554 180.820
10881.8 185.772 184.007
10881.1 186.495 184.723
10879.8 251.252 248.865
10879.6 252.298 249.901
10879.5 252.452 250.054
10879.4 254.570 252.152
10871.5 260.065 257.594
10869.0 339.424 336.199
10868.0 2071.771 2052.089
10865.7 2071.772 2052.090
10860.9 2071.773 2052.091
10859.1 2095.019 2075.116
10858.6 2271.454 2249.875
10858.0 2271.740 2250.158
10857.8 2303.237 2281.356
Primal Integral: 0.3964808825
