12th DIMACS Implementation Challenge: Vehicle Routing
VRPTW track
Controller version: December 13, 2021
Competitor: HustSmart
Ubuntu 21.04
Intel(R) Xeon(R) CPU E5-2698 v3 @ 2.30GHz
hostid: 10916887366929678835
PassMark Single Thread Benchmark: 1981
Time factor: 0.99 (baseline 2000)
Instance: C106
Standardized Time limit: 1800 secs
Local Machine Time Limit: 1817 secs
Base solution: 910.030
BKS: 827.3
Optimal: 1
Thu 27 Jan 2022 03:50:53 AM CST
timestamp: 1643226653
Solution value, local machine time, standardized time
904.6 0.008 0.008
902.0 0.008 0.008
901.0 0.008 0.008
899.9 0.008 0.008
896.2 0.009 0.009
890.9 0.009 0.009
890.8 0.009 0.009
885.8 0.010 0.010
885.7 0.010 0.010
859.9 0.011 0.011
859.2 0.011 0.011
858.7 0.011 0.011
857.0 0.011 0.011
854.2 0.012 0.012
850.1 0.012 0.012
849.4 0.013 0.013
847.5 0.014 0.014
Primal Integral: 2.4417212713
