12th DIMACS Implementation Challenge: Vehicle Routing
VRPTW track
Controller version: December 13, 2021
Competitor: HustSmart
Ubuntu 21.04
Intel(R) Xeon(R) CPU E5-2698 v3 @ 2.30GHz
hostid: 10916887366929678835
PassMark Single Thread Benchmark: 1981
Time factor: 0.99 (baseline 2000)
Instance: RC2_6_1
Standardized Time limit: 3600 secs
Local Machine Time Limit: 3635 secs
Base solution: 13177.230
BKS: 11979.3
Optimal: 0
Thu 27 Jan 2022 12:46:02 AM CST
timestamp: 1643215562
Solution value, local machine time, standardized time
13169.5 17.652 17.484
13168.4 17.654 17.486
13148.9 17.665 17.497
13137.0 17.665 17.497
13128.2 17.669 17.501
13128.0 17.671 17.503
13119.1 17.674 17.506
13086.7 17.681 17.513
13084.2 17.694 17.526
13079.8 17.699 17.531
13079.6 17.700 17.532
13068.9 17.704 17.536
13068.5 17.706 17.538
13068.2 17.707 17.539
13067.9 17.708 17.540
13067.8 17.708 17.540
13066.0 17.717 17.549
13065.6 17.717 17.549
13064.1 17.718 17.550
13033.1 17.730 17.562
13031.5 17.731 17.563
13029.1 17.731 17.563
13028.5 17.732 17.564
13027.3 17.733 17.565
13026.5 17.736 17.568
13024.9 17.747 17.578
13003.9 17.774 17.605
13003.1 17.800 17.631
13001.4 17.830 17.661
12980.6 51.249 50.762
12979.6 51.249 50.762
12977.8 51.458 50.969
12975.5 51.458 50.969
12975.3 51.459 50.970
12970.8 51.460 50.971
12969.1 52.594 52.094
12947.7 52.604 52.104
12899.1 52.604 52.104
12898.7 52.609 52.109
12875.5 52.609 52.109
12834.9 52.610 52.110
12833.4 52.610 52.110
12800.8 52.755 52.254
12792.7 52.987 52.484
12792.4 52.988 52.485
12786.7 52.993 52.490
12781.8 53.022 52.518
12781.6 53.023 52.519
12780.5 53.025 52.521
12772.5 53.153 52.648
12770.0 53.161 52.656
12761.7 53.291 52.785
12750.2 54.543 54.025
12749.3 54.545 54.027
12746.2 54.836 54.315
12745.8 54.836 54.315
12744.5 54.837 54.316
12744.3 54.837 54.316
12742.9 54.838 54.317
12742.7 54.838 54.317
12667.3 54.840 54.319
12570.6 55.466 54.939
12568.5 55.466 54.939
12557.7 55.507 54.980
12554.0 56.708 56.169
12552.9 56.709 56.170
12552.1 56.710 56.171
12551.6 56.710 56.171
12550.0 56.714 56.175
12548.9 56.715 56.176
12548.3 56.715 56.176
12548.1 56.716 56.177
12548.0 57.255 56.711
12520.1 57.259 56.715
12487.5 57.877 57.327
12477.6 58.241 57.688
12458.4 58.252 57.699
12453.2 58.253 57.700
12452.3 58.254 57.701
12443.2 58.254 57.701
12432.5 58.255 57.702
12406.5 58.256 57.703
12406.4 58.257 57.704
12401.9 58.258 57.705
12401.6 58.258 57.705
12401.5 59.568 59.002
12376.9 59.579 59.013
12372.7 59.587 59.021
12371.6 59.588 59.022
12362.2 59.591 59.025
12360.7 59.838 59.270
12347.2 59.842 59.274
12345.7 60.518 59.943
12329.3 60.521 59.946
12328.3 61.535 60.950
12321.4 61.553 60.968
12321.3 62.218 61.627
12319.3 63.130 62.530
12319.2 63.131 62.531
12318.9 63.132 62.532
12318.1 63.137 62.537
12317.3 63.138 62.538
12317.1 63.140 62.540
12316.9 63.145 62.545
12304.3 63.150 62.550
12295.2 63.696 63.091
12293.1 64.613 63.999
12274.1 64.617 64.003
12273.4 64.618 64.004
12271.4 64.619 64.005
12253.3 64.620 64.006
12251.5 64.621 64.007
12248.2 64.624 64.010
12246.1 64.624 64.010
12245.0 64.625 64.011
12244.8 64.627 64.013
12235.2 66.294 65.664
12234.6 66.295 65.665
12233.5 66.295 65.665
12232.2 66.296 65.666
12230.7 66.296 65.666
12229.8 66.297 65.667
12228.4 66.298 65.668
12224.5 66.503 65.871
12222.6 66.510 65.878
12222.2 66.511 65.879
12204.3 67.637 66.994
12200.3 67.638 66.995
12199.5 67.639 66.996
12199.1 67.640 66.997
12198.6 67.640 66.997
12194.5 67.641 66.998
12194.4 67.642 66.999
12171.0 68.270 67.621
12169.4 68.271 67.622
12167.7 68.934 68.279
12165.4 68.935 68.280
12164.6 68.936 68.281
12164.2 68.936 68.281
12163.0 68.937 68.282
12162.6 68.938 68.283
12161.1 71.948 71.264
12159.9 72.541 71.852
12158.8 72.606 71.916
12156.0 72.609 71.919
12145.6 73.159 72.464
12144.1 73.160 72.465
12143.2 73.344 72.647
12142.7 73.346 72.649
12137.2 73.348 72.651
12135.9 73.349 72.652
12135.4 73.350 72.653
12135.0 73.351 72.654
12134.2 73.351 72.654
12133.8 73.357 72.660
12132.6 73.357 72.660
12131.6 73.358 72.661
12128.4 73.360 72.663
12125.8 73.992 73.289
12115.9 74.203 73.498
12111.7 74.717 74.007
12111.4 74.717 74.007
12099.0 75.576 74.858
12093.4 76.184 75.460
12090.2 76.192 75.468
12089.6 76.219 75.495
12089.5 76.508 75.781
12088.4 76.515 75.788
12087.3 76.519 75.792
12087.1 76.559 75.832
12086.1 76.568 75.841
12084.6 76.986 76.255
12083.5 76.987 76.256
12082.5 76.988 76.257
12079.0 77.538 76.801
12074.6 78.430 77.685
12072.5 78.568 77.822
12072.1 78.571 77.825
12071.9 78.654 77.907
12071.6 78.906 78.156
12070.9 78.921 78.171
12070.8 79.389 78.635
12062.8 79.422 78.667
12060.1 80.227 79.465
12057.8 81.313 80.541
12055.3 81.446 80.672
12054.4 82.083 81.303
12054.0 82.088 81.308
12051.4 82.159 81.378
12051.1 82.295 81.513
12050.8 82.296 81.514
12050.4 82.297 81.515
12048.9 82.299 81.517
12047.7 82.781 81.995
12047.4 82.810 82.023
12045.5 82.817 82.030
12042.8 82.820 82.033
12041.6 82.948 82.160
12040.9 82.955 82.167
12039.4 82.957 82.169
12037.5 84.087 83.288
12031.4 84.093 83.294
12029.2 84.806 84.000
12026.2 85.251 84.441
12024.8 85.563 84.750
12023.6 86.193 85.374
12023.2 86.194 85.375
12017.8 86.195 85.376
12017.5 87.447 86.616
12017.4 88.170 87.332
12016.8 88.759 87.916
12016.4 89.126 88.279
12015.9 89.540 88.689
12015.4 89.775 88.922
12013.3 96.065 95.152
12012.0 96.939 96.018
12011.9 97.125 96.202
12009.9 97.444 96.518
12009.8 98.124 97.192
12009.7 99.967 99.017
12009.3 153.976 152.513
12008.1 154.192 152.727
12007.7 154.285 152.819
12004.1 160.824 159.296
12003.8 1467.178 1453.240
12003.6 1741.764 1725.217
12002.7 1742.136 1725.586
12001.7 1742.138 1725.588
12000.8 1742.525 1725.971
12000.7 1742.760 1726.204
12000.4 1746.225 1729.636
11999.7 1937.073 1918.671
11998.6 1937.089 1918.687
11996.6 1937.106 1918.703
11993.1 1937.449 1919.043
11990.4 2005.273 1986.223
11989.0 2005.459 1986.407
11988.3 2005.465 1986.413
11986.9 2006.075 1987.017
11986.3 2006.475 1987.413
11985.7 2006.623 1987.560
11985.3 2006.865 1987.800
Primal Integral: 0.2805937973
