12th DIMACS Implementation Challenge: Vehicle Routing
VRPTW track
Controller version: December 13, 2021
Competitor: HustSmart
Ubuntu 21.04
Intel(R) Xeon(R) CPU E5-2698 v3 @ 2.30GHz
hostid: 10916887366929678835
PassMark Single Thread Benchmark: 1981
Time factor: 0.99 (baseline 2000)
Instance: R201
Standardized Time limit: 1800 secs
Local Machine Time Limit: 1817 secs
Base solution: 1257.520
BKS: 1143.2
Optimal: 1
Thu 27 Jan 2022 03:50:27 AM CST
timestamp: 1643226627
Solution value, local machine time, standardized time
1256.9 0.020 0.020
1248.0 0.020 0.020
1242.6 0.077 0.076
1242.5 0.077 0.076
1242.0 0.077 0.076
1238.1 0.078 0.077
1236.1 0.092 0.091
1231.9 0.092 0.091
1228.0 0.093 0.092
1227.9 0.093 0.092
1227.7 0.093 0.092
1226.5 0.093 0.092
1225.4 0.252 0.250
1222.9 0.252 0.250
1219.9 0.254 0.252
1211.9 0.257 0.255
1211.2 0.393 0.389
1208.2 0.397 0.393
1206.2 1.351 1.338
1202.8 1.351 1.338
1201.2 1.720 1.704
1198.7 1.956 1.937
1198.4 1.959 1.940
1187.4 1.960 1.941
1186.7 1.960 1.941
1184.2 1.960 1.941
1183.5 2.366 2.344
1181.9 2.373 2.350
1179.2 2.541 2.517
1178.5 2.542 2.518
1171.3 2.903 2.875
1168.3 2.913 2.885
1166.5 2.983 2.955
1162.5 3.315 3.284
1149.1 3.622 3.588
1145.9 4.055 4.016
1143.5 4.061 4.022
1143.2 5.110 5.061
Primal Integral: 0.0089400173
