12th DIMACS Implementation Challenge: Vehicle Routing
VRPTW track
Controller version: December 13, 2021
Competitor: HustSmart
Ubuntu 21.04
Intel(R) Xeon(R) CPU E5-2698 v3 @ 2.30GHz
hostid: 10916887366929678835
PassMark Single Thread Benchmark: 1981
Time factor: 0.99 (baseline 2000)
Instance: RC103
Standardized Time limit: 1800 secs
Local Machine Time Limit: 1817 secs
Base solution: 1383.800
BKS: 1258.0
Optimal: 1
Thu 27 Jan 2022 03:50:13 AM CST
timestamp: 1643226613
Solution value, local machine time, standardized time
1383.5 0.102 0.101
1374.5 0.102 0.101
1372.0 0.102 0.101
1371.4 0.103 0.102
1371.3 0.103 0.102
1371.2 0.103 0.102
1369.4 0.103 0.102
1368.9 0.103 0.102
1367.0 0.103 0.102
1366.9 0.104 0.103
1365.7 0.348 0.345
Primal Integral: 8.5613021595
