12th DIMACS Implementation Challenge: Vehicle Routing
VRPTW track
Controller version: December 13, 2021
Competitor: HustSmart
Ubuntu 21.04
Intel(R) Xeon(R) CPU E5-2698 v3 @ 2.30GHz
hostid: 10916887366929678835
PassMark Single Thread Benchmark: 1981
Time factor: 0.99 (baseline 2000)
Instance: C2_8_8
Standardized Time limit: 3600 secs
Local Machine Time Limit: 3635 secs
Base solution: 12247.290
BKS: 11133.9
Optimal: 0
Thu 27 Jan 2022 12:42:21 AM CST
timestamp: 1643215341
Solution value, local machine time, standardized time
12245.6 48.554 48.093
12244.5 48.571 48.110
12243.1 48.572 48.111
12238.6 48.576 48.115
12234.5 48.582 48.120
12233.8 48.585 48.123
12232.5 48.588 48.126
12227.4 48.606 48.144
12220.1 48.608 48.146
12220.0 48.630 48.168
12219.2 48.637 48.175
12126.1 48.640 48.178
12124.8 48.641 48.179
12121.3 48.645 48.183
12118.9 48.647 48.185
12114.4 48.649 48.187
12113.8 48.651 48.189
12113.1 48.656 48.194
12112.6 48.657 48.195
12103.0 48.658 48.196
12098.8 48.660 48.198
12096.7 48.662 48.200
12092.7 48.664 48.202
12091.4 48.667 48.205
12090.9 48.667 48.205
12090.7 48.669 48.207
12089.7 48.670 48.208
12087.0 48.671 48.209
12085.3 48.672 48.210
12078.5 48.674 48.212
12077.9 48.686 48.223
12075.7 48.687 48.224
12073.8 48.688 48.225
12068.8 48.694 48.231
12068.1 48.743 48.280
12064.6 48.752 48.289
12062.1 48.753 48.290
Primal Integral: 8.3589630450
