12th DIMACS Implementation Challenge: Vehicle Routing
VRPTW track
Controller version: December 13, 2021
Competitor: HustSmart
Ubuntu 21.04
Intel(R) Xeon(R) CPU E5-2698 v3 @ 2.30GHz
hostid: 10916887366929678835
PassMark Single Thread Benchmark: 1981
Time factor: 0.99 (baseline 2000)
Instance: R207
Standardized Time limit: 1800 secs
Local Machine Time Limit: 1817 secs
Base solution: 873.400
BKS: 794.0
Optimal: 1
Thu 27 Jan 2022 03:50:20 AM CST
timestamp: 1643226620
Solution value, local machine time, standardized time
871.4 0.021 0.021
869.0 0.021 0.021
868.7 0.021 0.021
868.0 0.021 0.021
865.8 0.022 0.022
864.9 0.023 0.023
863.6 0.069 0.068
859.7 0.070 0.069
857.7 0.116 0.115
857.1 0.118 0.117
856.7 0.118 0.117
855.9 0.118 0.117
854.3 0.118 0.117
853.6 0.119 0.118
853.5 0.119 0.118
853.4 0.716 0.709
850.0 0.716 0.709
849.6 0.716 0.709
849.3 0.717 0.710
847.3 0.717 0.710
844.4 0.717 0.710
844.3 0.717 0.710
843.1 0.717 0.710
842.5 0.717 0.710
841.8 0.718 0.711
839.5 1.392 1.379
839.0 1.427 1.413
837.9 1.437 1.423
834.8 1.520 1.506
833.9 1.520 1.506
830.9 1.520 1.506
830.1 1.520 1.506
829.4 1.520 1.506
823.8 1.521 1.507
823.3 1.521 1.507
818.4 1.521 1.507
818.1 1.521 1.507
817.9 1.531 1.516
817.1 1.531 1.516
816.6 1.531 1.516
815.4 1.555 1.540
811.8 1.778 1.761
810.9 2.706 2.680
810.5 2.710 2.684
808.7 2.711 2.685
801.9 3.278 3.247
801.8 3.278 3.247
801.6 3.279 3.248
799.9 3.982 3.944
799.1 4.609 4.565
797.1 5.053 5.005
796.4 6.187 6.128
794.0 6.188 6.129
Primal Integral: 0.0088188987
