12th DIMACS Implementation Challenge: Vehicle Routing
VRPTW track
Controller version: December 13, 2021
Competitor: HustSmart
Ubuntu 21.04
Intel(R) Xeon(R) CPU E5-2698 v3 @ 2.30GHz
hostid: 10916887366929678835
PassMark Single Thread Benchmark: 1981
Time factor: 0.99 (baseline 2000)
Instance: C1_2_1
Standardized Time limit: 1800 secs
Local Machine Time Limit: 1817 secs
Base solution: 2968.460
BKS: 2698.6
Optimal: 1
Thu 27 Jan 2022 03:49:57 AM CST
timestamp: 1643226597
Solution value, local machine time, standardized time
2965.4 0.061 0.060
2940.5 0.062 0.061
2936.1 0.062 0.061
2923.8 0.062 0.061
2901.0 0.063 0.062
2887.8 0.063 0.062
2873.2 0.063 0.062
2871.6 0.064 0.063
2867.0 0.064 0.063
2859.4 0.064 0.063
2848.8 0.064 0.063
2846.4 0.065 0.064
2825.7 0.065 0.064
2816.0 0.065 0.064
2812.0 0.066 0.065
2810.0 0.066 0.065
2809.6 0.066 0.065
2805.5 0.066 0.065
2800.2 0.067 0.066
2799.9 0.068 0.067
2796.4 0.068 0.067
Primal Integral: 3.6243233467
