12th DIMACS Implementation Challenge: Vehicle Routing
VRPTW track
Controller version: December 13, 2021
Competitor: HustSmart
Ubuntu 21.04
Intel(R) Xeon(R) CPU E5-2698 v3 @ 2.30GHz
hostid: 10916887366929678835
PassMark Single Thread Benchmark: 1981
Time factor: 0.99 (baseline 2000)
Instance: R211
Standardized Time limit: 1800 secs
Local Machine Time Limit: 1817 secs
Base solution: 821.370
BKS: 746.7
Optimal: 1
Thu 27 Jan 2022 03:50:16 AM CST
timestamp: 1643226616
Solution value, local machine time, standardized time
819.8 0.012 0.012
818.1 0.012 0.012
814.0 0.077 0.076
813.2 0.078 0.077
809.7 0.078 0.077
809.5 0.078 0.077
807.8 0.078 0.077
807.1 0.078 0.077
805.5 0.078 0.077
804.7 0.078 0.077
802.0 0.078 0.077
800.2 0.114 0.113
799.8 0.151 0.150
795.5 0.152 0.151
794.9 0.152 0.151
794.1 0.152 0.151
792.9 0.152 0.151
788.7 0.152 0.151
786.6 0.152 0.151
784.9 1.302 1.290
784.0 1.327 1.314
783.5 1.524 1.510
782.8 1.525 1.511
782.3 1.525 1.511
781.7 1.525 1.511
781.0 1.533 1.518
780.7 1.533 1.518
778.6 1.533 1.518
776.6 2.104 2.084
775.6 2.612 2.587
774.5 2.612 2.587
773.7 2.746 2.720
773.6 2.756 2.730
772.1 2.756 2.730
751.7 2.757 2.731
751.6 9.945 9.851
750.7 15.522 15.375
750.6 18.733 18.555
749.8 18.733 18.555
749.5 44.193 43.773
746.7 46.667 46.224
Primal Integral: 0.0194207059
