12th DIMACS Implementation Challenge: Vehicle Routing
VRPTW track
Controller version: December 13, 2021
Competitor: HustSmart
Ubuntu 21.04
Intel(R) Xeon(R) CPU E5-2698 v3 @ 2.30GHz
hostid: 10916887366929678835
PassMark Single Thread Benchmark: 1981
Time factor: 0.99 (baseline 2000)
Instance: RC1_2_3
Standardized Time limit: 1800 secs
Local Machine Time Limit: 1817 secs
Base solution: 3301.540
BKS: 3001.4
Optimal: 1
Thu 27 Jan 2022 03:44:42 AM CST
timestamp: 1643226282
Solution value, local machine time, standardized time
3294.9 0.705 0.698
3292.6 0.706 0.699
3292.5 0.707 0.700
3289.7 0.708 0.701
3289.6 0.711 0.704
3289.3 0.712 0.705
3288.7 0.713 0.706
3286.5 0.716 0.709
Primal Integral: 9.4990956169
