12th DIMACS Implementation Challenge: Vehicle Routing
VRPTW track
Controller version: December 13, 2021
Competitor: HustSmart
Ubuntu 21.04
Intel(R) Xeon(R) CPU E5-2698 v3 @ 2.30GHz
hostid: 10916887366929678835
PassMark Single Thread Benchmark: 1981
Time factor: 0.99 (baseline 2000)
Instance: RC1_2_1
Standardized Time limit: 1800 secs
Local Machine Time Limit: 1817 secs
Base solution: 3868.590
BKS: 3516.9
Optimal: 1
Thu 27 Jan 2022 03:44:45 AM CST
timestamp: 1643226285
Solution value, local machine time, standardized time
3857.4 0.700 0.693
3826.4 0.705 0.698
3825.5 0.707 0.700
3824.3 0.708 0.701
3823.3 0.709 0.702
3823.1 0.710 0.703
3822.3 0.710 0.703
3821.1 0.711 0.704
3820.6 0.712 0.705
3815.0 0.717 0.710
3814.5 0.720 0.713
3813.4 2.005 1.986
3809.4 2.008 1.989
3804.7 2.009 1.990
3802.5 2.012 1.993
3800.2 2.014 1.995
3799.0 2.016 1.997
3796.7 2.021 2.002
3796.1 2.022 2.003
3795.9 2.022 2.003
3795.7 2.022 2.003
3794.2 2.024 2.005
3794.1 2.024 2.005
3793.5 2.026 2.007
3791.5 2.242 2.221
3790.3 2.242 2.221
3787.5 2.242 2.221
Primal Integral: 7.6957454256
