12th DIMACS Implementation Challenge: Vehicle Routing
VRPTW track
Controller version: December 13, 2021
Competitor: HustSmart
Ubuntu 21.04
Intel(R) Xeon(R) CPU E5-2698 v3 @ 2.30GHz
hostid: 10916887366929678835
PassMark Single Thread Benchmark: 1981
Time factor: 0.99 (baseline 2000)
Instance: RC208
Standardized Time limit: 1800 secs
Local Machine Time Limit: 1817 secs
Base solution: 853.710
BKS: 776.1
Optimal: 1
Thu 27 Jan 2022 03:49:59 AM CST
timestamp: 1643226599
Solution value, local machine time, standardized time
853.3 0.021 0.021
848.3 0.021 0.021
848.0 0.021 0.021
847.5 0.021 0.021
846.3 0.021 0.021
844.6 0.022 0.022
841.2 0.022 0.022
840.1 0.022 0.022
839.3 0.023 0.023
838.8 0.023 0.023
836.9 0.023 0.023
836.5 0.023 0.023
834.8 0.023 0.023
834.1 0.023 0.023
833.9 0.023 0.023
833.4 0.025 0.025
831.5 0.026 0.026
824.1 0.026 0.026
823.7 0.427 0.423
821.9 0.428 0.424
819.2 0.596 0.590
818.1 0.596 0.590
817.3 0.596 0.590
814.4 0.806 0.798
811.1 0.806 0.798
807.7 0.806 0.798
807.5 0.806 0.798
805.9 0.806 0.798
800.0 1.245 1.233
799.4 1.245 1.233
797.6 1.245 1.233
797.4 1.245 1.233
796.2 1.246 1.234
791.3 1.482 1.468
790.6 1.482 1.468
789.1 1.482 1.468
788.2 2.499 2.475
786.3 2.499 2.475
783.7 4.143 4.104
783.1 4.231 4.191
783.0 4.397 4.355
778.4 4.600 4.556
777.3 4.626 4.582
776.5 6.822 6.757
776.1 16.124 15.971
Primal Integral: 0.0067401760
