12th DIMACS Implementation Challenge: Vehicle Routing
VRPTW track
Controller version: December 13, 2021
Competitor: HustSmart
Ubuntu 21.04
Intel(R) Xeon(R) CPU E5-2698 v3 @ 2.30GHz
hostid: 10916887366929678835
PassMark Single Thread Benchmark: 1981
Time factor: 0.99 (baseline 2000)
Instance: R1_4_6
Standardized Time limit: 3600 secs
Local Machine Time Limit: 3635 secs
Base solution: 9174.440
BKS: 8340.4
Optimal: 1
Thu 27 Jan 2022 02:49:09 AM CST
timestamp: 1643222949
Solution value, local machine time, standardized time
9164.0 2.026 2.007
9150.1 2.032 2.013
9148.4 2.038 2.019
9147.8 2.038 2.019
9146.7 2.040 2.021
9146.2 2.040 2.021
9141.1 2.047 2.028
9139.9 2.053 2.033
9138.9 2.053 2.033
Primal Integral: 9.5741199013
