12th DIMACS Implementation Challenge: Vehicle Routing
VRPTW track
Controller version: December 13, 2021
Competitor: HustSmart
Ubuntu 21.04
Intel(R) Xeon(R) CPU E5-2698 v3 @ 2.30GHz
hostid: 10916887366929678835
PassMark Single Thread Benchmark: 1981
Time factor: 0.99 (baseline 2000)
Instance: C2_4_9
Standardized Time limit: 3600 secs
Local Machine Time Limit: 3635 secs
Base solution: 4226.310
BKS: 3842.1
Optimal: 0
Thu 27 Jan 2022 02:49:58 AM CST
timestamp: 1643222998
Solution value, local machine time, standardized time
4226.0 0.339 0.336
4225.9 0.340 0.337
4216.5 0.348 0.345
4213.8 0.362 0.359
4212.6 0.365 0.362
4208.5 11.711 11.600
4203.2 11.712 11.601
4198.9 11.712 11.601
4198.7 11.713 11.602
4198.4 11.713 11.602
4193.7 11.714 11.603
4193.0 11.715 11.604
4186.8 11.715 11.604
4186.6 11.722 11.611
4186.2 11.733 11.622
4185.8 11.734 11.623
4184.8 11.735 11.624
4184.3 11.738 11.626
4182.7 11.739 11.627
4181.5 11.741 11.629
4177.7 11.741 11.629
4173.8 11.742 11.630
4173.5 11.744 11.632
4172.8 11.746 11.634
4172.2 11.748 11.636
Primal Integral: 8.5950817859
