12th DIMACS Implementation Challenge: Vehicle Routing
VRPTW track
Controller version: December 13, 2021
Competitor: HustSmart
Ubuntu 21.04
Intel(R) Xeon(R) CPU E5-2698 v3 @ 2.30GHz
hostid: 10916887366929678835
PassMark Single Thread Benchmark: 1981
Time factor: 0.99 (baseline 2000)
Instance: C1_2_9
Standardized Time limit: 1800 secs
Local Machine Time Limit: 1817 secs
Base solution: 2903.560
BKS: 2639.6
Optimal: 1
Thu 27 Jan 2022 03:49:48 AM CST
timestamp: 1643226588
Solution value, local machine time, standardized time
2896.5 0.092 0.091
2892.9 0.092 0.091
2892.8 0.093 0.092
2892.4 0.093 0.092
2889.7 0.093 0.092
2888.8 0.093 0.092
2886.5 0.093 0.092
2880.1 0.095 0.094
2879.6 0.095 0.094
2879.3 0.096 0.095
2878.6 0.141 0.140
2878.5 0.141 0.140
2877.4 0.142 0.141
2877.2 0.142 0.141
2875.4 0.143 0.142
2874.0 0.143 0.142
2871.9 0.145 0.144
2856.3 0.147 0.146
2854.1 0.149 0.148
2848.6 0.151 0.150
2848.1 0.151 0.150
2847.0 0.151 0.150
2846.8 0.154 0.153
2846.0 0.154 0.153
2802.0 0.155 0.154
2799.1 0.306 0.303
2797.1 0.308 0.305
2758.6 0.310 0.307
2757.9 0.311 0.308
2754.1 0.311 0.308
2752.3 0.311 0.308
2750.7 0.311 0.308
2749.9 0.311 0.308
2749.6 0.312 0.309
Primal Integral: 4.1679287636
