12th DIMACS Implementation Challenge: Vehicle Routing
VRPTW track
Controller version: December 13, 2021
Competitor: HustSmart
Ubuntu 21.04
Intel(R) Xeon(R) CPU E5-2698 v3 @ 2.30GHz
hostid: 10916887366929678835
PassMark Single Thread Benchmark: 1981
Time factor: 0.99 (baseline 2000)
Instance: RC104
Standardized Time limit: 1800 secs
Local Machine Time Limit: 1817 secs
Base solution: 1245.530
BKS: 1132.3
Optimal: 1
Mon 07 Feb 2022 09:02:43 PM CST
timestamp: 1644238963
Solution value, local machine time, standardized time
1239.3 0.022 0.022
1239.2 0.023 0.023
1237.6 0.024 0.024
1225.9 0.025 0.025
1223.0 0.027 0.027
1212.0 0.028 0.028
1192.3 0.030 0.030
1189.3 0.031 0.031
1186.9 0.032 0.032
1184.5 0.042 0.042
1181.2 0.044 0.044
1180.3 0.050 0.050
1180.0 0.053 0.052
1179.1 0.056 0.055
1173.6 0.057 0.056
1169.6 0.099 0.098
1168.7 0.100 0.099
1168.1 0.101 0.100
1166.9 0.105 0.104
1166.2 0.305 0.302
1165.2 0.306 0.303
1161.6 0.308 0.305
1156.7 0.311 0.308
1155.6 0.315 0.312
1150.6 0.325 0.322
1150.4 0.326 0.323
1149.8 0.329 0.326
1147.2 0.330 0.327
1146.6 0.371 0.367
1146.0 0.521 0.516
1145.3 0.558 0.553
1145.2 0.579 0.573
1144.9 0.586 0.580
1144.3 1.532 1.517
1139.9 1.533 1.518
1136.4 1.554 1.539
1134.7 1.624 1.609
1134.2 1.632 1.616
1132.3 1.633 1.617
Primal Integral: 0.0014656628
