12th DIMACS Implementation Challenge: Vehicle Routing
VRPTW track
Controller version: December 13, 2021
Competitor: HustSmart
Ubuntu 21.04
Intel(R) Xeon(R) CPU E5-2698 v3 @ 2.30GHz
hostid: 10916887366929678835
PassMark Single Thread Benchmark: 1981
Time factor: 0.99 (baseline 2000)
Instance: C1_2_10
Standardized Time limit: 1800 secs
Local Machine Time Limit: 1817 secs
Base solution: 2887.170
BKS: 2624.7
Optimal: 1
Mon 07 Feb 2022 08:59:53 PM CST
timestamp: 1644238793
Solution value, local machine time, standardized time
2868.4 0.049 0.049
2855.7 0.050 0.050
2848.5 0.052 0.052
2839.6 0.053 0.052
2838.5 0.055 0.054
2828.7 0.057 0.056
2826.7 0.058 0.057
2779.8 0.059 0.058
2770.6 0.060 0.059
2767.0 0.071 0.070
2763.1 0.079 0.078
2759.1 0.081 0.080
2749.5 0.083 0.082
2748.1 0.090 0.089
2741.1 0.092 0.091
2700.3 0.093 0.092
2677.3 0.105 0.104
2662.1 0.106 0.105
2661.3 0.108 0.107
2661.0 0.109 0.108
2660.3 0.110 0.109
2658.2 0.212 0.210
2656.8 0.213 0.211
2656.4 0.214 0.212
2651.2 0.335 0.332
2642.3 0.336 0.333
2641.1 0.474 0.469
2639.8 0.494 0.489
2639.5 0.547 0.542
2636.5 0.641 0.635
2634.7 0.715 0.708
2632.2 0.716 0.709
2627.5 3.804 3.768
2626.0 12.410 12.292
2625.2 366.872 363.387
2624.7 366.906 363.420
Primal Integral: 0.0113691201
