12th DIMACS Implementation Challenge: Vehicle Routing
VRPTW track
Controller version: December 13, 2021
Competitor: HustSmart
Ubuntu 21.04
Intel(R) Xeon(R) CPU E5-2698 v3 @ 2.30GHz
hostid: 10916887366929678835
PassMark Single Thread Benchmark: 1981
Time factor: 0.99 (baseline 2000)
Instance: C1_6_5
Standardized Time limit: 3600 secs
Local Machine Time Limit: 3635 secs
Base solution: 15473.480
BKS: 14066.8
Optimal: 0
Mon 07 Feb 2022 05:36:56 PM CST
timestamp: 1644226616
Solution value, local machine time, standardized time
15306.8 0.289 0.286
15299.4 0.292 0.289
15227.3 0.294 0.291
15185.5 0.296 0.293
15121.9 0.297 0.294
15120.9 0.306 0.303
15111.0 0.309 0.306
15104.5 0.314 0.311
14999.5 0.316 0.313
14957.9 0.317 0.314
14904.5 0.320 0.317
14787.5 0.321 0.318
14656.3 0.323 0.320
14605.8 0.329 0.326
14594.1 0.331 0.328
14535.4 0.333 0.330
14523.6 0.336 0.333
14438.2 0.338 0.335
14381.8 0.346 0.343
14381.7 0.348 0.345
14380.4 0.374 0.370
14346.4 0.376 0.372
14318.9 0.381 0.377
14112.4 0.383 0.379
14083.1 0.402 0.398
14082.3 0.403 0.399
14075.9 0.423 0.419
14074.6 0.446 0.442
14074.4 0.503 0.498
14073.2 0.511 0.506
14067.7 0.808 0.800
14066.8 79.113 78.361
Primal Integral: 0.0010532153
