12th DIMACS Implementation Challenge: Vehicle Routing
VRPTW track
Controller version: December 13, 2021
Competitor: HustSmart
Ubuntu 21.04
Intel(R) Xeon(R) CPU E5-2698 v3 @ 2.30GHz
hostid: 10916887366929678835
PassMark Single Thread Benchmark: 1981
Time factor: 0.99 (baseline 2000)
Instance: C1_4_5
Standardized Time limit: 3600 secs
Local Machine Time Limit: 3635 secs
Base solution: 7852.680
BKS: 7138.8
Optimal: 1
Mon 07 Feb 2022 08:38:29 PM CST
timestamp: 1644237509
Solution value, local machine time, standardized time
7819.2 0.073 0.072
7675.7 0.074 0.073
7674.6 0.076 0.075
7614.1 0.077 0.076
7538.2 0.081 0.080
7509.8 0.082 0.081
7474.4 0.085 0.084
7458.9 0.087 0.086
7407.6 0.088 0.087
7312.4 0.089 0.088
7282.4 0.092 0.091
7195.1 0.093 0.092
7187.4 0.116 0.115
7175.9 0.117 0.116
7138.8 0.149 0.148
Primal Integral: 0.0002395289
