12th DIMACS Implementation Challenge: Vehicle Routing
VRPTW track
Controller version: December 13, 2021
Competitor: HustSmart
Ubuntu 21.04
Intel(R) Xeon(R) CPU E5-2698 v3 @ 2.30GHz
hostid: 10916887366929678835
PassMark Single Thread Benchmark: 1981
Time factor: 0.99 (baseline 2000)
Instance: C1_4_6
Standardized Time limit: 3600 secs
Local Machine Time Limit: 3635 secs
Base solution: 7854.110
BKS: 7140.1
Optimal: 1
Mon 07 Feb 2022 08:38:27 PM CST
timestamp: 1644237507
Solution value, local machine time, standardized time
7815.3 0.151 0.150
7735.3 0.153 0.152
7687.0 0.156 0.155
7603.4 0.157 0.156
7587.6 0.162 0.160
7516.0 0.164 0.162
7501.4 0.166 0.164
7495.1 0.168 0.166
7463.6 0.170 0.168
7462.3 0.171 0.169
7450.1 0.172 0.170
7446.7 0.174 0.172
7446.6 0.179 0.177
7434.5 0.181 0.179
7426.2 0.182 0.180
7425.8 0.184 0.182
7407.9 0.185 0.183
7389.0 0.186 0.184
7381.9 0.187 0.185
7377.5 0.190 0.188
7365.5 0.227 0.225
7361.2 0.265 0.262
7358.9 0.267 0.264
7346.1 0.268 0.265
7339.3 0.269 0.266
7338.4 0.274 0.271
7336.8 0.275 0.272
7333.9 0.292 0.289
7328.1 0.312 0.309
7318.1 0.331 0.328
7311.4 0.332 0.329
7310.1 0.337 0.334
7309.4 0.339 0.336
7297.1 0.345 0.342
7209.3 0.346 0.343
7164.1 0.348 0.345
7163.2 0.437 0.433
7140.7 0.700 0.693
7140.1 1.901 1.883
Primal Integral: 0.0006342021
