12th DIMACS Implementation Challenge: Vehicle Routing
VRPTW track
Controller version: December 13, 2021
Competitor: HustSmart
Ubuntu 21.04
Intel(R) Xeon(R) CPU E5-2698 v3 @ 2.30GHz
hostid: 10916887366929678835
PassMark Single Thread Benchmark: 1981
Time factor: 0.99 (baseline 2000)
Instance: C1_4_7
Standardized Time limit: 3600 secs
Local Machine Time Limit: 3635 secs
Base solution: 7849.820
BKS: 7136.2
Optimal: 1
Mon 07 Feb 2022 08:38:26 PM CST
timestamp: 1644237506
Solution value, local machine time, standardized time
7766.9 0.130 0.129
7764.8 0.134 0.133
7758.4 0.136 0.135
7737.0 0.137 0.136
7730.0 0.138 0.137
7723.8 0.140 0.139
7692.0 0.141 0.140
7679.7 0.142 0.141
7641.2 0.149 0.148
7634.1 0.151 0.150
7625.6 0.152 0.151
7474.1 0.153 0.152
7472.1 0.191 0.189
7468.0 0.192 0.190
7463.6 0.199 0.197
7463.1 0.203 0.201
7448.3 0.204 0.202
7446.6 0.205 0.203
7444.8 0.208 0.206
7336.7 0.209 0.207
7322.5 0.226 0.224
7321.7 0.231 0.229
7290.1 0.232 0.230
7289.7 0.240 0.238
7287.1 0.241 0.239
7281.8 0.300 0.297
7272.9 0.302 0.299
7272.3 0.306 0.303
7237.0 0.311 0.308
7185.6 0.325 0.322
7184.7 0.327 0.324
7143.6 0.365 0.362
7140.2 0.367 0.364
7139.6 0.372 0.368
7138.8 1.322 1.309
7138.2 1.412 1.399
7136.2 24.755 24.520
Primal Integral: 0.0007504075
