12th DIMACS Implementation Challenge: Vehicle Routing
VRPTW track
Controller version: December 13, 2021
Competitor: HustSmart
Ubuntu 21.04
Intel(R) Xeon(R) CPU E5-2698 v3 @ 2.30GHz
hostid: 10916887366929678835
PassMark Single Thread Benchmark: 1981
Time factor: 0.99 (baseline 2000)
Instance: C2_2_7
Standardized Time limit: 1800 secs
Local Machine Time Limit: 1817 secs
Base solution: 2026.420
BKS: 1842.2
Optimal: 1
Mon 07 Feb 2022 08:54:19 PM CST
timestamp: 1644238459
Solution value, local machine time, standardized time
2007.9 0.037 0.037
1971.9 0.038 0.038
1937.3 0.039 0.039
1935.6 0.044 0.044
1929.8 0.047 0.047
1924.8 0.048 0.048
1922.6 0.055 0.054
1919.6 0.063 0.062
1917.6 0.064 0.063
1914.4 0.068 0.067
1892.6 0.075 0.074
1882.7 0.081 0.080
1881.8 0.082 0.081
1872.5 0.091 0.090
1867.4 0.096 0.095
1866.9 0.098 0.097
1862.8 0.101 0.100
1859.6 0.102 0.101
1858.0 0.104 0.103
1850.2 0.116 0.115
1849.7 0.117 0.116
1846.7 0.124 0.123
1844.0 0.125 0.124
1843.5 0.181 0.179
1843.3 0.295 0.292
1842.9 0.371 0.367
1842.8 11.711 11.600
1842.2 11.761 11.649
Primal Integral: 0.0005875897
