12th DIMACS Implementation Challenge: Vehicle Routing
VRPTW track
Controller version: December 13, 2021
Competitor: HustSmart
Ubuntu 21.04
Intel(R) Xeon(R) CPU E5-2698 v3 @ 2.30GHz
hostid: 10916887366929678835
PassMark Single Thread Benchmark: 1981
Time factor: 0.99 (baseline 2000)
Instance: C206
Standardized Time limit: 1800 secs
Local Machine Time Limit: 1817 secs
Base solution: 644.600
BKS: 586.0
Optimal: 1
Mon 07 Feb 2022 09:05:58 PM CST
timestamp: 1644239158
Solution value, local machine time, standardized time
641.9 0.014 0.014
637.4 0.015 0.015
636.4 0.017 0.017
609.3 0.018 0.018
598.5 0.020 0.020
586.0 0.022 0.022
Primal Integral: 0.0001043895
