12th DIMACS Implementation Challenge: Vehicle Routing
VRPTW track
Controller version: December 13, 2021
Competitor: HustSmart
Ubuntu 21.04
Intel(R) Xeon(R) CPU E5-2698 v3 @ 2.30GHz
hostid: 10916887366929678835
PassMark Single Thread Benchmark: 1981
Time factor: 0.99 (baseline 2000)
Instance: RC2_2_1
Standardized Time limit: 1800 secs
Local Machine Time Limit: 1817 secs
Base solution: 3077.140
BKS: 2797.4
Optimal: 1
Mon 07 Feb 2022 08:38:48 PM CST
timestamp: 1644237528
Solution value, local machine time, standardized time
3059.4 0.057 0.056
3054.1 0.058 0.057
3050.2 0.060 0.059
3043.0 0.061 0.060
3022.3 0.063 0.062
3019.1 0.064 0.063
3001.0 0.073 0.072
2985.9 0.074 0.073
2974.2 0.077 0.076
2948.1 0.078 0.077
2944.8 0.081 0.080
2939.6 0.082 0.081
2939.0 0.083 0.082
2927.7 0.096 0.095
2926.4 0.100 0.099
2916.4 0.101 0.100
2903.4 0.107 0.106
2898.2 0.109 0.108
2893.0 0.110 0.109
2884.9 0.112 0.111
2880.9 0.121 0.120
2880.2 0.122 0.121
2876.0 0.129 0.128
2875.6 0.161 0.159
2873.8 0.162 0.160
2873.3 0.167 0.165
2866.3 0.168 0.166
2863.7 0.169 0.167
2861.8 0.173 0.171
2854.4 0.177 0.175
2834.1 0.336 0.333
2831.1 0.361 0.358
2830.2 0.362 0.359
2824.0 0.368 0.365
2821.6 0.371 0.367
2816.1 0.376 0.372
2813.5 0.377 0.373
2810.8 0.382 0.378
2809.4 0.384 0.380
2803.2 0.731 0.724
2799.6 5.394 5.343
2799.2 5.395 5.344
2799.0 5.396 5.345
2798.1 132.820 131.558
2797.4 133.962 132.689
Primal Integral: 0.0054400821
