12th DIMACS Implementation Challenge: Vehicle Routing
VRPTW track
Controller version: December 13, 2021
Competitor: HustSmart
Ubuntu 21.04
Intel(R) Xeon(R) CPU E5-2698 v3 @ 2.30GHz
hostid: 10916887366929678835
PassMark Single Thread Benchmark: 1981
Time factor: 0.99 (baseline 2000)
Instance: C1_8_2
Standardized Time limit: 3600 secs
Local Machine Time Limit: 3635 secs
Base solution: 27471.510
BKS: 24974.1
Optimal: 0
Mon 07 Feb 2022 03:35:18 PM CST
timestamp: 1644219318
Solution value, local machine time, standardized time
27377.1 0.606 0.600
27376.2 0.609 0.603
27375.2 0.611 0.605
27370.3 0.616 0.610
27293.6 0.618 0.612
27235.8 0.620 0.614
27197.2 0.625 0.619
27191.7 0.626 0.620
27188.3 0.627 0.621
27188.0 0.630 0.624
27184.2 0.632 0.626
27180.5 0.634 0.628
27175.3 0.635 0.629
27169.6 0.648 0.642
27153.2 0.649 0.643
27140.5 0.672 0.666
27131.4 0.677 0.671
27069.3 0.679 0.673
27067.4 0.682 0.676
26896.9 0.697 0.690
26896.0 0.699 0.692
26890.2 0.700 0.693
26883.1 0.701 0.694
26882.8 0.702 0.695
26882.1 0.713 0.706
26813.3 0.714 0.707
26813.1 0.720 0.713
26730.3 0.722 0.715
26655.3 0.723 0.716
26650.5 0.725 0.718
26649.4 0.726 0.719
26625.4 0.730 0.723
26623.4 0.731 0.724
26620.5 0.733 0.726
26613.3 0.735 0.728
26612.5 0.740 0.733
26553.3 0.742 0.735
26523.9 0.744 0.737
26521.4 0.752 0.745
26517.7 0.755 0.748
26515.1 0.758 0.751
26512.0 0.759 0.752
26483.4 0.773 0.766
26468.7 0.774 0.767
26460.0 0.782 0.775
26417.5 0.784 0.777
26343.1 0.786 0.779
26342.6 0.789 0.782
26336.7 0.795 0.787
26335.8 0.796 0.788
26335.4 0.815 0.807
26334.5 0.820 0.812
26333.0 0.822 0.814
26332.8 0.823 0.815
26332.3 0.825 0.817
26332.2 0.835 0.827
26327.0 0.837 0.829
26326.5 0.871 0.863
26304.3 0.872 0.864
26257.9 0.874 0.866
26251.2 0.875 0.867
26248.2 0.876 0.868
26247.6 0.883 0.875
26206.1 0.884 0.876
26161.9 0.886 0.878
26154.0 0.887 0.879
26153.9 0.911 0.902
26152.4 0.914 0.905
26149.1 0.917 0.908
26148.7 0.920 0.911
26146.4 0.921 0.912
26123.5 0.923 0.914
26122.1 0.925 0.916
26050.0 0.931 0.922
26030.0 0.933 0.924
26023.8 0.937 0.928
25837.8 0.946 0.937
25835.4 0.947 0.938
25827.3 0.948 0.939
25820.9 0.950 0.941
25795.1 0.958 0.949
25794.9 0.960 0.951
25794.7 0.963 0.954
25779.6 0.975 0.966
25775.8 0.977 0.968
25755.7 0.987 0.978
25755.3 0.989 0.980
25751.2 0.995 0.986
25679.7 1.024 1.014
25678.4 1.028 1.018
25670.4 1.030 1.020
25664.9 1.033 1.023
25533.9 1.043 1.033
25486.9 1.080 1.070
25480.7 1.082 1.072
25480.2 1.091 1.081
25475.8 1.130 1.119
25475.7 1.152 1.141
25474.1 1.153 1.142
25473.2 1.161 1.150
25456.9 1.164 1.153
25455.1 1.166 1.155
25454.5 1.190 1.179
25454.4 1.211 1.199
25425.8 1.228 1.216
25423.7 1.243 1.231
25423.4 1.249 1.237
25412.4 1.287 1.275
25412.1 1.324 1.311
25411.3 1.337 1.324
25410.2 1.338 1.325
25401.7 1.456 1.442
25394.3 1.457 1.443
25361.2 1.468 1.454
25307.8 1.470 1.456
25305.1 1.472 1.458
25301.0 1.473 1.459
25300.9 1.504 1.490
25300.6 1.518 1.504
25300.5 1.704 1.688
25299.9 1.710 1.694
25298.8 1.764 1.747
25298.7 1.808 1.791
25298.6 1.810 1.793
25291.5 1.834 1.817
25290.9 1.851 1.833
25290.7 2.020 2.001
25290.6 2.028 2.009
25290.1 2.060 2.040
25288.0 2.232 2.211
25287.5 2.411 2.388
25286.9 2.756 2.730
25266.8 2.830 2.803
25261.4 2.833 2.806
25237.2 2.897 2.869
25205.3 3.015 2.986
25199.4 3.016 2.987
25182.4 3.173 3.143
25153.5 3.279 3.248
25085.0 3.282 3.251
25081.8 3.329 3.297
25067.3 3.413 3.381
25067.2 3.415 3.383
25067.1 3.454 3.421
25066.7 3.482 3.449
25066.3 3.681 3.646
25066.0 3.695 3.660
25065.5 3.812 3.776
25064.7 4.174 4.134
25064.5 16.731 16.572
25064.1 16.733 16.574
25063.8 17.302 17.138
25062.4 17.571 17.404
25062.3 17.596 17.429
25062.1 18.139 17.967
25062.0 18.258 18.085
25061.3 68.172 67.524
25061.2 68.174 67.526
25057.1 68.198 67.550
25053.0 68.385 67.735
25050.7 68.700 68.047
25050.4 68.785 68.132
25049.3 68.789 68.136
25046.1 68.802 68.148
25043.3 69.051 68.395
25042.9 69.084 68.428
25039.8 69.146 68.489
25036.3 69.227 68.569
25034.3 69.229 68.571
25033.8 69.261 68.603
25033.5 69.322 68.663
25033.2 69.403 68.744
25032.5 69.405 68.746
25032.4 69.483 68.823
25032.1 69.567 68.906
25031.9 69.726 69.064
25030.8 69.731 69.069
25030.3 72.427 71.739
25030.2 74.584 73.875
25029.6 75.521 74.804
25029.4 75.523 74.806
25029.3 75.561 74.843
25029.0 75.574 74.856
25027.1 137.697 136.389
25026.5 138.366 137.052
25026.4 140.267 138.934
25025.5 140.573 139.238
25024.9 140.969 139.630
25024.5 142.933 141.575
25023.6 142.936 141.578
25020.0 143.009 141.650
25019.6 143.012 141.653
25019.1 143.115 141.755
25018.9 143.228 141.867
25018.7 144.592 143.218
25011.8 144.599 143.225
25006.0 144.646 143.272
25004.5 144.840 143.464
25003.5 144.976 143.599
25003.0 145.293 143.913
25002.7 158.311 156.807
25001.7 166.233 164.654
25001.6 178.982 177.282
25001.1 305.442 302.540
25000.9 414.715 410.775
24999.8 425.159 421.120
24998.0 425.160 421.121
24997.4 425.449 421.407
24996.9 428.028 423.962
24995.9 428.035 423.969
24995.3 431.323 427.225
24994.8 592.537 586.908
24994.4 604.684 598.940
24994.0 608.587 602.805
24993.1 1608.369 1593.089
24992.8 1623.424 1608.001
24992.3 1648.515 1632.854
24992.0 1656.930 1641.189
24991.8 1657.459 1641.713
24991.4 1760.340 1743.617
24988.2 1766.167 1749.388
24985.3 1766.195 1749.416
24982.3 1766.454 1749.673
24982.2 1766.616 1749.833
24977.5 1767.392 1750.602
24977.4 1875.258 1857.443
24977.0 1993.924 1974.982
24976.6 2026.927 2007.671
24976.1 2028.306 2009.037
24975.9 2031.192 2011.896
24975.8 2036.947 2017.596
24975.4 2041.557 2022.162
Primal Integral: 0.0551873166
