12th DIMACS Implementation Challenge: Vehicle Routing
VRPTW track
Controller version: December 13, 2021
Competitor: HustSmart
Ubuntu 21.04
Intel(R) Xeon(R) CPU E5-2698 v3 @ 2.30GHz
hostid: 5694999987690650823
PassMark Single Thread Benchmark: 1981
Time factor: 0.99 (baseline 2000)
Instance: RC1_10_2
Standardized Time limit: 7200 secs
Local Machine Time Limit: 7269 secs
Base solution: 48257.660
BKS: 43870.6
Optimal: 0
Sun 06 Feb 2022 09:35:27 PM PST
timestamp: 1644212127
Solution value, local machine time, standardized time
48164.7 3.334 3.302
48152.5 3.336 3.304
48143.3 3.377 3.345
48101.4 3.379 3.347
48083.9 3.418 3.386
48081.0 3.420 3.388
48070.1 3.422 3.389
48069.2 3.445 3.412
48063.6 3.446 3.413
48061.2 3.447 3.414
48051.5 3.454 3.421
48035.7 3.456 3.423
48026.7 3.470 3.437
47997.3 3.471 3.438
47995.3 3.474 3.441
47994.3 3.502 3.469
47935.5 3.503 3.470
47934.5 3.512 3.479
47934.4 3.519 3.486
47933.6 3.544 3.510
47932.3 3.562 3.528
47931.2 3.566 3.532
47899.5 3.622 3.588
47881.5 3.623 3.589
47879.7 3.626 3.592
47871.5 3.629 3.595
47871.2 3.680 3.645
47861.3 3.682 3.647
47858.1 3.689 3.654
47857.8 3.709 3.674
47855.2 3.711 3.676
47830.5 3.733 3.698
47827.0 3.734 3.699
47825.0 3.741 3.705
47824.1 3.744 3.708
47823.9 3.800 3.764
47823.3 3.803 3.767
47820.5 3.811 3.775
47817.6 3.830 3.794
47817.1 3.850 3.813
47811.7 3.851 3.814
47811.0 3.854 3.817
47808.8 3.891 3.854
47804.0 3.893 3.856
47802.9 3.943 3.906
47794.1 3.959 3.921
47754.7 3.961 3.923
47717.3 4.016 3.978
47713.6 4.025 3.987
47702.6 4.029 3.991
47702.1 4.055 4.016
47700.6 4.057 4.018
47700.4 4.104 4.065
47699.8 4.149 4.110
47657.9 4.229 4.189
47648.2 4.231 4.191
47648.0 4.252 4.212
47637.3 4.255 4.215
47637.0 4.288 4.247
47633.2 4.295 4.254
47632.9 4.298 4.257
47632.5 4.310 4.269
47630.9 4.311 4.270
47629.1 4.336 4.295
47626.1 4.337 4.296
47602.3 4.349 4.308
47592.1 4.351 4.310
47590.9 4.446 4.404
47590.6 4.447 4.405
47590.3 4.478 4.435
47588.9 4.507 4.464
47577.6 4.530 4.487
47574.0 4.531 4.488
47573.7 4.547 4.504
47570.3 4.548 4.505
47550.7 4.556 4.513
47542.0 4.559 4.516
47528.4 4.560 4.517
47512.8 4.561 4.518
47509.7 4.646 4.602
47509.0 4.649 4.605
47495.5 4.726 4.681
47453.8 4.746 4.701
47450.8 4.748 4.703
47450.7 4.757 4.712
47443.5 4.760 4.715
47443.0 4.762 4.717
47437.1 4.777 4.732
47433.4 4.778 4.733
47426.5 4.789 4.744
47413.2 4.791 4.745
47412.4 4.792 4.746
47407.5 4.803 4.757
47386.7 4.805 4.759
47385.7 4.836 4.790
47383.6 4.872 4.826
47370.6 4.875 4.829
47367.5 4.887 4.841
47363.7 4.890 4.844
47361.0 4.900 4.853
47359.9 4.948 4.901
47359.8 4.965 4.918
47319.6 4.967 4.920
47313.4 4.971 4.924
47312.3 4.996 4.949
47305.1 4.998 4.951
47304.7 5.008 4.960
47299.6 5.009 4.961
47288.3 5.013 4.965
47288.2 5.015 4.967
47285.5 5.058 5.010
47285.0 5.060 5.012
47245.0 5.062 5.014
47244.7 5.067 5.019
47244.1 5.068 5.020
47242.9 5.094 5.046
47242.1 5.096 5.048
47240.5 5.134 5.085
47234.8 5.198 5.149
47232.2 5.221 5.171
47231.4 5.230 5.180
47230.2 5.232 5.182
47226.9 5.234 5.184
47221.5 5.248 5.198
47220.8 5.250 5.200
47216.6 5.291 5.241
47199.7 5.294 5.244
47199.6 5.339 5.288
47187.9 5.340 5.289
47165.6 5.343 5.292
47163.5 5.346 5.295
47162.4 5.348 5.297
47139.5 5.351 5.300
47135.3 5.353 5.302
47134.6 5.365 5.314
47130.1 5.366 5.315
47123.6 5.368 5.317
47120.7 5.370 5.319
47114.0 5.385 5.334
47075.6 5.386 5.335
47073.7 5.398 5.347
47066.6 5.399 5.348
47055.9 5.425 5.373
47037.1 5.492 5.440
47036.8 5.504 5.452
47034.9 5.505 5.453
47033.0 5.508 5.456
47032.2 5.509 5.457
47031.3 5.534 5.481
47030.1 5.536 5.483
47026.5 5.582 5.529
47026.3 5.584 5.531
47023.8 5.586 5.533
47010.3 5.662 5.608
47008.7 5.665 5.611
47008.3 5.687 5.633
47003.2 5.810 5.755
47003.0 5.812 5.757
46971.2 5.985 5.928
46953.8 5.987 5.930
46953.7 6.052 5.995
46953.1 6.089 6.031
46951.6 6.100 6.042
46951.0 6.101 6.043
46948.3 6.218 6.159
46942.4 6.271 6.211
46941.4 6.273 6.213
46930.0 6.309 6.249
46928.9 6.310 6.250
46928.8 6.317 6.257
46912.3 6.318 6.258
46901.9 6.320 6.260
46900.6 6.321 6.261
46897.7 6.323 6.263
46891.9 6.350 6.290
46890.6 6.353 6.293
46890.4 6.691 6.627
46889.7 6.693 6.629
46889.0 6.785 6.721
46886.8 6.788 6.724
46882.6 6.858 6.793
46882.5 6.860 6.795
46879.6 6.877 6.812
46873.3 6.879 6.814
46872.1 6.896 6.830
46872.0 6.947 6.881
46871.5 6.950 6.884
46854.3 7.108 7.040
46853.0 7.110 7.042
46851.7 7.167 7.099
46825.8 7.176 7.108
46821.3 7.178 7.110
46820.4 7.295 7.226
46819.0 7.302 7.233
46817.1 7.303 7.234
46816.4 7.312 7.243
46813.5 7.355 7.285
46812.5 7.357 7.287
46808.8 7.358 7.288
46806.3 7.390 7.320
46803.3 7.392 7.322
46803.2 7.475 7.404
46797.0 7.488 7.417
46794.1 7.670 7.597
46793.7 7.671 7.598
46793.3 7.719 7.646
46793.0 7.787 7.713
46788.5 7.810 7.736
46785.5 7.811 7.737
46784.1 7.858 7.783
46782.1 8.026 7.950
46779.9 8.067 7.990
46779.7 8.071 7.994
46779.2 8.072 7.995
46778.9 8.130 8.053
46768.1 8.130 8.053
46763.1 8.146 8.069
46763.0 8.149 8.072
46760.6 8.150 8.073
46758.5 8.292 8.213
46752.3 8.293 8.214
46751.9 8.421 8.341
46751.1 8.423 8.343
46750.8 8.425 8.345
46688.2 8.503 8.422
46675.7 8.505 8.424
46674.5 8.616 8.534
46674.4 8.631 8.549
46673.9 8.634 8.552
46670.2 8.723 8.640
46668.2 8.756 8.673
46666.4 8.760 8.677
46657.9 8.838 8.754
46651.2 8.999 8.914
46643.3 9.002 8.916
46641.8 9.037 8.951
46634.1 9.039 8.953
46629.1 9.044 8.958
46626.6 9.046 8.960
46625.8 9.122 9.035
46625.6 9.173 9.086
46624.5 9.174 9.087
46624.1 9.175 9.088
46623.8 9.223 9.135
46599.7 9.228 9.140
46597.1 9.246 9.158
46593.0 9.248 9.160
46591.2 9.318 9.229
46586.1 9.321 9.232
46586.0 9.437 9.347
46585.3 9.590 9.499
46580.4 9.592 9.501
46578.9 9.845 9.751
46561.7 9.847 9.753
46548.0 9.860 9.766
46547.2 9.863 9.769
46543.0 9.871 9.777
46537.1 9.873 9.779
46535.1 9.912 9.818
46522.7 9.914 9.820
46521.8 9.954 9.859
46519.4 9.958 9.863
46510.7 9.958 9.863
46510.5 9.965 9.870
46509.9 9.967 9.872
46505.2 9.971 9.876
46502.8 9.973 9.878
46491.7 10.016 9.921
46483.6 10.018 9.923
46480.9 10.068 9.972
46479.1 10.079 9.983
46471.0 10.080 9.984
46469.1 10.099 10.003
46461.1 10.130 10.034
46451.2 10.131 10.035
46450.7 10.263 10.166
46448.4 10.341 10.243
46443.0 10.391 10.292
46440.7 10.403 10.304
46437.5 10.405 10.306
46436.8 10.495 10.395
46436.7 10.530 10.430
46436.5 10.533 10.433
46436.4 10.603 10.502
46435.5 10.618 10.517
46435.4 10.693 10.591
46435.2 10.707 10.605
46435.1 10.762 10.660
46433.9 10.972 10.868
46432.8 10.974 10.870
46432.3 11.174 11.068
46431.8 11.175 11.069
46429.3 11.242 11.135
46427.1 11.244 11.137
46426.4 11.302 11.195
46418.9 11.303 11.196
46418.7 11.452 11.343
46418.4 11.473 11.364
46418.2 11.474 11.365
46414.3 11.569 11.459
46409.5 11.575 11.465
46409.0 11.584 11.474
46407.5 11.585 11.475
46405.1 11.717 11.606
46404.7 12.006 11.892
46404.2 12.038 11.924
46399.4 12.039 11.925
46390.7 12.045 11.931
46388.2 12.046 11.932
46387.2 12.063 11.948
46386.6 12.284 12.167
46385.0 12.316 12.199
46378.7 12.358 12.241
46378.6 12.399 12.281
46378.2 12.401 12.283
46374.6 12.496 12.377
46360.5 12.519 12.400
46356.3 12.532 12.413
46355.9 12.533 12.414
46352.3 12.551 12.432
46352.2 12.552 12.433
46351.2 12.584 12.464
46349.6 12.640 12.520
46347.0 12.641 12.521
46346.8 12.711 12.590
46346.1 13.503 13.375
46345.9 13.505 13.377
46338.5 13.615 13.486
46324.8 13.617 13.488
46324.1 13.833 13.702
46323.7 13.861 13.729
46322.9 13.918 13.786
46322.2 14.006 13.873
46318.7 14.012 13.879
46317.7 14.197 14.062
46300.5 14.198 14.063
46299.9 14.339 14.203
46298.7 14.835 14.694
46294.8 14.953 14.811
46274.4 14.955 14.813
46270.6 14.956 14.814
46270.4 15.438 15.291
46269.7 15.439 15.292
46265.3 15.687 15.538
46255.8 15.688 15.539
46255.6 15.691 15.542
46255.4 15.693 15.544
46255.2 15.724 15.575
46252.5 15.812 15.662
46251.3 16.228 16.074
46250.6 16.230 16.076
46250.0 16.371 16.215
46249.0 16.373 16.217
46230.0 16.635 16.477
46223.3 16.636 16.478
46222.2 16.746 16.587
46215.5 16.748 16.589
46215.1 16.781 16.622
46192.6 16.913 16.752
46191.3 17.144 16.981
46190.9 17.318 17.153
46188.1 17.320 17.155
46181.7 17.346 17.181
46169.3 17.347 17.182
46168.2 17.367 17.202
46166.8 17.575 17.408
46163.6 17.578 17.411
46158.8 17.654 17.486
46157.6 17.725 17.557
46157.5 17.991 17.820
46156.1 18.001 17.830
46154.5 18.029 17.858
46152.1 18.030 17.859
46149.5 18.119 17.947
46124.7 18.122 17.950
46123.5 18.273 18.099
46121.2 18.276 18.102
46121.1 18.504 18.328
46120.8 18.644 18.467
46114.2 18.652 18.475
46103.5 18.800 18.621
46100.6 18.846 18.667
46096.0 18.848 18.669
46095.7 18.876 18.697
46095.0 19.244 19.061
46094.7 19.288 19.105
46093.3 19.330 19.146
46093.1 19.445 19.260
46091.9 19.478 19.293
46083.5 19.534 19.348
46083.4 19.614 19.428
46083.2 19.617 19.431
46082.7 19.648 19.461
46080.6 19.803 19.615
46080.0 19.814 19.626
46043.0 19.816 19.628
46039.5 19.865 19.676
46038.1 19.867 19.678
46037.7 19.917 19.728
46036.9 20.046 19.856
46036.4 20.206 20.014
46031.3 20.208 20.016
46031.0 20.285 20.092
46029.0 20.341 20.148
46027.5 20.399 20.205
46026.5 20.480 20.285
46026.2 20.482 20.287
46025.1 20.514 20.319
46024.9 20.681 20.485
46024.6 20.832 20.634
46024.5 21.075 20.875
46019.0 21.147 20.946
46012.4 21.507 21.303
46011.4 22.075 21.865
46007.8 22.350 22.138
46007.5 22.852 22.635
46006.6 23.032 22.813
46003.8 23.034 22.815
46001.9 23.247 23.026
46000.1 23.249 23.028
45997.7 23.977 23.749
45993.7 24.004 23.776
45992.4 24.005 23.777
45992.2 24.021 23.793
45989.4 24.156 23.927
45988.3 24.158 23.928
45987.0 24.445 24.213
45982.1 24.953 24.716
45972.9 24.955 24.718
45970.1 25.099 24.861
45963.8 25.100 24.862
45959.4 25.528 25.285
45958.4 25.529 25.286
45957.7 25.875 25.629
45957.6 25.879 25.633
45957.5 25.917 25.671
45956.3 25.956 25.709
45953.3 25.995 25.748
45949.2 25.996 25.749
45947.4 26.727 26.473
45947.0 26.936 26.680
45946.7 26.937 26.681
45946.6 26.943 26.687
45945.0 49.478 49.008
45933.7 49.479 49.009
45931.9 49.487 49.017
45926.2 49.512 49.042
45918.3 49.591 49.120
45916.8 49.786 49.313
45916.6 49.953 49.478
45916.4 49.954 49.479
45914.1 49.956 49.481
45911.0 49.957 49.482
45909.9 50.337 49.859
45909.2 50.337 49.859
45908.7 50.541 50.061
45906.6 50.616 50.135
45903.0 50.866 50.383
45883.8 50.867 50.384
45882.1 51.053 50.568
45882.0 51.178 50.692
45881.9 51.180 50.694
45876.7 51.213 50.726
45867.7 51.215 50.728
45867.6 51.242 50.755
45867.4 51.264 50.777
45867.3 51.338 50.850
45867.2 51.339 50.851
45867.0 51.339 50.851
45866.1 51.597 51.107
45865.8 51.599 51.109
45865.3 51.602 51.112
45862.5 51.604 51.114
45862.1 51.621 51.131
45861.0 51.622 51.132
45860.5 51.679 51.188
45856.7 52.063 51.568
45855.8 52.065 51.570
45855.7 52.335 51.838
45851.1 52.704 52.203
45811.5 52.706 52.205
45811.0 53.723 53.213
45810.6 53.811 53.300
45806.1 54.172 53.657
45799.0 54.173 53.658
45796.7 100.176 99.224
45796.3 100.193 99.241
45792.6 100.228 99.276
45792.1 100.229 99.277
45788.8 100.241 99.289
45788.4 100.266 99.313
45788.0 100.268 99.315
45777.4 100.309 99.356
45776.4 100.318 99.365
45774.9 100.369 99.415
45773.1 100.435 99.481
45773.0 100.461 99.507
45772.2 100.462 99.508
45753.2 100.587 99.631
45709.9 100.588 99.632
45707.8 100.610 99.654
45704.5 100.642 99.686
45704.2 100.717 99.760
45700.5 100.719 99.762
45691.1 100.743 99.786
45675.0 100.745 99.788
45674.4 100.772 99.815
45674.0 100.773 99.816
45673.8 100.825 99.867
45673.5 100.842 99.884
45673.3 100.844 99.886
45672.3 101.326 100.363
45672.2 101.328 100.365
45671.6 101.542 100.577
45670.5 101.625 100.660
45663.7 101.627 100.662
45663.6 101.634 100.668
45663.5 101.705 100.739
45662.8 101.999 101.030
45661.3 102.152 101.182
45659.5 102.199 101.228
45650.2 102.248 101.277
45610.2 102.249 101.278
45609.7 102.305 101.333
45607.5 102.384 101.411
45607.2 102.546 101.572
45606.4 102.709 101.733
45603.9 102.780 101.804
45601.0 102.794 101.817
45589.8 102.795 101.818
45588.8 103.377 102.395
45588.5 103.525 102.542
45588.4 103.604 102.620
45584.1 103.606 102.622
45583.7 103.774 102.788
45583.6 103.776 102.790
45569.3 103.916 102.929
45568.5 103.983 102.995
45566.4 104.408 103.416
45561.0 104.629 103.635
45557.6 104.630 103.636
45557.4 104.776 103.781
45553.3 104.779 103.784
45550.9 104.809 103.813
45550.6 104.824 103.828
45549.9 104.869 103.873
45549.7 104.870 103.874
45544.3 104.903 103.906
45544.2 104.944 103.947
45544.0 105.026 104.028
45542.7 105.027 104.029
45541.0 105.126 104.127
45540.0 105.128 104.129
45539.9 105.285 104.285
45539.5 105.422 104.420
45539.4 105.648 104.644
45538.6 105.650 104.646
45538.5 106.678 105.665
45536.9 106.748 105.734
45536.8 106.926 105.910
45536.7 107.401 106.381
45533.0 108.199 107.171
45530.7 171.645 170.014
45520.2 171.647 170.016
45519.9 171.649 170.018
45518.3 171.650 170.019
45517.8 171.771 170.139
45516.0 171.822 170.190
45515.8 171.884 170.251
45515.7 171.946 170.313
45514.0 171.981 170.347
45503.0 171.982 170.348
45502.1 172.277 170.640
45500.3 172.418 170.780
45499.8 172.420 170.782
45498.4 172.499 170.860
45498.2 172.617 170.977
45497.7 172.618 170.978
45494.6 172.717 171.076
45494.5 172.719 171.078
45491.9 172.990 171.347
45491.8 173.140 171.495
45489.1 175.607 173.939
45481.0 177.221 175.537
45476.9 177.237 175.553
45474.3 177.239 175.555
45473.7 177.595 175.908
45473.6 177.597 175.910
45473.5 177.603 175.916
45471.3 177.878 176.188
45471.2 177.879 176.189
45465.0 178.071 176.379
45464.6 178.072 176.380
45459.4 178.298 176.604
45458.8 178.351 176.657
45457.7 178.398 176.703
45457.5 178.400 176.705
45454.6 178.553 176.857
45454.4 178.555 176.859
45454.3 178.800 177.101
45453.3 178.906 177.206
45449.0 178.908 177.208
45444.2 179.118 177.416
45443.3 179.226 177.523
45430.9 179.379 177.675
45428.7 179.432 177.727
45427.6 179.435 177.730
45426.8 180.455 178.741
45425.4 180.746 179.029
45410.4 180.749 179.032
45410.0 180.778 179.061
45406.1 180.866 179.148
45405.1 180.897 179.178
45404.6 181.242 179.520
45392.4 181.449 179.725
45391.9 181.693 179.967
45391.1 181.696 179.970
45388.6 181.964 180.235
45386.2 181.965 180.236
45384.3 182.139 180.409
45375.8 182.981 181.243
45366.9 182.983 181.245
45366.7 183.371 181.629
45365.2 183.443 181.700
45364.5 202.512 200.588
45360.7 202.513 200.589
45360.2 202.550 200.626
45355.3 202.830 200.903
45353.5 202.833 200.906
45352.7 203.283 201.352
45352.0 203.287 201.356
45350.6 203.333 201.401
45344.2 203.334 201.402
45344.0 203.352 201.420
45335.8 203.765 201.829
45334.8 203.771 201.835
45334.7 203.961 202.023
45334.4 203.964 202.026
45333.3 204.314 202.373
45330.8 204.315 202.374
45329.2 204.338 202.397
45326.6 204.339 202.398
45325.0 204.489 202.546
45324.1 204.501 202.558
45321.2 204.622 202.678
45316.4 204.644 202.700
45313.0 204.646 202.702
45312.1 204.843 202.897
45311.5 204.861 202.915
45309.8 204.880 202.934
45309.3 204.881 202.935
45307.4 205.120 203.171
45306.4 205.122 203.173
45305.3 205.416 203.465
45303.7 205.428 203.476
45302.7 205.430 203.478
45301.5 205.466 203.514
45258.1 205.572 203.619
45257.7 206.066 204.108
45256.3 207.748 205.774
45251.0 208.467 206.487
45245.6 208.616 206.634
45242.5 209.139 207.152
45241.7 209.653 207.661
45241.6 209.898 207.904
45239.5 209.975 207.980
45238.6 210.666 208.665
45237.5 211.237 209.230
45235.9 211.449 209.440
45235.1 211.587 209.577
45233.8 212.332 210.315
45229.9 212.334 210.317
45229.5 212.400 210.382
45229.3 212.486 210.467
45226.6 212.490 210.471
45220.9 213.865 211.833
45214.5 213.869 211.837
45213.9 213.884 211.852
45213.3 214.603 212.564
45213.0 217.955 215.884
45212.5 218.515 216.439
45205.2 218.534 216.458
45192.5 218.537 216.461
45187.8 221.454 219.350
45185.5 221.457 219.353
45173.2 221.938 219.830
45125.7 221.939 219.831
45125.0 222.011 219.902
45124.9 224.222 222.092
45122.8 224.225 222.095
45115.9 225.892 223.746
45095.7 225.895 223.749
45093.4 225.904 223.758
45093.3 225.924 223.778
45093.0 225.928 223.782
45091.2 225.933 223.787
45087.8 225.981 223.834
45086.6 225.984 223.837
45083.4 226.045 223.898
45079.3 226.222 224.073
45065.7 226.225 224.076
45065.0 226.352 224.202
45062.2 226.355 224.205
45060.8 226.395 224.244
45060.1 226.397 224.246
45058.1 226.469 224.318
45055.2 226.471 224.320
45054.9 226.483 224.331
45052.1 226.537 224.385
45048.5 226.560 224.408
45047.9 226.562 224.410
45047.6 226.606 224.453
45046.9 226.621 224.468
45045.7 226.641 224.488
45044.5 226.712 224.558
45043.5 226.715 224.561
45043.3 226.735 224.581
45042.6 226.757 224.603
45041.9 226.759 224.605
45041.8 226.987 224.831
45037.4 226.989 224.833
45029.2 226.991 224.835
45029.0 227.044 224.887
45028.4 227.046 224.889
45025.4 227.193 225.035
45018.2 227.195 225.037
45017.6 227.226 225.067
45016.4 227.308 225.149
45015.7 227.498 225.337
45014.1 227.813 225.649
45013.4 227.876 225.711
45007.4 227.897 225.732
45006.8 227.899 225.734
45006.7 227.927 225.762
45005.8 228.555 226.384
44999.0 228.695 226.522
44994.2 228.696 226.523
44990.9 228.700 226.527
44990.5 228.754 226.581
44989.4 228.755 226.582
44979.6 229.019 226.843
44976.3 229.021 226.845
44975.2 229.060 226.884
44975.0 229.319 227.140
44974.6 229.320 227.141
44964.6 229.368 227.189
44964.3 229.563 227.382
44962.9 229.586 227.405
44962.3 229.606 227.425
44958.7 229.658 227.476
44958.0 229.660 227.478
44957.9 229.777 227.594
44947.1 230.111 227.925
44940.9 230.112 227.926
44940.5 230.186 227.999
44940.2 230.189 228.002
44933.6 261.864 259.376
44931.7 261.866 259.378
44922.1 262.470 259.977
44921.5 264.735 262.220
44920.3 264.738 262.223
44917.1 267.117 264.579
44910.6 272.160 269.574
44905.3 272.161 269.575
44905.2 272.250 269.664
44904.4 272.336 269.749
44898.3 272.823 270.231
44894.8 273.339 270.742
44890.2 273.380 270.783
44890.0 273.491 270.893
44889.8 273.689 271.089
44886.1 273.698 271.098
44872.2 273.754 271.153
44871.7 273.755 271.154
44871.4 273.826 271.225
44870.8 273.883 271.281
44868.9 273.884 271.282
44868.1 274.043 271.440
44868.0 274.049 271.446
44867.4 274.357 271.751
44867.1 274.372 271.765
44867.0 274.374 271.767
44865.4 274.591 271.982
44864.9 274.766 272.156
44863.5 274.769 272.159
44863.3 274.832 272.221
44863.1 274.849 272.238
44862.8 274.949 272.337
44862.7 274.951 272.339
44862.3 275.622 273.004
44862.0 275.634 273.015
44860.0 275.649 273.030
44859.7 275.650 273.031
44857.1 275.806 273.186
44849.4 275.808 273.188
44848.9 275.810 273.190
44848.8 276.020 273.398
44848.5 276.217 273.593
44845.6 276.219 273.595
44845.3 276.245 273.621
44845.0 276.248 273.624
44843.6 277.028 274.396
44843.3 306.050 303.143
44841.1 306.392 303.481
44840.4 306.393 303.482
44837.4 307.418 304.498
44833.7 307.420 304.500
44833.4 312.623 309.653
44832.9 338.416 335.201
44831.8 338.448 335.233
44828.1 338.466 335.251
44827.8 338.590 335.373
44827.3 338.893 335.674
44817.4 338.909 335.689
44813.8 338.911 335.691
44812.8 339.227 336.004
44804.0 339.486 336.261
44803.8 339.487 336.262
44803.3 339.504 336.279
44802.0 339.841 336.613
44801.5 339.843 336.614
44801.4 339.857 336.628
44800.9 339.861 336.632
44791.5 339.920 336.691
44790.4 340.314 337.081
44789.2 340.317 337.084
44788.2 343.390 340.128
44785.9 343.392 340.130
44782.4 343.394 340.132
44774.8 343.941 340.674
44769.6 343.943 340.676
44742.2 344.169 340.899
44735.8 344.170 340.900
44733.4 344.765 341.490
44730.9 344.766 341.491
44726.0 345.432 342.150
44718.4 345.644 342.360
44713.8 345.645 342.361
44687.8 347.467 344.166
44684.3 347.469 344.168
44683.9 347.513 344.212
44682.2 347.654 344.351
44680.5 347.699 344.396
44680.3 348.624 345.312
44677.8 348.633 345.321
44673.9 348.716 345.403
44673.1 348.837 345.523
44672.9 349.026 345.710
44672.8 349.246 345.928
44671.9 349.249 345.931
44671.2 349.352 346.033
44670.4 350.411 347.082
44665.6 350.412 347.083
44665.2 398.336 394.552
44655.1 398.337 394.553
44654.6 398.920 395.130
44651.7 398.936 395.146
44644.4 399.145 395.353
44643.5 402.292 398.470
44643.3 402.447 398.624
44643.1 407.014 403.147
44632.1 407.259 403.390
44625.2 407.260 403.391
44623.7 407.302 403.433
44620.8 407.403 403.533
44620.6 407.599 403.727
44616.7 407.601 403.729
44616.3 407.724 403.851
44609.1 407.848 403.973
44609.0 407.906 404.031
44606.9 513.835 508.954
44606.8 513.837 508.956
44597.3 513.899 509.017
44592.4 513.997 509.114
44592.1 514.053 509.169
44591.5 514.147 509.263
44589.9 514.149 509.265
44568.7 514.197 509.312
44568.3 514.199 509.314
44567.4 546.817 541.622
44567.2 546.818 541.623
44567.0 548.274 543.065
44561.8 548.359 543.150
44561.1 548.384 543.174
44560.3 548.392 543.182
44558.6 548.394 543.184
44556.4 548.457 543.247
44542.7 548.648 543.436
44538.2 549.059 543.843
44538.1 549.404 544.185
44525.0 549.416 544.197
44522.5 549.551 544.330
44521.9 549.719 544.497
44521.4 550.316 545.088
44521.2 550.376 545.147
44519.7 550.790 545.557
44519.4 550.792 545.559
44519.0 551.254 546.017
44518.9 551.644 546.403
44518.7 551.647 546.406
44518.5 551.934 546.691
44517.0 552.045 546.801
44516.7 552.056 546.811
44515.8 565.770 560.395
44515.2 566.041 560.664
44513.8 566.191 560.812
44513.3 566.199 560.820
44512.4 606.974 601.208
44509.4 1040.890 1031.002
44509.0 1041.527 1031.632
44507.1 1042.427 1032.524
44504.3 1115.375 1104.779
44503.4 1181.310 1170.088
44502.8 1183.189 1171.949
44502.7 1707.894 1691.669
44502.5 1710.966 1694.712
44502.1 1711.623 1695.363
44499.6 1808.878 1791.694
44499.1 1809.948 1792.753
44497.8 1809.962 1792.767
44497.6 3525.081 3491.593
44495.9 3525.083 3491.595
44494.8 3525.139 3491.650
44493.7 3918.980 3881.750
44491.5 3918.981 3881.751
44489.6 3919.177 3881.945
44489.1 3919.178 3881.946
44488.4 3919.546 3882.310
44487.3 3923.437 3886.164
44480.7 3923.439 3886.166
44479.9 3923.557 3886.283
44478.9 3923.627 3886.353
44477.5 3924.427 3887.145
44474.8 3924.429 3887.147
44474.7 3924.611 3887.327
44474.1 4477.843 4435.303
44470.9 4478.181 4435.638
44469.2 4478.743 4436.195
44465.9 4478.878 4436.329
44465.4 4478.881 4436.332
44462.0 4482.498 4439.914
44461.8 4884.708 4838.303
44461.7 4886.925 4840.499
44457.9 4887.021 4840.594
44453.9 4887.024 4840.597
44453.0 4887.105 4840.678
44452.4 5377.532 5326.445
44448.9 5379.357 5328.253
44444.6 5380.703 5329.586
44443.6 5380.854 5329.736
Primal Integral: 1.4936690982
