12th DIMACS Implementation Challenge: Vehicle Routing
VRPTW track
Controller version: December 13, 2021
Competitor: HustSmart
Ubuntu 21.04
Intel(R) Xeon(R) CPU E5-2698 v3 @ 2.30GHz
hostid: 10916887366929678835
PassMark Single Thread Benchmark: 1981
Time factor: 0.99 (baseline 2000)
Instance: C1_6_3
Standardized Time limit: 3600 secs
Local Machine Time Limit: 3635 secs
Base solution: 15132.700
BKS: 13757.0
Optimal: 0
Mon 07 Feb 2022 06:36:58 PM CST
timestamp: 1644230218
Solution value, local machine time, standardized time
15091.6 0.739 0.732
15089.1 0.745 0.738
15085.4 0.747 0.740
15077.5 0.765 0.758
14986.7 0.766 0.759
14977.8 0.767 0.760
14974.1 0.768 0.761
14926.0 0.770 0.763
14919.7 0.771 0.764
14919.1 0.794 0.786
14865.5 0.795 0.787
14861.9 0.798 0.790
14859.4 0.810 0.802
14858.5 0.812 0.804
14856.4 0.815 0.807
14854.6 0.816 0.808
14851.0 0.821 0.813
14847.9 0.824 0.816
14846.0 0.839 0.831
14845.6 0.841 0.833
14841.5 0.850 0.842
14835.3 0.852 0.844
14834.1 0.854 0.846
14833.8 0.856 0.848
14830.5 0.859 0.851
14829.3 0.861 0.853
14828.4 0.874 0.866
14786.4 0.875 0.867
14785.9 0.886 0.878
14783.6 0.888 0.880
14781.9 0.890 0.882
14781.0 0.897 0.888
14776.9 0.898 0.889
14770.3 0.921 0.912
14743.4 0.964 0.955
14737.0 0.965 0.956
14736.5 0.967 0.958
14726.8 0.982 0.973
14723.2 0.983 0.974
14719.4 0.986 0.977
14719.0 0.988 0.979
14718.0 1.005 0.995
14716.9 1.008 0.998
14712.5 1.009 0.999
14647.7 1.016 1.006
14644.2 1.018 1.008
14643.9 1.051 1.041
14623.2 1.054 1.044
14608.1 1.055 1.045
14607.8 1.089 1.079
14601.5 1.090 1.080
14600.8 1.106 1.095
14596.5 1.129 1.118
14590.1 1.131 1.120
14589.5 1.132 1.121
14588.7 1.150 1.139
14588.1 1.165 1.154
14579.0 1.167 1.156
14578.8 1.177 1.166
14565.4 1.179 1.168
14563.1 1.294 1.282
14559.5 1.296 1.284
14558.2 1.306 1.294
14556.7 1.307 1.295
14556.0 1.310 1.298
14553.9 1.320 1.307
14542.1 1.321 1.308
14542.0 1.326 1.313
14521.5 1.329 1.316
14517.7 1.334 1.321
14515.5 1.335 1.322
14511.1 1.377 1.364
14507.4 1.379 1.366
14504.3 1.392 1.379
14500.8 1.470 1.456
14490.1 1.470 1.456
14414.6 1.491 1.477
14407.5 1.493 1.479
14404.0 1.499 1.485
14401.0 1.500 1.486
14400.9 1.503 1.489
14400.1 1.505 1.491
14394.9 1.506 1.492
14392.1 1.508 1.494
14391.0 1.510 1.496
14390.8 1.516 1.502
14363.6 1.518 1.504
14360.4 1.531 1.516
14358.4 1.533 1.518
14358.0 1.534 1.519
14340.2 1.536 1.521
14339.3 1.588 1.573
14338.3 1.594 1.579
14328.7 1.595 1.580
14328.6 1.612 1.597
14327.3 1.614 1.599
14326.9 1.675 1.659
14316.9 1.677 1.661
14311.9 1.737 1.720
14305.6 1.739 1.722
14299.5 1.741 1.724
14298.1 1.742 1.725
14296.8 1.883 1.865
14296.5 1.914 1.896
14293.6 2.007 1.988
14243.3 2.019 2.000
14232.4 2.029 2.010
14229.9 2.031 2.012
14228.9 2.032 2.013
14228.7 2.052 2.033
14226.6 2.058 2.038
14226.5 2.092 2.072
14225.3 2.094 2.074
14225.1 2.095 2.075
14160.0 2.097 2.077
14152.4 2.099 2.079
14152.1 2.122 2.102
14149.6 2.124 2.104
14149.0 2.126 2.106
14148.7 2.151 2.131
14146.1 2.153 2.133
14145.0 2.217 2.196
14144.0 2.220 2.199
14138.8 2.222 2.201
14138.3 2.230 2.209
14127.1 2.232 2.211
14125.4 2.236 2.215
14125.0 2.329 2.307
14124.6 2.444 2.421
14108.7 2.445 2.422
14093.0 2.488 2.464
14089.1 2.490 2.466
14085.7 2.491 2.467
14085.6 2.500 2.476
14084.4 2.501 2.477
14078.3 2.520 2.496
14077.6 2.522 2.498
14077.4 2.525 2.501
14077.2 2.530 2.506
14071.8 2.532 2.508
14067.7 2.539 2.515
14066.1 2.544 2.520
14065.1 2.774 2.748
14062.4 2.788 2.762
14062.1 2.842 2.815
14061.9 2.907 2.879
14061.3 3.008 2.979
14058.0 3.010 2.981
14057.4 3.044 3.015
13997.5 3.088 3.059
13993.4 3.090 3.061
13993.2 3.178 3.148
13992.9 3.180 3.150
13989.5 3.217 3.186
13984.1 3.219 3.188
13983.5 3.220 3.189
13983.2 3.222 3.191
13982.8 3.285 3.254
13981.7 3.307 3.276
13981.5 3.309 3.278
13981.3 3.355 3.323
13981.0 3.357 3.325
13979.6 3.530 3.496
13979.5 3.783 3.747
13979.3 3.806 3.770
13977.3 3.919 3.882
13975.5 3.921 3.884
13975.2 4.022 3.984
13975.0 4.037 3.999
13974.8 4.109 4.070
13974.7 4.139 4.100
13971.9 4.194 4.154
13971.0 4.378 4.336
13969.9 4.516 4.473
13969.2 4.575 4.532
13968.8 4.577 4.534
13968.6 4.599 4.555
13966.8 4.600 4.556
13966.7 4.621 4.577
13966.6 4.685 4.640
13958.1 4.765 4.720
13955.4 4.767 4.722
13954.9 4.773 4.728
13954.0 4.789 4.744
13951.2 4.790 4.744
13948.1 4.802 4.756
13927.9 4.803 4.757
13927.6 4.856 4.810
13926.0 5.062 5.014
13925.8 5.098 5.050
13925.4 5.105 5.057
13915.7 5.513 5.461
13913.6 5.514 5.462
13913.5 5.531 5.478
13912.6 5.541 5.488
13911.6 5.544 5.491
13911.5 5.682 5.628
13911.4 5.683 5.629
13910.0 5.735 5.681
13896.3 5.738 5.683
13887.8 5.766 5.711
13887.4 5.767 5.712
13887.0 5.884 5.828
13886.6 5.890 5.834
13886.3 5.932 5.876
13884.6 5.934 5.878
13881.0 6.008 5.951
13880.9 6.011 5.954
13880.4 6.157 6.099
13880.0 6.391 6.330
13879.4 6.393 6.332
13877.7 19.000 18.820
13874.9 19.002 18.821
13865.9 19.009 18.828
13865.8 19.011 18.830
13863.0 19.028 18.847
13862.5 19.030 18.849
13861.6 19.040 18.859
13861.2 19.043 18.862
13860.3 19.066 18.885
13854.6 19.068 18.887
13853.7 19.115 18.933
13853.6 19.206 19.024
13851.3 19.478 19.293
13851.0 19.598 19.412
13850.6 19.612 19.426
13849.7 19.614 19.428
13849.6 19.756 19.568
13848.5 19.821 19.633
13846.8 20.731 20.534
13845.1 36.904 36.553
13843.8 36.906 36.555
13843.5 36.940 36.589
13838.2 36.942 36.591
13835.6 36.945 36.594
13834.0 36.970 36.619
13831.0 36.971 36.620
13830.3 37.001 36.649
13828.7 37.097 36.745
13827.8 37.136 36.783
13827.5 37.155 36.802
13827.1 37.291 36.937
13824.8 37.317 36.962
13822.4 37.393 37.038
13820.5 37.394 37.039
13820.2 37.706 37.348
13819.2 38.193 37.830
13805.8 38.193 37.830
13805.5 38.371 38.006
13803.8 38.373 38.008
13803.5 38.397 38.032
13803.2 38.399 38.034
13801.4 38.409 38.044
13800.9 38.412 38.047
13797.9 38.603 38.236
13795.3 38.615 38.248
13794.8 38.664 38.297
13794.5 40.782 40.395
13794.2 40.816 40.428
13794.1 40.868 40.480
13793.7 40.909 40.520
13793.6 40.917 40.528
13793.5 40.937 40.548
13793.4 41.253 40.861
13793.1 41.414 41.021
13792.6 43.332 42.920
13789.9 43.334 42.922
13789.6 43.415 43.003
13788.2 43.447 43.034
13788.0 43.490 43.077
13786.9 43.501 43.088
13786.7 43.705 43.290
13785.4 43.723 43.308
13785.1 43.828 43.412
13784.9 43.873 43.456
13784.8 43.909 43.492
13783.6 44.180 43.760
13783.4 44.347 43.926
13783.1 44.351 43.930
13782.8 44.353 43.932
13782.6 44.592 44.168
13781.6 44.749 44.324
13781.3 44.770 44.345
13781.1 44.849 44.423
13781.0 45.054 44.626
13780.7 46.003 45.566
13780.4 46.051 45.614
13779.4 46.203 45.764
13777.0 64.789 64.174
13775.5 64.807 64.191
13775.4 64.809 64.193
13775.2 64.833 64.217
13775.0 64.843 64.227
13771.6 64.908 64.291
13771.4 64.911 64.294
13771.3 64.912 64.295
13771.2 64.995 64.378
13770.9 64.997 64.380
13769.6 65.003 64.385
13768.0 65.016 64.398
13767.7 65.030 64.412
13766.8 65.084 64.466
13766.5 65.087 64.469
13766.4 65.090 64.472
13765.7 65.105 64.487
13765.4 65.157 64.538
13765.3 65.158 64.539
13763.9 65.172 64.553
13762.7 65.185 64.566
13762.3 65.242 64.622
13761.7 65.260 64.640
13761.0 65.325 64.704
13760.7 65.414 64.793
13759.6 69.123 68.466
13759.5 147.331 145.931
13759.4 167.647 166.054
13758.9 169.473 167.863
13758.7 169.474 167.864
13758.6 170.515 168.895
13757.8 170.967 169.343
13757.7 173.877 172.225
13757.5 193.804 191.963
13757.4 211.880 209.867
13757.3 482.611 478.026
13757.0 517.693 512.775
Primal Integral: 0.0146537952
