12th DIMACS Implementation Challenge: Vehicle Routing
VRPTW track
Controller version: December 13, 2021
Competitor: HustSmart
Ubuntu 21.04
Intel(R) Xeon(R) CPU E5-2698 v3 @ 2.30GHz
hostid: 10916887366929678835
PassMark Single Thread Benchmark: 1981
Time factor: 0.99 (baseline 2000)
Instance: C107
Standardized Time limit: 1800 secs
Local Machine Time Limit: 1817 secs
Base solution: 910.030
BKS: 827.3
Optimal: 1
Wed 12 Jan 2022 01:12:38 AM CST
timestamp: 1641921158
Solution value, local machine time, standardized time
907.8 0.004 0.004
906.2 0.004 0.004
897.2 0.005 0.005
892.4 0.005 0.005
887.4 0.005 0.005
886.4 0.005 0.005
883.5 0.098 0.097
881.1 0.099 0.098
877.2 0.100 0.099
876.0 0.101 0.100
867.4 0.101 0.100
865.4 0.101 0.100
862.3 0.136 0.135
827.6 0.136 0.135
827.3 0.136 0.135
Primal Integral: 0.0004929301
