12th DIMACS Implementation Challenge: Vehicle Routing
VRPTW track
Controller version: December 13, 2021
Competitor: HustSmart
Ubuntu 21.04
Intel(R) Xeon(R) CPU E5-2698 v3 @ 2.30GHz
hostid: 10916887366929678835
PassMark Single Thread Benchmark: 1981
Time factor: 0.99 (baseline 2000)
Instance: R205
Standardized Time limit: 1800 secs
Local Machine Time Limit: 1817 secs
Base solution: 1044.780
BKS: 949.8
Optimal: 1
Wed 12 Jan 2022 01:13:05 AM CST
timestamp: 1641921185
Solution value, local machine time, standardized time
1041.8 6.604 6.541
1041.4 6.605 6.542
1040.0 6.605 6.542
1039.6 6.605 6.542
1036.3 6.605 6.542
1031.4 6.605 6.542
1017.0 6.605 6.542
1014.3 6.606 6.543
1012.9 6.606 6.543
1011.7 6.606 6.543
1011.6 6.606 6.543
1010.7 6.677 6.614
1010.6 6.677 6.614
1006.8 6.679 6.616
1005.1 6.872 6.807
1001.7 6.873 6.808
998.2 6.916 6.850
997.2 6.916 6.850
993.5 6.922 6.856
993.4 6.923 6.857
991.4 6.923 6.857
990.3 6.928 6.862
980.8 6.929 6.863
979.8 6.929 6.863
978.2 6.929 6.863
977.4 6.929 6.863
967.7 7.089 7.022
963.9 7.116 7.048
958.0 7.116 7.048
957.8 7.130 7.062
956.2 7.232 7.163
955.8 7.260 7.191
954.7 7.523 7.452
954.6 7.523 7.452
953.9 7.523 7.452
953.4 7.531 7.459
953.2 12.393 12.275
952.8 12.761 12.640
951.5 13.178 13.053
949.8 29.266 28.988
Primal Integral: 0.0405985517
