12th DIMACS Implementation Challenge: Vehicle Routing
VRPTW track
Controller version: December 13, 2021
Competitor: HustSmart
Ubuntu 21.04
Intel(R) Xeon(R) CPU E5-2698 v3 @ 2.30GHz
hostid: 10916887366929678835
PassMark Single Thread Benchmark: 1981
Time factor: 0.99 (baseline 2000)
Instance: R211
Standardized Time limit: 1800 secs
Local Machine Time Limit: 1817 secs
Base solution: 821.370
BKS: 746.7
Optimal: 1
Wed 12 Jan 2022 01:13:11 AM CST
timestamp: 1641921191
Solution value, local machine time, standardized time
819.9 23.204 22.984
819.0 23.264 23.043
818.9 23.264 23.043
818.6 23.264 23.043
818.5 23.264 23.043
813.7 23.264 23.043
806.7 23.264 23.043
806.1 23.285 23.064
804.9 23.501 23.278
804.4 23.501 23.278
803.8 23.501 23.278
803.2 23.501 23.278
802.4 23.502 23.279
802.0 23.502 23.279
799.0 23.504 23.281
794.2 23.536 23.312
792.6 23.710 23.485
789.9 23.710 23.485
787.6 23.710 23.485
785.7 23.710 23.485
784.4 23.845 23.618
784.1 23.889 23.662
783.3 23.919 23.692
781.0 23.919 23.692
776.5 23.920 23.693
776.3 23.920 23.693
773.6 23.920 23.693
773.4 23.920 23.693
771.3 23.920 23.693
768.3 23.920 23.693
766.4 23.920 23.693
766.3 23.921 23.694
766.2 24.099 23.870
766.1 24.101 23.872
761.9 24.101 23.872
761.1 24.819 24.583
760.2 25.487 25.245
759.7 28.926 28.651
759.3 52.916 52.413
759.0 52.916 52.413
757.4 52.948 52.445
757.2 54.092 53.578
756.8 54.093 53.579
752.6 56.370 55.834
751.6 62.917 62.319
750.7 99.793 98.845
749.8 150.103 148.677
746.7 152.373 150.925
Primal Integral: 0.1927062319
