12th DIMACS Implementation Challenge: Vehicle Routing
VRPTW track
Controller version: December 13, 2021
Competitor: HustSmart
Ubuntu 21.04
Intel(R) Xeon(R) CPU E5-2698 v3 @ 2.30GHz
hostid: 10916887366929678835
PassMark Single Thread Benchmark: 1981
Time factor: 0.99 (baseline 2000)
Instance: RC208
Standardized Time limit: 1800 secs
Local Machine Time Limit: 1817 secs
Base solution: 853.710
BKS: 776.1
Optimal: 1
Wed 12 Jan 2022 01:13:28 AM CST
timestamp: 1641921208
Solution value, local machine time, standardized time
852.2 8.654 8.572
852.1 8.654 8.572
850.2 8.655 8.573
848.3 8.655 8.573
848.0 8.656 8.574
847.4 8.687 8.604
846.6 8.688 8.605
845.7 8.829 8.745
843.4 8.829 8.745
843.0 8.829 8.745
841.2 8.829 8.745
838.0 8.830 8.746
837.0 8.830 8.746
835.3 8.831 8.747
830.6 9.057 8.971
827.4 9.057 8.971
824.6 9.057 8.971
824.4 9.057 8.971
820.2 9.058 8.972
818.3 9.058 8.972
813.4 9.107 9.020
812.5 9.157 9.070
811.2 9.158 9.071
809.2 9.158 9.071
808.1 9.158 9.071
807.2 9.159 9.072
806.0 9.159 9.072
804.8 9.159 9.072
799.0 9.392 9.303
797.8 9.392 9.303
796.6 9.393 9.304
795.7 9.732 9.640
795.0 9.837 9.744
794.1 9.939 9.845
793.7 9.939 9.845
792.5 10.154 10.058
791.6 10.168 10.071
790.5 11.291 11.184
786.6 11.291 11.184
782.4 36.699 36.350
781.9 42.321 41.919
781.2 42.379 41.976
780.8 56.848 56.308
779.6 56.852 56.312
776.6 59.923 59.354
776.5 59.926 59.357
776.1 305.390 302.489
Primal Integral: 0.0869221693
