12th DIMACS Implementation Challenge: Vehicle Routing
VRPTW track
Controller version: December 13, 2021
Competitor: HustSmart
Ubuntu 21.04
Intel(R) Xeon(R) CPU E5-2698 v3 @ 2.30GHz
hostid: 10916887366929678835
PassMark Single Thread Benchmark: 1981
Time factor: 0.99 (baseline 2000)
Instance: R1_6_2
Standardized Time limit: 3600 secs
Local Machine Time Limit: 3635 secs
Base solution: 20428.870
BKS: 18571.7
Optimal: 0
Wed 12 Jan 2022 03:49:23 AM CST
timestamp: 1641930563
Solution value, local machine time, standardized time
20423.9 22.793 22.576
20416.4 22.797 22.580
20396.3 22.813 22.596
20388.9 22.816 22.599
20381.0 22.824 22.607
20362.9 24.048 23.820
20362.6 24.049 23.821
20353.3 24.050 23.822
20352.6 24.050 23.822
20352.3 24.051 23.823
20344.1 24.052 23.824
20337.0 24.817 24.581
20326.8 24.818 24.582
20323.7 24.819 24.583
20323.1 24.820 24.584
20322.5 24.820 24.584
20304.8 24.821 24.585
20273.8 24.822 24.586
20248.9 24.822 24.586
20248.8 24.823 24.587
20248.5 24.824 24.588
20248.1 24.824 24.588
20247.8 24.825 24.589
20247.7 24.831 24.595
20237.5 25.085 24.847
20237.1 25.086 24.848
20229.6 25.087 24.849
20225.2 25.087 24.849
20225.1 25.088 24.850
20198.2 25.089 24.851
20182.1 25.089 24.851
20180.2 25.090 24.852
20174.5 25.091 24.853
20171.3 25.092 24.854
20170.3 25.092 24.854
20144.4 25.093 24.855
20131.0 25.094 24.856
20127.8 25.095 24.857
20117.6 25.095 24.857
20117.5 25.096 24.858
20116.1 25.097 24.859
20109.7 25.097 24.859
20105.8 25.098 24.860
20104.2 25.099 24.861
20104.0 25.100 24.862
20092.9 25.657 25.413
20091.4 25.658 25.414
20085.1 25.659 25.415
20083.7 25.660 25.416
20083.4 25.660 25.416
20082.3 25.661 25.417
20081.3 25.702 25.458
20071.8 25.703 25.459
20065.3 25.703 25.459
20061.6 25.704 25.460
20061.5 25.705 25.461
20059.8 25.705 25.461
20053.8 25.706 25.462
20050.5 26.673 26.420
20048.4 26.720 26.466
20045.9 26.721 26.467
20037.7 26.736 26.482
20037.6 26.737 26.483
20035.9 26.738 26.484
20034.3 26.738 26.484
20032.1 26.739 26.485
20029.2 26.740 26.486
20026.0 26.741 26.487
20023.6 26.741 26.487
20013.5 26.835 26.580
20005.7 26.836 26.581
20005.3 26.837 26.582
20000.3 26.838 26.583
19998.2 27.396 27.136
19997.8 27.398 27.138
19994.5 27.399 27.139
19963.8 27.401 27.141
19961.9 27.770 27.506
19960.8 27.771 27.507
19949.1 27.772 27.508
19947.5 27.789 27.525
19945.2 27.789 27.525
19930.5 27.790 27.526
19929.2 27.791 27.527
19927.9 27.792 27.528
19927.2 27.792 27.528
19927.1 27.797 27.533
19925.6 27.799 27.535
19925.0 27.988 27.722
19921.1 27.991 27.725
19918.4 27.992 27.726
19912.7 28.292 28.023
19907.6 28.293 28.024
19907.3 28.293 28.024
19903.8 28.691 28.418
19900.3 29.428 29.148
19892.7 29.487 29.207
19885.3 29.487 29.207
19885.1 29.489 29.209
19878.4 29.547 29.266
19864.1 29.548 29.267
19863.5 29.549 29.268
19849.1 29.549 29.268
19846.6 29.550 29.269
19846.3 29.551 29.270
19842.0 29.551 29.270
19825.0 29.552 29.271
19823.0 29.553 29.272
19816.8 30.177 29.890
19807.8 30.178 29.891
19801.0 30.525 30.235
19799.2 30.526 30.236
19798.8 30.527 30.237
19797.4 30.527 30.237
19794.9 30.528 30.238
19793.8 30.529 30.239
19788.1 30.568 30.278
19783.4 30.569 30.279
19781.7 30.570 30.280
19772.7 30.571 30.281
19772.5 30.572 30.282
19772.3 30.574 30.284
19772.1 31.243 30.946
19769.8 31.244 30.947
19769.6 31.245 30.948
19767.3 31.247 30.950
19760.8 31.313 31.016
19759.3 31.313 31.016
19759.1 31.474 31.175
19753.1 31.475 31.176
19751.3 31.476 31.177
19750.4 31.477 31.178
19746.3 31.495 31.196
19737.1 31.496 31.197
19736.4 31.496 31.197
19735.8 31.497 31.198
19735.0 31.498 31.199
19734.6 31.498 31.199
19732.4 31.499 31.200
19731.4 31.500 31.201
19730.9 31.501 31.202
19727.8 31.501 31.202
19721.4 31.747 31.445
19719.0 31.748 31.446
19718.4 31.825 31.523
19706.6 31.826 31.524
19704.1 31.827 31.525
19699.7 31.828 31.526
19698.4 31.828 31.526
19695.3 32.521 32.212
19693.5 32.522 32.213
19687.9 32.734 32.423
19687.5 32.735 32.424
19685.6 32.786 32.475
19685.5 33.263 32.947
19677.3 33.265 32.949
19676.8 33.265 32.949
19653.4 33.266 32.950
19648.7 33.267 32.951
19647.5 33.268 32.952
19641.5 33.901 33.579
19640.6 34.248 33.923
19640.3 34.249 33.924
19634.2 34.251 33.926
19634.1 34.253 33.928
19631.8 34.254 33.929
19631.3 34.255 33.930
19630.9 34.256 33.931
19627.9 34.257 33.932
19623.9 34.260 33.935
19623.7 34.261 33.936
19623.6 34.270 33.944
19623.3 34.273 33.947
19623.2 34.275 33.949
19621.1 34.430 34.103
19620.8 34.431 34.104
19619.3 34.432 34.105
19610.1 34.599 34.270
19608.9 34.600 34.271
19608.3 34.601 34.272
19605.6 34.631 34.302
19602.0 34.632 34.303
19598.5 34.651 34.322
19582.6 34.652 34.323
19581.1 34.653 34.324
19580.3 34.653 34.324
19579.6 34.654 34.325
19578.1 34.655 34.326
19577.2 34.656 34.327
19571.8 35.059 34.726
19570.7 35.063 34.730
19570.6 35.064 34.731
19569.5 35.067 34.734
19566.4 35.570 35.232
19565.7 35.571 35.233
19564.7 35.574 35.236
19563.5 35.575 35.237
19563.2 35.576 35.238
19548.4 35.593 35.255
19548.2 35.593 35.255
19538.6 35.827 35.487
19518.2 35.862 35.521
19509.9 36.095 35.752
19509.2 36.101 35.758
19498.1 36.106 35.763
19491.8 36.106 35.763
19491.3 36.107 35.764
19490.1 36.108 35.765
19489.7 36.109 35.766
19488.3 36.720 36.371
19488.1 36.721 36.372
19481.1 36.725 36.376
19480.9 36.726 36.377
19480.7 36.727 36.378
19479.7 36.728 36.379
19478.0 36.728 36.379
19468.0 36.729 36.380
19467.0 36.901 36.550
19451.8 36.912 36.561
19447.0 36.913 36.562
19443.2 36.913 36.562
19442.4 36.914 36.563
19438.2 36.915 36.564
19437.9 37.179 36.826
19437.3 37.180 36.827
19432.0 37.181 36.828
19429.8 37.182 36.829
19427.3 37.192 36.839
19424.6 37.193 36.840
19423.9 37.194 36.841
19423.8 37.195 36.842
19421.9 37.195 36.842
19415.6 37.196 36.843
19414.1 37.197 36.844
19412.5 37.198 36.845
19412.1 37.490 37.134
19406.6 37.491 37.135
19404.0 37.492 37.136
19399.5 37.493 37.137
19398.7 37.494 37.138
19397.0 37.494 37.138
19395.2 37.495 37.139
19394.4 37.496 37.140
19393.3 37.497 37.141
19391.5 37.592 37.235
19386.3 37.592 37.235
19380.1 37.593 37.236
19379.5 37.594 37.237
19379.3 37.595 37.238
19372.4 37.595 37.238
19369.5 37.596 37.239
19369.2 37.597 37.240
19369.1 37.598 37.241
19359.9 37.926 37.566
19355.7 38.257 37.894
19350.6 38.258 37.895
19350.5 38.259 37.896
19349.9 38.259 37.896
19343.8 38.688 38.320
19341.2 38.711 38.343
19339.9 38.712 38.344
19329.7 38.712 38.344
19327.7 38.713 38.345
19325.0 38.952 38.582
19322.0 38.957 38.587
19314.5 38.958 38.588
19311.8 39.096 38.725
19308.5 39.144 38.772
19308.0 39.244 38.871
19291.6 39.268 38.895
19289.6 39.268 38.895
19289.3 39.269 38.896
19288.8 39.270 38.897
19288.7 39.271 38.898
19288.6 39.461 39.086
19288.5 39.502 39.127
19286.2 39.503 39.128
19286.1 39.505 39.130
19285.5 39.505 39.130
19280.4 39.877 39.498
19276.6 40.143 39.762
19276.2 40.144 39.763
19268.6 40.176 39.794
19268.5 40.177 39.795
19267.8 40.178 39.796
19266.8 40.550 40.165
19265.1 40.551 40.166
19263.2 40.552 40.167
19262.0 40.876 40.488
19259.8 40.877 40.489
19258.4 40.878 40.490
19258.3 41.331 40.938
19250.2 41.334 40.941
19249.0 41.335 40.942
19247.8 41.946 41.548
19247.1 41.947 41.549
19246.0 42.084 41.684
19245.8 42.411 42.008
19244.8 42.443 42.040
19243.3 42.443 42.040
19234.7 42.444 42.041
19234.2 42.705 42.299
19232.3 42.705 42.299
19230.5 42.706 42.300
19229.5 42.707 42.301
19227.9 42.789 42.383
19227.7 42.790 42.383
19225.5 42.938 42.530
19224.4 42.940 42.532
19223.1 42.940 42.532
19219.5 42.941 42.533
19217.7 43.163 42.753
19213.9 43.482 43.069
19210.8 43.513 43.100
19210.3 43.548 43.134
19210.1 43.549 43.135
19209.7 43.874 43.457
19207.0 43.876 43.459
19206.8 43.877 43.460
19206.6 44.221 43.801
19201.4 44.324 43.903
19197.9 44.492 44.069
19190.3 44.878 44.452
19188.9 44.997 44.570
19188.0 45.164 44.735
19166.6 45.445 45.013
19165.4 45.446 45.014
19159.8 45.495 45.063
19159.2 45.496 45.064
19157.1 45.496 45.064
19153.9 45.497 45.065
19153.0 45.498 45.066
19148.8 46.173 45.734
19148.4 46.513 46.071
19146.3 46.514 46.072
19145.0 46.514 46.072
19144.8 46.515 46.073
19144.7 46.516 46.074
19142.1 46.517 46.075
19135.7 46.679 46.236
19134.4 46.679 46.236
19134.1 46.680 46.237
19133.4 47.263 46.814
19132.2 48.345 47.886
19131.9 48.360 47.901
19115.1 48.363 47.904
19114.5 48.609 48.147
19113.6 48.704 48.241
19113.4 48.705 48.242
19111.6 49.093 48.627
19110.4 49.095 48.629
19109.8 49.351 48.882
19107.3 49.352 48.883
19105.6 49.353 48.884
19093.8 49.354 48.885
19090.0 49.354 48.885
19082.7 49.752 49.279
19082.5 49.753 49.280
19079.8 49.753 49.280
19078.6 50.542 50.062
19077.2 51.147 50.661
19077.1 51.148 50.662
19076.8 51.149 50.663
19076.6 51.150 50.664
19074.8 51.200 50.714
19074.6 51.201 50.715
19068.3 51.902 51.409
19067.7 51.903 51.410
19067.5 51.904 51.411
19061.9 51.905 51.412
19061.6 52.290 51.793
19061.5 52.364 51.867
19061.2 52.818 52.316
19059.7 52.879 52.377
19059.4 52.880 52.378
19059.1 53.554 53.045
19054.2 55.099 54.576
19052.5 57.326 56.781
19052.4 57.326 56.781
19052.1 57.328 56.783
19052.0 57.329 56.784
19045.1 57.618 57.071
19039.7 58.173 57.620
19039.2 59.492 58.927
19038.4 59.964 59.394
19034.3 59.966 59.396
19033.9 59.969 59.399
19033.5 59.971 59.401
19033.4 60.811 60.233
19033.2 60.811 60.233
19033.1 60.812 60.234
19033.0 60.813 60.235
19032.2 61.266 60.684
19029.6 61.792 61.205
19025.8 62.340 61.748
19025.4 62.341 61.749
19022.3 62.341 61.749
19020.6 62.622 62.027
19020.4 62.623 62.028
19019.4 63.434 62.831
19019.0 63.435 62.832
19017.6 63.435 62.832
19015.3 64.003 63.395
19009.1 64.071 63.462
19003.9 65.202 64.583
19001.5 65.648 65.024
18998.6 67.135 66.497
18996.9 67.416 66.776
18995.1 67.417 66.777
18994.9 67.987 67.341
18994.5 68.856 68.202
18993.8 69.260 68.602
18987.3 69.784 69.121
18976.0 70.716 70.044
18975.9 71.247 70.570
18975.7 71.247 70.570
18975.4 74.051 73.348
18975.3 74.052 73.349
18975.2 77.036 76.304
18975.0 78.759 78.011
18972.7 78.760 78.012
18972.6 78.761 78.013
18970.7 81.810 81.033
18970.0 82.444 81.661
18969.0 82.445 81.662
18968.8 82.503 81.719
18967.2 85.490 84.678
18964.8 85.491 84.679
18963.7 88.370 87.530
18956.2 88.457 87.617
18956.0 88.458 87.618
18954.4 88.458 87.618
18951.3 88.459 87.619
18947.7 88.460 87.620
18947.4 88.908 88.063
18947.2 89.447 88.597
18947.1 91.657 90.786
18946.7 93.187 92.302
18946.4 94.069 93.175
18941.5 95.365 94.459
18939.2 96.007 95.095
18938.9 96.008 95.096
18938.0 97.147 96.224
18937.0 97.973 97.042
18936.9 97.974 97.043
18936.7 97.976 97.045
18934.2 98.180 97.247
18932.6 98.181 97.248
18932.4 98.182 97.249
18931.3 98.183 97.250
18931.2 98.184 97.251
18931.0 98.185 97.252
18930.9 98.186 97.253
18928.8 98.782 97.844
18926.8 98.895 97.955
18925.7 100.831 99.873
18921.5 103.392 102.410
18921.3 108.413 107.383
18916.5 116.608 115.500
18916.3 116.613 115.505
18915.8 124.895 123.708
18899.9 137.496 136.190
18898.6 137.518 136.212
18898.4 137.519 136.213
18894.9 137.519 136.213
18891.7 137.520 136.214
18889.8 137.521 136.215
18889.7 148.662 147.250
18889.6 148.663 147.251
18888.9 243.303 240.992
18886.6 243.320 241.008
18886.2 243.321 241.009
18886.1 265.764 263.239
18884.7 270.147 267.581
18869.9 327.533 324.421
18869.2 327.881 324.766
18867.9 327.883 324.768
18867.3 327.883 324.768
18864.8 328.649 325.527
18864.4 328.649 325.527
18863.8 329.174 326.047
18863.5 329.644 326.512
18860.1 329.644 326.512
18858.7 329.878 326.744
18857.8 330.195 327.058
18856.9 330.196 327.059
18852.6 330.212 327.075
18850.7 359.638 356.221
18848.0 360.182 356.760
18846.3 360.250 356.828
18845.7 360.251 356.829
18842.4 360.252 356.830
18841.9 360.682 357.256
18837.4 360.801 357.373
18836.8 361.218 357.786
18835.8 361.768 358.331
18833.2 362.397 358.954
18832.8 362.398 358.955
18826.8 364.765 361.300
18826.1 364.766 361.301
18821.3 365.107 361.638
18820.1 365.187 361.718
18819.0 365.188 361.719
18817.5 365.546 362.073
18815.8 366.412 362.931
18811.7 368.016 364.520
18811.3 370.254 366.737
18810.2 370.255 366.738
18809.6 371.060 367.535
18806.8 371.440 367.911
18806.4 371.441 367.912
18804.8 371.442 367.913
18803.0 379.191 375.589
18797.7 395.376 391.620
18795.8 395.836 392.076
18787.5 397.224 393.450
18786.3 397.724 393.946
18782.4 398.196 394.413
18779.3 398.713 394.925
18778.3 399.073 395.282
18775.3 399.654 395.857
18770.2 399.674 395.877
18770.1 401.854 398.036
18770.0 401.855 398.037
18769.2 401.856 398.038
18769.1 401.857 398.039
18766.3 402.304 398.482
18765.7 402.304 398.482
18760.3 402.741 398.915
18755.9 402.741 398.915
18755.5 404.535 400.692
18754.7 404.869 401.023
18748.0 404.870 401.024
18746.3 413.424 409.496
18746.2 482.724 478.138
18744.9 482.766 478.180
18744.5 731.055 724.110
18742.9 731.162 724.216
18737.6 732.059 725.104
18736.7 732.675 725.715
18736.0 733.301 726.335
18735.8 733.302 726.336
18735.1 734.634 727.655
18734.9 740.625 733.589
18734.1 740.670 733.634
18730.3 742.569 735.515
18728.6 749.217 742.099
18728.4 769.475 762.165
18725.5 775.456 768.089
18724.8 792.995 785.462
18723.0 793.198 785.663
18722.6 797.610 790.033
18715.6 911.886 903.223
18714.0 913.393 904.716
18713.9 913.394 904.717
18713.2 913.395 904.718
18713.1 913.397 904.720
18712.9 913.398 904.721
18712.5 913.400 904.723
18712.4 913.401 904.724
18712.1 913.402 904.725
18709.8 913.485 904.807
18708.4 940.497 931.562
18707.2 940.994 932.055
18698.3 941.205 932.264
18696.4 941.525 932.581
18693.0 941.898 932.950
18685.9 941.899 932.951
18682.3 941.901 932.953
18680.3 942.068 933.118
18679.8 942.797 933.840
18672.5 948.414 939.404
18671.7 949.624 940.603
18670.2 1023.250 1013.529
18669.9 1023.780 1014.054
18669.8 1023.782 1014.056
18665.8 1023.798 1014.072
18665.7 1023.798 1014.072
18664.9 1023.799 1014.073
18663.9 1024.384 1014.652
18660.2 1025.999 1016.252
18659.4 1028.578 1018.807
18657.5 1028.704 1018.931
18657.4 1029.714 1019.932
18657.3 1031.073 1021.278
18655.8 1032.080 1022.275
18653.9 1056.716 1046.677
18653.8 1086.437 1076.116
18649.9 1109.783 1099.240
18647.2 1113.833 1103.252
18645.9 1113.834 1103.253
18640.2 1114.399 1103.812
18639.9 1114.401 1103.814
18637.5 1115.668 1105.069
18636.3 1115.671 1105.072
18636.1 1117.040 1106.428
18634.7 1119.300 1108.667
18634.6 1121.123 1110.472
18634.3 1122.818 1112.151
18634.2 1124.117 1113.438
18634.1 1124.118 1113.439
18633.7 1124.909 1114.222
18633.5 1127.380 1116.670
18631.8 1127.380 1116.670
18631.7 1127.381 1116.671
18629.7 1131.143 1120.397
18629.5 1165.897 1154.821
18627.0 1166.889 1155.804
18619.5 1281.148 1268.977
18619.4 1496.419 1482.203
18618.0 1496.420 1482.204
18617.6 1497.418 1483.193
18617.0 1516.408 1502.002
18614.8 1809.110 1791.923
18613.1 1908.398 1890.268
18613.0 1908.399 1890.269
18612.9 1908.400 1890.270
18612.5 1960.625 1941.999
18610.0 1961.198 1942.567
18609.6 1966.096 1947.418
18607.9 1968.745 1950.042
18605.4 1968.747 1950.044
18605.2 1971.942 1953.209
18604.6 1972.071 1953.336
18603.3 1972.408 1953.670
18602.7 1972.738 1953.997
18598.8 2015.944 1996.793
18595.4 2016.142 1996.989
18593.6 2045.132 2025.703
18592.8 2121.211 2101.059
18592.7 2139.685 2119.358
18590.2 2141.144 2120.803
18587.9 2141.196 2120.855
18587.8 2141.197 2120.856
18585.9 2142.036 2121.687
18584.0 2142.303 2121.951
18583.6 2170.985 2150.361
18582.8 2172.124 2151.489
Primal Integral: 0.5163235417
