12th DIMACS Implementation Challenge: Vehicle Routing
VRPTW track
Controller version: December 13, 2021
Competitor: HustSmart
Ubuntu 21.04
Intel(R) Xeon(R) CPU E5-2698 v3 @ 2.30GHz
hostid: 10916887366929678835
PassMark Single Thread Benchmark: 1981
Time factor: 0.99 (baseline 2000)
Instance: R201
Standardized Time limit: 1800 secs
Local Machine Time Limit: 1817 secs
Base solution: 1257.520
BKS: 1143.2
Optimal: 1
Wed 12 Jan 2022 01:13:01 AM CST
timestamp: 1641921181
Solution value, local machine time, standardized time
1253.3 0.016 0.016
1248.9 4.539 4.496
1242.1 4.540 4.497
1239.6 4.540 4.497
1230.4 4.542 4.499
1224.5 4.547 4.504
1220.5 4.548 4.505
1220.1 4.548 4.505
1219.7 4.548 4.505
1205.5 4.695 4.650
1204.8 4.695 4.650
1201.7 4.730 4.685
1199.5 4.787 4.742
1194.2 4.930 4.883
1190.2 4.943 4.896
1181.7 5.066 5.018
1179.4 5.088 5.040
1174.0 5.648 5.594
1171.7 6.353 6.293
1171.2 11.155 11.049
1170.6 11.162 11.056
1169.3 11.401 11.293
1167.8 11.402 11.294
1163.7 11.780 11.668
1163.2 12.404 12.286
1160.1 12.471 12.353
1157.8 12.527 12.408
1155.8 12.528 12.409
1153.2 14.473 14.336
1152.7 14.481 14.343
1152.4 14.481 14.343
1148.1 15.117 14.973
1146.5 15.352 15.206
1146.2 15.361 15.215
1145.5 17.447 17.281
1143.5 17.447 17.281
1143.2 187.098 185.321
Primal Integral: 0.0400233856
