12th DIMACS Implementation Challenge: Vehicle Routing
VRPTW track
Controller version: December 13, 2021
Competitor: HustSmart
Ubuntu 21.04
Intel(R) Xeon(R) CPU E5-2698 v3 @ 2.30GHz
hostid: 10916887366929678835
PassMark Single Thread Benchmark: 1981
Time factor: 0.99 (baseline 2000)
Instance: C203
Standardized Time limit: 1800 secs
Local Machine Time Limit: 1817 secs
Base solution: 647.570
BKS: 588.7
Optimal: 1
Wed 12 Jan 2022 01:12:43 AM CST
timestamp: 1641921163
Solution value, local machine time, standardized time
637.9 0.016 0.016
631.2 0.017 0.017
628.4 0.017 0.017
627.3 0.017 0.017
626.9 0.017 0.017
616.0 0.017 0.017
613.0 0.017 0.017
605.0 0.017 0.017
603.7 0.026 0.026
602.3 0.026 0.026
598.1 0.026 0.026
597.7 0.026 0.026
588.7 1.087 1.077
Primal Integral: 0.0010000208
