12th DIMACS Implementation Challenge: Vehicle Routing
VRPTW track
Controller version: December 13, 2021
Competitor: HustSmart
Ubuntu 21.04
Intel(R) Xeon(R) CPU E5-2698 v3 @ 2.30GHz
hostid: 10916887366929678835
PassMark Single Thread Benchmark: 1981
Time factor: 0.99 (baseline 2000)
Instance: C104
Standardized Time limit: 1800 secs
Local Machine Time Limit: 1817 secs
Base solution: 905.190
BKS: 822.9
Optimal: 1
Wed 12 Jan 2022 01:12:35 AM CST
timestamp: 1641921155
Solution value, local machine time, standardized time
905.0 0.016 0.016
904.0 0.020 0.020
883.1 0.046 0.046
880.8 0.055 0.054
878.9 0.057 0.056
877.9 0.059 0.058
872.5 0.178 0.176
869.0 0.178 0.176
863.7 0.189 0.187
862.3 0.189 0.187
861.0 0.189 0.187
859.9 0.189 0.187
857.0 0.189 0.187
854.6 0.189 0.187
849.5 0.190 0.188
847.3 0.190 0.188
845.9 0.190 0.188
844.8 0.190 0.188
843.9 0.190 0.188
842.1 0.190 0.188
841.9 0.190 0.188
841.4 0.190 0.188
841.3 0.190 0.188
840.4 0.191 0.189
838.4 0.198 0.196
837.4 0.285 0.282
836.5 0.285 0.282
827.6 0.287 0.284
826.7 0.287 0.284
825.9 0.287 0.284
824.8 0.287 0.284
823.9 0.334 0.331
822.9 0.355 0.352
Primal Integral: 0.0008846248
