12th DIMACS Implementation Challenge: Vehicle Routing
VRPTW track
Controller version: December 13, 2021
Competitor: HustSmart
Ubuntu 21.04
Intel(R) Xeon(R) CPU E5-2698 v3 @ 2.30GHz
hostid: 10916887366929678835
PassMark Single Thread Benchmark: 1981
Time factor: 0.99 (baseline 2000)
Instance: R206
Standardized Time limit: 1800 secs
Local Machine Time Limit: 1817 secs
Base solution: 963.490
BKS: 875.9
Optimal: 1
Wed 12 Jan 2022 01:13:06 AM CST
timestamp: 1641921186
Solution value, local machine time, standardized time
963.1 6.970 6.904
961.5 6.971 6.905
960.8 6.971 6.905
958.2 6.971 6.905
953.3 6.971 6.905
951.2 6.972 6.906
949.0 7.138 7.070
948.9 7.138 7.070
946.3 7.138 7.070
940.1 7.138 7.070
939.4 7.139 7.071
938.0 7.155 7.087
936.8 7.223 7.154
934.4 7.223 7.154
926.8 7.368 7.298
926.2 7.368 7.298
922.5 7.368 7.298
920.1 7.368 7.298
919.4 7.369 7.299
916.1 7.369 7.299
907.1 7.514 7.443
906.9 7.515 7.444
906.4 7.515 7.444
906.1 7.515 7.444
903.3 7.515 7.444
899.8 7.515 7.444
898.9 7.614 7.542
897.5 7.737 7.663
897.2 7.744 7.670
895.0 7.744 7.670
894.0 7.744 7.670
889.6 7.744 7.670
889.5 7.744 7.670
887.9 7.824 7.750
882.5 7.893 7.818
881.0 8.281 8.202
880.6 16.375 16.219
875.9 16.375 16.219
Primal Integral: 0.0435974274
