12th DIMACS Implementation Challenge: Vehicle Routing
VRPTW track
Controller version: December 13, 2021
Competitor: HustSmart
Ubuntu 21.04
Intel(R) Xeon(R) CPU E5-2698 v3 @ 2.30GHz
hostid: 10916887366929678835
PassMark Single Thread Benchmark: 1981
Time factor: 0.99 (baseline 2000)
Instance: R109
Standardized Time limit: 1800 secs
Local Machine Time Limit: 1817 secs
Base solution: 1261.590
BKS: 1146.9
Optimal: 1
Wed 12 Jan 2022 01:12:57 AM CST
timestamp: 1641921177
Solution value, local machine time, standardized time
1252.2 1.714 1.698
1250.3 1.742 1.725
1249.9 1.743 1.726
1246.2 1.743 1.726
1245.8 1.743 1.726
1244.5 1.743 1.726
1239.9 1.743 1.726
1232.9 1.744 1.727
1231.7 1.744 1.727
1223.9 1.744 1.727
1221.5 1.744 1.727
1219.1 1.744 1.727
1217.6 1.744 1.727
1216.0 1.744 1.727
1212.8 1.745 1.728
1209.4 1.745 1.728
1209.2 1.745 1.728
1208.3 1.745 1.728
1206.4 1.745 1.728
1201.2 1.805 1.788
1200.6 1.805 1.788
1199.7 1.805 1.788
1199.0 1.805 1.788
1198.5 1.805 1.788
1195.2 1.806 1.789
1191.1 1.850 1.832
1189.6 1.890 1.872
1185.8 1.890 1.872
1185.0 1.984 1.965
1180.9 2.023 2.004
1180.2 2.122 2.102
1179.8 2.122 2.102
1179.1 2.180 2.159
1178.1 2.180 2.159
1169.5 2.182 2.161
1167.4 2.182 2.161
1163.9 2.191 2.170
1158.4 2.289 2.267
1153.0 2.512 2.488
1151.5 2.512 2.488
1149.6 2.874 2.847
1148.3 14.020 13.887
1147.5 15.254 15.109
1146.9 54.113 53.599
Primal Integral: 0.0133854167
