12th DIMACS Implementation Challenge: Vehicle Routing
VRPTW track
Controller version: December 13, 2021
Competitor: HustSmart
Ubuntu 21.04
Intel(R) Xeon(R) CPU E5-2698 v3 @ 2.30GHz
hostid: 10916887366929678835
PassMark Single Thread Benchmark: 1981
Time factor: 0.99 (baseline 2000)
Instance: R208
Standardized Time limit: 1800 secs
Local Machine Time Limit: 1817 secs
Base solution: 771.100
BKS: 701.0
Optimal: 1
Wed 12 Jan 2022 01:13:08 AM CST
timestamp: 1641921188
Solution value, local machine time, standardized time
770.9 0.010 0.010
768.3 0.011 0.011
767.7 0.011 0.011
765.9 0.012 0.012
762.4 0.013 0.013
762.3 0.014 0.014
759.3 0.015 0.015
755.6 0.015 0.015
750.3 0.015 0.015
749.5 0.255 0.253
749.0 0.255 0.253
747.3 0.272 0.269
745.8 0.321 0.318
743.4 0.321 0.318
742.3 0.321 0.318
739.5 0.322 0.319
737.4 0.322 0.319
737.1 0.322 0.319
737.0 0.322 0.319
736.9 0.322 0.319
736.6 0.322 0.319
734.9 0.323 0.320
733.4 0.323 0.320
731.6 0.323 0.320
731.5 0.507 0.502
730.2 0.510 0.505
729.2 0.510 0.505
727.4 0.640 0.634
727.2 0.641 0.635
726.4 0.656 0.650
722.6 0.676 0.670
716.1 0.676 0.670
715.8 1.706 1.690
715.5 1.706 1.690
713.6 2.009 1.990
707.9 2.206 2.185
707.8 2.207 2.186
706.5 3.550 3.516
705.7 5.267 5.217
704.3 5.271 5.221
704.1 5.271 5.221
703.6 6.992 6.926
701.9 7.250 7.181
701.0 7.861 7.786
Primal Integral: 0.0058032414
