12th DIMACS Implementation Challenge: Vehicle Routing
VRPTW track
Controller version: December 13, 2021
Competitor: HustSmart
Ubuntu 21.04
Intel(R) Xeon(R) CPU E5-2698 v3 @ 2.30GHz
hostid: 10916887366929678835
PassMark Single Thread Benchmark: 1981
Time factor: 0.99 (baseline 2000)
Instance: RC1_4_2
Standardized Time limit: 3600 secs
Local Machine Time Limit: 3635 secs
Base solution: 8673.390
BKS: 7884.9
Optimal: 0
Wed 12 Jan 2022 02:43:51 AM CST
timestamp: 1641926631
Solution value, local machine time, standardized time
8672.2 7.084 7.017
8662.3 7.084 7.017
8658.0 7.086 7.019
8652.6 7.086 7.019
8651.0 7.133 7.065
8638.8 7.134 7.066
8629.5 7.143 7.075
8628.7 7.143 7.075
8608.6 7.144 7.076
8607.3 7.144 7.076
8606.2 7.145 7.077
8605.9 7.145 7.077
8604.2 7.146 7.078
8602.9 7.146 7.078
8601.7 7.147 7.079
8600.2 7.147 7.079
8599.8 7.147 7.079
8597.9 7.148 7.080
8590.7 7.149 7.081
8590.4 7.153 7.085
8585.0 7.154 7.086
8584.8 7.155 7.087
8573.6 7.517 7.446
8570.9 7.517 7.446
8570.8 7.518 7.447
8568.5 7.518 7.447
8562.3 7.519 7.448
8562.1 7.519 7.448
8562.0 7.520 7.449
8554.0 7.968 7.892
8553.1 7.969 7.893
8548.9 7.979 7.903
8542.4 7.990 7.914
8524.8 7.991 7.915
8524.1 7.991 7.915
8523.7 7.992 7.916
8522.9 7.992 7.916
8521.2 7.993 7.917
8519.0 8.021 7.945
8518.7 8.021 7.945
8518.3 8.023 7.947
8517.7 8.023 7.947
8515.3 8.024 7.948
8512.6 8.171 8.093
8511.2 8.171 8.093
8506.6 8.172 8.094
8503.9 8.172 8.094
8501.0 8.261 8.183
8495.3 8.262 8.184
8474.5 8.262 8.184
8467.9 8.263 8.185
8466.2 8.263 8.185
8465.1 8.625 8.543
8459.8 8.626 8.544
8457.5 8.626 8.544
8456.4 8.627 8.545
8451.3 8.654 8.572
8450.2 8.655 8.573
8449.7 8.655 8.573
8446.2 8.656 8.574
8445.3 8.657 8.575
8444.8 8.658 8.576
8431.4 8.660 8.578
8428.1 8.906 8.821
8427.4 8.906 8.821
8425.6 8.907 8.822
8425.5 8.908 8.823
8425.4 8.909 8.824
8424.3 8.947 8.862
8423.7 8.948 8.863
8423.2 9.227 9.139
8420.5 9.228 9.140
8418.5 9.300 9.212
8413.6 9.514 9.424
8410.1 9.515 9.425
8405.6 9.563 9.472
8401.4 9.564 9.473
8401.3 9.616 9.525
8399.3 9.616 9.525
8397.0 9.617 9.526
8393.2 9.797 9.704
8386.0 9.798 9.705
8384.4 9.798 9.705
8382.6 9.799 9.706
8379.1 9.801 9.708
8378.2 9.938 9.844
8377.3 9.953 9.858
8377.0 10.124 10.028
8371.2 10.165 10.068
8361.0 10.166 10.069
8357.0 10.169 10.072
8354.3 10.169 10.072
8353.4 10.170 10.073
8352.7 10.268 10.170
8346.7 10.268 10.170
8345.2 10.269 10.171
8343.0 10.269 10.171
8342.5 10.688 10.586
8342.4 10.689 10.587
8342.0 10.700 10.598
8339.3 10.700 10.598
8338.4 10.701 10.599
8338.3 10.702 10.600
8338.0 10.711 10.609
8337.0 10.712 10.610
8336.9 10.713 10.611
8335.2 10.719 10.617
8332.5 10.722 10.620
8327.9 10.933 10.829
8327.5 10.934 10.830
8324.2 10.989 10.885
8324.0 11.043 10.938
8323.1 11.103 10.998
8319.4 11.104 10.999
8313.1 11.105 11.000
8311.7 11.105 11.000
8308.6 11.106 11.000
8306.0 11.325 11.217
8305.5 11.326 11.218
8303.8 11.326 11.218
8302.4 11.583 11.473
8302.2 11.583 11.473
8301.5 11.846 11.733
8295.7 11.956 11.842
8295.6 11.957 11.843
8295.2 12.130 12.015
8291.7 12.131 12.016
8290.7 12.132 12.017
8285.1 12.132 12.017
8283.9 12.133 12.018
8282.5 12.203 12.087
8280.1 12.204 12.088
8278.6 12.251 12.135
8278.4 12.252 12.136
8273.6 12.430 12.312
8273.2 12.430 12.312
8272.0 12.431 12.313
8270.9 12.431 12.313
8270.7 12.432 12.314
8268.9 12.432 12.314
8268.6 12.433 12.315
8263.3 12.660 12.540
8262.4 12.947 12.824
8261.2 12.966 12.843
8259.2 13.146 13.021
8259.1 13.266 13.140
8258.7 13.270 13.144
8258.6 13.271 13.145
8247.5 13.462 13.334
8244.7 13.463 13.335
8244.2 13.463 13.335
8241.5 13.464 13.336
8240.5 13.464 13.336
8240.4 13.775 13.644
8239.9 13.800 13.669
8237.4 13.801 13.670
8237.3 14.041 13.908
8230.4 14.506 14.368
8230.1 14.507 14.369
8229.8 15.280 15.135
8228.6 15.299 15.154
8228.3 15.504 15.357
8227.0 15.525 15.378
8226.4 15.525 15.378
8199.4 15.896 15.745
8199.3 15.897 15.746
8198.2 16.176 16.022
8198.1 16.195 16.041
8197.0 16.430 16.274
8196.3 16.669 16.511
8196.1 16.671 16.513
8195.2 16.675 16.517
8190.9 16.676 16.518
8190.2 16.677 16.519
8179.0 16.677 16.519
8178.7 16.679 16.521
8178.6 17.375 17.210
8177.7 17.583 17.416
8177.4 17.783 17.614
8176.5 17.783 17.614
8175.7 17.784 17.615
8174.9 17.784 17.615
8170.8 17.793 17.624
8167.6 17.794 17.625
8167.4 17.809 17.640
8163.5 17.810 17.641
8163.1 17.810 17.641
8162.6 18.086 17.914
8160.9 18.121 17.949
8160.0 18.274 18.100
8154.4 18.310 18.136
8154.3 18.310 18.136
8153.9 18.311 18.137
8153.2 18.311 18.137
8151.5 18.576 18.400
8149.9 18.577 18.401
8147.6 18.578 18.402
8144.0 18.578 18.402
8143.1 18.579 18.402
8140.7 18.822 18.643
8140.1 18.823 18.644
8138.0 18.985 18.805
8136.4 19.580 19.394
8135.1 19.581 19.395
8134.3 19.686 19.499
8134.2 19.713 19.526
8134.0 20.101 19.910
8129.3 20.111 19.920
8122.0 20.126 19.935
8121.9 20.486 20.291
8120.6 21.215 21.013
8119.0 21.216 21.014
8118.7 21.543 21.338
8114.9 22.512 22.298
8107.4 22.537 22.323
8105.9 22.538 22.324
8103.8 22.541 22.327
8102.7 22.541 22.327
8101.4 22.542 22.328
8100.3 22.542 22.328
8099.9 22.543 22.329
8099.6 22.543 22.329
8097.7 22.544 22.330
8096.6 22.544 22.330
8095.7 22.545 22.331
8091.8 22.545 22.331
8089.1 22.548 22.334
8085.3 22.775 22.559
8082.1 23.217 22.996
8081.5 23.857 23.630
8081.2 23.858 23.631
8079.6 23.858 23.631
8076.8 24.159 23.929
8076.1 24.386 24.154
8074.4 24.386 24.154
8073.9 24.395 24.163
8073.1 24.823 24.587
8072.1 24.837 24.601
8071.6 25.023 24.785
8070.3 25.294 25.054
8066.9 25.586 25.343
8064.9 28.580 28.308
8062.8 29.763 29.480
8061.5 29.765 29.482
8061.2 30.413 30.124
8061.1 31.887 31.584
8060.9 32.851 32.539
8051.2 33.173 32.858
8041.6 33.601 33.282
8041.4 35.169 34.835
8041.1 36.018 35.676
8040.1 36.123 35.780
8035.3 36.126 35.783
8034.7 36.127 35.784
8029.7 36.127 35.784
8027.0 36.132 35.789
8026.5 36.843 36.493
8025.3 37.579 37.222
8020.6 39.062 38.691
8020.0 39.063 38.692
8019.8 39.064 38.693
8018.8 39.064 38.693
8017.9 40.063 39.682
8015.2 41.825 41.428
8013.6 44.509 44.086
8013.3 44.510 44.087
8012.4 45.305 44.875
8012.3 45.306 44.876
8003.3 45.307 44.877
8002.8 45.309 44.879
8001.7 50.761 50.279
7997.5 50.794 50.311
7996.8 50.808 50.325
7995.2 50.826 50.343
7984.6 50.914 50.430
7984.4 54.187 53.672
7981.2 55.467 54.940
7978.5 55.468 54.941
7978.0 55.468 54.941
7977.2 91.027 90.162
7972.6 108.365 107.336
7971.3 338.582 335.365
7971.2 338.983 335.763
7970.6 339.951 336.721
7970.1 502.863 498.086
7967.9 504.451 499.659
7967.3 505.200 500.401
7966.4 520.295 515.352
7965.9 596.922 591.251
7965.3 598.973 593.283
7964.7 599.959 594.259
7964.2 854.156 846.042
7963.7 854.363 846.247
7963.3 1039.425 1029.550
7960.5 1039.426 1029.551
7960.2 1040.504 1030.619
7958.1 1058.987 1048.927
7957.9 1059.172 1049.110
7955.5 1180.644 1169.428
7955.2 1180.869 1169.651
7954.8 1182.039 1170.810
7954.2 1210.898 1199.394
7954.0 1214.272 1202.736
7953.4 1214.274 1202.738
7953.1 1328.116 1315.499
7952.9 1328.117 1315.500
7952.8 1328.118 1315.501
7952.2 1329.170 1316.543
7952.1 3068.087 3038.940
7951.0 3068.087 3038.940
7950.5 3068.233 3039.085
7950.1 3068.362 3039.213
7949.3 3130.473 3100.734
Primal Integral: 0.9500078752
