12th DIMACS Implementation Challenge: Vehicle Routing
VRPTW track
Controller version: December 13, 2021
Competitor: HustSmart
Ubuntu 21.04
Intel(R) Xeon(R) CPU E5-2698 v3 @ 2.30GHz
hostid: 10916887366929678835
PassMark Single Thread Benchmark: 1981
Time factor: 0.99 (baseline 2000)
Instance: R206
Standardized Time limit: 1800 secs
Local Machine Time Limit: 1817 secs
Base solution: 963.490
BKS: 875.9
Optimal: 1
Tue 08 Feb 2022 09:54:24 AM CST
timestamp: 1644285264
Solution value, local machine time, standardized time
956.6 0.036 0.036
950.3 0.037 0.037
946.1 0.053 0.052
946.0 0.054 0.053
934.1 0.055 0.054
933.8 0.057 0.056
925.7 0.059 0.058
924.8 0.060 0.059
912.5 0.062 0.061
910.9 0.065 0.064
906.2 0.066 0.065
903.6 0.083 0.082
901.4 0.084 0.083
900.3 0.102 0.101
899.8 0.104 0.103
898.5 0.115 0.114
898.2 0.121 0.120
898.1 0.123 0.122
896.2 0.148 0.147
894.8 0.182 0.180
888.6 0.183 0.181
886.8 0.433 0.429
886.5 0.594 0.588
886.2 0.773 0.766
884.8 1.483 1.469
884.4 1.485 1.471
883.7 1.694 1.678
883.4 1.714 1.698
881.0 3.165 3.135
879.3 3.166 3.136
878.8 3.212 3.181
877.2 3.213 3.182
875.9 3.226 3.195
Primal Integral: 0.0021978308
