12th DIMACS Implementation Challenge: Vehicle Routing
VRPTW track
Controller version: December 13, 2021
Competitor: HustSmart
Ubuntu 21.04
Intel(R) Xeon(R) CPU E5-2698 v3 @ 2.30GHz
hostid: 10916887366929678835
PassMark Single Thread Benchmark: 1981
Time factor: 0.99 (baseline 2000)
Instance: R104
Standardized Time limit: 1800 secs
Local Machine Time Limit: 1817 secs
Base solution: 1068.650
BKS: 971.5
Optimal: 1
Tue 08 Feb 2022 09:55:13 AM CST
timestamp: 1644285313
Solution value, local machine time, standardized time
1067.8 0.023 0.023
1043.9 0.025 0.025
1042.8 0.027 0.027
1032.2 0.028 0.028
1026.5 0.039 0.039
1023.0 0.040 0.040
1020.2 0.042 0.042
1019.5 0.045 0.045
1018.1 0.047 0.047
1015.9 0.065 0.064
1014.9 0.066 0.065
1012.0 0.067 0.066
1010.1 0.080 0.079
1009.4 0.081 0.080
1007.8 0.097 0.096
1005.7 0.099 0.098
1005.5 0.102 0.101
1002.4 0.230 0.228
999.5 0.268 0.265
997.0 0.269 0.266
996.6 0.330 0.327
989.2 0.483 0.478
988.7 0.484 0.479
987.9 0.485 0.480
987.4 0.502 0.497
983.9 0.999 0.990
983.4 1.001 0.991
983.1 1.054 1.044
982.6 1.253 1.241
980.0 2.644 2.619
979.7 2.645 2.620
979.1 2.683 2.658
977.4 2.691 2.665
977.2 2.693 2.667
976.1 2.826 2.799
975.1 2.928 2.900
972.3 2.974 2.946
971.5 3.053 3.024
Primal Integral: 0.0025721479
