12th DIMACS Implementation Challenge: Vehicle Routing
VRPTW track
Controller version: December 13, 2021
Competitor: HustSmart
Ubuntu 21.04
Intel(R) Xeon(R) CPU E5-2698 v3 @ 2.30GHz
hostid: 10916887366929678835
PassMark Single Thread Benchmark: 1981
Time factor: 0.99 (baseline 2000)
Instance: R202
Standardized Time limit: 1800 secs
Local Machine Time Limit: 1817 secs
Base solution: 1132.560
BKS: 1029.6
Optimal: 1
Tue 08 Feb 2022 09:54:43 AM CST
timestamp: 1644285283
Solution value, local machine time, standardized time
1106.2 0.031 0.031
1105.7 0.032 0.032
1094.3 0.033 0.033
1090.2 0.035 0.035
1089.9 0.040 0.040
1084.3 0.041 0.041
1077.0 0.042 0.042
1074.1 0.043 0.043
1073.9 0.045 0.045
1070.4 0.054 0.053
1069.0 0.056 0.055
1068.8 0.060 0.059
1066.8 0.061 0.060
1065.6 0.062 0.061
1065.1 0.104 0.103
1062.1 0.108 0.107
1061.1 0.121 0.120
1048.2 0.122 0.121
1047.2 0.192 0.190
1045.6 0.193 0.191
1045.1 0.235 0.233
1043.0 0.247 0.245
1041.9 0.248 0.246
1037.7 0.257 0.255
1036.9 0.263 0.261
1036.2 1.364 1.351
1035.4 1.388 1.375
1035.3 9.792 9.699
1034.9 12.490 12.371
1033.3 12.500 12.381
1032.9 12.552 12.433
1032.2 23.292 23.071
1030.7 23.541 23.317
1030.6 27.759 27.495
1029.9 32.942 32.629
1029.6 32.978 32.665
Primal Integral: 0.0068254101
