12th DIMACS Implementation Challenge: Vehicle Routing
VRPTW track
Controller version: December 13, 2021
Competitor: HustSmart
Ubuntu 20.04.3 LTS
Intel(R) Core(TM) i5-4690 CPU @ 3.50GHz
hostid: 4179100773924013267
PassMark Single Thread Benchmark: 2204
Time factor: 1.10 (baseline 2000)
Instance: R106
Standardized Time limit: 1800 secs
Local Machine Time Limit: 1633 secs
Base solution: 1358.060
BKS: 1234.6
Optimal: 1
Mon 14 Feb 2022 09:18:56 PM EST
timestamp: 1644891536
Solution value, local machine time, standardized time
1344.3 0.010 0.011
1342.0 0.011 0.012
1318.4 0.012 0.013
1305.5 0.013 0.014
1304.1 0.014 0.015
1298.1 0.015 0.017
1297.8 0.020 0.022
1295.7 0.023 0.025
1280.0 0.024 0.026
1274.5 0.025 0.028
1269.2 0.027 0.030
1269.0 0.028 0.031
1251.6 0.029 0.032
1250.8 0.035 0.039
1250.0 0.044 0.048
1249.6 0.088 0.097
1249.1 0.387 0.426
1248.3 0.390 0.430
1246.8 0.407 0.449
1244.1 0.411 0.453
1242.6 0.444 0.489
1242.3 0.461 0.508
1240.9 0.687 0.757
1240.7 0.692 0.763
1238.8 0.693 0.764
1238.5 1.241 1.368
1235.7 1.353 1.491
1235.2 2.935 3.234
1234.6 2.972 3.275
Primal Integral: 0.0007385100
