12th DIMACS Implementation Challenge: Vehicle Routing
VRPTW track
Controller version: December 13, 2021
Competitor: HustSmart
Ubuntu 21.04
Intel(R) Xeon(R) CPU E5-2698 v3 @ 2.30GHz
hostid: 10916887366929678835
PassMark Single Thread Benchmark: 1981
Time factor: 0.99 (baseline 2000)
Instance: R109
Standardized Time limit: 1800 secs
Local Machine Time Limit: 1817 secs
Base solution: 1261.590
BKS: 1146.9
Optimal: 1
Sat 12 Feb 2022 08:30:44 AM CST
timestamp: 1644625844
Solution value, local machine time, standardized time
1256.4 0.034 0.034
1246.4 0.036 0.036
1242.7 0.038 0.038
1237.9 0.040 0.040
1234.2 0.048 0.048
1231.9 0.053 0.052
1228.8 0.054 0.053
1215.2 0.056 0.055
1203.2 0.057 0.056
1199.8 0.062 0.061
1195.3 0.074 0.073
1191.5 0.123 0.122
1190.4 0.127 0.126
1189.0 0.132 0.131
1188.1 0.134 0.133
1186.9 0.135 0.134
1168.1 0.136 0.135
1166.4 0.139 0.138
1161.6 0.146 0.145
1157.1 0.156 0.155
1152.9 0.179 0.177
1152.5 0.181 0.179
1151.7 0.405 0.401
1150.6 0.504 0.499
1147.7 0.510 0.505
1146.9 0.866 0.858
Primal Integral: 0.0005984373
