12th DIMACS Implementation Challenge: Vehicle Routing
VRPTW track
Controller version: December 13, 2021
Competitor: HustSmart
Ubuntu 21.04
Intel(R) Xeon(R) CPU E5-2698 v3 @ 2.30GHz
hostid: 10916887366929678835
PassMark Single Thread Benchmark: 1981
Time factor: 0.99 (baseline 2000)
Instance: R1_8_4
Standardized Time limit: 3600 secs
Local Machine Time Limit: 3635 secs
Base solution: 30628.840
BKS: 27844.4
Optimal: 0
Sat 12 Feb 2022 12:43:05 AM CST
timestamp: 1644597785
Solution value, local machine time, standardized time
30612.3 0.837 0.829
30602.2 0.840 0.832
30590.2 0.860 0.852
30585.6 0.862 0.854
30579.3 0.863 0.855
30575.3 0.864 0.856
30538.0 0.867 0.859
30512.9 0.868 0.860
30499.7 0.887 0.879
30484.5 0.894 0.886
30441.4 0.895 0.886
30426.6 0.904 0.895
30419.4 0.905 0.896
30391.8 0.916 0.907
30389.2 0.918 0.909
30389.0 0.919 0.910
30388.7 0.922 0.913
30385.0 0.928 0.919
30383.3 0.938 0.929
30381.0 0.940 0.931
30343.7 0.955 0.946
30340.0 0.956 0.947
30335.2 0.969 0.960
30331.8 0.971 0.962
30300.7 0.983 0.974
30300.3 0.985 0.976
30299.9 1.010 1.000
30269.5 1.022 1.012
30263.9 1.023 1.013
30253.6 1.025 1.015
30251.8 1.033 1.023
30247.0 1.052 1.042
30246.7 1.053 1.043
30240.2 1.054 1.044
30237.6 1.059 1.049
30237.0 1.061 1.051
30234.2 1.063 1.053
30226.5 1.065 1.055
30226.2 1.068 1.058
30223.4 1.072 1.062
30214.2 1.073 1.063
30211.9 1.077 1.067
30169.5 1.081 1.071
30168.3 1.082 1.072
30167.9 1.083 1.073
30167.5 1.084 1.074
30163.6 1.085 1.075
30162.5 1.087 1.077
30158.3 1.089 1.079
30158.2 1.091 1.081
30156.3 1.094 1.084
30155.5 1.105 1.095
30152.1 1.106 1.095
30151.6 1.112 1.101
30140.8 1.114 1.103
30137.7 1.116 1.105
30137.6 1.133 1.122
30124.8 1.155 1.144
30120.2 1.157 1.146
30119.8 1.158 1.147
30117.8 1.159 1.148
30108.5 1.169 1.158
30106.2 1.170 1.159
30105.0 1.175 1.164
30075.6 1.176 1.165
30075.1 1.178 1.167
30072.5 1.184 1.173
30071.6 1.186 1.175
30048.2 1.189 1.178
30045.9 1.200 1.189
30039.1 1.215 1.203
30037.1 1.216 1.204
30035.7 1.217 1.205
30033.8 1.218 1.206
30033.6 1.222 1.210
30031.3 1.229 1.217
30029.8 1.234 1.222
30019.9 1.241 1.229
30017.1 1.247 1.235
30008.7 1.250 1.238
29984.6 1.258 1.246
29974.8 1.312 1.300
29956.0 1.317 1.304
29941.6 1.322 1.309
29941.2 1.323 1.310
29941.0 1.324 1.311
29939.4 1.327 1.314
29938.8 1.336 1.323
29932.0 1.372 1.359
29930.8 1.373 1.360
29922.3 1.386 1.373
29918.5 1.399 1.386
29916.0 1.407 1.394
29884.9 1.434 1.420
29859.2 1.435 1.421
29859.1 1.453 1.439
29857.4 1.455 1.441
29856.3 1.465 1.451
29855.6 1.467 1.453
29854.1 1.477 1.463
29851.7 1.482 1.468
29849.8 1.485 1.471
29842.2 1.487 1.473
29840.2 1.488 1.474
29839.2 1.490 1.476
29836.8 1.491 1.477
29834.0 1.501 1.487
29832.0 1.518 1.504
29831.8 1.519 1.505
29830.3 1.540 1.525
29829.6 1.548 1.533
29829.4 1.569 1.554
29829.2 1.571 1.556
29812.4 1.586 1.571
29786.0 1.624 1.609
29785.3 1.625 1.610
29777.7 1.626 1.611
29777.6 1.632 1.616
29777.5 1.634 1.618
29776.8 1.639 1.623
29776.1 1.686 1.670
29774.6 1.690 1.674
29761.3 1.696 1.680
29750.9 1.715 1.699
29750.4 1.734 1.718
29746.5 1.737 1.720
29728.4 1.739 1.722
29725.6 1.754 1.737
29724.4 1.755 1.738
29722.6 1.771 1.754
29722.1 1.808 1.791
29713.5 1.815 1.798
29713.2 1.826 1.809
29703.9 1.853 1.835
29702.7 1.855 1.837
29691.3 1.860 1.842
29685.5 1.886 1.868
29672.3 1.892 1.874
29671.7 1.893 1.875
29627.5 1.943 1.925
29623.7 1.980 1.961
29620.4 2.011 1.992
29619.8 2.012 1.993
29606.4 2.051 2.032
29603.8 2.052 2.033
29601.8 2.057 2.037
29601.4 2.074 2.054
29596.3 2.076 2.056
29594.9 2.081 2.061
29590.1 2.085 2.065
29586.0 2.120 2.100
29581.6 2.131 2.111
29581.4 2.142 2.122
29572.1 2.202 2.181
29569.2 2.231 2.210
29563.0 2.258 2.237
29560.3 2.284 2.262
29559.9 2.305 2.283
29559.3 2.316 2.294
29558.7 2.317 2.295
29554.2 2.319 2.297
29553.6 2.332 2.310
29553.1 2.367 2.345
29537.8 2.395 2.372
29525.8 2.397 2.374
29508.8 2.424 2.401
29495.0 2.425 2.402
29493.3 2.435 2.412
29480.9 2.448 2.425
29477.1 2.454 2.431
29473.4 2.465 2.442
29472.1 2.466 2.443
29471.6 2.468 2.445
29464.8 2.474 2.450
29461.7 2.479 2.455
29450.6 2.481 2.457
29449.9 2.494 2.470
29449.3 2.496 2.472
29443.1 2.525 2.501
29440.8 2.535 2.511
29439.2 2.561 2.537
29437.0 2.564 2.540
29428.0 2.565 2.541
29374.5 2.587 2.562
29366.8 2.603 2.578
29366.7 2.611 2.586
29366.5 2.639 2.614
29362.1 2.647 2.622
29362.0 2.648 2.623
29361.9 2.654 2.629
29348.2 2.723 2.697
29343.6 2.728 2.702
29343.4 2.729 2.703
29342.1 2.731 2.705
29340.4 2.741 2.715
29337.0 2.742 2.716
29333.5 2.743 2.717
29328.9 2.754 2.728
29328.8 2.755 2.729
29301.3 2.768 2.742
29300.3 2.787 2.761
29289.1 2.813 2.786
29269.7 2.821 2.794
29269.3 2.822 2.795
29268.5 2.947 2.919
29268.1 2.948 2.920
29262.0 3.003 2.974
29260.2 3.017 2.988
29258.5 3.050 3.021
29253.1 3.076 3.047
29249.6 3.089 3.060
29248.8 3.148 3.118
29247.8 3.149 3.119
29238.1 3.243 3.212
29237.5 3.301 3.270
29236.9 3.345 3.313
29230.7 3.453 3.420
29226.3 3.454 3.421
29225.9 3.541 3.507
29225.4 3.543 3.509
29224.6 3.773 3.737
29211.5 3.774 3.738
29194.0 3.826 3.790
29193.9 3.879 3.842
29193.3 3.901 3.864
29187.9 3.954 3.916
29187.5 3.992 3.954
29184.7 4.042 4.004
29184.1 4.106 4.067
29181.5 4.142 4.103
29181.1 4.150 4.111
29179.2 4.295 4.254
29178.9 4.296 4.255
29178.2 4.299 4.258
29174.5 4.300 4.259
29172.5 4.336 4.295
29171.8 4.443 4.401
29171.1 4.453 4.411
29165.2 4.524 4.481
29157.3 4.597 4.553
29156.8 4.598 4.554
29156.6 4.625 4.581
29156.4 4.630 4.586
29154.9 4.675 4.631
29154.5 4.825 4.779
29140.3 4.947 4.900
29138.8 4.949 4.902
29138.1 4.971 4.924
29138.0 5.062 5.014
29117.8 5.151 5.102
29117.4 5.197 5.148
29116.6 5.229 5.179
29104.8 5.244 5.194
29104.7 5.313 5.263
29090.4 5.328 5.277
29085.5 5.672 5.618
29082.8 5.673 5.619
29081.6 5.679 5.625
29080.4 5.681 5.627
29080.0 5.700 5.646
29079.5 5.717 5.663
29078.2 5.724 5.670
29074.1 5.811 5.756
29064.8 5.814 5.759
29057.3 5.874 5.818
29056.8 5.888 5.832
29056.6 5.895 5.839
29054.1 5.915 5.859
29053.8 5.961 5.904
29051.0 6.012 5.955
29049.7 6.046 5.989
29049.6 6.074 6.016
29048.2 6.077 6.019
29041.7 6.107 6.049
29018.2 6.109 6.051
29012.8 6.111 6.053
29010.2 6.168 6.109
29010.1 6.282 6.222
29009.7 6.315 6.255
29007.9 6.332 6.272
29003.4 6.339 6.279
29002.2 6.542 6.480
29000.1 6.716 6.652
29000.0 6.768 6.704
28996.4 6.807 6.742
28995.0 6.823 6.758
28992.3 6.831 6.766
28982.0 6.837 6.772
28981.9 6.839 6.774
28981.8 6.853 6.788
28981.2 6.884 6.819
28974.5 6.909 6.843
28966.8 7.073 7.006
28966.6 7.074 7.007
28966.1 7.104 7.037
28966.0 7.508 7.437
28965.7 7.658 7.585
28964.2 7.753 7.679
28940.7 7.756 7.682
28940.3 7.967 7.891
28938.4 7.971 7.895
28932.3 7.992 7.916
28932.1 8.085 8.008
28931.7 8.110 8.033
28931.6 8.123 8.046
28926.8 8.198 8.120
28925.6 8.298 8.219
28921.4 8.300 8.221
28920.6 8.301 8.222
28919.5 8.371 8.291
28917.3 8.423 8.343
28912.1 8.621 8.539
28904.4 9.382 9.293
28904.1 9.590 9.499
28900.2 9.677 9.585
28893.3 9.970 9.875
28893.0 9.971 9.876
28892.4 10.114 10.018
28891.4 10.272 10.174
28891.3 10.498 10.398
28884.8 10.531 10.431
28884.7 10.741 10.639
28884.0 10.798 10.695
28882.6 10.827 10.724
28874.7 11.040 10.935
28874.0 11.190 11.084
28873.1 11.252 11.145
28872.9 11.253 11.146
28865.3 11.398 11.290
28861.2 11.648 11.537
28857.4 12.056 11.941
28847.5 12.530 12.411
28846.6 12.895 12.772
28845.8 13.150 13.025
28845.3 13.617 13.488
28845.1 13.763 13.632
28844.3 13.954 13.821
28843.5 14.077 13.943
28842.8 14.206 14.071
28838.7 14.429 14.292
28836.0 14.753 14.613
28835.4 14.945 14.803
28822.8 15.620 15.472
28810.9 15.642 15.493
28802.2 15.644 15.495
28787.2 16.006 15.854
28781.2 16.007 15.855
28780.0 16.126 15.973
28779.6 16.151 15.998
28779.4 16.582 16.424
28778.8 16.662 16.504
28760.4 16.676 16.518
28758.0 16.680 16.522
28753.7 16.697 16.538
28751.4 16.715 16.556
28751.2 16.813 16.653
28741.6 16.884 16.724
28736.8 16.975 16.814
28731.5 16.989 16.828
28731.3 17.901 17.731
28730.1 40.927 40.538
28728.9 41.214 40.822
28727.8 41.462 41.068
28722.2 41.467 41.073
28721.7 41.469 41.075
28718.4 41.604 41.209
28718.3 41.691 41.295
28718.2 41.723 41.327
28716.3 42.078 41.678
28715.7 42.229 41.828
28715.1 43.093 42.684
28701.2 43.712 43.297
28695.4 43.713 43.298
28685.0 43.814 43.398
28683.8 43.822 43.406
28679.5 44.035 43.617
28676.1 44.037 43.619
28674.4 44.039 43.621
28672.3 44.088 43.669
28671.1 44.090 43.671
28669.7 44.092 43.673
28667.5 44.334 43.913
28667.2 44.847 44.421
28665.7 44.936 44.509
28664.7 138.067 136.755
28664.5 138.160 136.847
28662.8 138.460 137.145
28661.9 138.461 137.146
28656.1 138.504 137.188
28651.1 138.615 137.298
28651.0 139.066 137.745
28650.5 139.067 137.746
28649.0 139.357 138.033
28647.8 140.162 138.830
28647.7 140.847 139.509
28644.0 140.923 139.584
28639.4 140.924 139.585
28633.8 141.029 139.689
28633.3 141.274 139.932
28632.3 141.501 140.157
28630.3 165.832 164.257
28623.9 166.052 164.475
28622.9 166.081 164.503
28621.8 166.353 164.773
28621.6 166.399 164.818
28619.9 166.950 165.364
28617.7 166.951 165.365
28615.5 167.649 166.056
28615.1 167.807 166.213
28614.3 249.229 246.861
28611.7 249.231 246.863
28605.9 257.497 255.051
28585.3 257.650 255.202
28573.4 257.651 255.203
28573.3 265.149 262.630
28573.2 265.150 262.631
28573.1 265.219 262.699
28567.9 265.239 262.719
28567.4 265.292 262.772
28564.0 265.431 262.909
28563.5 265.625 263.102
28563.3 265.669 263.145
28562.0 265.683 263.159
28561.0 265.684 263.160
28558.7 265.718 263.194
28549.9 265.983 263.456
28547.5 266.001 263.474
28546.7 266.080 263.552
28545.9 266.386 263.855
28543.6 267.699 265.156
28543.5 267.700 265.157
28539.7 267.735 265.192
28534.1 267.813 265.269
28524.1 267.876 265.331
28522.2 272.662 270.072
28521.4 274.444 271.837
28520.2 274.469 271.862
28517.3 274.470 271.863
28512.7 274.522 271.914
28511.9 274.688 272.078
28506.8 275.195 272.581
28500.4 276.022 273.400
28498.1 277.112 274.479
28474.5 279.003 276.352
28472.0 280.628 277.962
28471.4 280.635 277.969
28465.2 280.647 277.981
28464.9 280.649 277.983
28462.2 280.940 278.271
28461.1 281.184 278.513
28460.3 281.368 278.695
28451.9 281.373 278.700
28451.4 281.374 278.701
28450.9 281.964 279.285
28450.1 282.231 279.550
28448.9 282.266 279.584
28447.8 282.268 279.586
28443.6 282.506 279.822
28443.0 283.091 280.402
28441.2 283.896 281.199
28439.5 285.286 282.576
28438.7 285.453 282.741
28438.1 285.561 282.848
28436.9 286.119 283.401
28435.1 286.162 283.443
28425.1 286.584 283.861
28417.6 288.504 285.763
28416.2 289.021 286.275
28409.4 293.375 290.588
28404.0 293.381 290.594
28400.9 294.304 291.508
28393.2 294.306 291.510
28383.4 295.534 292.726
28383.1 296.644 293.826
28382.5 311.419 308.461
28382.0 311.422 308.463
28381.5 311.759 308.797
28381.3 311.812 308.850
28378.8 311.849 308.886
28377.2 312.197 309.231
28373.2 321.400 318.347
28372.7 321.402 318.349
28371.9 321.628 318.573
28369.2 322.061 319.001
28369.1 322.174 319.113
28365.4 323.722 320.647
28365.2 325.610 322.517
28361.8 325.633 322.539
28361.6 326.325 323.225
28360.8 327.539 324.427
28357.9 327.562 324.450
28355.5 329.455 326.325
28355.0 329.649 326.517
28354.7 329.653 326.521
28354.6 330.094 326.958
28354.3 330.116 326.980
28352.0 335.578 332.390
28351.3 335.581 332.393
28350.5 337.228 334.024
28348.5 347.733 344.430
28339.2 374.700 371.140
28331.5 406.330 402.470
28322.4 409.344 405.455
28321.8 410.730 406.828
28320.9 411.255 407.348
28320.6 415.392 411.446
28319.5 416.515 412.558
28317.5 417.262 413.298
28310.2 417.264 413.300
28305.4 418.006 414.035
28304.9 418.927 414.947
28303.8 421.212 417.210
28303.6 431.718 427.617
28299.7 431.866 427.763
28297.3 440.222 436.040
28295.0 443.968 439.750
28294.3 524.070 519.091
28287.6 524.266 519.285
28286.2 525.359 520.368
28282.0 525.454 520.462
28281.8 525.513 520.521
28281.5 526.649 521.646
28280.5 592.213 586.587
28278.3 594.144 588.500
28277.6 595.153 589.499
28275.2 653.490 647.282
28274.1 680.877 674.409
28273.9 707.748 701.024
28271.8 754.578 747.410
28262.4 796.837 789.267
28262.0 796.838 789.268
28261.9 809.776 802.083
28260.6 811.366 803.658
28253.3 850.644 842.563
28252.0 856.542 848.405
28250.5 858.190 850.037
28250.0 878.869 870.520
28248.6 1471.427 1457.448
28246.8 1471.891 1457.908
28246.6 1476.082 1462.059
28245.9 1477.396 1463.361
28243.2 1479.508 1465.453
28243.1 1490.624 1476.463
28237.4 2771.941 2745.608
28233.3 2772.145 2745.810
28232.6 2775.045 2748.682
28229.9 2777.823 2751.434
28226.9 2779.541 2753.135
28226.8 2779.542 2753.136
28224.6 2790.507 2763.997
28223.0 2790.509 2763.999
28218.6 2790.991 2764.477
28210.3 2791.510 2764.991
28207.8 2791.663 2765.142
28206.3 2791.664 2765.143
28203.3 2791.707 2765.186
28201.2 2791.721 2765.200
28200.4 2791.727 2765.206
28199.0 2791.812 2765.290
28193.9 2792.328 2765.801
28184.5 2922.817 2895.050
28183.7 2922.870 2895.103
28182.0 2923.113 2895.343
28179.9 2923.185 2895.415
28178.2 2923.434 2895.661
28177.8 2923.586 2895.812
28177.1 3099.783 3070.335
28171.9 3345.887 3314.101
28165.2 3356.085 3324.202
28159.1 3524.208 3490.728
Primal Integral: 1.5288522465
