12th DIMACS Implementation Challenge: Vehicle Routing
VRPTW track
Controller version: December 13, 2021
Competitor: HustSmart
Ubuntu 21.04
Intel(R) Xeon(R) CPU E5-2698 v3 @ 2.30GHz
hostid: 10916887366929678835
PassMark Single Thread Benchmark: 1981
Time factor: 0.99 (baseline 2000)
Instance: RC1_2_1
Standardized Time limit: 1800 secs
Local Machine Time Limit: 1817 secs
Base solution: 3868.590
BKS: 3516.9
Optimal: 1
Sat 12 Feb 2022 07:59:23 AM CST
timestamp: 1644623963
Solution value, local machine time, standardized time
3865.8 0.054 0.053
3827.9 0.056 0.055
3824.9 0.060 0.059
3810.4 0.081 0.080
3806.2 0.082 0.081
3804.9 0.083 0.082
3733.3 0.100 0.099
3730.9 0.102 0.101
3708.5 0.118 0.117
3686.4 0.122 0.121
3685.8 0.124 0.123
3681.5 0.156 0.155
3673.3 0.170 0.168
3669.6 0.171 0.169
3649.7 0.173 0.171
3628.8 0.174 0.172
3628.4 0.190 0.188
3588.3 0.208 0.206
3587.6 0.210 0.208
3585.3 0.224 0.222
3584.5 0.237 0.235
3578.1 0.245 0.243
3560.5 0.286 0.283
3558.9 0.295 0.292
3553.9 0.307 0.304
3550.4 0.376 0.372
3547.7 0.495 0.490
3546.8 0.905 0.896
3543.9 1.091 1.081
3539.4 9.617 9.526
3537.1 9.944 9.850
3536.9 10.009 9.914
3536.7 10.120 10.024
3534.4 10.279 10.181
3534.3 78.241 77.498
3532.0 100.037 99.087
3530.8 124.221 123.041
3530.7 124.223 123.043
3526.1 127.926 126.711
3524.2 129.923 128.689
3523.5 576.027 570.555
3523.4 577.810 572.321
3521.4 578.363 572.869
3517.6 1347.755 1334.951
3516.9 1347.781 1334.977
Primal Integral: 0.1417949768
