12th DIMACS Implementation Challenge: Vehicle Routing
VRPTW track
Controller version: December 13, 2021
Competitor: HustSmart
Ubuntu 21.04
Intel(R) Xeon(R) CPU E5-2698 v3 @ 2.30GHz
hostid: 10916887366929678835
PassMark Single Thread Benchmark: 1981
Time factor: 0.99 (baseline 2000)
Instance: R2_2_2
Standardized Time limit: 1800 secs
Local Machine Time Limit: 1817 secs
Base solution: 3309.020
BKS: 3008.2
Optimal: 1
Sat 12 Feb 2022 08:06:21 AM CST
timestamp: 1644624381
Solution value, local machine time, standardized time
3299.0 0.093 0.092
3280.1 0.096 0.095
3276.1 0.103 0.102
3275.3 0.106 0.105
3258.5 0.110 0.109
3242.9 0.116 0.115
3228.4 0.117 0.116
3208.1 0.121 0.120
3198.8 0.122 0.121
3184.9 0.124 0.123
3181.5 0.127 0.126
3155.4 0.143 0.142
3154.7 0.147 0.146
3152.9 0.149 0.148
3151.1 0.158 0.156
3150.6 0.168 0.166
3147.3 0.184 0.182
3132.1 0.238 0.236
3131.4 0.451 0.447
3131.3 0.453 0.449
3121.4 0.602 0.596
3120.0 0.635 0.629
3119.6 0.695 0.688
3115.1 0.696 0.689
3113.9 0.701 0.694
3105.2 0.702 0.695
3102.7 0.704 0.697
3101.7 0.731 0.724
3093.5 0.937 0.928
3080.5 1.462 1.448
3076.4 1.464 1.450
3076.2 1.466 1.452
3046.9 1.471 1.457
3045.0 1.475 1.461
3036.9 1.487 1.473
3036.7 1.709 1.693
3034.1 17.233 17.069
3030.1 17.698 17.530
3028.8 17.703 17.535
3027.1 17.722 17.554
3027.0 17.738 17.569
3026.1 17.870 17.700
3019.2 17.872 17.702
3018.6 18.159 17.986
3010.4 18.210 18.037
3009.5 18.291 18.117
3009.3 18.293 18.119
3009.1 18.331 18.157
3008.4 18.576 18.400
3008.2 18.606 18.429
Primal Integral: 0.0117991608
