12th DIMACS Implementation Challenge: Vehicle Routing
VRPTW track
Controller version: December 13, 2021
Competitor: HustSmart
Ubuntu 21.04
Intel(R) Xeon(R) CPU E5-2698 v3 @ 2.30GHz
hostid: 10916887366929678835
PassMark Single Thread Benchmark: 1981
Time factor: 0.99 (baseline 2000)
Instance: C2_2_4
Standardized Time limit: 1800 secs
Local Machine Time Limit: 1817 secs
Base solution: 1864.500
BKS: 1695.0
Optimal: 0
Sat 12 Feb 2022 08:23:56 AM CST
timestamp: 1644625436
Solution value, local machine time, standardized time
1832.2 0.108 0.107
1828.1 0.125 0.124
1817.5 0.126 0.125
1815.2 0.131 0.130
1807.2 0.132 0.131
1805.7 0.134 0.133
1787.6 0.136 0.135
1785.9 0.139 0.138
1782.7 0.141 0.140
1782.1 0.142 0.141
1780.8 0.222 0.220
1780.2 0.224 0.222
1779.0 0.225 0.223
1776.6 0.256 0.254
1775.3 0.305 0.302
1769.0 0.436 0.432
1768.3 0.441 0.437
1762.8 0.443 0.439
1744.2 0.445 0.441
1744.0 0.484 0.479
1729.5 0.514 0.509
1728.8 0.524 0.519
1727.0 0.531 0.526
1726.9 0.532 0.527
1722.0 0.535 0.530
1721.3 0.537 0.532
1720.9 0.616 0.610
1718.4 0.660 0.654
1714.2 0.660 0.654
1713.7 12.398 12.280
1713.4 12.506 12.387
1713.2 12.605 12.485
1711.0 12.645 12.525
1708.3 66.792 66.157
1707.0 68.584 67.932
1706.8 76.118 75.395
1704.8 138.512 137.196
1704.6 153.056 151.602
1704.4 153.315 151.859
1704.3 156.787 155.298
1700.6 243.122 240.812
1700.5 243.145 240.835
1700.0 243.149 240.839
1699.2 248.555 246.194
1698.9 249.899 247.525
1696.5 261.446 258.962
1695.9 265.400 262.879
1695.6 378.924 375.324
1695.3 378.925 375.325
1695.0 378.965 375.365
Primal Integral: 0.1028551852
