12th DIMACS Implementation Challenge: Vehicle Routing
VRPTW track
Controller version: December 13, 2021
Competitor: HustSmart
Ubuntu 21.04
Intel(R) Xeon(R) CPU E5-2698 v3 @ 2.30GHz
hostid: 10916887366929678835
PassMark Single Thread Benchmark: 1981
Time factor: 0.99 (baseline 2000)
Instance: C2_2_9
Standardized Time limit: 1800 secs
Local Machine Time Limit: 1817 secs
Base solution: 1996.500
BKS: 1815.0
Optimal: 1
Sat 12 Feb 2022 08:22:34 AM CST
timestamp: 1644625354
Solution value, local machine time, standardized time
1986.0 0.065 0.064
1985.5 0.066 0.065
1985.3 0.082 0.081
1974.4 0.084 0.083
1964.6 0.088 0.087
1964.2 0.091 0.090
1961.0 0.103 0.102
1957.4 0.113 0.112
1957.1 0.114 0.113
1943.1 0.122 0.121
1940.6 0.123 0.122
1935.4 0.128 0.127
1935.2 0.138 0.137
1934.8 0.170 0.168
1933.7 0.172 0.170
1931.3 0.174 0.172
1928.0 0.181 0.179
1927.9 0.186 0.184
1923.4 0.193 0.191
1914.4 0.200 0.198
1910.6 0.203 0.201
1905.8 0.204 0.202
1904.8 0.219 0.217
1900.9 0.220 0.218
1896.9 0.225 0.223
1891.4 0.230 0.228
1889.9 0.237 0.235
1885.3 0.253 0.251
1882.3 0.269 0.266
1867.0 0.271 0.268
1865.6 0.272 0.269
1860.7 0.275 0.272
1856.7 0.287 0.284
1855.4 0.395 0.391
1855.3 0.427 0.423
1847.4 0.585 0.579
1845.9 0.590 0.584
1845.7 0.596 0.590
1844.0 0.604 0.598
1836.3 0.696 0.689
1835.7 0.697 0.690
1834.9 0.749 0.742
1826.6 1.130 1.119
1825.1 1.764 1.747
1822.2 1.793 1.776
1820.0 1.885 1.867
1818.6 2.728 2.702
1817.7 35.123 34.789
1815.0 178.041 176.350
Primal Integral: 0.0174451025
