12th DIMACS Implementation Challenge: Vehicle Routing
VRPTW track
Controller version: December 13, 2021
Competitor: HustSmart
Ubuntu 21.04
Intel(R) Xeon(R) CPU E5-2698 v3 @ 2.30GHz
hostid: 10916887366929678835
PassMark Single Thread Benchmark: 1981
Time factor: 0.99 (baseline 2000)
Instance: C101
Standardized Time limit: 1800 secs
Local Machine Time Limit: 1817 secs
Base solution: 910.030
BKS: 827.3
Optimal: 1
Sat 12 Feb 2022 08:32:49 AM CST
timestamp: 1644625969
Solution value, local machine time, standardized time
888.0 0.015 0.015
851.3 0.016 0.016
827.3 0.019 0.019
Primal Integral: 0.0000922445
