12th DIMACS Implementation Challenge: Vehicle Routing
VRPTW track
Controller version: December 13, 2021
Competitor: HustSmart
Ubuntu 20.04.3 LTS
Intel(R) Core(TM) i5-4690 CPU @ 3.50GHz
hostid: 4179100773924013267
PassMark Single Thread Benchmark: 2204
Time factor: 1.10 (baseline 2000)
Instance: R2_6_4
Standardized Time limit: 3600 secs
Local Machine Time Limit: 3267 secs
Base solution: 8734.330
BKS: 7940.3
Optimal: 0
Mon 14 Feb 2022 11:28:07 AM EST
timestamp: 1644856087
Solution value, local machine time, standardized time
8683.6 0.224 0.247
8683.0 0.226 0.249
8679.5 0.232 0.256
8664.3 0.259 0.285
8661.9 0.266 0.293
8655.2 0.277 0.305
8652.8 0.278 0.306
8649.1 0.288 0.317
8640.0 0.307 0.338
8637.2 0.314 0.346
8620.4 0.321 0.354
8594.1 0.323 0.356
8592.7 0.326 0.359
8581.0 0.327 0.360
8540.6 0.329 0.363
8515.3 0.369 0.407
8513.8 0.370 0.408
8509.4 0.372 0.410
8505.3 0.373 0.411
8501.7 0.392 0.432
8500.3 0.396 0.436
8499.2 0.403 0.444
8482.7 0.406 0.447
8471.7 0.407 0.449
8470.1 0.408 0.450
8469.0 0.410 0.452
8462.1 0.432 0.476
8460.5 0.441 0.486
8456.4 0.451 0.497
8443.4 0.463 0.510
8442.7 0.480 0.529
8439.6 0.483 0.532
8438.8 0.488 0.538
8438.7 0.490 0.540
8437.4 0.502 0.553
8435.0 0.506 0.558
8431.9 0.520 0.573
8430.9 0.532 0.586
8430.4 0.554 0.611
8402.0 0.566 0.624
8399.2 0.568 0.626
8397.8 0.576 0.635
8394.8 0.578 0.637
8393.7 0.584 0.644
8390.4 0.591 0.651
8389.7 0.593 0.653
8385.4 0.594 0.655
8384.5 0.597 0.658
8349.1 0.604 0.666
8345.8 0.605 0.667
8339.4 0.608 0.670
8332.5 0.616 0.679
8327.5 0.620 0.683
8324.9 0.628 0.692
8324.8 0.629 0.693
8315.5 0.631 0.695
8310.2 0.635 0.700
8309.5 0.638 0.703
8296.1 0.655 0.722
8290.2 0.658 0.725
8289.5 0.663 0.731
8286.5 0.667 0.735
8281.1 0.670 0.738
8277.0 0.672 0.741
8267.2 0.676 0.745
8266.7 0.679 0.748
8238.6 0.685 0.755
8236.6 0.696 0.767
8236.5 0.705 0.777
8234.8 0.773 0.852
8230.0 0.774 0.853
8229.4 0.823 0.907
8225.6 0.859 0.947
8222.9 0.863 0.951
8222.8 0.875 0.964
8221.4 0.878 0.968
8218.2 0.879 0.969
8215.6 0.898 0.990
8215.2 0.905 0.997
8214.9 0.906 0.998
8214.5 0.921 1.015
8213.0 0.923 1.017
8212.0 0.926 1.020
8210.9 0.929 1.024
8210.5 0.962 1.060
8208.7 0.965 1.063
8204.3 0.983 1.083
8203.7 1.006 1.109
8203.3 1.008 1.111
8202.9 1.295 1.427
8201.2 1.487 1.639
8199.2 1.488 1.640
8198.3 1.544 1.701
8197.9 1.568 1.728
8194.1 1.591 1.753
8192.7 1.596 1.759
8192.3 1.605 1.769
8191.6 1.733 1.910
8185.6 1.932 2.129
8185.5 1.935 2.132
8183.1 2.149 2.368
8181.4 2.206 2.431
8181.2 2.224 2.451
8180.0 2.303 2.538
8175.7 2.500 2.755
8158.4 2.507 2.763
8158.3 2.527 2.785
8157.2 2.564 2.826
8156.9 2.571 2.833
8156.0 2.834 3.123
8154.7 2.974 3.277
8149.5 3.048 3.359
8149.3 3.209 3.536
8149.2 3.266 3.599
8149.1 3.276 3.610
8149.0 3.333 3.673
8144.9 3.441 3.792
8144.7 3.489 3.845
8143.5 50.837 56.022
8143.4 50.839 56.025
8130.5 51.666 56.936
8128.7 52.362 57.703
8128.4 52.364 57.705
8119.4 52.423 57.770
8117.3 53.088 58.503
8114.0 53.150 58.571
8111.9 53.295 58.731
8099.1 54.044 59.556
8088.4 54.247 59.780
8085.5 54.301 59.840
8076.7 54.303 59.842
8074.9 54.623 60.195
8073.1 56.266 62.005
8069.1 56.270 62.010
8066.8 56.272 62.012
8066.7 57.197 63.031
8053.2 57.299 63.143
8051.7 57.636 63.515
8047.0 57.640 63.519
8046.8 58.311 64.259
8046.6 58.313 64.261
8041.3 58.398 64.355
8039.8 58.848 64.850
8039.5 58.851 64.854
8038.5 59.297 65.345
8037.9 59.300 65.349
8036.4 61.397 67.659
8036.2 65.835 72.550
8035.9 65.913 72.636
8034.6 66.981 73.813
8029.0 69.728 76.840
8024.8 84.161 92.745
8019.2 84.175 92.761
8018.0 84.188 92.775
8013.4 84.217 92.807
8012.6 88.405 97.422
8012.0 90.086 99.275
8010.4 90.087 99.276
8009.8 93.972 103.557
8009.2 96.190 106.001
8008.6 97.233 107.151
8005.7 98.902 108.990
8003.2 102.714 113.191
7999.7 103.851 114.444
7997.6 105.591 116.361
7995.8 120.636 132.941
7995.5 122.246 134.715
7994.9 124.762 137.488
7994.8 126.335 139.221
7991.9 126.455 139.353
7990.2 126.460 139.359
7989.1 143.625 158.275
7986.5 149.421 164.662
7985.0 218.182 240.437
7983.8 219.285 241.652
7981.4 219.297 241.665
7981.0 219.331 241.703
7979.7 223.313 246.091
7978.9 224.293 247.171
7978.7 225.570 248.578
7976.1 225.583 248.592
7975.9 227.199 250.373
7973.8 227.695 250.920
7973.0 227.753 250.984
7972.8 228.409 251.707
7972.5 229.177 252.553
7970.1 229.214 252.594
7969.8 232.503 256.218
7969.5 236.069 260.148
7969.2 519.591 572.589
7968.8 522.644 575.954
7968.7 3186.986 3512.059
7968.2 3187.970 3513.143
7967.0 3187.977 3513.151
7966.7 3191.143 3516.640
7965.1 3191.155 3516.653
7964.8 3194.679 3520.536
7964.4 3196.951 3523.040
7962.2 3200.490 3526.940
7957.5 3217.102 3545.246
7956.5 3218.236 3546.496
7956.2 3218.267 3546.530
7955.8 3228.176 3557.450
Primal Integral: 0.4151374836
