12th DIMACS Implementation Challenge: Vehicle Routing
VRPTW track
Controller version: December 13, 2021
Competitor: HustSmart
Ubuntu 20.04.3 LTS
Intel(R) Core(TM) i5-4690 CPU @ 3.50GHz
hostid: 4179100773924013267
PassMark Single Thread Benchmark: 2204
Time factor: 1.10 (baseline 2000)
Instance: RC1_2_9
Standardized Time limit: 1800 secs
Local Machine Time Limit: 1633 secs
Base solution: 3380.630
BKS: 3073.3
Optimal: 0
Mon 14 Feb 2022 09:06:44 AM EST
timestamp: 1644847604
Solution value, local machine time, standardized time
3367.6 0.035 0.039
3356.9 0.036 0.040
3352.7 0.037 0.041
3350.0 0.040 0.044
3344.4 0.043 0.047
3326.5 0.044 0.048
3301.5 0.049 0.054
3279.5 0.051 0.056
3278.5 0.054 0.060
3278.0 0.065 0.072
3273.2 0.080 0.088
3259.2 0.082 0.090
3244.0 0.083 0.091
3234.9 0.086 0.095
3233.2 0.088 0.097
3228.1 0.092 0.101
3225.1 0.094 0.104
3218.8 0.101 0.111
3209.7 0.102 0.112
3209.5 0.140 0.154
3208.5 0.143 0.158
3207.3 0.145 0.160
3200.4 0.152 0.168
3196.4 0.155 0.171
3194.0 0.156 0.172
3186.8 0.157 0.173
3182.6 0.178 0.196
3179.3 0.183 0.202
3175.7 0.190 0.209
3172.3 0.214 0.236
3171.2 0.222 0.245
3165.4 0.226 0.249
3161.2 0.476 0.525
3157.7 0.563 0.620
3156.9 0.581 0.640
3156.2 0.586 0.646
3155.7 0.600 0.661
3153.8 0.611 0.673
3153.0 0.650 0.716
3149.9 0.657 0.724
3137.7 0.692 0.763
3137.0 0.741 0.817
3136.0 0.767 0.845
3135.7 0.823 0.907
3135.1 0.851 0.938
3134.9 0.852 0.939
3133.4 1.045 1.152
3132.9 1.074 1.184
3132.5 1.326 1.461
3128.5 3.442 3.793
3127.4 3.501 3.858
3126.2 3.523 3.882
3126.1 3.623 3.993
3124.9 3.929 4.330
3123.7 3.938 4.340
3122.5 3.940 4.342
3121.5 4.016 4.426
3121.4 4.313 4.753
3120.6 5.515 6.078
3119.9 5.516 6.079
3119.0 5.552 6.118
3113.4 9.989 11.008
3112.8 13.010 14.337
3110.5 13.057 14.389
3109.6 13.061 14.393
3106.7 14.343 15.806
3106.5 14.522 16.003
3106.3 14.989 16.518
3104.6 15.093 16.632
3103.2 15.519 17.102
3102.2 15.536 17.121
3101.3 16.017 17.651
3101.2 17.086 18.829
3100.8 18.465 20.348
3100.7 19.708 21.718
3099.1 19.781 21.799
3097.5 19.879 21.907
3096.1 33.603 37.031
3094.3 55.906 61.608
3091.2 56.751 62.540
3090.7 67.123 73.970
3090.6 73.451 80.943
3088.4 78.840 86.882
3088.3 78.911 86.960
3087.4 79.827 87.969
3086.5 126.605 139.519
3085.2 142.297 156.811
3085.0 148.930 164.121
3084.5 156.702 172.686
3083.7 208.760 230.054
3083.4 229.377 252.773
Primal Integral: 0.3617083351
