12th DIMACS Implementation Challenge: Vehicle Routing
VRPTW track
Controller version: December 13, 2021
Competitor: HustSmart
Ubuntu 20.04.3 LTS
Intel(R) Core(TM) i5-4690 CPU @ 3.50GHz
hostid: 4179100773924013267
PassMark Single Thread Benchmark: 2204
Time factor: 1.10 (baseline 2000)
Instance: R204
Standardized Time limit: 1800 secs
Local Machine Time Limit: 1633 secs
Base solution: 804.430
BKS: 731.3
Optimal: 1
Mon 14 Feb 2022 12:10:20 AM EST
timestamp: 1644815420
Solution value, local machine time, standardized time
804.2 0.012 0.013
802.0 0.013 0.014
798.7 0.016 0.018
796.1 0.022 0.024
792.9 0.032 0.035
790.7 0.035 0.039
790.6 0.037 0.041
789.0 0.051 0.056
788.5 0.053 0.058
786.9 0.054 0.060
781.4 0.056 0.062
781.0 0.063 0.069
773.2 0.064 0.071
772.5 0.100 0.110
770.7 0.105 0.116
768.2 0.109 0.120
767.8 0.183 0.202
767.7 0.194 0.214
767.0 0.197 0.217
762.9 0.198 0.218
760.6 0.237 0.261
759.8 0.239 0.263
757.7 0.244 0.269
757.1 0.386 0.425
756.3 0.403 0.444
754.9 0.441 0.486
754.5 0.538 0.593
754.2 0.553 0.609
753.3 0.823 0.907
751.4 0.824 0.908
747.6 0.825 0.909
747.0 0.826 0.910
744.3 0.836 0.921
744.2 0.840 0.926
737.8 0.844 0.930
737.5 0.845 0.931
736.5 0.990 1.091
733.8 0.991 1.092
733.4 1.954 2.153
731.6 7.928 8.737
731.3 7.936 8.745
Primal Integral: 0.0034122863
