12th DIMACS Implementation Challenge: Vehicle Routing
VRPTW track
Controller version: December 13, 2021
Competitor: HustSmart
Ubuntu 20.04.3 LTS
Intel(R) Core(TM) i5-4690 CPU @ 3.50GHz
hostid: 4179100773924013267
PassMark Single Thread Benchmark: 2204
Time factor: 1.10 (baseline 2000)
Instance: C2_2_6
Standardized Time limit: 1800 secs
Local Machine Time Limit: 1633 secs
Base solution: 2029.280
BKS: 1844.8
Optimal: 1
Mon 14 Feb 2022 01:33:14 AM EST
timestamp: 1644820394
Solution value, local machine time, standardized time
2013.9 0.028 0.031
1973.6 0.029 0.032
1966.0 0.030 0.033
1961.4 0.031 0.034
1958.2 0.043 0.047
1957.8 0.044 0.048
1954.3 0.045 0.050
1941.0 0.053 0.058
1940.1 0.055 0.061
1930.7 0.061 0.067
1927.2 0.077 0.085
1921.0 0.079 0.087
1920.1 0.080 0.088
1919.3 0.084 0.093
1902.6 0.088 0.097
1902.3 0.090 0.099
1896.1 0.096 0.106
1882.5 0.097 0.107
1880.7 0.110 0.121
1876.6 0.111 0.122
1876.5 0.114 0.126
1873.9 0.115 0.127
1873.4 0.123 0.136
1872.9 0.124 0.137
1872.2 0.159 0.175
1871.4 0.160 0.176
1866.4 0.180 0.198
1865.2 0.199 0.219
1853.9 0.204 0.225
1852.0 0.246 0.271
1851.8 0.469 0.517
1845.3 0.541 0.596
1844.8 0.542 0.597
Primal Integral: 0.0005653573
