12th DIMACS Implementation Challenge: Vehicle Routing
VRPTW track
Controller version: December 13, 2021
Competitor: HustSmart
Ubuntu 20.04.3 LTS
Intel(R) Core(TM) i5-4690 CPU @ 3.50GHz
hostid: 4179100773924013267
PassMark Single Thread Benchmark: 2204
Time factor: 1.10 (baseline 2000)
Instance: C1_2_1
Standardized Time limit: 1800 secs
Local Machine Time Limit: 1633 secs
Base solution: 2968.460
BKS: 2698.6
Optimal: 1
Mon 14 Feb 2022 01:05:35 AM EST
timestamp: 1644818735
Solution value, local machine time, standardized time
2948.9 0.029 0.032
2807.4 0.030 0.033
2713.2 0.031 0.034
2710.4 0.070 0.077
2701.4 0.098 0.108
2698.6 0.490 0.540
Primal Integral: 0.0002305274
