12th DIMACS Implementation Challenge: Vehicle Routing
VRPTW track
Controller version: December 13, 2021
Competitor: HustSmart
Ubuntu 20.04.3 LTS
Intel(R) Core(TM) i5-4690 CPU @ 3.50GHz
hostid: 4179100773924013267
PassMark Single Thread Benchmark: 2204
Time factor: 1.10 (baseline 2000)
Instance: R208
Standardized Time limit: 1800 secs
Local Machine Time Limit: 1633 secs
Base solution: 771.100
BKS: 701.0
Optimal: 1
Mon 14 Feb 2022 12:12:26 AM EST
timestamp: 1644815546
Solution value, local machine time, standardized time
752.5 0.010 0.011
733.1 0.011 0.012
731.3 0.013 0.014
730.4 0.014 0.015
730.2 0.015 0.017
727.2 0.017 0.019
723.2 0.018 0.020
722.5 0.020 0.022
722.3 0.023 0.025
721.8 0.074 0.082
718.6 0.105 0.116
718.4 0.107 0.118
718.1 0.215 0.237
717.3 0.266 0.293
716.5 0.319 0.352
715.1 0.481 0.530
714.3 0.483 0.532
713.5 0.503 0.554
713.1 0.589 0.649
711.4 0.636 0.701
710.4 0.641 0.706
708.9 0.642 0.707
707.8 0.644 0.710
702.7 0.648 0.714
702.5 0.669 0.737
702.1 3.616 3.985
701.2 4.114 4.534
701.0 4.605 5.075
Primal Integral: 0.0014065462
