12th DIMACS Implementation Challenge: Vehicle Routing
VRPTW track
Controller version: December 13, 2021
Competitor: HustSmart
Ubuntu 20.04.3 LTS
Intel(R) Core(TM) i5-4690 CPU @ 3.50GHz
hostid: 4179100773924013267
PassMark Single Thread Benchmark: 2204
Time factor: 1.10 (baseline 2000)
Instance: C2_2_4
Standardized Time limit: 1800 secs
Local Machine Time Limit: 1633 secs
Base solution: 1864.500
BKS: 1695.0
Optimal: 0
Mon 14 Feb 2022 01:05:58 AM EST
timestamp: 1644818758
Solution value, local machine time, standardized time
1863.3 0.069 0.076
1843.2 0.071 0.078
1837.4 0.073 0.080
1834.7 0.074 0.082
1830.9 0.077 0.085
1827.5 0.080 0.088
1824.5 0.085 0.094
1817.2 0.088 0.097
1815.8 0.089 0.098
1814.9 0.090 0.099
1814.8 0.092 0.101
1811.1 0.093 0.102
1809.6 0.099 0.109
1803.9 0.103 0.114
1801.0 0.104 0.115
1800.9 0.107 0.118
1799.7 0.112 0.123
1799.4 0.115 0.127
1796.1 0.135 0.149
1769.7 0.149 0.164
1745.4 0.151 0.166
1742.5 0.205 0.226
1741.7 0.206 0.227
1740.8 0.208 0.229
1737.5 0.210 0.231
1735.2 0.216 0.238
1733.6 0.217 0.239
1719.1 0.290 0.320
1718.9 0.345 0.380
1717.9 0.386 0.425
1717.7 0.596 0.657
1715.4 3.399 3.746
1713.6 3.519 3.878
1713.4 12.229 13.476
1712.4 12.610 13.896
1711.4 13.236 14.586
1710.9 16.964 18.694
1709.4 17.061 18.801
1709.2 17.063 18.803
1708.6 17.101 18.845
1707.0 17.106 18.851
1706.8 17.108 18.853
1703.0 138.057 152.139
1700.5 140.068 154.355
1698.9 150.833 166.218
1697.7 165.441 182.316
1696.5 200.429 220.873
1696.1 287.795 317.150
1695.9 287.796 317.151
1695.0 303.324 334.263
Primal Integral: 0.0773850344
