12th DIMACS Implementation Challenge: Vehicle Routing
VRPTW track
Controller version: December 13, 2021
Competitor: HustSmart
Ubuntu 20.04.3 LTS
Intel(R) Core(TM) i5-4690 CPU @ 3.50GHz
hostid: 4179100773924013267
PassMark Single Thread Benchmark: 2204
Time factor: 1.10 (baseline 2000)
Instance: R1_2_10
Standardized Time limit: 1800 secs
Local Machine Time Limit: 1633 secs
Base solution: 3622.410
BKS: 3293.1
Optimal: 1
Mon 14 Feb 2022 01:35:11 AM EST
timestamp: 1644820511
Solution value, local machine time, standardized time
3598.8 0.039 0.043
3593.6 0.041 0.045
3582.2 0.043 0.047
3581.6 0.044 0.048
3579.9 0.049 0.054
3537.1 0.051 0.056
3534.8 0.056 0.062
3505.4 0.060 0.066
3501.4 0.061 0.067
3495.3 0.065 0.072
3487.6 0.067 0.074
3475.3 0.071 0.078
3453.8 0.085 0.094
3453.0 0.086 0.095
3452.3 0.089 0.098
3445.5 0.091 0.100
3438.3 0.145 0.160
3426.3 0.149 0.164
3404.4 0.154 0.170
3403.9 0.158 0.174
3402.7 0.161 0.177
3400.5 0.168 0.185
3393.9 0.280 0.309
3393.6 0.311 0.343
3388.3 0.361 0.398
3388.1 0.398 0.439
3386.1 0.418 0.461
3384.9 0.471 0.519
3381.7 0.511 0.563
3381.3 0.536 0.591
3379.3 0.553 0.609
3377.5 0.562 0.619
3376.4 0.573 0.631
3375.1 0.649 0.715
3373.1 0.660 0.727
3372.3 0.742 0.818
3371.9 0.750 0.827
3371.6 0.847 0.933
3370.9 0.873 0.962
3369.9 1.146 1.263
3368.5 3.783 4.169
3368.4 3.813 4.202
3365.2 3.839 4.231
3354.3 3.860 4.254
3350.4 3.885 4.281
3349.9 4.186 4.613
3348.8 4.217 4.647
3347.5 4.411 4.861
3346.9 8.316 9.164
3343.3 8.334 9.184
3341.4 8.785 9.681
3340.9 8.902 9.810
3339.3 9.111 10.040
3339.1 9.113 10.043
3338.2 9.483 10.450
3336.6 31.569 34.789
3334.8 33.266 36.659
3334.5 33.425 36.834
3333.9 49.357 54.391
3331.0 50.902 56.094
3330.7 54.544 60.107
3330.1 55.181 60.809
3329.8 55.250 60.886
3328.9 70.432 77.616
3322.6 73.593 81.099
3321.5 73.809 81.338
3320.9 74.071 81.626
3318.5 74.077 81.633
3313.5 76.721 84.547
3311.7 89.457 98.582
3311.2 125.491 138.291
3309.1 127.539 140.548
3307.8 142.706 157.262
3303.3 846.223 932.538
3302.0 849.624 936.286
3301.6 853.812 940.901
3299.5 853.896 940.993
Primal Integral: 0.3710178138
