12th DIMACS Implementation Challenge: Vehicle Routing
VRPTW track
Controller version: December 13, 2021
Competitor: HustSmart
Ubuntu 20.04.3 LTS
Intel(R) Core(TM) i5-4690 CPU @ 3.50GHz
hostid: 4179100773924013267
PassMark Single Thread Benchmark: 2204
Time factor: 1.10 (baseline 2000)
Instance: R102
Standardized Time limit: 1800 secs
Local Machine Time Limit: 1633 secs
Base solution: 1613.260
BKS: 1466.6
Optimal: 1
Sun 13 Feb 2022 11:37:05 PM EST
timestamp: 1644813425
Solution value, local machine time, standardized time
1574.2 0.006 0.007
1563.3 0.007 0.008
1559.6 0.008 0.009
1525.3 0.009 0.010
1504.9 0.010 0.011
1488.4 0.011 0.012
1487.2 0.012 0.013
1479.7 0.030 0.033
1479.4 0.032 0.035
1477.3 0.124 0.137
1476.8 0.137 0.151
1476.3 0.145 0.160
1473.6 0.158 0.174
1472.7 0.160 0.176
1469.5 0.164 0.181
1467.9 0.187 0.206
1467.8 0.286 0.315
1467.1 0.503 0.554
1466.9 0.504 0.555
1466.8 0.771 0.850
1466.6 0.881 0.971
Primal Integral: 0.0001599550
