12th DIMACS Implementation Challenge: Vehicle Routing
VRPTW track
Controller version: December 13, 2021
Competitor: HustSmart
Ubuntu 20.04.3 LTS
Intel(R) Core(TM) i5-4690 CPU @ 3.50GHz
hostid: 4179100773924013267
PassMark Single Thread Benchmark: 2204
Time factor: 1.10 (baseline 2000)
Instance: R202
Standardized Time limit: 1800 secs
Local Machine Time Limit: 1633 secs
Base solution: 1132.560
BKS: 1029.6
Optimal: 1
Sun 13 Feb 2022 11:43:01 PM EST
timestamp: 1644813781
Solution value, local machine time, standardized time
1080.9 0.010 0.011
1068.1 0.011 0.012
1057.4 0.013 0.014
1052.2 0.014 0.015
1052.0 0.015 0.017
1049.1 0.016 0.018
1047.0 0.019 0.021
1045.3 0.051 0.056
1044.2 0.073 0.080
1043.3 0.081 0.089
1042.9 0.170 0.187
1040.4 0.207 0.228
1039.7 0.224 0.247
1038.9 0.228 0.251
1036.9 0.234 0.258
1035.7 0.749 0.825
1034.9 0.767 0.845
1031.5 7.196 7.930
1030.6 7.447 8.207
Primal Integral: 0.0992219988
