12th DIMACS Implementation Challenge: Vehicle Routing
VRPTW track
Controller version: December 13, 2021
Competitor: HustSmart
Ubuntu 20.04.3 LTS
Intel(R) Core(TM) i5-4690 CPU @ 3.50GHz
hostid: 4179100773924013267
PassMark Single Thread Benchmark: 2204
Time factor: 1.10 (baseline 2000)
Instance: C208
Standardized Time limit: 1800 secs
Local Machine Time Limit: 1633 secs
Base solution: 644.380
BKS: 585.8
Optimal: 1
Sun 13 Feb 2022 11:37:05 PM EST
timestamp: 1644813425
Solution value, local machine time, standardized time
625.2 0.007 0.008
605.4 0.008 0.009
592.5 0.009 0.010
589.0 0.012 0.013
585.8 0.013 0.014
Primal Integral: 0.0000522495
