12th DIMACS Implementation Challenge: Vehicle Routing
VRPTW track
Controller version: December 13, 2021
Competitor: HustSmart
Ubuntu 20.04.3 LTS
Intel(R) Core(TM) i5-4690 CPU @ 3.50GHz
hostid: 4179100773924013267
PassMark Single Thread Benchmark: 2204
Time factor: 1.10 (baseline 2000)
Instance: R2_2_1
Standardized Time limit: 1800 secs
Local Machine Time Limit: 1633 secs
Base solution: 3814.800
BKS: 3468.0
Optimal: 1
Mon 14 Feb 2022 05:07:20 AM EST
timestamp: 1644833240
Solution value, local machine time, standardized time
3785.4 0.027 0.030
3779.9 0.028 0.031
3770.6 0.029 0.032
3715.9 0.032 0.035
3711.4 0.033 0.036
3691.3 0.034 0.037
3677.2 0.035 0.039
3658.8 0.038 0.042
3629.5 0.040 0.044
3623.1 0.042 0.046
3601.9 0.043 0.047
3596.5 0.044 0.048
3591.8 0.045 0.050
3588.8 0.049 0.054
3583.8 0.050 0.055
3580.2 0.052 0.057
3577.0 0.059 0.065
3573.2 0.108 0.119
3572.7 0.324 0.357
3570.0 0.355 0.391
3568.1 0.356 0.392
3567.6 0.366 0.403
3564.1 0.394 0.434
3561.4 0.452 0.498
3561.1 0.558 0.615
3560.6 0.562 0.619
3560.4 0.579 0.638
3555.7 0.803 0.885
3550.9 3.802 4.190
3550.8 3.860 4.254
3546.6 8.746 9.638
3532.4 8.768 9.662
3527.1 8.793 9.690
3526.6 8.817 9.716
3526.4 8.873 9.778
3523.0 9.105 10.034
3513.8 9.475 10.441
3511.5 9.489 10.457
3511.0 9.734 10.727
3504.8 10.608 11.690
3504.3 11.074 12.204
3504.2 13.222 14.571
3502.4 18.865 20.789
3499.5 18.867 20.791
3498.5 18.912 20.841
3488.7 21.593 23.795
3488.5 21.733 23.950
3482.4 24.213 26.683
3481.7 24.276 26.752
3476.0 31.081 34.251
3470.7 58.016 63.934
3469.4 58.023 63.941
3468.0 58.026 63.945
Primal Integral: 0.0282017061
