12th DIMACS Implementation Challenge: Vehicle Routing
VRPTW track
Controller version: December 13, 2021
Competitor: HustSmart
Ubuntu 21.04
Intel(R) Xeon(R) CPU E5-2698 v3 @ 2.30GHz
hostid: 10916887366929678835
PassMark Single Thread Benchmark: 1981
Time factor: 0.99 (baseline 2000)
Instance: R2_8_10
Standardized Time limit: 3600 secs
Local Machine Time Limit: 3635 secs
Base solution: 22018.150
BKS: 20016.5
Optimal: 0
Mon 10 Jan 2022 03:56:48 AM CST
timestamp: 1641758208
Solution value, local machine time, standardized time
21978.7 38.229 37.866
21975.2 38.230 37.867
21961.2 38.253 37.890
21950.4 38.256 37.893
21944.7 38.258 37.895
21944.6 38.259 37.896
21939.5 38.260 37.897
21926.4 38.805 38.436
21912.1 39.430 39.055
21903.0 39.442 39.067
21901.6 39.443 39.068
21891.7 39.444 39.069
21891.0 39.445 39.070
21883.6 39.446 39.071
21882.0 39.446 39.071
21873.7 39.447 39.072
21873.6 39.448 39.073
21871.3 39.449 39.074
21870.2 39.449 39.074
21864.8 39.450 39.075
21863.4 39.451 39.076
21856.1 39.545 39.169
21852.2 40.182 39.800
21851.0 40.184 39.802
21847.8 40.185 39.803
21846.8 40.186 39.804
21840.1 40.187 39.805
21839.2 40.187 39.805
21833.9 40.188 39.806
21832.7 40.189 39.807
21827.4 40.190 39.808
21825.1 40.191 39.809
21824.6 40.490 40.105
21823.6 40.491 40.106
21804.0 40.502 40.117
21801.6 40.503 40.118
21770.6 40.514 40.129
21765.8 40.515 40.130
21765.3 40.516 40.131
21749.0 40.516 40.131
21748.3 40.518 40.133
21734.2 40.522 40.137
21732.7 40.524 40.139
21716.6 40.525 40.140
21715.0 40.527 40.142
21713.1 40.534 40.149
21703.9 40.536 40.151
21699.6 40.542 40.157
21694.4 40.552 40.167
21682.6 41.850 41.452
21662.6 41.862 41.464
21647.1 41.863 41.465
21620.7 41.879 41.481
21613.5 42.402 41.999
21573.4 42.440 42.037
21572.7 42.482 42.078
21545.6 42.855 42.448
21544.8 42.858 42.451
21543.4 42.870 42.463
21533.9 42.876 42.469
21523.8 42.894 42.487
21517.9 42.899 42.491
21510.2 42.905 42.497
21481.2 43.577 43.163
21476.3 43.578 43.164
21468.6 43.579 43.165
21439.8 44.602 44.178
21429.1 44.603 44.179
21429.0 44.604 44.180
21427.3 44.605 44.181
21423.8 44.606 44.182
21420.4 44.608 44.184
21419.3 44.609 44.185
21413.9 44.610 44.186
21413.3 44.906 44.479
21412.7 44.907 44.480
21411.9 44.943 44.516
21411.7 44.944 44.517
21410.2 44.945 44.518
21404.9 44.945 44.518
21402.6 44.946 44.519
21402.1 44.947 44.520
21398.8 44.948 44.521
21396.3 44.948 44.521
21391.2 45.671 45.237
21387.2 45.674 45.240
21382.4 45.676 45.242
21374.4 45.711 45.277
21370.7 45.713 45.279
21369.2 46.373 45.932
21367.6 46.402 45.961
21363.9 46.409 45.968
21362.4 46.913 46.467
21361.4 46.930 46.484
21359.3 46.931 46.485
21358.0 46.932 46.486
21355.7 46.938 46.492
21354.5 46.960 46.514
21352.6 46.961 46.515
21349.8 46.962 46.516
21340.2 46.977 46.531
21338.4 47.041 46.594
21266.2 47.051 46.604
21250.7 47.052 46.605
21240.9 47.362 46.912
21239.7 47.372 46.922
21237.8 47.375 46.925
21235.0 47.379 46.929
21225.4 47.388 46.938
21223.1 47.392 46.942
21221.3 47.420 46.970
21212.0 47.422 46.971
21195.2 47.506 47.055
21194.3 47.982 47.526
21184.9 48.120 47.663
21172.3 48.121 47.664
21171.9 48.153 47.696
21170.7 48.437 47.977
21167.6 48.911 48.446
21165.9 48.914 48.449
21152.9 48.938 48.473
21151.7 49.031 48.565
21150.5 49.311 48.843
21147.9 49.312 48.844
21145.3 49.313 48.845
21136.2 49.314 48.846
21135.7 49.315 48.847
21135.3 49.532 49.061
21118.2 49.533 49.062
21106.1 49.742 49.269
21092.1 49.784 49.311
21082.1 49.946 49.472
21079.6 49.952 49.477
21079.5 50.104 49.628
21077.4 50.255 49.778
21069.5 50.257 49.780
21069.2 50.274 49.796
21059.0 50.401 49.922
21054.2 50.634 50.153
21046.1 50.635 50.154
21045.3 50.820 50.337
21045.2 50.821 50.338
21043.9 50.877 50.394
21026.8 50.878 50.395
21022.6 50.879 50.396
21021.7 50.880 50.397
21016.5 50.881 50.398
21016.0 50.882 50.399
21015.9 50.892 50.409
21004.9 50.951 50.467
21003.1 51.212 50.725
20999.9 51.226 50.739
20996.6 51.575 51.085
20988.6 51.620 51.130
20979.4 51.691 51.200
20977.6 51.826 51.334
20976.3 51.834 51.342
20974.8 52.010 51.516
20974.0 52.016 51.522
20973.6 52.273 51.776
20972.5 52.381 51.883
20972.2 52.392 51.894
20971.5 52.427 51.929
20970.8 52.524 52.025
20970.7 52.551 52.052
20970.1 52.733 52.232
20968.5 52.734 52.233
20968.2 52.742 52.241
20961.8 53.596 53.087
20960.7 54.406 53.889
20952.6 54.416 53.899
20948.2 54.588 54.069
20947.2 54.612 54.093
20939.1 54.684 54.165
20931.6 54.685 54.165
20927.0 54.726 54.206
20905.6 54.727 54.207
20900.3 54.784 54.264
20887.3 54.784 54.264
20881.3 54.845 54.324
20880.4 54.852 54.331
20869.1 54.868 54.347
20867.1 54.871 54.350
20862.8 54.913 54.391
20862.2 54.914 54.392
20860.2 54.915 54.393
20859.4 54.916 54.394
20859.2 54.950 54.428
20855.8 54.969 54.447
20852.7 55.078 54.555
20830.5 55.131 54.607
20821.3 55.136 54.612
20817.6 55.136 54.612
20816.3 55.137 54.613
20807.2 55.138 54.614
20793.3 55.208 54.684
20792.3 55.304 54.779
20761.0 55.320 54.794
20749.4 55.321 54.795
20746.5 55.537 55.009
20744.9 55.538 55.010
20738.5 55.572 55.044
20736.1 55.573 55.045
20736.0 55.597 55.069
20735.1 55.804 55.274
20733.8 55.879 55.348
20731.6 56.089 55.556
20729.5 56.090 55.557
20723.0 56.193 55.659
20710.8 56.276 55.741
20705.3 56.277 55.742
20701.4 56.278 55.743
20698.8 56.279 55.744
20698.5 56.387 55.851
20696.5 56.434 55.898
20693.3 56.435 55.899
20683.1 56.801 56.261
20677.1 56.875 56.335
20671.2 56.876 56.336
20661.4 56.973 56.432
20660.9 72.921 72.228
20638.4 73.066 72.372
20636.5 73.282 72.586
20635.4 73.813 73.112
20635.3 93.941 93.049
20631.6 94.120 93.226
20629.4 94.295 93.399
20629.1 94.574 93.676
20628.1 94.582 93.683
20627.6 94.705 93.805
20626.8 94.707 93.807
20625.8 94.727 93.827
20625.7 94.913 94.011
20625.6 95.042 94.139
20625.5 95.059 94.156
20619.0 95.942 95.031
20617.4 96.195 95.281
20616.2 96.196 95.282
20593.8 96.278 95.363
20591.7 96.439 95.523
20590.2 96.440 95.524
20584.8 96.467 95.551
20556.6 96.467 95.551
20550.4 96.469 95.553
20550.3 96.470 95.554
20549.6 96.690 95.771
20549.1 96.691 95.772
20549.0 97.477 96.551
20542.5 97.533 96.606
20537.7 97.684 96.756
20527.7 97.869 96.939
20520.0 98.002 97.071
20519.1 98.003 97.072
20518.4 98.004 97.073
20517.5 98.138 97.206
20516.7 98.186 97.253
20514.8 98.405 97.470
20507.5 101.558 100.593
20494.5 101.560 100.595
20492.6 101.561 100.596
20486.7 102.936 101.958
20473.1 102.954 101.976
20471.2 102.960 101.982
20468.0 102.960 101.982
20463.0 103.054 102.075
20461.1 103.055 102.076
20460.8 103.055 102.076
20450.5 103.068 102.089
20445.2 103.152 102.172
20442.6 103.417 102.435
20442.3 103.418 102.436
20440.9 103.419 102.437
20438.9 103.419 102.437
20434.7 103.445 102.462
20432.1 103.678 102.693
20431.1 103.679 102.694
20430.0 103.744 102.758
20416.8 103.898 102.911
20411.4 103.919 102.932
20407.5 104.009 103.021
20404.1 152.923 151.470
20390.0 152.924 151.471
20388.6 152.925 151.472
20381.2 152.926 151.473
20368.2 155.737 154.257
20368.1 158.643 157.136
20366.7 158.644 157.137
20363.7 159.796 158.278
20362.8 159.797 158.279
20360.9 160.462 158.938
20351.5 161.017 159.487
20348.8 161.051 159.521
20335.4 161.294 159.762
20335.3 161.295 159.763
20330.8 161.295 159.763
20329.5 161.296 159.764
20328.7 161.555 160.020
20328.1 161.557 160.022
20318.7 162.322 160.780
20316.2 165.045 163.477
20315.1 165.990 164.413
20305.7 168.914 167.309
20305.6 168.915 167.310
20305.0 168.916 167.311
20299.2 169.175 167.568
20294.3 192.493 190.664
20294.2 192.710 190.879
20293.2 264.922 262.405
20286.4 265.006 262.488
20285.2 265.314 262.794
20284.5 267.686 265.143
20283.3 267.687 265.144
20279.7 269.547 266.986
20278.8 269.548 266.987
20276.9 269.586 267.025
20272.6 285.606 282.893
20269.1 285.607 282.894
20259.5 293.242 290.456
20258.8 293.243 290.457
20254.0 296.657 293.839
20248.6 310.760 307.808
20246.4 310.768 307.816
20246.2 310.790 307.837
20242.8 310.905 307.951
20242.6 310.909 307.955
20242.2 311.038 308.083
20241.5 311.039 308.084
20240.3 311.070 308.115
20239.2 311.078 308.123
20236.9 311.187 308.231
20236.1 311.482 308.523
20235.0 312.440 309.472
20220.0 313.352 310.375
20219.6 325.457 322.365
20208.1 326.102 323.004
20207.1 326.103 323.005
20202.3 326.104 323.006
20201.1 339.004 335.783
20200.4 339.006 335.785
20197.2 339.006 335.785
20197.0 354.172 350.807
20195.7 385.210 381.551
20194.3 438.199 434.036
20194.2 438.521 434.355
20193.9 439.879 435.700
20193.8 443.173 438.963
20192.9 443.693 439.478
20190.2 443.694 439.479
20189.7 443.905 439.688
20180.8 443.972 439.754
20180.5 444.099 439.880
20180.4 444.100 439.881
20180.1 444.101 439.882
20180.0 469.859 465.395
20179.8 508.910 504.075
20175.6 619.710 613.823
20175.1 646.929 640.783
20172.7 651.791 645.599
20167.0 651.792 645.600
20166.9 651.793 645.601
20163.6 652.020 645.826
20162.8 652.109 645.914
20162.5 652.218 646.022
20150.4 664.217 657.907
20148.9 664.297 657.986
20148.2 664.298 657.987
20145.6 693.707 687.117
20142.9 722.346 715.484
20142.8 722.353 715.491
20140.3 779.428 772.023
20140.2 779.829 772.421
20140.1 811.025 803.320
20139.0 911.261 902.604
20138.8 912.176 903.510
20137.7 925.495 916.703
20136.1 995.139 985.685
20136.0 1009.587 999.996
20134.9 1222.241 1210.630
20123.7 1222.256 1210.645
20110.7 1361.701 1348.765
20108.8 3629.385 3594.906
Primal Integral: 0.7545682332
