12th DIMACS Implementation Challenge: Vehicle Routing
VRPTW track
Controller version: December 13, 2021
Competitor: HustSmart
Ubuntu 21.04
Intel(R) Xeon(R) CPU E5-2698 v3 @ 2.30GHz
hostid: 10916887366929678835
PassMark Single Thread Benchmark: 1981
Time factor: 0.99 (baseline 2000)
Instance: C208
Standardized Time limit: 1800 secs
Local Machine Time Limit: 1817 secs
Base solution: 644.380
BKS: 585.8
Optimal: 1
Sun 09 Jan 2022 10:56:47 PM CST
timestamp: 1641740207
Solution value, local machine time, standardized time
643.1 0.020 0.020
640.7 0.020 0.020
637.3 0.020 0.020
637.1 0.020 0.020
635.8 0.027 0.027
633.8 0.027 0.027
633.6 0.027 0.027
633.5 0.027 0.027
633.3 0.027 0.027
628.1 0.028 0.028
627.2 0.028 0.028
622.9 0.028 0.028
622.7 0.028 0.028
620.3 0.028 0.028
615.2 0.029 0.029
610.1 0.029 0.029
609.3 0.169 0.167
605.1 0.255 0.253
602.1 0.299 0.296
585.8 0.363 0.360
Primal Integral: 0.0008402754
