12th DIMACS Implementation Challenge: Vehicle Routing
VRPTW track
Controller version: December 13, 2021
Competitor: HustSmart
Ubuntu 21.04
Intel(R) Xeon(R) CPU E5-2698 v3 @ 2.30GHz
hostid: 10916887366929678835
PassMark Single Thread Benchmark: 1981
Time factor: 0.99 (baseline 2000)
Instance: C102
Standardized Time limit: 1800 secs
Local Machine Time Limit: 1817 secs
Base solution: 910.030
BKS: 827.3
Optimal: 1
Sun 09 Jan 2022 10:56:32 PM CST
timestamp: 1641740192
Solution value, local machine time, standardized time
902.8 0.037 0.037
900.9 0.037 0.037
899.7 0.037 0.037
897.4 0.038 0.038
894.8 0.038 0.038
864.1 0.038 0.038
859.1 0.038 0.038
857.6 0.038 0.038
857.4 0.185 0.183
857.1 0.187 0.185
847.5 0.189 0.187
847.3 0.338 0.335
827.3 0.377 0.373
Primal Integral: 0.0007652947
