12th DIMACS Implementation Challenge: Vehicle Routing
VRPTW track
Controller version: December 13, 2021
Competitor: HustSmart
Ubuntu 21.04
Intel(R) Xeon(R) CPU E5-2698 v3 @ 2.30GHz
hostid: 10916887366929678835
PassMark Single Thread Benchmark: 1981
Time factor: 0.99 (baseline 2000)
Instance: RC205
Standardized Time limit: 1800 secs
Local Machine Time Limit: 1817 secs
Base solution: 1269.400
BKS: 1154.0
Optimal: 1
Sun 09 Jan 2022 10:57:23 PM CST
timestamp: 1641740243
Solution value, local machine time, standardized time
1259.3 0.122 0.121
1257.7 0.122 0.121
1254.8 0.123 0.122
1250.2 0.123 0.122
1242.5 0.123 0.122
1237.7 0.123 0.122
1232.5 0.123 0.122
1231.9 0.123 0.122
1230.3 0.124 0.123
1226.3 0.124 0.123
1225.0 0.124 0.123
1224.3 0.124 0.123
1219.5 0.125 0.124
1218.2 0.125 0.124
1217.0 0.129 0.128
1210.8 0.130 0.129
1210.3 0.130 0.129
1206.8 0.131 0.130
1203.6 0.815 0.807
1202.6 0.815 0.807
1198.3 0.941 0.932
1198.0 0.960 0.951
1194.2 1.001 0.991
1189.3 1.017 1.007
1188.2 1.028 1.018
1187.8 1.029 1.019
1186.0 1.037 1.027
1184.7 1.037 1.027
1184.4 1.079 1.069
1182.6 1.104 1.094
1178.2 1.254 1.242
1174.4 1.255 1.243
1170.2 1.259 1.247
1170.0 1.370 1.357
1169.8 5.138 5.089
1169.6 5.139 5.090
1167.5 9.989 9.894
1167.2 9.991 9.896
1164.9 9.991 9.896
1163.6 9.991 9.896
1158.9 9.992 9.897
1158.7 9.992 9.897
1156.3 13.907 13.775
1154.5 13.929 13.797
1154.0 13.939 13.807
Primal Integral: 0.0106638167
