12th DIMACS Implementation Challenge: Vehicle Routing
VRPTW track
Controller version: December 13, 2021
Competitor: HustSmart
Ubuntu 21.04
Intel(R) Xeon(R) CPU E5-2698 v3 @ 2.30GHz
hostid: 10916887366929678835
PassMark Single Thread Benchmark: 1981
Time factor: 0.99 (baseline 2000)
Instance: C2_8_6
Standardized Time limit: 3600 secs
Local Machine Time Limit: 3635 secs
Base solution: 12447.930
BKS: 11316.3
Optimal: 0
Mon 10 Jan 2022 03:31:52 AM CST
timestamp: 1641756712
Solution value, local machine time, standardized time
12434.9 10.547 10.447
12433.2 10.548 10.448
12430.8 10.549 10.449
12419.5 10.550 10.450
12412.1 10.551 10.451
12408.7 10.551 10.451
12407.0 10.552 10.452
12404.3 10.553 10.453
12404.1 10.553 10.453
12401.0 10.554 10.454
12399.7 10.555 10.455
12398.9 10.558 10.458
12395.9 10.562 10.462
12392.1 10.570 10.470
12390.7 10.612 10.511
12390.0 10.671 10.570
12387.1 10.690 10.588
12385.4 10.705 10.603
12320.6 45.636 45.202
12272.1 45.697 45.263
12270.2 45.698 45.264
12267.0 45.699 45.265
12264.9 45.699 45.265
12264.1 45.700 45.266
12262.4 45.702 45.268
12260.8 45.702 45.268
12259.5 45.703 45.269
12259.1 45.704 45.270
12257.4 45.705 45.271
12256.5 45.705 45.271
12252.8 45.708 45.274
12248.3 45.708 45.274
12248.2 45.709 45.275
12244.6 45.710 45.276
12238.5 45.711 45.277
12233.3 45.711 45.277
12232.7 45.973 45.536
12227.5 45.974 45.537
12225.2 46.020 45.583
12205.2 46.023 45.586
12203.2 46.024 45.587
12198.8 46.025 45.588
12197.7 46.026 45.589
12191.2 46.026 45.589
12186.7 46.027 45.590
12179.1 46.028 45.591
12178.5 46.029 45.592
12178.1 46.029 45.592
12173.4 46.031 45.594
12172.7 46.031 45.594
12171.0 46.032 45.595
12161.7 46.034 45.597
12156.5 46.034 45.597
12153.4 46.035 45.598
12153.2 46.036 45.599
12148.9 46.041 45.604
12134.5 46.365 45.925
12121.1 46.376 45.935
12119.6 46.453 46.012
12117.3 46.453 46.012
12116.2 46.462 46.021
12114.7 46.494 46.052
12112.9 46.495 46.053
12109.4 46.496 46.054
12102.2 46.497 46.055
12099.2 46.498 46.056
12096.3 46.640 46.197
12093.0 46.651 46.208
12088.5 46.718 46.274
12086.8 46.719 46.275
12073.1 46.728 46.284
12066.2 46.752 46.308
12065.7 47.170 46.722
12065.0 47.176 46.728
12064.5 47.184 46.736
12062.1 47.196 46.748
12061.6 47.204 46.756
12061.1 47.205 46.757
12059.7 47.241 46.792
12059.6 47.243 46.794
12059.1 47.254 46.805
12020.6 47.257 46.808
12020.5 47.258 46.809
12020.2 47.259 46.810
12019.0 47.260 46.811
12018.4 47.261 46.812
12014.3 47.263 46.814
12013.3 47.264 46.815
12002.1 47.265 46.816
11988.2 47.266 46.817
11981.2 47.269 46.820
11979.4 47.474 47.023
11977.2 47.475 47.024
11974.6 47.483 47.032
11967.6 47.514 47.063
11965.5 47.516 47.065
11963.7 47.517 47.066
11961.3 47.518 47.067
11953.1 47.822 47.368
11947.7 47.836 47.382
11943.9 47.918 47.463
11942.9 47.927 47.472
11942.1 47.946 47.491
11941.1 47.947 47.492
11936.0 47.969 47.513
11935.7 48.268 47.809
11933.7 48.270 47.811
11933.6 48.271 47.812
11933.0 48.295 47.836
11930.4 48.312 47.853
11929.4 48.313 47.854
11926.7 48.344 47.885
11925.0 48.371 47.911
11923.2 48.392 47.932
11919.2 48.393 47.933
11914.4 48.571 48.110
11891.1 48.709 48.246
11890.1 48.710 48.247
11886.0 48.867 48.403
11883.5 48.873 48.409
11882.7 48.877 48.413
11881.5 48.899 48.434
11867.7 48.904 48.439
11856.4 49.052 48.586
11854.3 49.053 48.587
11851.9 49.223 48.755
11850.6 49.224 48.756
11845.7 49.231 48.763
11842.0 49.319 48.850
11839.1 49.325 48.856
11839.0 49.328 48.859
11838.3 49.354 48.885
11836.8 49.638 49.166
11835.2 49.652 49.180
11834.1 49.653 49.181
11827.8 49.658 49.186
11821.2 49.744 49.271
11820.2 50.026 49.551
11819.7 50.039 49.564
11815.9 50.091 49.615
11815.1 50.092 49.616
11810.3 50.286 49.808
11806.1 50.428 49.949
11804.2 50.557 50.077
11802.7 50.753 50.271
11802.5 50.757 50.275
11801.8 50.766 50.284
11800.1 50.769 50.287
11797.7 50.797 50.314
11796.7 51.028 50.543
11795.0 51.156 50.670
11794.6 51.607 51.117
11793.5 56.865 56.325
11791.4 56.867 56.327
11789.1 56.868 56.328
11776.1 56.869 56.329
11773.7 56.870 56.330
11768.0 56.871 56.331
11760.6 56.872 56.332
11759.6 56.873 56.333
11753.7 56.919 56.378
11747.3 56.922 56.381
11747.1 56.922 56.381
11747.0 56.923 56.382
11745.9 56.947 56.406
11741.8 56.948 56.407
11741.4 56.985 56.444
11740.8 56.989 56.448
11740.6 56.995 56.454
11735.1 56.995 56.454
11734.3 56.996 56.455
11730.9 56.997 56.456
11724.5 56.998 56.457
11705.8 56.998 56.457
11704.3 57.059 56.517
11703.3 57.060 56.518
11703.2 57.061 56.519
11686.8 57.061 56.519
11685.8 57.062 56.520
11680.3 57.136 56.593
11673.0 57.137 56.594
11672.6 57.138 56.595
11669.2 57.139 56.596
11669.0 57.161 56.618
11609.9 57.180 56.637
11609.6 57.181 56.638
11554.5 57.480 56.934
11544.7 57.481 56.935
11543.3 57.482 56.936
11542.7 57.483 56.937
11540.7 57.483 56.937
11536.8 57.484 56.938
11535.2 57.485 56.939
11534.4 58.780 58.222
11534.3 58.875 58.316
11534.0 59.036 58.475
11528.1 59.042 58.481
11525.6 59.121 58.559
11523.3 59.330 58.766
11520.3 73.631 72.932
11514.4 74.689 73.979
11512.8 74.773 74.063
11511.9 74.774 74.064
11510.6 75.542 74.824
11509.6 75.732 75.013
11508.5 78.263 77.520
11506.1 78.894 78.145
11505.4 81.840 81.063
11502.5 82.484 81.700
11492.8 87.877 87.042
11492.0 88.094 87.257
11491.8 88.097 87.260
11489.1 88.100 87.263
11488.1 88.170 87.332
11487.3 88.402 87.562
11485.3 88.436 87.596
11483.5 88.621 87.779
11482.6 93.457 92.569
11481.7 93.458 92.570
11480.5 106.549 105.537
11479.9 106.688 105.674
11477.0 110.963 109.909
11466.5 244.305 241.984
11463.2 244.321 242.000
11450.5 244.508 242.185
11448.6 244.900 242.573
11440.7 244.966 242.639
11439.7 245.197 242.868
11434.9 245.199 242.870
11431.4 245.228 242.898
11431.0 245.230 242.900
11430.4 245.232 242.902
11424.6 245.319 242.988
11423.6 245.545 243.212
11423.4 245.559 243.226
11422.7 245.589 243.256
11421.3 245.593 243.260
11420.6 245.703 243.369
11420.3 245.707 243.373
11419.6 245.828 243.493
11419.3 246.037 243.700
11417.7 246.061 243.723
11417.0 246.532 244.190
11416.5 246.669 244.326
11413.2 246.935 244.589
11412.9 248.386 246.026
11412.4 248.387 246.027
11411.5 248.428 246.068
11409.5 250.546 248.166
11409.1 263.076 260.577
11406.1 267.977 265.431
11404.1 267.987 265.441
11403.6 267.991 265.445
11401.4 277.306 274.672
11399.3 277.307 274.673
11396.0 277.308 274.674
11367.8 277.308 274.674
11365.4 277.309 274.675
11363.6 277.310 274.676
11353.2 277.310 274.676
11347.4 277.311 274.677
11342.2 277.312 274.678
11342.1 277.313 274.679
11338.8 277.313 274.679
11338.2 302.465 299.592
11337.2 309.272 306.334
11336.9 309.273 306.335
11334.7 309.274 306.336
11334.1 311.838 308.876
11333.3 312.054 309.089
11333.1 312.055 309.090
11331.9 312.589 309.619
11330.9 315.944 312.943
11330.3 316.174 313.170
11327.7 316.267 313.262
11326.4 472.395 467.907
11324.2 472.396 467.908
11322.8 531.627 526.577
11322.4 540.140 535.009
11320.3 540.142 535.011
11320.2 540.143 535.012
11319.3 540.144 535.013
11319.1 1232.268 1220.561
Primal Integral: 0.2485863857
