12th DIMACS Implementation Challenge: Vehicle Routing
VRPTW track
Controller version: December 13, 2021
Competitor: HustSmart
Ubuntu 21.04
Intel(R) Xeon(R) CPU E5-2698 v3 @ 2.30GHz
hostid: 10916887366929678835
PassMark Single Thread Benchmark: 1981
Time factor: 0.99 (baseline 2000)
Instance: R203
Standardized Time limit: 1800 secs
Local Machine Time Limit: 1817 secs
Base solution: 957.880
BKS: 870.8
Optimal: 1
Sun 09 Jan 2022 10:57:02 PM CST
timestamp: 1641740222
Solution value, local machine time, standardized time
955.7 0.022 0.022
955.5 0.023 0.023
954.1 0.023 0.023
952.2 0.023 0.023
951.3 0.023 0.023
950.7 0.023 0.023
950.5 0.023 0.023
947.3 0.024 0.024
946.0 0.024 0.024
942.8 0.025 0.025
942.4 0.025 0.025
939.5 0.043 0.043
938.0 0.043 0.043
935.5 0.044 0.044
928.1 0.044 0.044
926.3 0.044 0.044
925.9 0.044 0.044
922.4 0.044 0.044
918.4 0.044 0.044
916.6 0.044 0.044
916.3 0.044 0.044
911.3 0.045 0.045
910.0 0.169 0.167
909.8 0.169 0.167
906.5 0.169 0.167
904.9 0.170 0.168
901.6 0.170 0.168
901.0 0.646 0.640
900.6 0.702 0.695
896.5 0.719 0.712
895.9 0.767 0.760
891.7 0.767 0.760
891.2 0.768 0.761
890.1 0.768 0.761
888.8 0.768 0.761
886.2 0.768 0.761
885.9 0.836 0.828
884.4 0.905 0.896
883.3 0.946 0.937
874.9 1.749 1.732
873.4 1.798 1.781
873.3 1.798 1.781
870.8 2.127 2.107
Primal Integral: 0.0025559549
