12th DIMACS Implementation Challenge: Vehicle Routing
VRPTW track
Controller version: December 13, 2021
Competitor: HustSmart
Ubuntu 21.04
Intel(R) Xeon(R) CPU E5-2698 v3 @ 2.30GHz
hostid: 10916887366929678835
PassMark Single Thread Benchmark: 1981
Time factor: 0.99 (baseline 2000)
Instance: R201
Standardized Time limit: 1800 secs
Local Machine Time Limit: 1817 secs
Base solution: 1257.520
BKS: 1143.2
Optimal: 1
Sun 09 Jan 2022 10:57:00 PM CST
timestamp: 1641740220
Solution value, local machine time, standardized time
1249.2 0.016 0.016
1249.1 0.017 0.017
1246.1 0.017 0.017
1244.5 0.017 0.017
1242.7 0.017 0.017
1241.7 0.017 0.017
1239.7 0.018 0.018
1235.9 0.018 0.018
1229.6 0.018 0.018
1227.2 0.019 0.019
1224.2 0.023 0.023
1218.3 0.054 0.053
1218.0 0.054 0.053
1213.2 0.054 0.053
1210.7 0.054 0.053
1205.7 0.054 0.053
1203.3 0.055 0.054
1201.1 0.055 0.054
1199.9 0.055 0.054
1197.4 0.055 0.054
1196.5 0.055 0.054
1195.5 0.055 0.054
1192.9 0.056 0.055
1189.9 0.059 0.058
1188.5 0.367 0.364
1186.1 0.375 0.371
1183.4 0.390 0.386
1178.3 0.415 0.411
1174.7 0.547 0.542
1173.6 0.548 0.543
1172.9 0.548 0.543
1164.9 0.553 0.548
1161.3 0.601 0.595
1156.7 0.683 0.677
1155.5 0.702 0.695
1153.1 0.720 0.713
1149.7 0.729 0.722
1149.6 1.043 1.033
1149.1 1.057 1.047
1148.4 1.146 1.135
1148.3 1.147 1.136
1147.6 1.225 1.213
1147.2 1.227 1.215
1145.5 4.448 4.406
1143.5 4.451 4.409
1143.2 44.223 43.803
Primal Integral: 0.0027635643
