12th DIMACS Implementation Challenge: Vehicle Routing
VRPTW track
Controller version: December 13, 2021
Competitor: HustSmart
Ubuntu 21.04
Intel(R) Xeon(R) CPU E5-2698 v3 @ 2.30GHz
hostid: 10916887366929678835
PassMark Single Thread Benchmark: 1981
Time factor: 0.99 (baseline 2000)
Instance: R101
Standardized Time limit: 1800 secs
Local Machine Time Limit: 1817 secs
Base solution: 1801.470
BKS: 1637.7
Optimal: 1
Sun 09 Jan 2022 10:56:48 PM CST
timestamp: 1641740208
Solution value, local machine time, standardized time
1799.6 0.011 0.011
1793.0 0.011 0.011
1786.1 0.011 0.011
1780.9 0.011 0.011
1772.3 0.011 0.011
1771.9 0.011 0.011
1770.5 0.012 0.012
1767.8 0.012 0.012
1761.4 0.012 0.012
1760.8 0.013 0.013
1756.2 0.014 0.014
1755.7 0.015 0.015
1752.7 0.016 0.016
1752.2 0.018 0.018
1746.3 0.022 0.022
1741.5 0.023 0.023
1734.3 0.023 0.023
1726.9 0.023 0.023
1722.9 0.023 0.023
1721.3 0.023 0.023
1714.8 0.023 0.023
1714.1 0.023 0.023
1701.6 0.023 0.023
1696.3 0.023 0.023
1691.8 0.023 0.023
1690.7 0.024 0.024
1679.5 0.025 0.025
1679.1 0.027 0.027
1670.0 0.027 0.027
1669.7 0.027 0.027
1668.9 0.028 0.028
1666.8 0.324 0.321
1666.6 0.357 0.354
1665.4 0.425 0.421
1654.2 0.425 0.421
1652.8 0.425 0.421
1651.7 0.428 0.424
1639.1 0.434 0.430
1638.8 0.840 0.832
1638.0 0.977 0.968
1637.7 0.991 0.982
Primal Integral: 0.0005537023
