12th DIMACS Implementation Challenge: Vehicle Routing
VRPTW track
Controller version: December 13, 2021
Competitor: HustSmart
Ubuntu 21.04
Intel(R) Xeon(R) CPU E5-2698 v3 @ 2.30GHz
hostid: 10916887366929678835
PassMark Single Thread Benchmark: 1981
Time factor: 0.99 (baseline 2000)
Instance: RC108
Standardized Time limit: 1800 secs
Local Machine Time Limit: 1817 secs
Base solution: 1225.620
BKS: 1114.2
Optimal: 1
Mon 31 Jan 2022 08:04:21 PM CST
timestamp: 1643630661
Solution value, local machine time, standardized time
1219.0 0.032 0.032
1218.2 0.032 0.032
1211.1 0.033 0.033
1210.1 0.033 0.033
1209.7 0.033 0.033
1205.0 0.034 0.034
1199.7 0.034 0.034
1196.2 0.039 0.039
1195.6 0.039 0.039
1195.4 0.039 0.039
1193.8 0.039 0.039
1189.9 0.039 0.039
1181.6 0.045 0.045
1177.5 0.048 0.048
1176.8 0.048 0.048
1173.6 0.053 0.052
1172.7 0.053 0.052
1168.9 0.058 0.057
1168.5 0.058 0.057
1163.1 0.067 0.066
1159.0 0.067 0.066
1158.3 0.079 0.078
1158.0 0.080 0.079
1157.4 0.080 0.079
1156.4 0.081 0.080
1156.3 0.081 0.080
1155.9 0.081 0.080
1155.6 0.081 0.080
1154.4 0.081 0.080
1154.2 0.081 0.080
1154.1 0.081 0.080
1152.7 0.082 0.081
1151.8 0.088 0.087
1150.9 0.088 0.087
1148.0 0.089 0.088
1145.4 0.089 0.088
1141.7 0.089 0.088
1140.0 0.173 0.171
1139.4 0.216 0.214
1135.2 0.216 0.214
1134.2 0.216 0.214
1133.3 0.231 0.229
1132.5 0.231 0.229
1126.6 5.658 5.604
1125.3 5.658 5.604
1120.0 5.670 5.616
1114.2 5.722 5.668
Primal Integral: 0.0054499561
