12th DIMACS Implementation Challenge: Vehicle Routing
VRPTW track
Controller version: December 13, 2021
Competitor: HustSmart
Ubuntu 21.04
Intel(R) Xeon(R) CPU E5-2698 v3 @ 2.30GHz
hostid: 10916887366929678835
PassMark Single Thread Benchmark: 1981
Time factor: 0.99 (baseline 2000)
Instance: RC208
Standardized Time limit: 1800 secs
Local Machine Time Limit: 1817 secs
Base solution: 853.710
BKS: 776.1
Optimal: 1
Mon 31 Jan 2022 08:03:34 PM CST
timestamp: 1643630614
Solution value, local machine time, standardized time
842.9 0.107 0.106
842.8 0.107 0.106
840.9 0.107 0.106
839.4 0.132 0.131
839.3 0.132 0.131
838.8 0.134 0.133
837.1 0.135 0.134
836.2 0.135 0.134
835.4 0.135 0.134
834.0 0.136 0.135
833.8 0.148 0.147
830.5 0.148 0.147
830.4 0.151 0.150
828.6 0.151 0.150
827.2 0.153 0.152
826.3 0.180 0.178
826.2 0.201 0.199
825.4 0.204 0.202
825.0 0.207 0.205
823.9 0.222 0.220
823.8 0.223 0.221
821.9 0.521 0.516
808.9 1.114 1.103
808.7 1.118 1.107
808.6 1.118 1.107
795.3 1.127 1.116
794.2 1.200 1.189
792.3 1.270 1.258
792.0 1.282 1.270
791.9 1.283 1.271
791.1 1.315 1.303
788.6 1.360 1.347
787.8 1.402 1.389
781.1 2.051 2.032
780.1 2.171 2.150
779.5 2.181 2.160
777.3 2.263 2.242
776.8 2.531 2.507
776.1 2.558 2.534
Primal Integral: 0.0049550001
