12th DIMACS Implementation Challenge: Vehicle Routing
VRPTW track
Controller version: December 13, 2021
Competitor: HustSmart
Ubuntu 21.04
Intel(R) Xeon(R) CPU E5-2698 v3 @ 2.30GHz
hostid: 10916887366929678835
PassMark Single Thread Benchmark: 1981
Time factor: 0.99 (baseline 2000)
Instance: C1_6_1
Standardized Time limit: 3600 secs
Local Machine Time Limit: 3635 secs
Base solution: 15484.260
BKS: 14076.6
Optimal: 0
Mon 31 Jan 2022 04:58:04 PM CST
timestamp: 1643619484
Solution value, local machine time, standardized time
15483.9 0.550 0.545
15483.8 0.555 0.550
15479.6 0.559 0.554
15369.4 0.592 0.586
15291.8 0.594 0.588
15290.5 0.594 0.588
15290.1 0.595 0.589
15264.2 0.596 0.590
15262.9 0.596 0.590
15254.9 0.597 0.591
15250.6 0.598 0.592
15199.0 0.599 0.593
15120.5 0.599 0.593
15059.0 0.601 0.595
15029.4 0.602 0.596
15028.6 0.602 0.596
15028.0 0.603 0.597
15025.5 0.610 0.604
14974.3 0.611 0.605
14971.5 0.611 0.605
14961.8 0.612 0.606
14950.7 0.613 0.607
14950.5 0.614 0.608
14947.6 0.615 0.609
14899.8 0.620 0.614
14866.5 0.621 0.615
14853.9 0.622 0.616
14813.7 0.623 0.617
14813.1 0.624 0.618
14646.5 0.625 0.619
14645.9 0.625 0.619
14614.9 0.626 0.620
14614.7 0.627 0.621
14612.6 0.637 0.631
14562.5 0.662 0.656
14527.2 0.669 0.663
14471.5 0.694 0.687
14467.0 0.695 0.688
14466.4 0.696 0.689
14466.2 0.700 0.693
14260.4 0.711 0.704
14206.9 0.890 0.882
14206.7 0.892 0.884
14194.3 0.893 0.885
14193.7 0.919 0.910
14189.8 0.920 0.911
14188.5 0.920 0.911
14161.3 0.921 0.912
14078.1 1.033 1.023
14076.6 1.092 1.082
Primal Integral: 0.0018611833
