12th DIMACS Implementation Challenge: Vehicle Routing
VRPTW track
Controller version: December 13, 2021
Competitor: HustSmart
Ubuntu 21.04
Intel(R) Xeon(R) CPU E5-2698 v3 @ 2.30GHz
hostid: 10916887366929678835
PassMark Single Thread Benchmark: 1981
Time factor: 0.99 (baseline 2000)
Instance: C1_2_7
Standardized Time limit: 1800 secs
Local Machine Time Limit: 1817 secs
Base solution: 2964.390
BKS: 2694.9
Optimal: 1
Mon 31 Jan 2022 08:03:16 PM CST
timestamp: 1643630596
Solution value, local machine time, standardized time
2951.7 0.060 0.059
2944.6 0.060 0.059
2932.2 0.063 0.062
2929.5 0.066 0.065
2926.0 0.067 0.066
2912.5 0.067 0.066
2906.1 0.067 0.066
2905.8 0.067 0.066
2899.8 0.072 0.071
2899.0 0.072 0.071
2897.1 0.073 0.072
2897.0 0.106 0.105
2893.6 0.136 0.135
2843.0 0.137 0.136
2842.3 0.137 0.136
2837.5 0.138 0.137
2836.7 0.141 0.140
2834.9 0.141 0.140
2831.7 0.142 0.141
2830.2 0.145 0.144
2793.1 0.146 0.145
2792.9 0.146 0.145
2785.3 0.146 0.145
2785.1 0.154 0.153
2785.0 0.154 0.153
2784.8 0.161 0.159
2781.8 0.161 0.159
2780.6 0.161 0.159
2778.7 0.162 0.160
2776.8 0.162 0.160
2745.8 0.162 0.160
2744.4 0.162 0.160
2738.0 0.174 0.172
2715.4 0.192 0.190
2703.2 0.192 0.190
2702.8 0.192 0.190
2702.7 0.192 0.190
2700.3 0.193 0.191
2699.8 0.193 0.191
2699.4 0.193 0.191
2697.7 0.197 0.195
2697.4 0.944 0.935
2694.9 1.371 1.358
Primal Integral: 0.0008024192
