12th DIMACS Implementation Challenge: Vehicle Routing
VRPTW track
Controller version: December 13, 2021
Competitor: HustSmart
Ubuntu 21.04
Intel(R) Xeon(R) CPU E5-2698 v3 @ 2.30GHz
hostid: 10916887366929678835
PassMark Single Thread Benchmark: 1981
Time factor: 0.99 (baseline 2000)
Instance: RC1_8_5
Standardized Time limit: 3600 secs
Local Machine Time Limit: 3635 secs
Base solution: 32237.040
BKS: 29306.4
Optimal: 0
Mon 31 Jan 2022 12:52:46 PM CST
timestamp: 1643604766
Solution value, local machine time, standardized time
32194.3 1.646 1.630
32193.9 1.648 1.632
32188.1 1.649 1.633
32188.0 1.649 1.633
32186.7 1.650 1.634
32183.6 1.650 1.634
32182.4 1.651 1.635
32182.1 1.663 1.647
32181.0 1.663 1.647
32178.9 1.664 1.648
32177.8 1.665 1.649
32141.4 1.675 1.659
32141.3 1.675 1.659
32125.6 1.676 1.660
32125.5 1.677 1.661
32121.9 1.678 1.662
32114.0 1.679 1.663
32113.3 1.680 1.664
32112.9 1.680 1.664
32112.7 1.681 1.665
32110.4 1.682 1.666
32080.4 1.683 1.667
32079.6 1.684 1.668
32079.1 1.685 1.669
32066.9 1.704 1.688
32066.2 1.705 1.689
32064.1 1.706 1.690
32062.1 1.707 1.691
32057.2 1.713 1.697
32055.2 1.715 1.699
32047.0 1.715 1.699
32040.4 1.719 1.703
32040.2 1.720 1.704
32039.5 1.724 1.708
32037.8 1.724 1.708
32035.8 1.725 1.709
32033.1 1.725 1.709
32030.8 1.731 1.715
32018.6 1.732 1.716
32014.5 1.733 1.717
32011.6 1.734 1.718
32008.0 1.734 1.718
32006.6 1.738 1.721
32004.3 1.739 1.722
32001.5 1.740 1.723
31998.8 1.741 1.724
31998.1 1.742 1.725
31995.5 1.756 1.739
31994.6 1.757 1.740
31983.4 1.758 1.741
31981.2 1.759 1.742
31980.4 1.760 1.743
31979.3 1.761 1.744
31974.2 1.766 1.749
31970.7 1.766 1.749
31970.4 1.768 1.751
31970.0 1.769 1.752
31969.5 1.769 1.752
31969.4 1.783 1.766
31962.7 1.784 1.767
31940.0 1.786 1.769
31939.5 1.786 1.769
31935.5 1.787 1.770
31933.1 1.787 1.770
31932.3 1.788 1.771
31930.3 1.788 1.771
31930.2 1.789 1.772
31930.1 1.789 1.772
31929.5 1.790 1.773
31928.6 1.791 1.774
31928.1 1.800 1.783
31926.4 1.802 1.785
31925.9 1.802 1.785
31925.7 1.803 1.786
31925.3 1.803 1.786
31921.7 1.804 1.787
31921.6 1.805 1.788
31921.5 1.806 1.789
31911.3 1.806 1.789
31903.1 1.807 1.790
31903.0 1.807 1.790
31894.7 1.808 1.791
31894.6 1.808 1.791
31892.4 1.809 1.792
31890.1 1.826 1.809
31889.9 1.826 1.809
31885.3 1.835 1.818
31879.0 1.835 1.818
31877.6 1.836 1.819
31877.3 1.836 1.819
31857.3 1.837 1.820
31854.5 1.837 1.820
31854.1 1.838 1.821
31852.8 1.866 1.848
31852.4 1.875 1.857
31851.7 1.890 1.872
31851.0 1.904 1.886
31820.2 1.906 1.888
31819.8 1.909 1.891
31819.5 1.910 1.892
31815.5 1.940 1.922
31812.9 1.942 1.924
31812.2 1.944 1.926
31811.4 1.944 1.926
31806.3 1.945 1.927
31803.4 1.946 1.928
31793.0 1.948 1.929
31792.1 1.949 1.930
31790.2 1.949 1.930
31789.9 1.950 1.931
31781.6 1.958 1.939
31779.7 1.958 1.939
31776.5 1.959 1.940
31775.8 1.960 1.941
31773.1 1.961 1.942
31772.1 1.962 1.943
31770.2 1.962 1.943
31759.2 1.963 1.944
31745.8 1.964 1.945
31742.3 1.965 1.946
31741.7 1.966 1.947
31737.3 1.985 1.966
31736.0 2.012 1.993
31735.8 2.012 1.993
31735.4 2.018 1.999
31733.3 2.019 2.000
31728.3 2.032 2.013
31727.3 2.033 2.014
31726.7 2.034 2.015
31724.5 2.034 2.015
31723.1 2.035 2.016
31722.0 2.035 2.016
31721.2 2.036 2.017
31721.0 2.037 2.018
31663.9 2.037 2.018
31663.1 2.038 2.019
31663.0 2.038 2.019
31662.3 2.039 2.020
31661.5 2.040 2.021
31661.3 2.040 2.021
31661.2 2.041 2.022
31661.0 2.041 2.022
31648.3 2.044 2.025
31646.8 2.045 2.026
31645.3 2.045 2.026
31645.2 2.046 2.027
31642.7 2.083 2.063
31642.6 2.084 2.064
31605.3 2.085 2.065
31604.9 2.108 2.088
31603.0 2.109 2.089
31601.7 2.109 2.089
31601.5 2.110 2.090
31600.4 2.111 2.091
31599.5 2.115 2.095
31598.1 2.115 2.095
31597.1 2.116 2.096
31594.5 2.118 2.098
31594.4 2.119 2.099
31591.3 2.120 2.100
31590.2 2.121 2.101
31588.9 2.121 2.101
31586.8 2.177 2.156
31585.9 2.178 2.157
31584.2 2.187 2.166
31522.3 2.215 2.194
31520.6 2.216 2.195
31518.6 2.216 2.195
31517.7 2.218 2.197
31517.2 2.219 2.198
31517.0 2.219 2.198
31516.3 2.220 2.199
31514.7 2.223 2.202
31514.0 2.224 2.203
31513.6 2.225 2.204
31511.5 2.243 2.222
31511.3 2.244 2.223
31510.2 2.247 2.226
31509.9 2.248 2.227
31508.3 2.252 2.231
31494.6 2.262 2.241
31493.5 2.263 2.242
31492.1 2.263 2.242
31491.9 2.264 2.242
31489.2 2.266 2.244
31488.0 2.274 2.252
31485.8 2.274 2.252
31482.9 2.275 2.253
31481.1 2.275 2.253
31478.8 2.290 2.268
31476.6 2.291 2.269
31474.9 2.292 2.270
31474.6 2.298 2.276
31474.5 2.314 2.292
31472.3 2.364 2.342
31424.2 2.369 2.346
31422.4 2.370 2.347
31420.6 2.371 2.348
31420.4 2.372 2.349
31409.3 2.373 2.350
31402.8 2.388 2.365
31395.3 2.396 2.373
31395.2 2.397 2.374
31392.1 2.397 2.374
31388.3 2.398 2.375
31387.2 2.399 2.376
31386.8 2.400 2.377
31365.5 2.401 2.378
31365.3 2.402 2.379
31364.3 2.418 2.395
31356.4 2.419 2.396
31328.3 2.420 2.397
31322.6 2.420 2.397
31322.5 2.428 2.405
31320.6 2.429 2.406
31320.5 2.430 2.407
31320.3 2.447 2.424
31308.7 2.482 2.458
31306.8 2.489 2.465
31306.1 2.489 2.465
31304.9 2.507 2.483
31298.5 2.562 2.538
31297.6 2.563 2.539
31282.7 2.564 2.540
31275.7 2.585 2.560
31274.4 2.679 2.654
31273.6 2.722 2.696
31271.6 2.777 2.751
31271.3 2.902 2.874
31261.1 2.932 2.904
31258.9 3.016 2.987
31257.9 3.029 3.000
31257.6 3.030 3.001
31256.4 3.083 3.054
31230.1 3.095 3.066
31227.4 3.096 3.067
31225.0 3.097 3.068
31224.8 3.107 3.077
31224.7 3.122 3.092
31221.5 3.133 3.103
31220.9 3.133 3.103
31205.4 3.154 3.124
31182.3 3.155 3.125
31182.2 3.163 3.133
31180.1 3.164 3.134
31174.7 3.236 3.205
31162.6 3.239 3.208
31158.1 3.240 3.209
31153.5 3.241 3.210
31152.4 3.277 3.246
31148.2 3.278 3.247
31147.9 3.279 3.248
31147.6 3.279 3.248
31146.3 3.285 3.254
31131.4 3.303 3.272
31129.9 3.303 3.272
31127.1 3.304 3.273
31126.8 3.304 3.273
31126.7 3.305 3.274
31125.4 3.305 3.274
31125.3 3.306 3.275
31121.6 3.306 3.275
31119.7 3.314 3.283
31109.0 3.449 3.416
31102.8 3.457 3.424
31102.1 3.509 3.476
31101.7 3.510 3.477
31101.5 3.511 3.478
31093.5 3.512 3.479
31093.3 3.513 3.480
31092.0 3.531 3.497
31089.3 3.532 3.498
31084.8 3.533 3.499
31072.4 3.539 3.505
31065.1 3.540 3.506
31052.1 3.542 3.508
31052.0 3.579 3.545
31051.9 3.580 3.546
31051.7 3.581 3.547
31043.2 3.596 3.562
31040.1 3.597 3.563
31038.9 3.607 3.573
31037.0 3.608 3.574
31033.1 3.671 3.636
31031.6 3.672 3.637
31030.2 3.673 3.638
31028.8 3.674 3.639
31028.3 3.675 3.640
31027.6 3.697 3.662
31026.1 3.731 3.696
31025.8 3.732 3.697
31025.0 3.773 3.737
31023.9 3.793 3.757
31023.7 3.794 3.758
31017.9 3.795 3.759
31012.2 3.796 3.760
31010.1 3.796 3.760
31009.3 3.797 3.761
31003.3 3.848 3.811
30980.4 3.934 3.897
30972.9 3.934 3.897
30972.6 3.982 3.944
30970.1 3.983 3.945
30957.1 3.984 3.946
30947.6 3.984 3.946
30946.2 4.046 4.008
30945.6 4.046 4.008
30936.6 4.047 4.009
30936.2 4.051 4.013
30934.9 4.052 4.014
30933.5 4.122 4.083
30933.0 4.123 4.084
30932.8 4.184 4.144
30932.6 4.185 4.145
30931.0 4.186 4.146
30930.2 4.187 4.147
30929.3 4.282 4.241
30920.3 4.398 4.356
30919.8 4.399 4.357
30915.6 4.446 4.404
30912.6 4.541 4.498
30912.4 4.576 4.533
30911.8 4.577 4.534
30909.8 4.616 4.572
30909.7 4.617 4.573
30907.7 4.618 4.574
30907.5 4.619 4.575
30905.1 4.619 4.575
30902.9 4.620 4.576
30899.2 4.621 4.577
30894.6 4.713 4.668
30894.0 4.824 4.778
30893.1 4.825 4.779
30892.0 4.826 4.780
30891.5 4.826 4.780
30890.4 4.827 4.781
30889.4 5.210 5.161
30877.9 5.312 5.262
30875.1 5.313 5.263
30873.8 5.314 5.264
30873.2 5.315 5.265
30872.0 5.316 5.265
30857.4 5.316 5.265
30853.8 5.373 5.322
30852.8 5.373 5.322
30848.2 5.406 5.355
30844.4 5.407 5.356
30844.0 5.407 5.356
30842.8 5.408 5.357
30842.1 5.574 5.521
30836.8 5.918 5.862
30835.6 5.919 5.863
30824.1 5.920 5.864
30820.0 5.921 5.865
30818.4 5.922 5.866
30814.8 5.923 5.867
30813.8 5.923 5.867
30813.2 6.053 5.995
30811.6 6.054 5.996
30811.4 6.138 6.080
30808.3 6.139 6.081
30807.4 6.140 6.082
30807.3 6.185 6.126
30786.7 6.289 6.229
30786.2 6.461 6.400
30779.3 6.554 6.492
30779.0 6.591 6.528
30778.4 6.592 6.529
30775.7 6.593 6.530
30772.9 6.593 6.530
30772.2 6.601 6.538
30764.8 6.602 6.539
30764.4 6.603 6.540
30762.3 6.604 6.541
30762.2 6.604 6.541
30761.4 6.615 6.552
30761.0 6.616 6.553
30759.9 6.671 6.608
30757.9 6.712 6.648
30752.5 6.713 6.649
30734.7 6.714 6.650
30734.5 6.992 6.926
30733.1 6.993 6.927
30732.6 7.362 7.292
30728.9 7.372 7.302
30728.8 7.372 7.302
30728.2 7.373 7.303
30727.5 7.413 7.343
30727.1 7.471 7.400
30726.8 7.517 7.446
30726.7 7.518 7.447
30721.1 7.706 7.633
30720.9 7.830 7.756
30720.7 7.831 7.757
30720.5 7.832 7.758
30720.1 7.871 7.796
30720.0 7.976 7.900
30719.9 8.172 8.094
30717.6 8.380 8.300
30716.8 8.433 8.353
30716.4 8.457 8.377
30713.6 8.512 8.431
30712.4 8.724 8.641
30712.1 8.972 8.887
30711.8 9.150 9.063
30707.8 16.647 16.489
30707.1 16.648 16.490
30706.0 16.648 16.490
30704.6 16.649 16.491
30702.1 16.649 16.491
30673.1 16.700 16.541
30667.9 16.701 16.542
30667.6 16.702 16.543
30667.1 16.703 16.544
30665.4 16.703 16.544
30663.8 16.704 16.545
30661.5 16.705 16.546
30661.2 16.706 16.547
30659.9 16.707 16.548
30659.0 16.708 16.549
30653.6 16.709 16.550
30650.4 16.793 16.633
30595.1 16.911 16.750
30593.9 16.931 16.770
30593.2 16.940 16.779
30592.8 16.941 16.780
30587.7 16.996 16.835
30580.1 17.022 16.860
30579.3 17.035 16.873
30578.8 17.036 16.874
30575.3 17.037 16.875
30572.4 17.169 17.006
30561.2 17.170 17.007
30560.3 17.178 17.015
30559.0 17.309 17.145
30557.3 17.384 17.219
30556.3 17.385 17.220
30556.1 17.654 17.486
30555.6 17.682 17.514
30554.0 17.696 17.528
30537.4 17.954 17.783
30535.0 17.962 17.791
30533.4 17.963 17.792
30533.3 17.963 17.792
30532.8 17.964 17.793
30529.0 17.967 17.796
30526.3 17.967 17.796
30524.6 17.968 17.797
30514.9 17.969 17.798
30513.9 17.970 17.799
30510.5 18.054 17.882
30502.5 18.740 18.562
30501.7 18.741 18.563
30501.5 18.742 18.564
30501.3 18.743 18.565
30500.4 18.744 18.566
30489.5 18.744 18.566
30488.6 18.745 18.567
30488.2 18.746 18.568
30487.9 18.747 18.569
30480.6 19.386 19.202
30479.5 19.628 19.442
30477.9 20.100 19.909
30477.6 20.244 20.052
30473.5 20.245 20.053
30466.4 20.306 20.113
30464.3 20.333 20.140
30463.5 20.333 20.140
30443.2 20.376 20.182
30433.2 20.377 20.183
30433.0 20.552 20.357
30431.8 20.627 20.431
30431.7 20.857 20.659
30431.6 20.858 20.660
30431.0 20.870 20.672
30430.6 29.794 29.511
30430.5 29.804 29.521
30429.6 29.805 29.522
30427.3 29.928 29.644
30427.0 30.036 29.751
30426.9 30.389 30.100
30426.5 30.601 30.310
30426.1 30.962 30.668
30425.6 31.159 30.863
30425.4 31.266 30.969
30425.3 31.994 31.690
30424.2 32.072 31.767
30423.9 32.651 32.341
30422.7 32.940 32.627
30421.9 33.116 32.801
30421.8 33.117 32.802
30414.0 122.038 120.879
30407.4 122.039 120.880
30406.0 122.404 121.241
30404.3 122.412 121.249
30402.6 122.413 121.250
30397.9 123.048 121.879
30396.0 123.182 122.012
30394.2 124.347 123.166
30392.3 124.762 123.577
30388.6 124.763 123.578
30375.6 125.057 123.869
30372.7 125.058 123.870
30367.3 125.059 123.871
30365.8 125.060 123.872
30365.1 125.061 123.873
30360.9 125.061 123.873
30358.3 125.062 123.874
30352.5 125.063 123.875
30351.4 125.064 123.876
30350.2 125.065 123.877
30348.8 125.066 123.878
30343.6 125.067 123.879
30341.1 125.067 123.879
30329.5 125.068 123.880
30328.6 125.069 123.881
30324.2 125.070 123.882
30324.1 125.071 123.883
30316.9 125.072 123.884
30315.7 125.072 123.884
30315.6 125.073 123.885
30315.0 125.074 123.886
30314.3 125.075 123.887
30312.3 125.076 123.888
30309.2 125.077 123.889
30308.7 125.077 123.889
30308.3 125.078 123.890
30308.1 125.079 123.891
30307.3 125.159 123.970
30305.6 125.160 123.971
30304.4 125.168 123.979
30303.5 125.169 123.980
30303.4 125.170 123.981
30300.4 125.171 123.982
30299.6 125.172 123.983
30299.4 125.172 123.983
30295.6 125.302 124.112
30291.0 125.303 124.113
30289.7 125.304 124.114
30288.8 125.305 124.115
30285.3 125.306 124.116
30282.5 125.307 124.117
30279.8 125.312 124.122
30279.2 125.313 124.123
30278.9 125.581 124.388
30276.8 125.582 124.389
30276.4 125.583 124.390
30273.5 125.584 124.391
30273.1 125.602 124.409
30270.7 125.618 124.425
30267.1 125.629 124.436
30266.4 126.019 124.822
30264.7 126.020 124.823
30211.1 126.035 124.838
30210.3 126.036 124.839
30209.9 126.037 124.840
30205.4 126.037 124.840
30204.3 126.038 124.841
30204.0 126.039 124.842
30202.5 126.040 124.843
30201.2 126.041 124.844
30200.2 126.041 124.844
30199.0 126.042 124.845
30198.5 126.043 124.846
30195.5 126.044 124.847
30194.9 126.045 124.848
30194.3 126.046 124.849
30191.9 126.236 125.037
30188.5 126.395 125.194
30181.4 126.632 125.429
30181.2 127.404 126.194
30180.8 127.443 126.232
30172.8 127.612 126.400
30171.5 127.918 126.703
30170.4 128.060 126.843
30170.3 128.070 126.853
30168.8 128.071 126.854
30167.8 128.236 127.018
30166.4 128.237 127.019
30152.0 128.436 127.216
30151.3 128.437 127.217
30149.6 129.233 128.005
30145.6 129.234 128.006
30144.7 129.235 128.007
30142.5 129.236 128.008
30141.4 129.355 128.126
30139.5 134.217 132.942
30138.6 134.522 133.244
30131.5 141.468 140.124
30131.1 141.535 140.190
30131.0 141.536 140.191
30116.0 141.576 140.231
30115.6 141.628 140.283
30114.2 141.998 140.649
30114.0 142.603 141.248
30111.2 142.788 141.432
30110.7 143.061 141.702
30107.7 147.323 145.923
30105.7 147.324 145.924
30104.9 147.325 145.925
30091.8 157.365 155.870
30085.7 157.579 156.082
30083.8 157.580 156.083
30083.0 157.581 156.084
30080.7 157.582 156.085
30078.8 158.032 156.531
30076.2 158.204 156.701
30074.5 158.206 156.703
30073.3 158.207 156.704
30072.9 158.208 156.705
30072.2 158.321 156.817
30072.1 158.506 157.000
30070.3 159.078 157.567
30065.8 159.079 157.568
30058.1 159.081 157.570
30057.8 159.081 157.570
30048.4 159.082 157.571
30047.9 159.147 157.635
30045.8 159.173 157.661
30044.9 159.174 157.662
30044.7 160.006 158.486
30041.2 160.365 158.842
30040.3 161.193 159.662
30039.2 161.194 159.663
30035.6 161.743 160.206
30034.1 161.910 160.372
30033.4 162.652 161.107
30030.5 163.279 161.728
30029.6 164.557 162.994
30026.6 164.558 162.995
30013.6 165.156 163.587
30013.1 165.157 163.588
30011.3 165.158 163.589
30006.9 165.159 163.590
30006.4 166.423 164.842
30000.6 167.515 165.924
29994.3 175.901 174.230
29990.5 176.438 174.762
29990.3 177.224 175.540
29988.8 177.411 175.726
29987.6 177.553 175.866
29986.2 177.554 175.867
29986.0 177.842 176.153
29985.2 177.843 176.153
29984.0 178.259 176.566
29983.7 178.267 176.573
29982.5 178.663 176.966
29982.0 179.465 177.760
29981.1 182.407 180.674
29980.8 182.408 180.675
29975.9 183.158 181.418
29975.6 183.159 181.419
29975.4 185.888 184.122
29963.4 185.907 184.141
29959.9 185.908 184.142
29956.1 185.909 184.143
29954.5 185.910 184.144
29948.8 185.910 184.144
29945.4 185.913 184.147
29945.0 273.038 270.444
29940.5 273.039 270.445
29940.4 273.095 270.501
29938.4 273.096 270.502
29937.9 273.096 270.502
29936.6 273.097 270.503
29935.8 273.098 270.504
29934.6 273.427 270.829
29925.4 273.471 270.873
29923.7 273.472 270.874
29922.8 273.473 270.875
29922.2 273.591 270.992
29922.1 273.676 271.076
29920.9 273.698 271.098
29918.4 346.522 343.230
29895.6 347.212 343.913
29894.9 347.213 343.914
29894.8 347.213 343.914
29894.2 347.214 343.915
29889.8 347.215 343.916
29887.4 347.216 343.917
29887.1 347.377 344.077
29884.5 347.378 344.078
29878.8 347.583 344.281
29878.2 348.122 344.815
29878.0 348.123 344.816
29877.3 350.504 347.174
29876.3 360.666 357.240
29873.4 360.843 357.415
29872.2 360.859 357.431
29869.2 361.212 357.780
29867.9 361.481 358.047
29860.0 361.482 358.048
29856.4 361.483 358.049
29853.6 361.499 358.065
29837.6 361.500 358.066
29820.4 395.348 391.592
29819.6 395.349 391.593
29819.3 395.542 391.784
29817.3 395.560 391.802
29817.2 395.566 391.808
29816.6 395.589 391.831
29816.5 395.590 391.832
29808.1 395.793 392.033
29808.0 396.062 392.299
29804.2 396.152 392.389
29796.2 396.236 392.472
29774.2 519.839 514.901
29773.5 519.840 514.902
29773.4 520.949 516.000
29767.9 526.129 521.131
29759.3 530.052 525.017
29756.1 628.118 622.151
29754.6 629.495 623.515
29753.5 630.316 624.328
29752.8 631.423 625.424
29752.1 631.424 625.425
29748.7 634.321 628.295
29745.9 638.893 632.824
29745.3 639.817 633.739
29741.9 639.919 633.840
29741.7 690.729 684.167
29741.0 690.730 684.168
29740.0 690.731 684.169
29739.2 690.948 684.384
29737.8 690.949 684.385
29737.7 690.950 684.386
29737.0 691.191 684.625
29735.0 1109.792 1099.249
29734.9 1563.806 1548.950
29734.4 1563.879 1549.022
29732.9 1563.897 1549.040
29732.3 1563.911 1549.054
29728.7 1563.912 1549.055
29727.5 3413.684 3381.254
29726.3 3415.286 3382.841
29726.2 3415.287 3382.842
29725.9 3415.288 3382.843
29717.9 3415.404 3382.958
29717.4 3415.405 3382.959
29716.4 3415.407 3382.961
29714.8 3415.407 3382.961
29710.7 3415.408 3382.962
29709.6 3415.817 3383.367
Primal Integral: 1.6017043152
