12th DIMACS Implementation Challenge: Vehicle Routing
VRPTW track
Controller version: December 13, 2021
Competitor: HustSmart
Ubuntu 21.04
Intel(R) Xeon(R) CPU E5-2698 v3 @ 2.30GHz
hostid: 5694999987690650823
PassMark Single Thread Benchmark: 1981
Time factor: 0.99 (baseline 2000)
Instance: RC1_10_9
Standardized Time limit: 7200 secs
Local Machine Time Limit: 7269 secs
Base solution: 48479.640
BKS: 44072.4
Optimal: 0
Sun 30 Jan 2022 08:54:23 PM PST
timestamp: 1643604863
Solution value, local machine time, standardized time
48456.9 3.286 3.255
48455.2 3.300 3.269
48455.1 3.307 3.276
48438.2 3.315 3.284
48427.5 3.317 3.285
48424.7 3.320 3.288
48414.6 3.333 3.301
48407.2 3.333 3.301
48406.8 3.334 3.302
48406.7 3.334 3.302
48405.6 3.335 3.303
48402.5 3.336 3.304
48402.1 3.338 3.306
48400.4 3.339 3.307
48399.9 3.340 3.308
48398.6 3.340 3.308
48393.3 3.341 3.309
48388.1 3.342 3.310
48387.8 3.342 3.310
48378.3 3.347 3.315
48377.9 3.347 3.315
48377.2 3.348 3.316
48371.3 3.349 3.317
48370.8 3.349 3.317
48369.1 3.370 3.338
48369.0 3.370 3.338
48344.8 3.385 3.353
48342.8 3.385 3.353
48325.8 3.388 3.356
48324.1 3.389 3.357
48309.3 3.389 3.357
48308.9 3.390 3.358
48308.5 3.391 3.359
48308.4 3.391 3.359
48307.0 3.392 3.360
48289.6 3.393 3.361
48289.1 3.393 3.361
48286.4 3.405 3.373
48285.7 3.405 3.373
48282.3 3.406 3.374
48281.7 3.406 3.374
48281.3 3.407 3.375
48278.0 3.408 3.376
48272.9 3.409 3.377
48270.6 3.409 3.377
48263.3 3.410 3.378
48263.2 3.410 3.378
48236.8 3.432 3.399
48236.7 3.433 3.400
48233.5 3.433 3.400
48232.6 3.434 3.401
48231.3 3.435 3.402
48229.7 3.435 3.402
48228.3 3.436 3.403
48228.2 3.437 3.404
48228.0 3.437 3.404
48227.8 3.438 3.405
48227.5 3.439 3.406
48225.7 3.439 3.406
48225.2 3.440 3.407
48224.4 3.440 3.407
48220.6 3.443 3.410
48215.2 3.443 3.410
48211.4 3.444 3.411
48205.1 3.445 3.412
48202.3 3.445 3.412
48199.6 3.446 3.413
48191.9 3.482 3.449
48190.7 3.485 3.452
48179.6 3.486 3.453
48179.5 3.488 3.455
48178.9 3.488 3.455
48178.8 3.489 3.456
48177.3 3.490 3.457
48170.7 3.491 3.458
48170.2 3.491 3.458
48167.7 3.492 3.459
48166.7 3.493 3.460
48156.5 3.495 3.462
48155.5 3.506 3.473
48155.3 3.507 3.474
48153.4 3.508 3.475
48145.8 3.524 3.491
48143.9 3.525 3.492
48135.2 3.533 3.499
48135.1 3.534 3.500
48133.7 3.534 3.500
48133.6 3.535 3.501
48129.2 3.535 3.501
48128.6 3.536 3.502
48127.3 3.539 3.505
48127.0 3.541 3.507
48112.3 3.542 3.508
48111.5 3.543 3.509
48111.4 3.543 3.509
48103.9 3.544 3.510
48101.6 3.545 3.511
48098.4 3.552 3.518
48098.0 3.554 3.520
48096.8 3.555 3.521
48095.2 3.556 3.522
48095.0 3.556 3.522
48089.6 3.557 3.523
48087.1 3.558 3.524
48081.7 3.565 3.531
48076.9 3.566 3.532
48075.9 3.567 3.533
48074.7 3.567 3.533
48068.3 3.574 3.540
48066.5 3.574 3.540
48065.5 3.575 3.541
48064.2 3.582 3.548
48063.2 3.587 3.553
48062.2 3.588 3.554
48061.3 3.589 3.555
48041.6 3.589 3.555
48039.6 3.590 3.556
48023.4 3.591 3.557
48022.5 3.596 3.562
48021.8 3.597 3.563
48021.6 3.598 3.564
48021.5 3.598 3.564
48020.7 3.599 3.565
48019.9 3.600 3.566
48016.8 3.605 3.571
48014.4 3.606 3.572
48009.6 3.607 3.573
48009.1 3.607 3.573
48008.0 3.608 3.574
48007.7 3.609 3.575
48003.3 3.613 3.579
47990.9 3.616 3.582
47989.0 3.617 3.583
47962.1 3.617 3.583
47961.9 3.618 3.584
47957.5 3.627 3.593
47948.3 3.627 3.593
47947.1 3.628 3.594
47941.5 3.629 3.595
47908.5 3.629 3.595
47908.1 3.630 3.596
47900.3 3.630 3.596
47893.1 3.631 3.597
47888.8 3.632 3.597
47887.9 3.649 3.614
47887.2 3.650 3.615
47886.9 3.651 3.616
47886.8 3.651 3.616
47881.2 3.656 3.621
47879.0 3.656 3.621
47878.6 3.666 3.631
47878.4 3.666 3.631
47876.1 3.673 3.638
47874.9 3.674 3.639
47874.5 3.676 3.641
47868.6 3.677 3.642
47866.4 3.678 3.643
47863.8 3.711 3.676
47863.5 3.713 3.678
47862.1 3.740 3.704
47860.7 3.741 3.705
47856.8 3.742 3.706
47856.1 3.763 3.727
47855.5 3.764 3.728
47831.4 3.765 3.729
47831.0 3.766 3.730
47827.1 3.766 3.730
47824.5 3.774 3.738
47821.9 3.781 3.745
47821.5 3.782 3.746
47820.5 3.783 3.747
47816.7 3.783 3.747
47816.5 3.784 3.748
47815.0 3.786 3.750
47811.7 3.787 3.751
47811.5 3.787 3.751
47810.7 3.788 3.752
47810.4 3.789 3.753
47810.2 3.790 3.754
47809.5 3.791 3.755
47808.9 3.791 3.755
47806.3 3.792 3.756
47805.3 3.793 3.757
47804.9 3.793 3.757
47804.5 3.794 3.758
47795.8 3.794 3.758
47793.6 3.795 3.759
47793.5 3.796 3.760
47792.3 3.796 3.760
47790.7 3.797 3.761
47761.5 3.823 3.787
47760.9 3.824 3.788
47760.3 3.827 3.791
47760.2 3.828 3.792
47756.3 3.829 3.793
47756.1 3.830 3.794
47756.0 3.831 3.795
47747.0 3.838 3.802
47746.0 3.839 3.803
47743.8 3.840 3.804
47743.7 3.840 3.804
47742.8 3.841 3.805
47741.9 3.842 3.806
47741.5 3.842 3.806
47739.4 3.843 3.806
47736.0 3.843 3.806
47735.7 3.844 3.807
47735.6 3.861 3.824
47735.3 3.861 3.824
47713.6 3.871 3.834
47712.0 3.874 3.837
47708.1 3.874 3.837
47706.4 3.878 3.841
47704.1 3.879 3.842
47704.0 3.891 3.854
47703.7 3.891 3.854
47703.2 3.892 3.855
47702.0 3.893 3.856
47700.1 3.893 3.856
47698.6 3.894 3.857
47697.4 3.908 3.871
47696.7 3.914 3.877
47693.9 3.915 3.878
47693.6 3.916 3.879
47693.3 3.917 3.880
47692.5 3.925 3.888
47692.4 3.926 3.889
47691.6 3.927 3.890
47689.9 3.965 3.927
47687.8 3.965 3.927
47682.1 3.969 3.931
47681.8 3.970 3.932
47681.5 3.983 3.945
47680.8 3.992 3.954
47678.4 3.992 3.954
47675.1 3.993 3.955
47673.7 3.994 3.956
47672.8 4.005 3.967
47671.8 4.017 3.979
47668.6 4.029 3.991
47668.1 4.037 3.999
47665.5 4.038 4.000
47652.0 4.038 4.000
47645.6 4.057 4.018
47641.5 4.058 4.019
47632.9 4.059 4.020
47629.4 4.059 4.020
47625.2 4.060 4.021
47623.7 4.061 4.022
47609.0 4.081 4.042
47607.4 4.082 4.043
47606.3 4.083 4.044
47588.0 4.084 4.045
47586.3 4.085 4.046
47585.6 4.087 4.048
47574.8 4.088 4.049
47570.1 4.089 4.050
47570.0 4.090 4.051
47564.0 4.093 4.054
47561.8 4.130 4.091
47555.2 4.135 4.096
47554.8 4.135 4.096
47554.1 4.136 4.097
47553.5 4.137 4.098
47553.0 4.137 4.098
47551.8 4.138 4.099
47549.1 4.139 4.100
47548.7 4.139 4.100
47544.9 4.140 4.101
47544.6 4.141 4.102
47543.6 4.141 4.102
47540.9 4.142 4.103
47540.8 4.173 4.133
47536.9 4.180 4.140
47533.7 4.181 4.141
47530.6 4.181 4.141
47530.3 4.182 4.142
47529.2 4.206 4.166
47528.5 4.207 4.167
47528.4 4.208 4.168
47527.7 4.228 4.188
47520.2 4.237 4.197
47511.8 4.238 4.198
47509.6 4.238 4.198
47507.1 4.239 4.199
47484.7 4.240 4.200
47471.3 4.240 4.200
47471.2 4.241 4.201
47471.1 4.242 4.202
47471.0 4.242 4.202
47467.8 4.243 4.203
47464.5 4.244 4.204
47455.1 4.244 4.204
47447.6 4.268 4.227
47445.9 4.269 4.228
47439.3 4.274 4.233
47439.1 4.289 4.248
47438.1 4.290 4.249
47437.2 4.291 4.250
47432.8 4.292 4.251
47430.4 4.292 4.251
47429.0 4.293 4.252
47428.8 4.294 4.253
47428.6 4.295 4.254
47428.0 4.295 4.254
47427.5 4.299 4.258
47423.3 4.300 4.259
47420.3 4.302 4.261
47416.0 4.316 4.275
47414.6 4.316 4.275
47413.6 4.317 4.276
47412.9 4.318 4.277
47412.7 4.318 4.277
47412.4 4.319 4.278
47412.0 4.319 4.278
47410.8 4.378 4.336
47408.1 4.379 4.337
47403.1 4.393 4.351
47398.6 4.394 4.352
47386.8 4.396 4.354
47378.3 4.396 4.354
47372.0 4.401 4.359
47369.6 4.407 4.365
47344.1 4.410 4.368
47344.0 4.422 4.380
47343.7 4.425 4.383
47343.5 4.432 4.390
47335.9 4.433 4.391
47335.1 4.434 4.392
47334.7 4.435 4.393
47333.4 4.436 4.394
47326.7 4.437 4.395
47324.3 4.438 4.396
47322.8 4.439 4.397
47322.3 4.440 4.398
47318.3 4.441 4.399
47318.0 4.442 4.400
47296.6 4.480 4.437
47289.6 4.547 4.504
47288.9 4.547 4.504
47286.3 4.548 4.505
47286.1 4.548 4.505
47284.8 4.558 4.515
47282.7 4.595 4.551
47281.1 4.642 4.598
47280.6 4.677 4.633
47280.0 4.678 4.634
47279.9 4.678 4.634
47279.8 4.679 4.635
47279.1 4.710 4.665
47278.4 4.729 4.684
47278.3 4.729 4.684
47277.6 4.730 4.685
47277.3 4.731 4.686
47275.8 4.731 4.686
47275.5 4.732 4.687
47273.9 4.775 4.730
47270.3 4.775 4.730
47265.7 4.776 4.731
47265.5 4.777 4.732
47265.3 4.799 4.753
47265.1 4.799 4.753
47264.7 4.817 4.771
47263.5 4.833 4.787
47262.4 4.845 4.799
47261.1 4.876 4.830
47228.8 4.880 4.834
47228.2 4.888 4.842
47224.5 4.935 4.888
47224.3 4.936 4.889
47223.5 4.936 4.889
47220.5 4.943 4.896
47218.5 4.950 4.903
47218.3 4.951 4.904
47217.6 4.952 4.905
47214.2 5.025 4.977
47211.9 5.025 4.977
47210.0 5.028 4.980
47203.2 5.029 4.981
47194.9 5.091 5.043
47194.6 5.092 5.044
47192.4 5.126 5.077
47190.0 5.134 5.085
47189.8 5.168 5.119
47181.7 5.172 5.123
47181.0 5.173 5.124
47178.4 5.174 5.125
47176.1 5.175 5.126
47175.3 5.177 5.128
47175.2 5.178 5.129
47173.8 5.179 5.130
47173.5 5.179 5.130
47140.3 5.209 5.160
47138.7 5.210 5.161
47135.8 5.211 5.161
47135.6 5.212 5.162
47134.9 5.213 5.163
47134.1 5.225 5.175
47131.7 5.226 5.176
47130.7 5.294 5.244
47129.6 5.295 5.245
47129.3 5.296 5.246
47126.3 5.302 5.252
47124.9 5.389 5.338
47122.3 5.412 5.361
47120.7 5.419 5.368
47120.3 5.437 5.385
47119.5 5.437 5.385
47102.5 5.446 5.394
47098.3 5.447 5.395
47097.1 5.448 5.396
47094.9 5.448 5.396
47093.3 5.449 5.397
47093.0 5.516 5.464
47085.3 5.523 5.471
47079.9 5.523 5.471
47073.3 5.524 5.472
47072.8 5.525 5.473
47072.5 5.525 5.473
47066.8 5.526 5.474
47066.3 5.539 5.486
47065.7 5.540 5.487
47051.3 5.568 5.515
47050.5 5.599 5.546
47049.7 5.599 5.546
47044.2 5.615 5.562
47043.8 5.616 5.563
47041.5 5.618 5.565
47037.5 5.647 5.593
47036.8 5.648 5.594
47034.3 5.649 5.595
47032.7 5.686 5.632
47032.1 5.730 5.676
47032.0 5.749 5.694
47031.3 5.752 5.697
47030.9 5.753 5.698
47028.7 5.754 5.699
47028.1 5.755 5.700
47024.9 5.756 5.701
47022.3 5.757 5.702
47022.1 5.762 5.707
46986.1 5.816 5.761
46976.3 5.887 5.831
46959.1 5.959 5.902
46949.6 5.960 5.903
46945.1 5.961 5.904
46944.7 5.969 5.912
46944.2 5.988 5.931
46941.7 6.032 5.975
46941.6 6.033 5.976
46937.5 6.042 5.985
46937.3 6.043 5.986
46934.0 6.043 5.986
46929.8 6.044 5.987
46928.0 6.045 5.988
46926.4 6.120 6.062
46926.3 6.140 6.082
46925.7 6.141 6.083
46922.8 6.142 6.084
46922.0 6.144 6.086
46921.1 6.145 6.087
46921.0 6.146 6.088
46920.7 6.147 6.089
46915.4 6.186 6.127
46912.5 6.187 6.128
46912.0 6.188 6.129
46911.7 6.190 6.131
46911.4 6.191 6.132
46907.4 6.232 6.173
46907.0 6.261 6.202
46906.9 6.350 6.290
46902.5 6.370 6.309
46900.4 6.479 6.417
46900.2 6.491 6.429
46898.6 6.507 6.445
46898.1 6.509 6.447
46897.7 6.510 6.448
46897.0 6.511 6.449
46896.6 6.578 6.516
46895.4 6.584 6.521
46894.7 6.585 6.522
46891.0 6.597 6.534
46890.4 6.598 6.535
46881.3 6.601 6.538
46880.3 6.602 6.539
46879.9 6.603 6.540
46879.5 6.604 6.541
46874.6 6.605 6.542
46874.5 6.606 6.543
46869.8 6.607 6.544
46868.8 6.608 6.545
46864.9 6.609 6.546
46862.7 6.610 6.547
46862.6 6.620 6.557
46862.2 6.621 6.558
46861.2 6.659 6.596
46860.9 6.660 6.597
46848.8 6.664 6.601
46848.1 6.665 6.602
46834.4 6.666 6.603
46822.2 6.750 6.686
46821.3 6.751 6.687
46820.1 6.815 6.750
46817.7 6.815 6.750
46817.2 6.816 6.751
46813.8 7.051 6.984
46812.1 7.052 6.985
46811.8 7.053 6.986
46811.0 7.053 6.986
46810.5 7.054 6.987
46809.0 7.055 6.988
46807.5 7.056 6.989
46806.6 7.056 6.989
46801.0 7.059 6.992
46797.8 7.068 7.001
46777.4 7.086 7.019
46777.0 7.087 7.020
46776.4 7.088 7.021
46776.2 7.089 7.022
46776.1 7.120 7.052
46775.4 7.121 7.053
46774.8 7.122 7.054
46772.9 7.123 7.055
46769.8 7.124 7.056
46769.4 7.185 7.117
46767.5 7.204 7.136
46766.4 7.205 7.137
46766.3 7.206 7.138
46760.7 7.207 7.139
46754.8 7.217 7.148
46753.9 7.218 7.149
46752.1 7.219 7.150
46752.0 7.220 7.151
46750.4 7.220 7.151
46748.6 7.221 7.152
46746.1 7.222 7.153
46745.9 7.223 7.154
46744.7 7.224 7.155
46742.2 7.225 7.156
46742.0 7.226 7.157
46736.3 7.227 7.158
46734.1 7.228 7.159
46733.9 7.229 7.160
46733.8 7.230 7.161
46733.5 7.231 7.162
46732.9 7.232 7.163
46732.8 7.233 7.164
46727.5 7.259 7.190
46726.0 7.260 7.191
46724.7 7.278 7.209
46723.8 7.289 7.220
46701.3 7.305 7.236
46698.7 7.306 7.237
46698.0 7.366 7.296
46697.9 7.367 7.297
46697.8 7.368 7.298
46697.0 7.369 7.299
46692.2 7.372 7.302
46691.5 7.386 7.316
46691.1 7.387 7.317
46690.7 7.431 7.360
46688.7 7.484 7.413
46687.1 7.485 7.414
46686.6 7.525 7.454
46685.4 7.537 7.465
46677.9 7.740 7.666
46675.7 7.758 7.684
46673.7 7.763 7.689
46673.3 7.765 7.691
46671.4 7.766 7.692
46670.8 7.767 7.693
46670.2 7.834 7.760
46669.2 7.835 7.761
46668.1 7.836 7.762
46667.7 8.010 7.934
46665.7 8.075 7.998
46663.4 8.076 7.999
46660.5 8.077 8.000
46659.5 8.097 8.020
46658.2 8.098 8.021
46658.0 8.122 8.045
46656.1 8.123 8.046
46646.4 8.124 8.047
46646.3 8.157 8.080
46646.2 8.158 8.080
46646.1 8.159 8.081
46638.6 8.283 8.204
46636.4 8.291 8.212
46633.9 8.293 8.214
46632.8 8.322 8.243
46632.7 8.426 8.346
46631.5 8.611 8.529
46629.9 8.612 8.530
46627.0 8.613 8.531
46625.5 8.614 8.532
46624.7 8.652 8.570
46623.5 8.734 8.651
46620.4 8.786 8.703
46617.8 8.787 8.704
46617.7 8.850 8.766
46615.5 8.910 8.825
46615.1 8.933 8.848
46614.8 9.046 8.960
46612.0 9.234 9.146
46608.9 9.313 9.225
46608.4 9.314 9.226
46607.2 9.315 9.227
46604.9 9.316 9.227
46602.5 9.327 9.238
46582.3 9.339 9.250
46581.2 9.548 9.457
46578.1 9.549 9.458
46572.9 9.550 9.459
46571.4 9.551 9.460
46570.7 9.566 9.475
46565.9 9.779 9.686
46538.6 9.957 9.862
46537.9 9.958 9.863
46534.2 9.959 9.864
46531.5 9.959 9.864
46524.5 9.960 9.865
46524.1 9.961 9.866
46522.9 9.961 9.866
46521.9 10.037 9.942
46517.6 10.060 9.964
46508.5 10.247 10.150
46501.7 10.248 10.151
46501.6 10.249 10.152
46498.1 10.289 10.191
46497.1 10.304 10.206
46495.7 10.305 10.207
46495.4 10.436 10.337
46495.2 10.460 10.361
46494.4 10.480 10.380
46493.6 10.759 10.657
46493.5 10.766 10.664
46492.3 10.818 10.715
46491.4 10.819 10.716
46489.1 10.820 10.717
46488.1 10.821 10.718
46485.7 10.859 10.756
46480.1 10.892 10.789
46479.9 10.906 10.802
46478.8 10.996 10.892
46478.7 10.996 10.892
46478.1 10.997 10.893
46477.3 10.997 10.893
46475.0 11.011 10.906
46466.8 11.015 10.910
46466.2 11.026 10.921
46465.4 11.046 10.941
46464.6 11.084 10.979
46462.1 11.085 10.980
46461.9 11.096 10.991
46461.3 11.097 10.992
46459.2 11.098 10.993
46458.7 11.099 10.994
46457.3 11.100 10.995
46453.7 11.101 10.996
46453.3 11.158 11.052
46452.0 11.159 11.053
46450.2 11.160 11.054
46448.0 11.161 11.055
46447.8 11.162 11.056
46447.3 11.163 11.057
46441.5 11.169 11.063
46440.8 11.170 11.064
46440.5 11.173 11.067
46439.9 11.196 11.090
46439.7 11.220 11.113
46439.5 11.316 11.208
46439.2 11.317 11.209
46437.4 11.453 11.344
46430.2 11.465 11.356
46424.9 11.599 11.489
46424.3 11.891 11.778
46422.5 11.918 11.805
46420.9 12.034 11.920
46420.4 12.036 11.922
46412.7 12.086 11.971
46411.5 12.088 11.973
46410.6 12.257 12.141
46410.5 12.600 12.480
46410.0 12.620 12.500
46409.3 12.621 12.501
46409.0 12.622 12.502
46408.3 12.650 12.530
46408.2 12.657 12.537
46407.4 12.724 12.603
46406.0 12.883 12.761
46404.1 12.974 12.851
46403.2 13.395 13.268
46402.2 13.463 13.335
46401.7 13.560 13.431
46394.6 13.573 13.444
46394.3 13.574 13.445
46393.8 13.584 13.455
46393.7 13.600 13.471
46391.4 13.698 13.568
46391.0 13.700 13.570
46389.9 13.719 13.589
46388.4 13.743 13.612
46387.2 14.027 13.894
46386.9 14.028 13.895
46384.8 14.343 14.207
46380.3 14.586 14.447
46377.0 14.587 14.448
46356.5 14.696 14.556
46353.9 14.697 14.557
46353.8 14.698 14.558
46352.9 14.699 14.559
46350.4 14.701 14.561
46347.6 14.702 14.562
46345.7 14.703 14.563
46344.6 14.704 14.564
46343.9 14.721 14.581
46343.5 14.722 14.582
46342.6 14.723 14.583
46338.4 14.784 14.644
46330.3 14.784 14.644
46329.3 14.785 14.645
46329.2 14.786 14.646
46324.6 14.920 14.778
46319.8 14.922 14.780
46315.7 14.923 14.781
46307.9 14.924 14.782
46307.0 14.989 14.847
46306.2 15.032 14.889
46305.2 15.241 15.096
46304.5 15.302 15.157
46297.4 15.622 15.474
46295.4 15.623 15.475
46294.1 15.624 15.476
46293.3 15.793 15.643
46293.1 15.794 15.644
46293.0 15.795 15.645
46292.8 15.796 15.646
46292.7 15.797 15.647
46292.5 15.896 15.745
46277.3 15.897 15.746
46277.2 15.898 15.747
46261.9 15.898 15.747
46258.0 15.899 15.748
46255.0 15.899 15.748
46254.1 15.964 15.812
46250.4 16.127 15.974
46244.7 16.179 16.025
46237.6 16.423 16.267
46233.0 16.452 16.296
46232.9 16.453 16.297
46226.9 16.517 16.360
46226.4 16.518 16.361
46226.3 16.719 16.560
46225.5 17.072 16.910
46223.2 17.100 16.938
46218.3 17.101 16.939
46217.9 17.102 16.940
46216.4 17.102 16.940
46215.6 17.103 16.941
46210.9 17.104 16.942
46209.3 17.104 16.942
46204.3 17.105 16.943
46200.0 17.106 16.943
46198.9 17.106 16.943
46198.7 17.267 17.103
46196.4 18.102 17.930
46196.1 18.113 17.941
46192.6 49.908 49.434
46192.4 49.940 49.466
46190.5 50.004 49.529
46189.8 50.005 49.530
46189.3 50.006 49.531
46188.8 50.008 49.533
46188.1 50.077 49.601
46187.9 50.125 49.649
46182.0 50.140 49.664
46176.3 50.167 49.690
46174.6 50.226 49.749
46174.5 50.336 49.858
46172.4 50.368 49.890
46171.2 50.370 49.891
46146.8 50.371 49.892
46145.8 50.378 49.899
46145.2 50.379 49.900
46144.1 50.380 49.901
46143.9 50.381 49.902
46143.5 50.382 49.903
46142.7 50.383 49.904
46139.0 50.384 49.905
46138.4 50.397 49.918
46136.4 50.461 49.982
46136.2 50.465 49.986
46127.2 50.784 50.302
46125.3 50.927 50.443
46125.2 50.928 50.444
46124.9 51.140 50.654
46123.2 51.280 50.793
46122.9 51.284 50.797
46120.2 51.433 50.944
46118.7 51.434 50.945
46118.4 51.435 50.946
46114.5 51.436 50.947
46106.8 51.437 50.948
46105.5 51.437 50.948
46105.0 51.438 50.949
46102.0 51.450 50.961
46101.4 51.451 50.962
46101.2 51.453 50.964
46088.3 51.454 50.965
46085.9 51.455 50.966
46085.3 51.456 50.967
46084.1 51.507 51.018
46083.8 51.508 51.019
46083.7 51.514 51.025
46082.3 51.515 51.026
46081.2 51.516 51.027
46081.1 51.517 51.028
46079.5 51.548 51.058
46078.2 51.939 51.446
46076.7 51.940 51.447
46075.1 51.942 51.449
46074.8 51.943 51.450
46073.1 51.945 51.452
46072.8 51.947 51.454
46072.0 52.085 51.590
46054.6 52.087 51.592
46053.9 52.209 51.713
46053.0 52.213 51.717
46052.2 52.334 51.837
46051.8 52.341 51.844
46051.7 52.343 51.846
46048.5 52.344 51.847
46046.9 52.348 51.851
46046.7 52.349 51.852
46045.8 52.350 51.853
46043.7 52.351 51.854
46043.3 52.352 51.855
46040.9 52.728 52.227
46037.9 52.729 52.228
46036.3 52.845 52.343
46035.4 52.846 52.344
46035.1 52.847 52.345
46034.6 52.858 52.356
46032.5 52.859 52.357
46029.0 52.860 52.358
46027.9 53.233 52.727
46026.4 53.282 52.776
46013.9 53.404 52.897
46013.6 53.404 52.897
46012.2 53.536 53.027
46011.9 53.664 53.154
46011.8 53.666 53.156
46011.6 53.825 53.314
46001.3 54.158 53.643
45999.5 54.158 53.643
45998.9 54.329 53.813
45998.6 54.594 54.075
45986.3 54.979 54.457
45986.0 54.980 54.458
45985.5 54.981 54.459
45985.2 54.982 54.460
45984.9 54.983 54.461
45983.8 55.056 54.533
45980.9 55.661 55.132
45979.8 55.706 55.177
45978.3 55.968 55.436
45978.2 56.322 55.787
45976.9 56.323 55.788
45974.3 56.327 55.792
45967.4 56.975 56.434
45966.3 57.314 56.770
45966.1 57.405 56.860
45965.4 57.650 57.102
45960.4 57.731 57.183
45959.6 57.732 57.184
45959.5 57.733 57.185
45947.0 57.734 57.186
45946.5 57.735 57.187
45946.3 57.735 57.187
45945.5 57.736 57.188
45944.9 57.737 57.188
45944.8 57.738 57.189
45944.0 57.739 57.190
45943.6 57.739 57.190
45943.5 57.740 57.191
45943.0 57.741 57.192
45942.7 76.596 75.868
45939.4 76.598 75.870
45939.2 76.599 75.871
45938.8 76.660 75.932
45938.3 76.671 75.943
45936.1 76.679 75.951
45925.9 76.826 76.096
45925.7 76.958 76.227
45925.4 76.961 76.230
45925.1 77.333 76.598
45924.5 77.404 76.669
45924.3 77.416 76.681
45923.3 77.417 76.682
45922.4 77.916 77.176
45910.3 78.097 77.355
45907.3 78.098 77.356
45906.9 78.099 77.357
45906.0 78.099 77.357
45904.9 78.117 77.375
45904.5 78.118 77.376
45903.7 78.119 77.377
45902.6 78.128 77.386
45897.9 78.201 77.458
45895.3 78.241 77.498
45895.1 78.358 77.614
45893.8 78.463 77.718
45877.3 78.779 78.031
45876.6 79.048 78.297
45873.5 79.392 78.638
45873.1 79.394 78.640
45872.5 79.395 78.641
45871.2 79.396 78.642
45870.6 79.541 78.785
45870.1 79.542 78.786
45867.9 79.776 79.018
45866.8 79.901 79.142
45863.1 80.030 79.270
45852.9 80.031 79.271
45852.8 80.131 79.370
45843.5 80.198 79.436
45843.3 80.199 79.437
45842.2 80.200 79.438
45836.7 80.201 79.439
45833.5 80.212 79.450
45829.9 80.736 79.969
45829.5 81.049 80.279
45826.3 81.248 80.476
45820.8 81.382 80.609
45820.3 81.383 80.610
45819.2 81.383 80.610
45817.5 81.384 80.611
45817.0 81.385 80.612
45816.6 81.467 80.693
45812.5 81.643 80.867
45811.9 81.678 80.902
45811.8 81.679 80.903
45810.2 81.679 80.903
45810.1 81.949 81.170
45809.4 81.950 81.171
45806.5 81.951 81.172
45805.8 82.121 81.341
45804.2 82.167 81.386
45803.7 82.168 81.387
45803.6 82.169 81.388
45803.0 82.169 81.388
45802.9 82.170 81.389
45802.5 82.171 81.390
45802.3 82.171 81.390
45801.8 82.172 81.391
45801.0 82.173 81.392
45800.9 82.350 81.568
45800.8 82.626 81.841
45800.0 82.626 81.841
45797.2 225.757 223.612
45796.2 225.758 223.613
45795.7 225.760 223.615
45793.7 225.761 223.616
45792.5 226.371 224.220
45789.3 226.372 224.221
45777.1 226.681 224.528
45774.6 226.932 224.776
45774.0 226.959 224.803
45773.7 226.961 224.805
45773.5 227.378 225.218
45773.3 227.396 225.236
45763.4 227.397 225.237
45762.7 227.399 225.239
45760.3 227.400 225.240
45758.7 227.401 225.241
45754.4 227.581 225.419
45754.0 227.583 225.421
45752.8 227.584 225.422
45751.1 227.585 225.423
45749.5 227.752 225.588
45749.3 227.917 225.752
45744.0 227.918 225.753
45739.7 228.080 225.913
45739.4 228.081 225.914
45732.1 228.082 225.915
45731.1 228.083 225.916
45726.9 228.203 226.035
45726.4 228.204 226.036
45718.3 228.314 226.145
45714.9 228.418 226.248
45707.5 228.419 226.249
45706.3 228.420 226.250
45706.0 228.545 226.374
45692.7 228.714 226.541
45692.6 228.715 226.542
45692.4 228.716 226.543
45691.7 228.717 226.544
45691.0 229.012 226.836
45690.8 229.166 226.989
45689.5 229.614 227.433
45688.3 229.615 227.434
45687.6 229.616 227.435
45687.2 229.617 227.436
45686.9 229.618 227.437
45685.0 229.619 227.438
45683.2 229.636 227.454
45682.4 229.637 227.455
45681.8 229.961 227.776
45681.6 229.963 227.778
45678.2 230.729 228.537
45677.7 230.997 228.803
45674.0 231.234 229.037
45671.4 231.235 229.038
45671.2 231.236 229.039
45670.9 231.237 229.040
45669.2 231.380 229.182
45668.1 231.381 229.183
45665.8 231.575 229.375
45663.7 232.028 229.824
45661.4 232.029 229.825
45659.8 232.031 229.827
45659.7 232.032 229.828
45647.2 232.033 229.829
45645.7 232.034 229.830
45643.4 232.424 230.216
45642.0 232.449 230.241
45639.5 232.450 230.242
45639.1 232.550 230.341
45638.3 232.581 230.371
45636.8 232.994 230.781
45636.7 232.995 230.782
45636.5 233.336 231.119
45636.1 233.657 231.437
45634.0 233.674 231.454
45631.5 233.676 231.456
45628.9 233.677 231.457
45628.5 233.678 231.458
45627.7 233.679 231.459
45626.4 233.680 231.460
45625.7 233.681 231.461
45623.9 233.682 231.462
45621.9 233.828 231.607
45620.3 233.829 231.608
45616.5 234.526 232.298
45615.1 234.527 232.299
45614.5 234.528 232.300
45614.3 234.798 232.567
45614.1 234.799 232.568
45613.8 235.172 232.938
45612.1 235.322 233.086
45609.1 235.323 233.087
45608.5 235.324 233.088
45608.0 235.714 233.475
45607.4 235.715 233.476
45607.2 235.973 233.731
45607.0 235.991 233.749
45606.8 236.512 234.265
45606.6 236.743 234.494
45587.2 236.896 234.645
45586.6 237.434 235.178
45585.4 237.435 235.179
45583.7 237.802 235.543
45583.4 238.475 236.209
45582.5 238.488 236.222
45582.2 238.797 236.528
45581.7 238.828 236.559
45579.8 239.620 237.344
45579.5 240.016 237.736
45575.9 240.524 238.239
45562.9 240.687 238.400
45562.4 240.688 238.401
45558.1 241.999 239.700
45555.3 242.000 239.701
45551.3 242.582 240.277
45550.0 242.583 240.278
45549.9 242.584 240.279
45542.8 242.988 240.680
45540.6 242.989 240.681
45540.3 242.990 240.682
45539.1 242.991 240.683
45539.0 242.992 240.684
45538.3 242.994 240.686
45532.4 242.995 240.687
45531.4 242.996 240.688
45530.7 242.997 240.689
45530.3 243.716 241.401
45529.1 243.717 241.402
45525.4 243.746 241.430
45522.8 243.747 241.431
45520.6 243.748 241.432
45519.1 244.195 241.875
45518.0 244.480 242.157
45516.8 244.481 242.158
45516.7 244.482 242.159
45516.2 244.483 242.160
45515.4 244.707 242.382
45513.7 244.708 242.383
45512.6 245.586 243.253
45511.2 245.802 243.467
45510.6 245.803 243.468
45481.6 245.837 243.502
45480.4 246.051 243.714
45477.5 246.052 243.715
45477.3 246.053 243.715
45475.3 246.068 243.730
45475.1 246.717 244.373
45474.7 246.718 244.374
45474.2 246.719 244.375
45473.9 246.761 244.417
45473.5 246.763 244.419
45464.5 247.191 244.843
45459.0 247.228 244.879
45457.9 247.229 244.880
45456.9 247.897 245.542
45456.4 247.898 245.543
45456.1 247.900 245.545
45455.8 247.901 245.546
45455.1 247.902 245.547
45454.8 247.903 245.548
45454.6 247.904 245.549
45450.5 247.914 245.559
45450.0 247.915 245.560
45448.5 247.916 245.561
45440.6 248.214 245.856
45440.4 248.215 245.857
45419.8 248.216 245.858
45415.7 248.217 245.859
45414.8 248.218 245.860
45414.2 248.488 246.127
45413.4 248.489 246.128
45404.2 248.490 246.129
45397.7 249.057 246.691
45397.1 249.058 246.692
45377.4 249.059 246.693
45375.8 249.060 246.694
45374.3 250.329 247.951
45373.1 250.530 248.150
45372.2 250.530 248.150
45370.6 251.595 249.205
45369.5 253.402 250.995
45369.2 254.199 251.784
45369.1 254.257 251.842
45368.5 254.474 252.056
45368.4 254.476 252.058
45367.3 254.477 252.059
45367.0 254.756 252.336
45361.0 254.758 252.338
45360.5 255.146 252.722
45359.0 255.555 253.127
45358.0 255.557 253.129
45357.3 255.940 253.509
45356.6 255.941 253.510
45356.3 255.942 253.511
45355.5 255.943 253.512
45354.8 255.944 253.513
45349.4 257.151 254.708
45348.8 257.568 255.121
45346.8 257.569 255.122
45345.3 258.109 255.657
45344.0 258.831 256.372
45336.6 258.832 256.373
45336.5 259.058 256.597
45334.8 260.272 257.799
45333.0 261.594 259.109
45332.1 261.796 259.309
45331.7 262.324 259.832
45331.2 262.467 259.974
45330.8 263.218 260.717
45292.4 263.476 260.973
45291.3 263.477 260.974
45289.7 263.478 260.975
45288.0 263.479 260.976
45286.6 264.229 261.719
45286.5 264.665 262.151
45284.8 264.864 262.348
45283.7 264.865 262.349
45281.9 264.866 262.350
45281.8 266.069 263.541
45280.6 266.554 264.022
45272.2 266.881 264.346
45271.7 266.882 264.347
45255.7 267.848 265.303
45248.1 267.849 265.304
45245.8 269.279 266.721
45243.9 269.280 266.722
45242.5 269.300 266.742
45242.3 269.301 266.743
45242.1 269.951 267.386
45207.3 269.952 267.387
45207.0 270.459 267.890
45199.5 270.460 267.891
45198.4 270.925 268.351
45196.7 270.927 268.353
45195.6 270.928 268.354
45195.0 270.929 268.355
45194.0 270.930 268.356
45183.3 271.512 268.933
45178.3 271.552 268.972
45175.0 272.005 269.421
45174.5 272.007 269.423
45168.8 272.008 269.424
45166.6 272.009 269.425
45166.0 272.010 269.426
45164.2 272.011 269.427
45163.5 273.244 270.648
45162.6 273.770 271.169
45161.8 273.771 271.170
45156.4 274.401 271.794
45154.8 274.402 271.795
45154.0 274.402 271.795
45153.5 274.506 271.898
45141.7 274.675 272.066
45140.0 275.602 272.984
45139.0 276.115 273.492
45138.7 276.117 273.494
45138.3 276.118 273.495
45136.8 276.356 273.731
45135.7 276.357 273.732
45133.0 276.358 273.733
45132.2 276.363 273.738
45123.9 276.368 273.743
45122.5 276.369 273.743
45119.3 276.370 273.744
45117.0 276.371 273.745
45116.3 277.010 274.378
45111.9 277.011 274.379
45107.1 277.013 274.381
45106.0 277.014 274.382
45105.3 277.015 274.383
45104.4 277.016 274.384
45102.7 277.020 274.388
45094.8 277.058 274.426
45093.9 277.392 274.757
45093.1 277.393 274.758
45091.5 277.394 274.759
45090.9 277.395 274.760
45090.0 278.154 275.512
45087.7 278.302 275.658
45084.8 278.500 275.854
45084.5 278.789 276.141
45082.9 279.097 276.446
45082.3 279.101 276.450
45081.0 279.353 276.699
45080.6 279.354 276.700
45080.1 279.355 276.701
45079.7 279.356 276.702
45070.7 280.945 278.276
45070.4 280.946 278.277
45067.9 285.437 282.725
45067.2 285.438 282.726
45066.9 285.579 282.866
45066.2 285.580 282.867
45064.5 335.308 332.123
45042.3 337.416 334.211
45040.1 337.417 334.212
45040.0 340.595 337.359
45037.5 340.597 337.361
45036.0 340.616 337.380
45034.8 340.617 337.381
45033.3 340.702 337.465
45033.1 340.703 337.466
45032.8 340.704 337.467
45032.7 340.726 337.489
45029.5 340.790 337.552
45023.7 383.095 379.456
45022.6 383.096 379.457
45021.1 383.097 379.458
45020.7 383.097 379.458
45017.5 383.100 379.461
45016.8 383.101 379.462
45014.7 383.102 379.463
45012.8 534.742 529.662
45009.2 534.766 529.686
45008.5 534.767 529.687
45008.4 534.768 529.688
45007.0 534.769 529.689
45006.6 534.770 529.690
45005.7 534.973 529.891
45002.3 535.013 529.930
45001.4 535.014 529.931
45000.9 535.198 530.114
45000.2 535.222 530.137
45000.1 535.246 530.161
45000.0 535.247 530.162
44996.0 535.258 530.173
44995.1 535.687 530.598
44990.9 535.706 530.617
44984.9 578.831 573.332
44984.2 578.832 573.333
44983.1 681.567 675.092
44982.7 681.665 675.189
44982.0 681.739 675.262
44981.7 681.848 675.370
44978.1 681.856 675.378
44976.3 681.898 675.420
44974.8 682.110 675.630
44974.0 965.704 956.530
44973.8 965.705 956.531
44973.3 965.706 956.532
44972.6 965.707 956.533
44972.5 965.766 956.591
44971.7 965.790 956.615
44970.2 1318.105 1305.583
44969.6 1318.106 1305.584
44969.5 1318.108 1305.586
44968.3 1318.109 1305.587
44967.1 1319.096 1306.565
44966.7 1319.098 1306.567
44965.9 1319.099 1306.568
44964.7 1319.100 1306.569
44964.1 1319.101 1306.570
44964.0 1319.102 1306.571
44963.8 1319.103 1306.572
44963.2 1319.104 1306.573
44963.1 1319.105 1306.574
44962.3 1319.106 1306.574
44957.5 1319.444 1306.909
44953.6 1319.445 1306.910
44953.1 1319.460 1306.925
44952.7 1319.461 1306.926
44952.6 1319.462 1306.927
44952.3 1321.044 1308.494
44951.2 1322.450 1309.887
44950.1 1322.451 1309.888
44935.9 1322.452 1309.889
44929.7 1322.453 1309.890
44929.4 1322.454 1309.891
44928.9 1323.039 1310.470
44928.6 1323.040 1310.471
44928.4 1324.121 1311.542
44923.1 1324.640 1312.056
44921.0 1324.641 1312.057
44919.7 1324.642 1312.058
44918.6 1330.195 1317.558
44918.3 1344.125 1331.356
44917.7 1359.317 1346.403
44917.4 1359.582 1346.666
44883.7 1361.791 1348.854
44882.0 1361.822 1348.885
44881.2 1362.062 1349.122
44874.6 1362.111 1349.171
44871.2 1362.112 1349.172
44869.2 1362.113 1349.173
44867.3 1362.114 1349.174
44867.2 1362.139 1349.199
44866.5 1362.185 1349.244
44866.2 1362.186 1349.245
44864.9 1362.197 1349.256
44864.6 1362.198 1349.257
44861.2 1362.199 1349.258
44857.2 1362.200 1349.259
44854.8 1362.201 1349.260
44851.8 1362.202 1349.261
44845.6 1362.203 1349.262
44844.6 1362.204 1349.263
44840.8 1362.205 1349.264
44836.9 1362.206 1349.265
44836.0 1362.207 1349.266
44834.9 1362.287 1349.345
44834.2 1362.309 1349.367
44832.1 1362.310 1349.368
44831.1 1608.749 1593.466
44831.0 1609.015 1593.729
44828.5 1609.075 1593.789
44828.2 1702.203 1686.032
44825.0 1702.210 1686.039
44820.5 1702.211 1686.040
44819.0 1702.212 1686.041
44818.6 1702.388 1686.215
44817.8 1702.466 1686.293
44817.0 1702.467 1686.294
44816.2 1702.468 1686.295
44815.8 1702.582 1686.407
44815.2 1702.609 1686.434
44813.3 1702.611 1686.436
44809.2 1702.612 1686.437
44785.6 1805.802 1788.647
44785.5 1805.804 1788.649
44777.2 1805.805 1788.650
44776.7 1805.806 1788.651
44775.8 1805.808 1788.653
44775.5 1805.810 1788.655
44775.3 1805.811 1788.656
44774.8 1806.613 1789.450
44773.2 1806.614 1789.451
44754.9 1807.683 1790.510
44753.4 1807.683 1790.510
44752.9 1807.684 1790.511
44752.7 1813.027 1795.803
44752.2 1813.029 1795.805
44744.1 1813.032 1795.808
44726.3 1813.036 1795.812
44725.1 1813.037 1795.813
44722.8 1815.401 1798.155
44721.3 1817.052 1799.790
44721.2 1817.520 1800.254
44720.8 1817.525 1800.259
44720.2 1817.526 1800.260
44719.7 1817.527 1800.260
44719.1 1817.531 1800.264
44718.3 1817.532 1800.265
44717.6 1822.018 1804.709
44716.6 1825.708 1808.364
44714.6 1825.709 1808.365
44714.2 1825.765 1808.420
44713.3 1826.538 1809.186
44712.9 1826.541 1809.189
44712.8 1826.685 1809.331
44709.2 1826.686 1809.332
44707.7 1826.687 1809.333
44707.6 1827.056 1809.699
44706.6 1827.057 1809.700
44706.4 1827.058 1809.701
44706.3 1828.077 1810.710
44705.4 1830.193 1812.806
44705.0 1837.783 1820.324
44704.3 1839.603 1822.127
44698.7 1839.614 1822.138
44697.1 1839.615 1822.139
44696.6 1839.921 1822.442
44696.0 1840.048 1822.568
44694.9 1840.049 1822.569
44694.5 1840.050 1822.570
44692.5 1844.212 1826.692
44692.4 1844.213 1826.693
44692.2 1846.640 1829.097
44690.8 1846.641 1829.098
44690.3 1846.642 1829.099
44689.4 1846.643 1829.100
44686.9 1847.910 1830.355
44684.1 1849.542 1831.971
44683.8 1857.083 1839.441
44683.3 1857.085 1839.443
44683.2 1857.086 1839.444
44679.2 1857.087 1839.445
44672.6 1857.089 1839.447
44672.3 1857.091 1839.449
44671.5 1859.289 1841.626
44665.3 1859.291 1841.628
44657.3 1859.292 1841.629
44656.6 1861.426 1843.742
44650.2 1863.767 1846.061
44649.8 1888.361 1870.422
44646.8 1888.786 1870.843
44644.0 1888.787 1870.844
44643.4 1988.583 1969.691
44642.8 1988.585 1969.693
44640.6 1988.758 1969.865
44629.8 1988.759 1969.866
44623.4 1988.761 1969.868
44622.8 2093.367 2073.480
44620.2 2093.368 2073.481
44620.1 2093.485 2073.597
44618.9 2093.664 2073.774
44618.2 2093.665 2073.775
44617.9 2093.753 2073.862
44617.2 2375.989 2353.417
44616.3 2375.991 2353.419
44615.3 2375.992 2353.420
44614.8 2376.211 2353.637
44614.2 2376.398 2353.822
44614.0 2376.399 2353.823
44613.8 2376.400 2353.824
44613.7 2376.401 2353.825
44612.9 2376.403 2353.827
44611.1 2376.404 2353.828
44608.8 2376.626 2354.048
44608.4 2377.104 2354.522
44606.0 2377.223 2354.639
44605.9 2497.737 2474.008
44602.7 2497.875 2474.145
44601.7 2497.914 2474.184
44601.5 3920.040 3882.800
44601.3 5173.877 5124.725
Primal Integral: 1.4776535879
