12th DIMACS Implementation Challenge: Vehicle Routing
VRPTW track
Controller version: December 13, 2021
Competitor: HustSmart
Ubuntu 21.04
Intel(R) Xeon(R) CPU E5-2698 v3 @ 2.30GHz
hostid: 10916887366929678835
PassMark Single Thread Benchmark: 1981
Time factor: 0.99 (baseline 2000)
Instance: C1_2_5
Standardized Time limit: 1800 secs
Local Machine Time Limit: 1817 secs
Base solution: 2964.390
BKS: 2694.9
Optimal: 1
Mon 31 Jan 2022 08:03:20 PM CST
timestamp: 1643630600
Solution value, local machine time, standardized time
2954.2 0.063 0.062
2930.5 0.064 0.063
2924.2 0.064 0.063
2918.4 0.065 0.064
2915.4 0.065 0.064
2856.1 0.066 0.065
2850.1 0.066 0.065
2844.7 0.067 0.066
2749.4 0.076 0.075
2721.4 0.078 0.077
2708.0 0.078 0.077
2697.7 0.130 0.129
2695.8 2.461 2.438
2695.3 2.461 2.438
2694.9 2.462 2.439
Primal Integral: 0.0005396341
