12th DIMACS Implementation Challenge: Vehicle Routing
VRPTW track
Controller version: December 13, 2021
Competitor: HustSmart
Ubuntu 21.04
Intel(R) Xeon(R) CPU E5-2698 v3 @ 2.30GHz
hostid: 5694999987690650823
PassMark Single Thread Benchmark: 1981
Time factor: 0.99 (baseline 2000)
Instance: C2_10_2
Standardized Time limit: 7200 secs
Local Machine Time Limit: 7269 secs
Base solution: 18108.860
BKS: 16462.6
Optimal: 0
Mon 31 Jan 2022 12:56:36 AM PST
timestamp: 1643619396
Solution value, local machine time, standardized time
18081.8 4.888 4.842
18072.2 4.889 4.843
18070.9 4.916 4.869
18069.1 4.917 4.870
18067.9 4.918 4.871
18064.7 4.919 4.872
18064.1 4.920 4.873
18058.7 4.923 4.876
18044.9 4.930 4.883
18039.4 4.931 4.884
18034.0 4.932 4.885
18033.1 4.933 4.886
18031.5 4.934 4.887
18030.9 4.935 4.888
18028.2 4.935 4.888
18027.3 4.936 4.889
18026.7 4.954 4.907
18009.2 4.969 4.922
18000.2 5.029 4.981
17998.0 5.029 4.981
17997.0 5.030 4.982
17996.5 5.033 4.985
17932.3 5.034 4.986
17901.2 5.034 4.986
17900.8 5.035 4.987
17895.4 5.156 5.107
17884.4 5.183 5.134
17883.6 5.184 5.135
17882.2 5.185 5.136
17879.2 5.203 5.154
17875.8 5.204 5.155
17875.0 5.205 5.156
17873.8 5.490 5.438
17868.2 5.613 5.560
17867.6 5.710 5.656
17854.9 5.794 5.739
17854.4 5.817 5.762
17852.4 5.826 5.771
17851.0 5.850 5.794
17848.6 6.025 5.968
17845.3 6.031 5.974
17843.1 6.032 5.975
17842.7 6.033 5.976
17842.5 6.034 5.977
17842.4 6.035 5.978
17841.7 6.036 5.979
17837.6 6.036 5.979
17833.6 6.049 5.992
17815.7 6.050 5.993
17812.5 6.051 5.994
17806.2 6.093 6.035
17804.2 6.094 6.036
17803.5 6.098 6.040
17803.2 6.099 6.041
17797.5 6.100 6.042
17797.1 6.100 6.042
17793.8 6.153 6.095
17792.9 6.164 6.105
17779.9 6.171 6.112
17774.3 6.172 6.113
17753.4 6.181 6.122
17748.4 6.182 6.123
17744.5 6.183 6.124
17743.2 6.189 6.130
17737.3 6.190 6.131
17730.7 6.233 6.174
17720.6 6.239 6.180
17720.1 6.240 6.181
17716.5 6.243 6.184
17713.5 6.243 6.184
17708.3 6.244 6.185
17708.1 6.245 6.186
17627.0 6.274 6.214
17606.5 6.277 6.217
17541.6 6.278 6.218
17540.0 6.279 6.219
17485.1 6.280 6.220
17468.6 6.286 6.226
17467.5 6.287 6.227
17462.8 6.288 6.228
17460.1 6.288 6.228
17460.0 6.289 6.229
17455.3 6.293 6.233
17451.6 6.312 6.252
17451.1 6.313 6.253
17451.0 6.326 6.266
17435.9 6.473 6.412
17435.6 6.475 6.413
17435.2 6.476 6.414
17375.5 6.486 6.424
17374.0 6.486 6.424
17372.2 6.531 6.469
17371.5 6.532 6.470
17371.0 6.584 6.521
17367.8 6.585 6.522
17362.0 6.587 6.524
17352.1 6.588 6.525
17352.0 6.614 6.551
17347.9 6.615 6.552
17347.4 6.635 6.572
17346.4 6.721 6.657
17344.4 6.847 6.782
17343.7 7.090 7.023
17332.5 7.104 7.037
17331.0 7.105 7.038
17328.9 7.143 7.075
17309.2 7.149 7.081
17298.5 7.373 7.303
17297.6 7.376 7.306
17296.5 7.378 7.308
17295.7 7.378 7.308
17292.9 7.379 7.309
17291.9 7.380 7.310
17283.5 7.432 7.361
17276.0 7.452 7.381
17243.0 7.465 7.394
17240.9 7.529 7.457
17237.9 7.530 7.458
17237.0 7.531 7.459
17231.7 7.532 7.460
17231.5 7.533 7.461
17224.4 7.533 7.461
17212.4 7.534 7.462
17212.3 7.769 7.695
17210.9 7.901 7.826
17207.1 7.902 7.827
17206.9 8.034 7.958
17205.5 8.035 7.959
17204.8 8.035 7.959
17200.0 8.063 7.986
17196.1 8.064 7.987
17195.0 8.064 7.987
17192.5 8.065 7.988
17191.9 8.066 7.989
17191.5 8.091 8.014
17161.7 8.121 8.044
17160.3 8.122 8.045
17133.8 8.123 8.046
17129.0 8.124 8.047
17128.6 8.125 8.048
17127.7 8.126 8.049
17126.9 8.185 8.107
17125.9 8.198 8.120
17105.7 8.216 8.138
17103.3 8.284 8.205
17103.0 8.285 8.206
17100.3 8.286 8.207
17100.2 8.417 8.337
17099.8 8.438 8.358
17099.7 8.465 8.385
17094.7 8.467 8.387
17092.7 8.520 8.439
17087.8 8.524 8.443
17086.5 8.531 8.450
17086.4 8.532 8.451
17083.5 8.533 8.452
17083.1 8.604 8.522
17080.2 8.605 8.523
17079.9 8.606 8.524
17071.9 8.623 8.541
17071.2 8.628 8.546
17069.9 8.628 8.546
17068.8 8.939 8.854
17066.6 9.316 9.227
17065.2 9.718 9.626
17064.9 10.577 10.477
17064.7 10.578 10.478
17062.4 10.730 10.628
17058.8 10.731 10.629
17058.7 10.787 10.685
17058.4 11.269 11.162
16974.8 11.388 11.280
16947.8 11.389 11.281
16924.5 11.390 11.282
16923.5 11.513 11.404
16876.0 11.660 11.549
16863.2 11.661 11.550
16863.1 11.662 11.551
16852.8 11.825 11.713
16852.0 12.032 11.918
16850.0 12.162 12.046
16849.7 12.255 12.139
16849.2 12.256 12.140
16839.9 12.453 12.335
16839.8 12.593 12.473
16838.8 13.695 13.565
16838.1 13.697 13.567
16835.7 14.016 13.883
16831.4 14.672 14.533
16831.3 14.843 14.702
16826.6 15.003 14.860
16824.6 15.063 14.920
16823.9 15.064 14.921
16823.8 15.793 15.643
16823.4 15.794 15.644
16821.8 16.112 15.959
16821.0 16.196 16.042
16819.0 35.836 35.496
16817.4 35.914 35.573
16816.3 35.915 35.574
16815.2 36.034 35.692
16814.3 36.034 35.692
16814.2 36.035 35.693
16796.2 36.080 35.737
16795.5 36.382 36.036
16795.0 37.413 37.058
16794.9 37.414 37.059
16794.4 38.331 37.967
16787.7 38.383 38.018
16786.3 38.384 38.019
16785.5 39.344 38.970
16784.9 39.403 39.029
16784.7 39.808 39.430
16782.9 96.309 95.394
16762.4 96.310 95.395
16712.9 96.311 95.396
16712.8 96.312 95.397
16709.5 96.520 95.603
16709.0 96.526 95.609
16698.3 96.527 95.610
16692.0 96.533 95.616
16684.5 96.534 95.617
16682.4 96.535 95.618
16681.0 96.724 95.805
16679.5 96.726 95.807
16666.6 96.728 95.809
16654.7 96.744 95.825
16649.7 96.744 95.825
16637.5 96.822 95.902
16634.2 96.852 95.932
16628.6 96.855 95.935
16628.3 96.856 95.936
16626.9 96.883 95.963
16624.4 96.957 96.036
16624.1 96.958 96.037
16617.3 97.029 96.107
16615.2 97.047 96.125
16613.6 97.129 96.206
16613.5 97.252 96.328
16612.2 97.253 96.329
16611.7 97.310 96.386
16611.2 97.356 96.431
16610.5 97.368 96.443
16610.4 97.400 96.475
16610.1 97.401 96.476
16609.5 97.404 96.479
16609.4 97.539 96.612
16609.1 97.540 96.613
16607.5 97.541 96.614
16607.4 97.900 96.970
16607.3 97.904 96.974
16607.1 97.905 96.975
16607.0 97.979 97.048
16606.9 98.008 97.077
16606.8 98.068 97.136
16606.7 98.082 97.150
16604.7 98.672 97.735
16574.6 98.824 97.885
16566.6 98.824 97.885
16566.3 98.825 97.886
16565.5 98.825 97.886
16563.9 98.826 97.887
16563.1 98.835 97.896
16561.5 98.836 97.897
16559.7 98.836 97.897
16554.6 98.893 97.954
16552.3 98.893 97.954
16548.1 98.902 97.962
16546.8 98.981 98.041
16544.8 99.052 98.111
16540.2 118.803 117.674
16539.8 118.835 117.706
16532.9 118.870 117.741
16526.8 118.872 117.743
16525.8 118.876 117.747
16525.4 118.877 117.748
16516.1 130.937 129.693
16514.6 130.937 129.693
16514.4 130.938 129.694
16512.9 130.939 129.695
16512.1 130.940 129.696
16503.2 131.363 130.115
16502.9 131.364 130.116
16497.9 131.470 130.221
16494.0 131.750 130.498
16493.7 131.752 130.500
16493.3 131.912 130.659
16489.3 131.919 130.666
16489.0 131.919 130.666
16487.0 132.560 131.301
16485.2 132.782 131.521
16484.3 132.884 131.622
16484.2 133.131 131.866
16483.5 133.279 132.013
16482.7 133.280 132.014
16482.5 133.280 132.014
16481.0 133.281 132.015
16480.6 133.281 132.015
16480.2 133.282 132.016
16479.0 133.798 132.527
16478.5 133.800 132.529
16478.4 134.040 132.767
16478.3 134.131 132.857
16477.3 134.188 132.913
16476.9 134.226 132.951
16476.6 135.917 134.626
16473.6 138.496 137.180
16473.4 138.510 137.194
16472.4 139.053 137.732
16468.4 139.465 138.140
16467.3 193.083 191.249
16466.9 193.105 191.271
16465.8 193.675 191.835
16464.5 201.408 199.495
16464.4 201.489 199.575
16462.6 1374.436 1361.379
Primal Integral: 0.0395633689
