12th DIMACS Implementation Challenge: Vehicle Routing
VRPTW track
Controller version: December 13, 2021
Competitor: HustSmart
Ubuntu 21.04
Intel(R) Xeon(R) CPU E5-2698 v3 @ 2.30GHz
hostid: 10916887366929678835
PassMark Single Thread Benchmark: 1981
Time factor: 0.99 (baseline 2000)
Instance: C1_2_2
Standardized Time limit: 1800 secs
Local Machine Time Limit: 1817 secs
Base solution: 2963.730
BKS: 2694.3
Optimal: 1
Mon 31 Jan 2022 08:03:28 PM CST
timestamp: 1643630608
Solution value, local machine time, standardized time
2957.2 0.065 0.064
2949.2 0.066 0.065
2942.9 0.066 0.065
2939.5 0.066 0.065
2874.7 0.066 0.065
2864.3 0.067 0.066
2863.1 0.067 0.066
2816.3 0.068 0.067
2806.4 0.094 0.093
2803.7 0.095 0.094
2785.3 0.098 0.097
2782.3 0.102 0.101
2780.9 0.102 0.101
2779.2 0.103 0.102
2728.7 0.103 0.102
2727.8 0.105 0.104
2698.8 0.109 0.108
2698.4 0.109 0.108
2694.9 0.113 0.112
2694.3 0.130 0.129
Primal Integral: 0.0004566826
