12th DIMACS Implementation Challenge: Vehicle Routing
VRPTW track
Controller version: December 13, 2021
Competitor: HustSmart
Ubuntu 21.04
Intel(R) Xeon(R) CPU E5-2698 v3 @ 2.30GHz
hostid: 10916887366929678835
PassMark Single Thread Benchmark: 1981
Time factor: 0.99 (baseline 2000)
Instance: C205
Standardized Time limit: 1800 secs
Local Machine Time Limit: 1817 secs
Base solution: 645.040
BKS: 586.4
Optimal: 1
Mon 31 Jan 2022 08:15:12 PM CST
timestamp: 1643631312
Solution value, local machine time, standardized time
635.2 0.012 0.012
635.0 0.012 0.012
632.8 0.012 0.012
628.8 0.012 0.012
622.2 0.012 0.012
618.2 0.013 0.013
594.1 0.029 0.029
591.9 0.029 0.029
589.1 0.029 0.029
586.4 0.030 0.030
Primal Integral: 0.0001185179
