12th DIMACS Implementation Challenge: Vehicle Routing
VRPTW track
Controller version: December 13, 2021
Competitor: HustSmart
Ubuntu 20.04.3 LTS
Intel(R) Core(TM) i5-4690 CPU @ 3.50GHz
hostid: 4179100773924013267
PassMark Single Thread Benchmark: 2204
Time factor: 1.10 (baseline 2000)
Instance: C1_2_8
Standardized Time limit: 1800 secs
Local Machine Time Limit: 1633 secs
Base solution: 2952.400
BKS: 2684.0
Optimal: 1
Wed 09 Feb 2022 03:01:30 PM EST
timestamp: 1644436890
Solution value, local machine time, standardized time
2948.3 0.024 0.026
2815.4 0.027 0.030
2814.4 0.028 0.031
2754.3 0.029 0.032
2743.2 0.030 0.033
2737.4 0.031 0.034
2732.3 0.053 0.058
2731.6 0.063 0.069
2729.6 0.067 0.074
2685.5 0.070 0.077
2685.2 0.079 0.087
2685.0 0.154 0.170
2684.0 0.278 0.306
Primal Integral: 0.0002248965
