12th DIMACS Implementation Challenge: Vehicle Routing
VRPTW track
Controller version: December 13, 2021
Competitor: HustSmart
Ubuntu 20.04.3 LTS
Intel(R) Core(TM) i5-4690 CPU @ 3.50GHz
hostid: 4179100773924013267
PassMark Single Thread Benchmark: 2204
Time factor: 1.10 (baseline 2000)
Instance: C1_4_5
Standardized Time limit: 3600 secs
Local Machine Time Limit: 3267 secs
Base solution: 7852.680
BKS: 7138.8
Optimal: 1
Wed 09 Feb 2022 11:00:21 PM EST
timestamp: 1644465621
Solution value, local machine time, standardized time
7770.2 0.028 0.031
7717.4 0.029 0.032
7600.0 0.032 0.035
7396.7 0.033 0.036
7215.0 0.035 0.039
7169.8 0.036 0.040
7141.5 0.042 0.046
7139.5 0.045 0.050
7138.8 0.061 0.067
Primal Integral: 0.0001012358
