12th DIMACS Implementation Challenge: Vehicle Routing
VRPTW track
Controller version: December 13, 2021
Competitor: HustSmart
Ubuntu 20.04.3 LTS
Intel(R) Core(TM) i5-4690 CPU @ 3.50GHz
hostid: 4179100773924013267
PassMark Single Thread Benchmark: 2204
Time factor: 1.10 (baseline 2000)
Instance: R105
Standardized Time limit: 1800 secs
Local Machine Time Limit: 1633 secs
Base solution: 1490.830
BKS: 1355.3
Optimal: 1
Wed 09 Feb 2022 02:06:23 PM EST
timestamp: 1644433583
Solution value, local machine time, standardized time
1440.6 0.006 0.007
1430.0 0.007 0.008
1420.0 0.009 0.010
1411.4 0.010 0.011
1402.7 0.011 0.012
1398.6 0.012 0.013
1397.5 0.014 0.015
1396.2 0.015 0.017
1391.7 0.018 0.020
1377.7 0.020 0.022
1368.9 0.021 0.023
1367.3 0.022 0.024
1366.2 0.312 0.344
1364.0 0.321 0.354
1356.2 0.324 0.357
1355.8 0.369 0.407
1355.3 3.310 3.648
Primal Integral: 0.0003031190
