12th DIMACS Implementation Challenge: Vehicle Routing
VRPTW track
Controller version: December 13, 2021
Competitor: HustSmart
Ubuntu 20.04.3 LTS
Intel(R) Core(TM) i5-4690 CPU @ 3.50GHz
hostid: 4179100773924013267
PassMark Single Thread Benchmark: 2204
Time factor: 1.10 (baseline 2000)
Instance: R102
Standardized Time limit: 1800 secs
Local Machine Time Limit: 1633 secs
Base solution: 1613.260
BKS: 1466.6
Optimal: 1
Wed 09 Feb 2022 02:04:19 PM EST
timestamp: 1644433459
Solution value, local machine time, standardized time
1590.7 0.005 0.006
1588.7 0.006 0.007
1543.1 0.007 0.008
1531.9 0.008 0.009
1529.2 0.010 0.011
1504.3 0.011 0.012
1491.1 0.012 0.013
1489.9 0.015 0.017
1489.6 0.016 0.018
1482.0 0.017 0.019
1481.8 0.030 0.033
1481.2 0.039 0.043
1480.8 0.041 0.045
1480.5 0.115 0.127
1479.6 0.117 0.129
1479.3 0.130 0.143
1478.1 0.380 0.419
1477.0 0.386 0.425
1475.8 0.387 0.426
1467.8 0.393 0.433
1467.1 0.597 0.658
1466.6 0.614 0.677
Primal Integral: 0.0002756701
