12th DIMACS Implementation Challenge: Vehicle Routing
VRPTW track
Controller version: December 13, 2021
Competitor: HustSmart
Ubuntu 20.04.3 LTS
Intel(R) Core(TM) i5-4690 CPU @ 3.50GHz
hostid: 4179100773924013267
PassMark Single Thread Benchmark: 2204
Time factor: 1.10 (baseline 2000)
Instance: C2_2_5
Standardized Time limit: 1800 secs
Local Machine Time Limit: 1633 secs
Base solution: 2056.560
BKS: 1869.6
Optimal: 1
Wed 09 Feb 2022 03:29:10 PM EST
timestamp: 1644438550
Solution value, local machine time, standardized time
1987.9 0.023 0.025
1966.9 0.024 0.026
1952.0 0.025 0.028
1922.9 0.026 0.029
1910.5 0.033 0.036
1908.7 0.035 0.039
1908.6 0.042 0.046
1901.2 0.052 0.057
1894.3 0.060 0.066
1892.0 0.065 0.072
1889.9 0.066 0.073
1889.2 0.071 0.078
1887.7 0.097 0.107
1887.3 0.108 0.119
1886.7 0.114 0.126
1877.1 0.261 0.288
1875.8 0.285 0.314
1875.5 0.359 0.396
1874.9 0.610 0.672
1874.0 0.651 0.717
1872.9 0.661 0.728
1872.3 0.685 0.755
1869.9 1.132 1.247
1869.6 119.149 131.302
Primal Integral: 0.0015914486
