12th DIMACS Implementation Challenge: Vehicle Routing
VRPTW track
Controller version: December 13, 2021
Competitor: HustSmart
Ubuntu 20.04.3 LTS
Intel(R) Core(TM) i5-4690 CPU @ 3.50GHz
hostid: 4179100773924013267
PassMark Single Thread Benchmark: 2204
Time factor: 1.10 (baseline 2000)
Instance: R201
Standardized Time limit: 1800 secs
Local Machine Time Limit: 1633 secs
Base solution: 1257.520
BKS: 1143.2
Optimal: 1
Wed 09 Feb 2022 02:42:36 PM EST
timestamp: 1644435756
Solution value, local machine time, standardized time
1246.3 0.007 0.008
1233.5 0.008 0.009
1222.7 0.010 0.011
1219.7 0.011 0.012
1219.0 0.017 0.019
1207.2 0.018 0.020
1205.8 0.019 0.021
1197.4 0.024 0.026
1196.9 0.025 0.028
1191.7 0.030 0.033
1190.8 0.031 0.034
1185.0 0.044 0.048
1180.0 0.051 0.056
1179.6 0.076 0.084
1178.2 0.087 0.096
1177.1 0.091 0.100
1170.9 0.117 0.129
1170.6 0.213 0.235
1167.0 0.219 0.241
1166.4 0.244 0.269
1165.8 0.740 0.815
1165.6 0.745 0.821
1160.2 0.752 0.829
1156.9 0.755 0.832
1155.8 0.758 0.835
1150.6 0.948 1.045
1148.8 1.023 1.127
1148.5 5.097 5.617
1147.8 7.671 8.453
1147.2 7.716 8.503
1143.5 8.926 9.836
1143.2 12.762 14.064
Primal Integral: 0.0035660942
