12th DIMACS Implementation Challenge: Vehicle Routing
VRPTW track
Controller version: December 13, 2021
Competitor: HustSmart
Ubuntu 20.04.3 LTS
Intel(R) Core(TM) i5-4690 CPU @ 3.50GHz
hostid: 4179100773924013267
PassMark Single Thread Benchmark: 2204
Time factor: 1.10 (baseline 2000)
Instance: RC208
Standardized Time limit: 1800 secs
Local Machine Time Limit: 1633 secs
Base solution: 853.710
BKS: 776.1
Optimal: 1
Wed 09 Feb 2022 02:56:43 PM EST
timestamp: 1644436603
Solution value, local machine time, standardized time
841.6 0.008 0.009
827.3 0.009 0.010
827.2 0.021 0.023
818.5 0.022 0.024
803.0 0.025 0.028
798.8 0.030 0.033
798.0 0.031 0.034
796.9 0.156 0.172
796.8 0.311 0.343
792.0 0.312 0.344
791.5 0.322 0.355
788.5 0.323 0.356
784.7 0.331 0.365
784.4 3.911 4.310
782.1 3.917 4.317
781.2 7.481 8.244
779.6 7.539 8.308
779.3 13.759 15.162
779.1 13.809 15.218
778.2 13.954 15.377
777.3 14.072 15.507
776.8 14.939 16.463
776.1 16.091 17.732
Primal Integral: 0.0066956070
