12th DIMACS Implementation Challenge: Vehicle Routing
VRPTW track
Controller version: December 13, 2021
Competitor: HustSmart
Ubuntu 20.04.3 LTS
Intel(R) Core(TM) i5-4690 CPU @ 3.50GHz
hostid: 4179100773924013267
PassMark Single Thread Benchmark: 2204
Time factor: 1.10 (baseline 2000)
Instance: RC1_2_2
Standardized Time limit: 1800 secs
Local Machine Time Limit: 1633 secs
Base solution: 3543.760
BKS: 3221.6
Optimal: 1
Wed 09 Feb 2022 07:50:20 PM EST
timestamp: 1644454220
Solution value, local machine time, standardized time
3517.9 0.022 0.024
3500.3 0.023 0.025
3486.8 0.027 0.030
3474.2 0.040 0.044
3452.9 0.045 0.050
3433.7 0.050 0.055
3420.9 0.052 0.057
3418.5 0.055 0.061
3408.4 0.072 0.079
3408.1 0.084 0.093
3400.9 0.088 0.097
3392.0 0.089 0.098
3380.9 0.090 0.099
3377.9 0.098 0.108
3376.8 0.102 0.112
3376.1 0.111 0.122
3375.1 0.117 0.129
3371.9 0.121 0.133
3371.1 0.123 0.136
3370.7 0.133 0.147
3364.7 0.135 0.149
3354.4 0.143 0.158
3353.9 0.150 0.165
3325.4 0.151 0.166
3325.0 0.169 0.186
3322.2 0.179 0.197
3311.2 0.180 0.198
3310.1 0.182 0.201
3309.4 0.215 0.237
3304.6 0.224 0.247
3303.6 0.246 0.271
3302.4 0.248 0.273
3301.3 0.256 0.282
3301.2 0.258 0.284
3291.8 0.271 0.299
3291.4 0.287 0.316
3290.6 0.297 0.327
3288.8 0.325 0.358
3287.7 0.339 0.374
3285.1 0.343 0.378
3284.4 0.369 0.407
3282.1 0.400 0.441
3276.5 0.529 0.583
3273.8 0.660 0.727
3272.4 0.752 0.829
3272.3 0.765 0.843
3270.0 2.747 3.027
3268.4 2.988 3.293
3268.0 2.997 3.303
3266.2 3.023 3.331
3265.6 3.097 3.413
3265.2 3.159 3.481
3264.9 3.168 3.491
3263.8 3.178 3.502
3263.6 3.196 3.522
3263.1 3.314 3.652
3258.1 7.549 8.319
3255.7 8.910 9.819
3254.8 9.184 10.121
3253.7 10.063 11.089
3251.5 10.357 11.413
3249.6 10.397 11.457
3248.0 10.596 11.677
3247.5 11.630 12.816
3245.1 11.771 12.972
3244.6 13.286 14.641
3241.0 15.819 17.433
3237.2 15.835 17.450
3237.1 15.901 17.523
3236.3 15.916 17.539
3235.2 15.920 17.544
3234.9 35.370 38.978
3232.9 35.386 38.995
3231.7 36.500 40.223
3231.4 36.775 40.526
3226.9 44.342 48.865
3221.6 45.061 49.657
Primal Integral: 0.0182805255
