12th DIMACS Implementation Challenge: Vehicle Routing
VRPTW track
Controller version: December 13, 2021
Competitor: HustSmart
Ubuntu 20.04.3 LTS
Intel(R) Core(TM) i5-4690 CPU @ 3.50GHz
hostid: 4179100773924013267
PassMark Single Thread Benchmark: 2204
Time factor: 1.10 (baseline 2000)
Instance: R207
Standardized Time limit: 1800 secs
Local Machine Time Limit: 1633 secs
Base solution: 873.400
BKS: 794.0
Optimal: 1
Wed 09 Feb 2022 02:44:22 PM EST
timestamp: 1644435862
Solution value, local machine time, standardized time
843.3 0.009 0.010
843.1 0.010 0.011
840.0 0.011 0.012
834.9 0.027 0.030
832.7 0.029 0.032
819.4 0.033 0.036
819.3 0.035 0.039
818.8 0.040 0.044
817.8 0.041 0.045
816.6 0.061 0.067
815.5 0.064 0.071
815.1 0.066 0.073
812.8 0.074 0.082
811.5 0.076 0.084
810.6 0.166 0.183
808.7 0.334 0.368
805.8 0.338 0.372
805.4 0.345 0.380
805.3 0.370 0.408
804.3 0.398 0.439
804.0 6.180 6.810
799.2 7.602 8.377
797.1 7.603 8.379
796.8 7.832 8.631
795.0 7.835 8.634
794.0 7.856 8.657
Primal Integral: 0.0063538693
