12th DIMACS Implementation Challenge: Vehicle Routing
VRPTW track
Controller version: December 13, 2021
Competitor: HustSmart
Ubuntu 21.04
Intel(R) Xeon(R) CPU E5-2698 v3 @ 2.30GHz
hostid: 10916887366929678835
PassMark Single Thread Benchmark: 1981
Time factor: 0.99 (baseline 2000)
Instance: RC105
Standardized Time limit: 1800 secs
Local Machine Time Limit: 1817 secs
Base solution: 1665.070
BKS: 1513.7
Optimal: 1
Fri 11 Feb 2022 12:00:41 PM CST
timestamp: 1644552041
Solution value, local machine time, standardized time
1641.7 0.030 0.030
1633.6 0.031 0.031
1628.9 0.033 0.033
1616.2 0.036 0.036
1599.8 0.038 0.038
1595.1 0.045 0.045
1591.9 0.091 0.090
1577.5 0.097 0.096
1576.1 0.112 0.111
1572.2 0.279 0.276
1570.0 0.282 0.279
1568.4 0.285 0.282
1566.9 0.297 0.294
1566.8 0.298 0.295
1557.9 0.315 0.312
1550.5 0.339 0.336
1549.8 0.340 0.337
1526.9 0.386 0.382
1525.6 0.471 0.467
1523.2 0.474 0.469
1522.9 0.487 0.482
1517.8 0.501 0.496
1517.4 0.747 0.740
1513.7 0.748 0.741
Primal Integral: 0.0010470444
