12th DIMACS Implementation Challenge: Vehicle Routing
VRPTW track
Controller version: December 13, 2021
Competitor: HustSmart
Ubuntu 21.04
Intel(R) Xeon(R) CPU E5-2698 v3 @ 2.30GHz
hostid: 10916887366929678835
PassMark Single Thread Benchmark: 1981
Time factor: 0.99 (baseline 2000)
Instance: R2_2_7
Standardized Time limit: 1800 secs
Local Machine Time Limit: 1817 secs
Base solution: 2535.170
BKS: 2304.7
Optimal: 1
Fri 11 Feb 2022 11:31:52 AM CST
timestamp: 1644550312
Solution value, local machine time, standardized time
2532.8 0.069 0.068
2530.6 0.073 0.072
2528.2 0.087 0.086
2528.0 0.088 0.087
2525.7 0.091 0.090
2523.7 0.094 0.093
2521.2 0.095 0.094
2520.2 0.098 0.097
2503.5 0.104 0.103
2500.6 0.109 0.108
2491.1 0.110 0.109
2488.6 0.121 0.120
2487.9 0.124 0.123
2487.2 0.128 0.127
2486.2 0.131 0.130
2484.3 0.197 0.195
2480.9 0.199 0.197
2478.7 0.220 0.218
2460.9 0.225 0.223
2452.2 0.231 0.229
2450.1 0.239 0.237
2432.8 0.264 0.261
2429.2 0.277 0.274
2415.3 0.280 0.277
2412.9 0.328 0.325
2412.8 0.339 0.336
2411.4 0.352 0.349
2399.7 0.535 0.530
2382.4 1.061 1.051
2380.6 1.063 1.053
2360.8 1.069 1.059
2348.6 1.103 1.093
2344.6 1.104 1.094
2323.6 1.108 1.097
2322.9 1.109 1.098
2319.2 1.110 1.099
2316.6 1.112 1.101
2314.6 1.113 1.102
2314.4 1.118 1.107
2313.4 1.120 1.109
2307.7 1.122 1.111
2306.9 1.129 1.118
2305.1 1.135 1.124
2304.7 1.182 1.171
Primal Integral: 0.0031944567
