12th DIMACS Implementation Challenge: Vehicle Routing
VRPTW track
Controller version: December 13, 2021
Competitor: HustSmart
Ubuntu 21.04
Intel(R) Xeon(R) CPU E5-2698 v3 @ 2.30GHz
hostid: 10916887366929678835
PassMark Single Thread Benchmark: 1981
Time factor: 0.99 (baseline 2000)
Instance: C202
Standardized Time limit: 1800 secs
Local Machine Time Limit: 1817 secs
Base solution: 648.010
BKS: 589.1
Optimal: 1
Fri 11 Feb 2022 12:11:53 PM CST
timestamp: 1644552713
Solution value, local machine time, standardized time
617.9 0.021 0.021
589.1 0.025 0.025
Primal Integral: 0.0001275307
