12th DIMACS Implementation Challenge: Vehicle Routing
VRPTW track
Controller version: December 13, 2021
Competitor: HustSmart
Ubuntu 21.04
Intel(R) Xeon(R) CPU E5-2698 v3 @ 2.30GHz
hostid: 10916887366929678835
PassMark Single Thread Benchmark: 1981
Time factor: 0.99 (baseline 2000)
Instance: R208
Standardized Time limit: 1800 secs
Local Machine Time Limit: 1817 secs
Base solution: 771.100
BKS: 701.0
Optimal: 1
Fri 11 Feb 2022 12:03:33 PM CST
timestamp: 1644552213
Solution value, local machine time, standardized time
766.2 0.020 0.020
762.7 0.024 0.024
761.4 0.037 0.037
761.2 0.040 0.040
758.8 0.043 0.043
756.9 0.047 0.047
743.2 0.051 0.051
740.8 0.052 0.052
740.2 0.054 0.053
738.6 0.064 0.063
731.1 0.147 0.146
728.0 0.160 0.158
726.7 0.166 0.164
723.4 0.203 0.201
723.3 0.788 0.781
722.0 0.795 0.787
721.3 0.852 0.844
721.1 0.861 0.853
715.7 0.921 0.912
712.9 1.514 1.500
712.6 1.519 1.505
712.2 1.527 1.512
712.1 1.603 1.588
711.2 6.213 6.154
706.8 6.320 6.260
706.6 7.925 7.850
706.4 8.263 8.185
705.3 8.276 8.197
703.7 8.278 8.199
703.6 9.032 8.946
703.3 9.073 8.987
703.0 9.074 8.988
702.1 9.157 9.070
701.2 9.328 9.239
701.0 9.784 9.691
Primal Integral: 0.0078600888
