12th DIMACS Implementation Challenge: Vehicle Routing
VRPTW track
Controller version: December 13, 2021
Competitor: HustSmart
Ubuntu 21.04
Intel(R) Xeon(R) CPU E5-2698 v3 @ 2.30GHz
hostid: 10916887366929678835
PassMark Single Thread Benchmark: 1981
Time factor: 0.99 (baseline 2000)
Instance: RC204
Standardized Time limit: 1800 secs
Local Machine Time Limit: 1817 secs
Base solution: 861.850
BKS: 783.5
Optimal: 1
Fri 11 Feb 2022 11:59:37 AM CST
timestamp: 1644551977
Solution value, local machine time, standardized time
859.4 0.036 0.036
855.3 0.037 0.037
848.4 0.039 0.039
848.2 0.042 0.042
841.4 0.044 0.044
840.5 0.045 0.045
839.8 0.048 0.048
827.1 0.061 0.060
826.1 0.064 0.063
823.7 0.065 0.064
822.7 0.071 0.070
813.9 0.078 0.077
806.6 0.085 0.084
803.3 0.106 0.105
800.9 0.191 0.189
800.4 0.211 0.209
797.6 0.628 0.622
784.4 0.630 0.624
783.5 0.935 0.926
Primal Integral: 0.0010598100
