12th DIMACS Implementation Challenge: Vehicle Routing
VRPTW track
Controller version: December 13, 2021
Competitor: HustSmart
Ubuntu 21.04
Intel(R) Xeon(R) CPU E5-2698 v3 @ 2.30GHz
hostid: 10916887366929678835
PassMark Single Thread Benchmark: 1981
Time factor: 0.99 (baseline 2000)
Instance: R110
Standardized Time limit: 1800 secs
Local Machine Time Limit: 1817 secs
Base solution: 1174.800
BKS: 1068.0
Optimal: 1
Fri 11 Feb 2022 12:10:54 PM CST
timestamp: 1644552654
Solution value, local machine time, standardized time
1150.4 0.029 0.029
1146.3 0.031 0.031
1136.7 0.033 0.033
1129.1 0.034 0.034
1125.7 0.043 0.043
1121.0 0.067 0.066
1109.6 0.072 0.071
1106.2 0.077 0.076
1098.5 0.142 0.141
1096.0 0.144 0.143
1090.9 0.380 0.376
1090.7 0.398 0.394
1088.9 0.474 0.469
1087.0 2.226 2.205
1084.6 2.239 2.218
1084.4 3.402 3.370
1082.3 3.404 3.372
1081.1 3.446 3.413
1080.8 3.465 3.432
1074.6 3.505 3.472
1074.2 4.011 3.973
1073.5 4.025 3.987
1070.8 4.027 3.989
1068.8 4.080 4.041
1068.0 4.081 4.042
Primal Integral: 0.0040367978
