12th DIMACS Implementation Challenge: Vehicle Routing
VRPTW track
Controller version: December 13, 2021
Competitor: HustSmart
Ubuntu 21.04
Intel(R) Xeon(R) CPU E5-2698 v3 @ 2.30GHz
hostid: 10916887366929678835
PassMark Single Thread Benchmark: 1981
Time factor: 0.99 (baseline 2000)
Instance: R106
Standardized Time limit: 1800 secs
Local Machine Time Limit: 1817 secs
Base solution: 1358.060
BKS: 1234.6
Optimal: 1
Fri 11 Feb 2022 12:11:28 PM CST
timestamp: 1644552688
Solution value, local machine time, standardized time
1348.6 0.020 0.020
1341.5 0.022 0.022
1340.3 0.023 0.023
1329.7 0.024 0.024
1320.7 0.025 0.025
1308.4 0.027 0.027
1291.3 0.028 0.028
1291.0 0.033 0.033
1287.1 0.034 0.034
1285.6 0.048 0.048
1285.0 0.050 0.050
1281.4 0.062 0.061
1277.3 0.067 0.066
1271.8 0.078 0.077
1267.9 0.084 0.083
1267.3 0.101 0.100
1264.3 0.108 0.107
1264.2 0.124 0.123
1263.7 0.150 0.149
1262.1 0.188 0.186
1261.7 0.191 0.189
1261.6 0.196 0.194
1260.4 0.201 0.199
1256.5 0.202 0.200
1253.2 0.216 0.214
1252.8 0.227 0.225
1250.1 0.248 0.246
1249.8 0.288 0.285
1249.4 0.429 0.425
1246.9 0.431 0.427
1246.2 0.460 0.456
1245.6 0.512 0.507
1244.1 1.971 1.952
1241.8 2.007 1.988
1241.6 2.052 2.033
1240.2 2.072 2.052
1238.9 2.106 2.086
1237.3 2.135 2.115
1237.2 2.146 2.126
1236.9 2.149 2.129
1235.8 2.504 2.480
1235.7 7.478 7.407
1234.6 9.863 9.769
Primal Integral: 0.0018167243
