12th DIMACS Implementation Challenge: Vehicle Routing
VRPTW track
Controller version: December 13, 2021
Competitor: HustSmart
Ubuntu 21.04
Intel(R) Xeon(R) CPU E5-2698 v3 @ 2.30GHz
hostid: 10916887366929678835
PassMark Single Thread Benchmark: 1981
Time factor: 0.99 (baseline 2000)
Instance: R2_2_8
Standardized Time limit: 1800 secs
Local Machine Time Limit: 1817 secs
Base solution: 2026.640
BKS: 1842.4
Optimal: 1
Fri 11 Feb 2022 11:30:59 AM CST
timestamp: 1644550259
Solution value, local machine time, standardized time
2025.1 0.068 0.067
1996.2 0.073 0.072
1980.4 0.074 0.073
1973.5 0.075 0.074
1961.4 0.086 0.085
1957.5 0.102 0.101
1955.6 0.104 0.103
1954.5 0.113 0.112
1952.8 0.132 0.131
1951.0 0.139 0.138
1930.6 0.143 0.142
1930.0 0.175 0.173
1929.0 0.177 0.175
1926.6 0.181 0.179
1924.8 0.195 0.193
1920.8 0.196 0.194
1917.3 0.221 0.219
1916.9 0.223 0.221
1915.1 0.556 0.551
1911.7 0.875 0.867
1905.6 0.915 0.906
1902.5 0.916 0.907
1902.3 0.920 0.911
1900.6 0.941 0.932
1900.2 0.944 0.935
1896.9 0.988 0.979
1882.5 1.041 1.031
1873.0 27.812 27.548
1871.9 29.623 29.342
1866.3 29.692 29.410
1864.6 30.244 29.957
1863.5 30.751 30.459
1863.4 31.001 30.706
1862.2 31.031 30.736
1858.8 31.415 31.117
1858.6 34.309 33.983
1848.4 34.524 34.196
1847.3 34.526 34.198
1845.2 34.527 34.199
1844.6 35.649 35.310
1842.6 41.705 41.309
1842.4 41.777 41.380
Primal Integral: 0.0395050110
