12th DIMACS Implementation Challenge: Vehicle Routing
VRPTW track
Controller version: December 13, 2021
Competitor: HustSmart
Ubuntu 21.04
Intel(R) Xeon(R) CPU E5-2698 v3 @ 2.30GHz
hostid: 10916887366929678835
PassMark Single Thread Benchmark: 1981
Time factor: 0.99 (baseline 2000)
Instance: R103
Standardized Time limit: 1800 secs
Local Machine Time Limit: 1817 secs
Base solution: 1329.570
BKS: 1208.7
Optimal: 1
Fri 11 Feb 2022 12:11:41 PM CST
timestamp: 1644552701
Solution value, local machine time, standardized time
1309.2 0.017 0.017
1288.6 0.019 0.019
1275.8 0.020 0.020
1267.6 0.023 0.023
1260.5 0.029 0.029
1256.7 0.030 0.030
1248.6 0.036 0.036
1244.4 0.039 0.039
1239.3 0.042 0.042
1239.0 0.047 0.047
1238.8 0.053 0.052
1238.6 0.065 0.064
1236.6 0.067 0.066
1235.5 0.073 0.072
1231.8 0.074 0.073
1227.1 0.077 0.076
1226.5 0.102 0.101
1223.1 0.115 0.114
1220.7 0.164 0.162
1220.0 0.190 0.188
1217.9 0.197 0.195
1217.1 0.199 0.197
1215.4 0.206 0.204
1214.9 0.210 0.208
1213.8 0.275 0.272
1208.7 1.100 1.090
Primal Integral: 0.0005006430
