12th DIMACS Implementation Challenge: Vehicle Routing
VRPTW track
Controller version: December 13, 2021
Competitor: HustSmart
Ubuntu 21.04
Intel(R) Xeon(R) CPU E5-2698 v3 @ 2.30GHz
hostid: 10916887366929678835
PassMark Single Thread Benchmark: 1981
Time factor: 0.99 (baseline 2000)
Instance: C2_2_8
Standardized Time limit: 1800 secs
Local Machine Time Limit: 1817 secs
Base solution: 1995.070
BKS: 1813.7
Optimal: 1
Fri 11 Feb 2022 11:55:35 AM CST
timestamp: 1644551735
Solution value, local machine time, standardized time
1982.7 0.044 0.044
1971.6 0.050 0.050
1950.0 0.053 0.052
1939.6 0.062 0.061
1920.6 0.063 0.062
1904.8 0.095 0.094
1904.7 0.096 0.095
1878.5 0.105 0.104
1866.9 0.126 0.125
1866.0 0.130 0.129
1865.4 0.131 0.130
1862.0 0.146 0.145
1856.9 0.150 0.149
1856.8 0.151 0.150
1853.5 0.157 0.156
1851.7 0.183 0.181
1851.1 0.208 0.206
1849.7 0.209 0.207
1847.9 0.260 0.258
1847.7 0.395 0.391
1846.3 1.141 1.130
1842.1 1.706 1.690
1841.6 1.718 1.702
1839.0 6.476 6.414
1835.2 6.789 6.725
1831.1 6.813 6.748
1830.2 7.295 7.226
1829.7 7.487 7.416
1827.5 7.966 7.890
1821.0 8.560 8.479
1820.5 8.615 8.533
1820.1 8.676 8.594
1818.3 8.819 8.735
1817.9 8.939 8.854
1816.9 41.842 41.445
1813.7 198.566 196.680
Primal Integral: 0.0267367744
