12th DIMACS Implementation Challenge: Vehicle Routing
VRPTW track
Controller version: December 13, 2021
Competitor: HustSmart
Ubuntu 21.04
Intel(R) Xeon(R) CPU E5-2698 v3 @ 2.30GHz
hostid: 10916887366929678835
PassMark Single Thread Benchmark: 1981
Time factor: 0.99 (baseline 2000)
Instance: C2_2_4
Standardized Time limit: 1800 secs
Local Machine Time Limit: 1817 secs
Base solution: 1864.500
BKS: 1695.0
Optimal: 0
Fri 11 Feb 2022 11:57:39 AM CST
timestamp: 1644551859
Solution value, local machine time, standardized time
1854.3 0.056 0.055
1848.3 0.057 0.056
1846.3 0.060 0.059
1841.5 0.062 0.061
1829.1 0.066 0.065
1815.3 0.068 0.067
1815.1 0.072 0.071
1810.5 0.074 0.073
1810.2 0.075 0.074
1807.7 0.101 0.100
1789.2 0.102 0.101
1778.9 0.103 0.102
1778.5 0.108 0.107
1777.6 0.288 0.285
1772.7 0.289 0.286
1749.6 0.298 0.295
1748.5 0.299 0.296
1746.9 0.328 0.325
1745.4 0.346 0.343
1744.2 0.348 0.345
1744.1 0.357 0.354
1742.9 0.358 0.355
1732.2 0.368 0.365
1730.4 0.372 0.368
1725.2 0.385 0.381
1723.7 0.411 0.407
1723.4 0.413 0.409
1723.1 0.470 0.466
1718.2 0.522 0.517
1716.4 0.630 0.624
1715.2 0.680 0.674
1714.7 0.687 0.680
1713.9 0.706 0.699
1712.4 0.716 0.709
1710.8 0.792 0.784
1710.4 1.995 1.976
1709.1 2.038 2.019
1707.5 2.039 2.020
1705.4 2.073 2.053
1705.2 2.075 2.055
1704.4 2.078 2.058
1704.3 27.917 27.652
1700.8 52.390 51.892
1697.5 64.561 63.948
1696.9 95.697 94.788
1696.5 109.590 108.549
1695.9 147.888 146.483
1695.0 153.249 151.793
Primal Integral: 0.0250954507
