12th DIMACS Implementation Challenge: Vehicle Routing
VRPTW track
Controller version: December 13, 2021
Competitor: HustSmart
Ubuntu 21.04
Intel(R) Xeon(R) CPU E5-2698 v3 @ 2.30GHz
hostid: 10916887366929678835
PassMark Single Thread Benchmark: 1981
Time factor: 0.99 (baseline 2000)
Instance: C203
Standardized Time limit: 1800 secs
Local Machine Time Limit: 1817 secs
Base solution: 647.570
BKS: 588.7
Optimal: 1
Thu 13 Jan 2022 12:24:37 AM CST
timestamp: 1642004677
Solution value, local machine time, standardized time
617.8 0.017 0.017
617.6 0.027 0.027
615.4 0.027 0.027
613.1 0.028 0.028
603.9 0.028 0.028
597.7 0.028 0.028
594.3 0.028 0.028
588.7 0.028 0.028
Primal Integral: 0.0001244258
