12th DIMACS Implementation Challenge: Vehicle Routing
VRPTW track
Controller version: December 13, 2021
Competitor: HustSmart
Ubuntu 21.04
Intel(R) Xeon(R) CPU E5-2698 v3 @ 2.30GHz
hostid: 10916887366929678835
PassMark Single Thread Benchmark: 1981
Time factor: 0.99 (baseline 2000)
Instance: R106
Standardized Time limit: 1800 secs
Local Machine Time Limit: 1817 secs
Base solution: 1358.060
BKS: 1234.6
Optimal: 1
Thu 13 Jan 2022 12:24:48 AM CST
timestamp: 1642004688
Solution value, local machine time, standardized time
1356.2 0.014 0.014
1355.8 0.014 0.014
1354.5 0.014 0.014
1354.2 0.014 0.014
1352.7 0.014 0.014
1351.3 0.015 0.015
1345.6 0.015 0.015
1341.1 0.016 0.016
1340.1 0.018 0.018
1338.9 0.018 0.018
1338.6 0.018 0.018
1330.4 0.018 0.018
1323.7 0.018 0.018
1322.1 0.018 0.018
1307.7 0.019 0.019
1306.7 0.019 0.019
1306.4 0.019 0.019
1302.0 0.022 0.022
1300.0 0.022 0.022
1299.4 0.022 0.022
1289.6 0.023 0.023
1289.3 0.023 0.023
1287.8 0.023 0.023
1282.3 0.023 0.023
1279.8 0.026 0.026
1277.3 0.027 0.027
1275.7 0.027 0.027
1275.2 0.029 0.029
1271.1 0.053 0.052
1271.0 0.053 0.052
1267.5 0.054 0.053
1267.2 0.055 0.054
1265.9 0.086 0.085
1264.0 0.087 0.086
1262.5 0.091 0.090
1257.9 0.091 0.090
1257.3 0.102 0.101
1254.5 0.107 0.106
1251.5 0.108 0.107
1250.6 0.118 0.117
1250.3 0.118 0.117
1249.5 0.118 0.117
1249.2 0.118 0.117
1245.7 0.457 0.453
1245.6 0.457 0.453
1245.1 0.458 0.454
1243.1 0.459 0.455
1240.6 0.459 0.455
1238.9 0.459 0.455
1237.8 0.490 0.485
1236.9 0.546 0.541
1235.7 0.677 0.671
1234.6 4.822 4.776
Primal Integral: 0.0007010746
