12th DIMACS Implementation Challenge: Vehicle Routing
VRPTW track
Controller version: December 13, 2021
Competitor: HustSmart
Ubuntu 21.04
Intel(R) Xeon(R) CPU E5-2698 v3 @ 2.30GHz
hostid: 10916887366929678835
PassMark Single Thread Benchmark: 1981
Time factor: 0.99 (baseline 2000)
Instance: C1_2_6
Standardized Time limit: 1800 secs
Local Machine Time Limit: 1817 secs
Base solution: 2964.390
BKS: 2694.9
Optimal: 1
Thu 13 Jan 2022 12:26:32 AM CST
timestamp: 1642004792
Solution value, local machine time, standardized time
2963.0 0.070 0.069
2910.4 0.076 0.075
2898.4 0.076 0.075
2897.4 0.077 0.076
2893.4 0.077 0.076
2883.3 0.077 0.076
2883.1 0.077 0.076
2877.8 0.078 0.077
2877.7 0.078 0.077
2874.8 0.078 0.077
2856.9 0.079 0.078
2848.5 0.079 0.078
2847.5 0.079 0.078
2844.7 0.080 0.079
2776.9 0.081 0.080
2745.7 0.082 0.081
2743.8 0.086 0.085
2740.9 0.088 0.087
2734.9 0.088 0.087
2734.0 0.088 0.087
2723.2 0.099 0.098
2697.7 0.101 0.100
2696.1 5.111 5.062
2694.9 5.208 5.159
Primal Integral: 0.0007412584
