12th DIMACS Implementation Challenge: Vehicle Routing
VRPTW track
Controller version: December 13, 2021
Competitor: HustSmart
Ubuntu 21.04
Intel(R) Xeon(R) CPU E5-2698 v3 @ 2.30GHz
hostid: 10916887366929678835
PassMark Single Thread Benchmark: 1981
Time factor: 0.99 (baseline 2000)
Instance: RC102
Standardized Time limit: 1800 secs
Local Machine Time Limit: 1817 secs
Base solution: 1603.140
BKS: 1457.4
Optimal: 1
Thu 13 Jan 2022 12:25:07 AM CST
timestamp: 1642004707
Solution value, local machine time, standardized time
1600.3 0.023 0.023
1598.5 0.024 0.024
1595.3 0.027 0.027
1592.6 0.030 0.030
1592.1 0.034 0.034
1592.0 0.037 0.037
1591.6 0.037 0.037
1588.1 0.049 0.049
1572.4 0.049 0.049
1572.3 0.049 0.049
1554.3 0.051 0.051
1552.9 0.051 0.051
1549.6 0.051 0.051
1541.7 0.053 0.052
1541.6 0.053 0.052
1539.6 0.053 0.052
1539.0 0.056 0.055
1531.2 0.057 0.056
1530.0 0.057 0.056
1515.2 0.058 0.057
1515.1 0.058 0.057
1514.6 0.060 0.059
1514.5 0.060 0.059
1514.3 0.061 0.060
1513.7 0.064 0.063
1509.9 0.096 0.095
1509.3 0.101 0.100
1505.7 0.102 0.101
1504.7 0.102 0.101
1504.5 0.129 0.128
1504.2 0.130 0.129
1503.6 0.142 0.141
1502.4 0.165 0.163
1501.8 0.169 0.167
1500.5 0.169 0.167
1494.8 0.169 0.167
1493.9 0.169 0.167
1493.7 0.169 0.167
1492.1 0.170 0.168
1492.0 0.170 0.168
1491.8 0.184 0.182
1490.5 0.201 0.199
1483.0 0.201 0.199
1482.6 0.205 0.203
1480.4 0.205 0.203
1478.5 0.205 0.203
1477.2 0.211 0.209
1476.7 0.221 0.219
1465.1 123.874 122.697
1460.8 123.874 122.697
1460.6 123.879 122.702
1457.4 123.910 122.733
Primal Integral: 0.0906723358
