12th DIMACS Implementation Challenge: Vehicle Routing
VRPTW track
Controller version: December 13, 2021
Competitor: HustSmart
Ubuntu 21.04
Intel(R) Xeon(R) CPU E5-2698 v3 @ 2.30GHz
hostid: 10916887366929678835
PassMark Single Thread Benchmark: 1981
Time factor: 0.99 (baseline 2000)
Instance: R1_6_7
Standardized Time limit: 3600 secs
Local Machine Time Limit: 3635 secs
Base solution: 18190.920
BKS: 16537.2
Optimal: 0
Thu 13 Jan 2022 04:27:24 AM CST
timestamp: 1642019244
Solution value, local machine time, standardized time
18190.7 1.689 1.673
18189.2 1.692 1.676
18188.4 1.709 1.693
18170.0 1.723 1.707
18169.5 1.724 1.708
18167.9 1.725 1.709
18166.6 1.725 1.709
18165.8 1.726 1.710
18164.5 1.751 1.734
18161.1 1.752 1.735
18160.9 1.752 1.735
18160.6 1.753 1.736
18155.4 1.754 1.737
18152.9 1.754 1.737
18151.7 1.758 1.741
18142.4 1.772 1.755
18139.5 1.773 1.756
18126.2 1.787 1.770
18121.3 1.787 1.770
18121.2 1.788 1.771
18120.9 1.789 1.772
18114.9 1.790 1.773
18114.0 1.791 1.774
18111.5 1.792 1.775
18109.5 1.793 1.776
18106.6 1.793 1.776
18096.1 1.794 1.777
18092.3 1.795 1.778
18085.5 1.795 1.778
18084.0 1.796 1.779
18082.3 1.797 1.780
18082.1 1.798 1.781
18081.9 1.798 1.781
18079.2 1.801 1.784
18067.4 1.801 1.784
18066.0 1.802 1.785
18065.2 1.803 1.786
18061.8 1.803 1.786
18056.0 1.804 1.787
18055.6 1.805 1.788
18052.7 1.806 1.789
18049.5 1.807 1.790
18042.7 1.807 1.790
18041.5 1.808 1.791
18039.6 1.809 1.792
18035.9 1.809 1.792
18035.6 1.810 1.793
18034.6 1.811 1.794
18033.0 1.839 1.822
18030.8 1.840 1.823
18029.1 1.841 1.824
18029.0 1.843 1.825
18028.8 1.849 1.831
18027.7 1.859 1.841
18016.0 1.861 1.843
18015.0 1.862 1.844
18004.5 1.863 1.845
18004.3 1.864 1.846
17999.1 1.864 1.846
17995.5 1.865 1.847
17986.6 1.866 1.848
17983.0 1.866 1.848
17981.1 1.867 1.849
17971.0 1.868 1.850
17968.4 1.869 1.851
17961.2 1.870 1.852
17960.2 1.875 1.857
17959.7 1.876 1.858
17958.5 1.877 1.859
17955.9 1.883 1.865
17949.5 1.892 1.874
17945.9 1.900 1.882
17944.0 1.931 1.913
17942.8 1.932 1.914
17941.5 1.932 1.914
17940.7 1.933 1.915
17938.4 1.934 1.916
17937.7 1.935 1.917
17936.8 1.935 1.917
17928.7 1.955 1.936
17928.2 1.956 1.937
17927.8 1.957 1.938
17927.6 1.958 1.939
17926.2 1.959 1.940
17925.3 1.960 1.941
17918.7 1.978 1.959
17915.3 1.979 1.960
17914.6 1.980 1.961
17901.2 1.997 1.978
17899.4 1.998 1.979
17893.7 1.999 1.980
17892.2 1.999 1.980
17891.8 2.000 1.981
17890.5 2.077 2.057
17886.7 2.078 2.058
17882.8 2.079 2.059
17881.8 2.080 2.060
17880.8 2.080 2.060
17876.8 2.081 2.061
17876.5 2.082 2.062
17873.4 2.098 2.078
17870.9 2.098 2.078
17868.6 2.099 2.079
17866.6 2.100 2.080
17864.4 2.108 2.088
17862.7 2.109 2.089
17861.9 2.142 2.122
17858.2 2.143 2.123
17857.9 2.144 2.124
17856.2 2.145 2.125
17855.9 2.145 2.125
17846.8 2.218 2.197
17846.7 2.219 2.198
17842.8 2.219 2.198
17840.6 2.220 2.199
17836.8 2.265 2.243
17819.5 2.266 2.244
17815.1 2.267 2.245
17814.7 2.268 2.246
17801.2 2.268 2.246
17801.0 2.269 2.247
17795.9 2.286 2.264
17794.8 2.287 2.265
17794.6 2.288 2.266
17791.2 2.288 2.266
17790.2 2.289 2.267
17788.3 2.299 2.277
17782.3 2.300 2.278
17782.1 2.301 2.279
17780.9 2.308 2.286
17780.8 2.309 2.287
17778.5 2.321 2.299
17768.3 2.368 2.346
17767.7 2.387 2.364
17759.1 2.387 2.364
17758.3 2.388 2.365
17757.2 2.389 2.366
17757.1 2.390 2.367
17733.3 2.405 2.382
17732.7 2.406 2.383
17723.2 2.406 2.383
17718.1 2.426 2.403
17716.2 2.427 2.404
17715.8 2.428 2.405
17715.0 2.439 2.416
17714.2 2.440 2.417
17712.2 2.441 2.418
17705.6 2.446 2.423
17704.3 2.447 2.424
17704.0 2.447 2.424
17703.6 2.448 2.425
17703.3 2.449 2.426
17699.9 2.450 2.427
17698.8 2.450 2.427
17697.9 2.451 2.428
17697.8 2.452 2.429
17691.4 2.453 2.430
17687.4 2.453 2.430
17687.1 2.454 2.431
17674.1 2.455 2.432
17673.9 2.478 2.454
17673.0 2.501 2.477
17665.9 2.512 2.488
17665.0 2.523 2.499
17657.3 2.524 2.500
17651.8 2.565 2.541
17651.7 2.574 2.550
17645.7 2.592 2.567
17644.5 2.609 2.584
17639.1 2.661 2.636
17639.0 2.662 2.637
17638.8 2.675 2.650
17632.7 2.691 2.665
17631.6 2.767 2.741
17630.9 2.773 2.747
17620.9 2.793 2.766
17607.0 2.794 2.767
17605.4 2.794 2.767
17582.6 2.808 2.781
17579.9 2.826 2.799
17571.2 2.837 2.810
17561.2 2.838 2.811
17560.9 2.844 2.817
17560.6 2.845 2.818
17560.4 2.845 2.818
17559.5 2.903 2.875
17558.5 2.904 2.876
17557.9 2.905 2.877
17555.3 2.905 2.877
17554.7 2.906 2.878
17551.8 2.947 2.919
17550.1 2.951 2.923
17550.0 2.951 2.923
17549.3 2.952 2.924
17548.9 2.953 2.925
17548.5 2.954 2.926
17547.3 2.958 2.930
17542.9 2.959 2.931
17542.5 2.960 2.932
17540.5 2.961 2.933
17540.0 2.962 2.934
17539.9 2.984 2.956
17533.0 2.987 2.959
17531.5 2.991 2.963
17531.4 2.996 2.968
17531.2 3.006 2.977
17531.1 3.007 2.978
17530.7 3.030 3.001
17527.1 3.031 3.002
17518.2 3.074 3.045
17517.0 3.075 3.046
17516.2 3.075 3.046
17516.0 3.076 3.047
17513.4 3.077 3.048
17513.2 3.078 3.049
17508.6 3.078 3.049
17500.8 3.155 3.125
17498.2 3.156 3.126
17490.1 3.157 3.127
17489.8 3.162 3.132
17485.6 3.181 3.151
17485.5 3.182 3.152
17484.7 3.206 3.176
17483.6 3.221 3.190
17482.3 3.247 3.216
17481.3 3.247 3.216
17479.5 3.300 3.269
17470.4 3.302 3.271
17469.1 3.302 3.271
17467.3 3.365 3.333
17465.4 3.365 3.333
17464.8 3.366 3.334
17464.7 3.367 3.335
17460.8 3.368 3.336
17459.8 3.368 3.336
17459.2 3.369 3.337
17453.5 3.389 3.357
17452.9 3.391 3.359
17452.2 3.517 3.484
17448.9 3.519 3.486
17448.4 3.519 3.486
17448.3 3.520 3.487
17440.4 3.634 3.599
17438.6 3.635 3.600
17436.9 3.635 3.600
17431.3 3.636 3.601
17431.1 3.637 3.602
17430.9 3.637 3.602
17429.6 3.638 3.603
17429.0 3.639 3.604
17428.1 3.640 3.605
17426.8 3.815 3.779
17425.9 3.816 3.780
17423.2 3.817 3.781
17415.3 3.895 3.858
17412.4 3.895 3.858
17412.0 3.896 3.859
17411.7 3.897 3.860
17406.9 3.897 3.860
17405.6 3.898 3.861
17405.2 3.899 3.862
17401.9 3.943 3.906
17398.3 4.097 4.058
17394.6 4.098 4.059
17392.7 4.098 4.059
17388.1 4.274 4.233
17387.6 4.325 4.284
17379.5 4.325 4.284
17375.6 4.326 4.285
17372.9 4.327 4.286
17372.2 4.335 4.294
17371.6 4.336 4.295
17371.0 4.533 4.490
17370.8 4.785 4.740
17369.1 4.952 4.905
17368.0 5.049 5.001
17367.9 5.050 5.002
17367.8 5.064 5.016
17367.4 5.107 5.058
17367.1 5.108 5.059
17365.0 5.121 5.072
17361.2 5.158 5.109
17358.9 5.213 5.163
17358.3 5.214 5.164
17358.2 5.215 5.165
17353.2 5.217 5.167
17352.3 5.218 5.168
17351.1 5.219 5.169
17350.7 5.221 5.171
17350.5 5.268 5.218
17350.3 5.330 5.279
17350.0 5.389 5.338
17347.4 5.450 5.398
17342.6 5.460 5.408
17341.4 5.627 5.574
17341.2 5.767 5.712
17340.1 5.823 5.768
17339.9 5.824 5.769
17336.3 5.825 5.770
17334.3 5.941 5.885
17331.9 6.019 5.962
17331.8 6.114 6.056
17325.6 6.287 6.227
17325.5 6.288 6.228
17325.4 6.313 6.253
17323.8 6.366 6.306
17322.8 6.441 6.380
17322.0 6.441 6.380
17321.4 6.442 6.381
17320.5 6.443 6.382
17318.9 6.443 6.382
17317.2 6.517 6.455
17314.7 6.725 6.661
17314.5 6.725 6.661
17308.4 6.803 6.738
17306.7 6.803 6.738
17304.8 6.807 6.742
17303.4 6.865 6.800
17299.7 7.624 7.552
17295.8 7.625 7.553
17295.7 7.639 7.566
17294.4 7.709 7.636
17293.9 7.728 7.655
17293.7 7.729 7.656
17293.6 7.749 7.675
17289.9 7.789 7.715
17287.9 7.790 7.716
17286.4 7.810 7.736
17286.1 7.816 7.742
17282.0 7.817 7.743
17281.3 7.817 7.743
17278.9 7.834 7.760
17275.5 7.855 7.780
17272.7 7.856 7.781
17270.8 7.857 7.782
17269.4 7.857 7.782
17269.3 7.926 7.851
17268.1 7.927 7.852
17264.1 8.027 7.951
17263.9 8.036 7.960
17258.1 8.089 8.012
17250.3 8.090 8.013
17249.9 8.123 8.046
17249.5 8.183 8.105
17249.0 8.205 8.127
17242.7 8.206 8.128
17237.0 8.207 8.129
17233.4 8.208 8.130
17232.0 8.308 8.229
17230.1 8.309 8.230
17228.5 8.309 8.230
17228.3 8.310 8.231
17226.3 8.311 8.232
17226.1 8.341 8.262
17225.8 8.341 8.262
17225.7 8.356 8.277
17224.6 8.653 8.571
17221.3 8.749 8.666
17221.1 8.749 8.666
17221.0 8.750 8.667
17219.7 8.763 8.680
17219.6 8.764 8.681
17218.5 8.776 8.693
17215.4 8.776 8.693
17215.1 8.802 8.718
17214.9 8.856 8.772
17214.5 8.858 8.774
17213.3 8.908 8.823
17212.1 8.954 8.869
17211.9 8.955 8.870
17210.3 9.440 9.350
17210.0 9.468 9.378
17208.1 9.469 9.379
17207.6 9.552 9.461
17205.1 9.582 9.491
17201.5 9.583 9.492
17199.5 9.638 9.546
17193.3 9.653 9.561
17191.0 9.654 9.562
17190.3 9.694 9.602
17189.6 9.818 9.725
17189.1 10.728 10.626
17185.9 10.729 10.627
17181.7 10.729 10.627
17181.3 10.730 10.628
17181.0 10.731 10.629
17178.3 10.821 10.718
17170.2 10.829 10.726
17165.2 10.830 10.727
17165.1 10.831 10.728
17156.6 10.955 10.851
17156.3 10.958 10.854
17156.0 11.175 11.069
17155.0 11.365 11.257
17153.0 11.369 11.261
17152.0 11.543 11.433
17151.0 11.577 11.467
17150.9 11.666 11.555
17150.7 11.667 11.556
17148.1 11.914 11.801
17144.8 11.914 11.801
17144.1 12.131 12.016
17143.5 12.132 12.017
17142.0 12.137 12.022
17141.2 12.261 12.145
17138.8 12.282 12.165
17137.4 12.319 12.202
17128.6 12.375 12.257
17123.6 12.405 12.287
17122.3 12.406 12.288
17121.9 12.406 12.288
17121.4 12.410 12.292
17120.0 12.526 12.407
17118.8 12.799 12.677
17117.5 12.821 12.699
17117.2 12.824 12.702
17115.7 12.901 12.778
17115.5 12.924 12.801
17115.3 12.954 12.831
17114.9 12.989 12.866
17114.7 12.997 12.874
17114.3 13.014 12.890
17114.0 13.050 12.926
17113.7 13.828 13.697
17113.4 13.829 13.698
17112.2 13.841 13.710
17108.6 13.872 13.740
17105.7 13.875 13.743
17104.7 13.934 13.802
17104.1 13.935 13.803
17103.4 14.231 14.096
17101.7 14.398 14.261
17101.3 14.436 14.299
17101.1 14.453 14.316
17100.8 14.558 14.420
17099.6 14.649 14.510
17099.5 15.077 14.934
17099.3 15.232 15.087
17098.8 15.233 15.088
17098.4 16.010 15.858
17098.1 16.246 16.092
17097.9 16.343 16.188
17097.5 17.445 17.279
17097.4 17.497 17.331
17096.3 17.532 17.365
17096.2 17.543 17.376
17095.5 17.860 17.690
17093.8 18.248 18.075
17093.0 18.248 18.075
17092.1 18.249 18.076
17091.1 18.250 18.077
17090.8 18.250 18.077
17089.3 18.251 18.078
17088.6 18.297 18.123
17088.5 18.335 18.161
17087.0 18.523 18.347
17084.8 18.622 18.445
17084.6 18.623 18.446
17084.5 18.646 18.469
17081.5 18.705 18.527
17078.8 18.806 18.627
17078.6 18.807 18.628
17078.4 18.849 18.670
17077.1 18.888 18.709
17077.0 18.892 18.713
17076.7 18.922 18.742
17076.5 18.923 18.743
17075.0 18.924 18.744
17074.2 18.936 18.756
17073.7 18.979 18.799
17073.4 18.980 18.800
17070.1 18.980 18.800
17069.8 18.981 18.801
17067.5 18.992 18.812
17066.5 18.993 18.813
17065.9 20.820 20.622
17061.9 21.438 21.234
17061.8 21.439 21.235
17060.2 21.496 21.292
17060.1 21.626 21.421
17059.9 21.899 21.691
17059.5 21.919 21.711
17057.5 22.537 22.323
17057.2 22.803 22.586
17056.6 22.866 22.649
17053.6 22.911 22.693
17052.7 22.930 22.712
17052.5 22.963 22.745
17049.5 23.049 22.830
17047.9 23.112 22.892
17027.8 23.465 23.242
17024.1 23.495 23.272
17022.3 23.677 23.452
17020.6 23.677 23.452
17019.7 23.678 23.453
17018.7 23.679 23.454
17018.4 23.680 23.455
17018.2 24.318 24.087
17016.4 24.333 24.102
17016.2 24.361 24.130
17016.1 26.057 25.809
17015.7 26.282 26.032
17015.5 114.778 113.688
16918.6 1265.248 1253.228
16918.2 1265.706 1253.682
16916.3 1266.665 1254.632
16915.8 1267.276 1255.237
16913.8 1267.530 1255.488
16913.6 1268.134 1256.087
16912.1 1268.753 1256.700
16910.2 1268.757 1256.704
16907.4 1270.283 1258.215
16907.0 1270.285 1258.217
16901.5 1270.725 1258.653
16900.7 1277.185 1265.052
16899.0 1278.788 1266.640
16898.3 1278.791 1266.642
16897.9 1278.792 1266.643
16893.6 1279.039 1266.888
16891.7 1279.040 1266.889
16891.1 1279.040 1266.889
16890.7 1283.338 1271.146
16885.8 1345.475 1332.693
16884.1 1345.476 1332.694
16882.8 1481.320 1467.247
16879.8 1481.321 1467.248
16804.0 2562.297 2537.955
16802.2 2562.298 2537.956
16801.4 2562.679 2538.334
16799.9 2562.680 2538.335
16799.6 2562.681 2538.336
16798.3 2562.959 2538.611
16798.0 2562.959 2538.611
16793.5 2564.916 2540.549
16793.4 2564.917 2540.550
16793.2 2566.531 2542.149
16792.0 2566.618 2542.235
16788.5 2566.620 2542.237
16787.9 2566.621 2542.238
16784.8 2568.339 2543.940
16784.6 2568.341 2543.942
16783.4 2572.498 2548.059
16783.3 2572.621 2548.181
16782.2 2572.628 2548.188
16781.2 2572.629 2548.189
16780.8 2572.630 2548.190
16780.5 2572.717 2548.276
16779.2 2572.718 2548.277
16778.2 2574.781 2550.321
16774.0 2576.084 2551.611
16773.9 2576.364 2551.889
16773.7 2576.555 2552.078
16768.6 2577.358 2552.873
16766.2 2577.359 2552.874
16764.5 2577.360 2552.875
16759.9 2579.017 2554.516
16741.3 2708.288 2682.559
16740.5 2708.288 2682.559
16740.3 2708.932 2683.197
16739.7 2708.932 2683.197
16736.0 2708.933 2683.198
16734.9 2708.934 2683.199
16733.8 2709.773 2684.030
16732.5 2710.484 2684.734
16732.3 2710.485 2684.735
16732.2 2710.486 2684.736
16731.1 2710.523 2684.773
16730.9 2710.524 2684.774
16729.0 2711.680 2685.919
16727.0 2711.681 2685.920
16726.3 2711.682 2685.921
16725.5 2711.683 2685.922
16724.5 2711.684 2685.923
16724.0 2711.684 2685.923
16723.7 2713.597 2687.818
16723.3 2713.598 2687.819
16721.6 2713.599 2687.820
16721.3 2713.600 2687.821
16721.1 2716.756 2690.947
16720.8 2717.899 2692.079
16719.1 2718.802 2692.973
16719.0 2718.803 2692.974
16718.9 2718.804 2692.975
16718.8 2718.804 2692.975
16717.9 2775.962 2749.590
Primal Integral: 2.0928498743
