12th DIMACS Implementation Challenge: Vehicle Routing
VRPTW track
Controller version: December 13, 2021
Competitor: HustSmart
Ubuntu 21.04
Intel(R) Xeon(R) CPU E5-2698 v3 @ 2.30GHz
hostid: 10916887366929678835
PassMark Single Thread Benchmark: 1981
Time factor: 0.99 (baseline 2000)
Instance: R204
Standardized Time limit: 1800 secs
Local Machine Time Limit: 1817 secs
Base solution: 804.430
BKS: 731.3
Optimal: 1
Thu 13 Jan 2022 12:24:58 AM CST
timestamp: 1642004698
Solution value, local machine time, standardized time
797.8 0.007 0.007
796.8 0.007 0.007
792.2 0.007 0.007
789.7 0.016 0.016
788.7 0.017 0.017
788.5 0.017 0.017
786.8 0.017 0.017
785.7 0.017 0.017
785.4 0.017 0.017
784.3 0.017 0.017
783.8 0.017 0.017
781.1 0.018 0.018
780.4 0.018 0.018
780.3 0.018 0.018
774.5 0.018 0.018
772.8 0.023 0.023
770.6 0.035 0.035
770.4 0.035 0.035
768.0 0.036 0.036
765.2 0.036 0.036
764.4 0.036 0.036
764.3 0.041 0.041
764.1 0.041 0.041
763.5 0.041 0.041
763.0 0.043 0.043
761.4 0.043 0.043
760.9 0.043 0.043
759.0 0.043 0.043
754.8 0.074 0.073
753.2 0.074 0.073
752.6 0.074 0.073
751.6 0.081 0.080
751.3 0.089 0.088
749.8 0.160 0.158
747.4 0.161 0.159
744.7 0.238 0.236
741.4 0.259 0.257
738.3 0.260 0.258
737.8 0.260 0.258
737.6 0.394 0.390
736.8 0.408 0.404
736.7 0.408 0.404
736.1 0.498 0.493
734.4 0.521 0.516
734.3 1.461 1.447
733.4 1.462 1.448
732.8 36.467 36.121
731.3 36.467 36.121
Primal Integral: 0.0063422604
