12th DIMACS Implementation Challenge: Vehicle Routing
VRPTW track
Controller version: December 13, 2021
Competitor: HustSmart
Ubuntu 21.04
Intel(R) Xeon(R) CPU E5-2698 v3 @ 2.30GHz
hostid: 10916887366929678835
PassMark Single Thread Benchmark: 1981
Time factor: 0.99 (baseline 2000)
Instance: R203
Standardized Time limit: 1800 secs
Local Machine Time Limit: 1817 secs
Base solution: 957.880
BKS: 870.8
Optimal: 1
Thu 13 Jan 2022 12:24:57 AM CST
timestamp: 1642004697
Solution value, local machine time, standardized time
954.9 0.005 0.005
951.5 0.005 0.005
949.9 0.005 0.005
949.8 0.005 0.005
947.6 0.005 0.005
942.6 0.006 0.006
942.0 0.006 0.006
941.9 0.006 0.006
940.4 0.006 0.006
938.8 0.006 0.006
937.2 0.006 0.006
933.0 0.006 0.006
932.9 0.006 0.006
931.5 0.007 0.007
929.6 0.007 0.007
929.5 0.007 0.007
928.9 0.014 0.014
925.5 0.014 0.014
924.0 0.014 0.014
922.2 0.014 0.014
921.2 0.015 0.015
917.3 0.015 0.015
916.9 0.018 0.018
915.5 0.019 0.019
915.4 0.019 0.019
913.7 0.019 0.019
913.3 0.019 0.019
913.0 0.019 0.019
912.6 0.019 0.019
911.3 0.019 0.019
909.8 0.023 0.023
909.5 0.023 0.023
908.9 0.025 0.025
908.4 0.028 0.028
904.3 0.035 0.035
901.0 0.036 0.036
899.4 0.037 0.037
896.1 0.038 0.038
893.5 0.110 0.109
890.6 0.110 0.109
889.8 0.110 0.109
889.3 0.110 0.109
889.0 0.115 0.114
887.5 0.118 0.117
885.2 0.118 0.117
883.9 0.142 0.141
882.8 0.162 0.160
881.9 0.168 0.166
879.6 0.187 0.185
878.4 0.256 0.254
878.0 0.257 0.255
877.1 10.843 10.740
870.8 39.521 39.146
Primal Integral: 0.0165758689
