12th DIMACS Implementation Challenge: Vehicle Routing
VRPTW track
Controller version: December 13, 2021
Competitor: HustSmart
Ubuntu 21.04
Intel(R) Xeon(R) CPU E5-2698 v3 @ 2.30GHz
hostid: 10916887366929678835
PassMark Single Thread Benchmark: 1981
Time factor: 0.99 (baseline 2000)
Instance: RC2_6_5
Standardized Time limit: 3600 secs
Local Machine Time Limit: 3635 secs
Base solution: 12190.750
BKS: 11082.5
Optimal: 0
Thu 13 Jan 2022 05:28:10 AM CST
timestamp: 1642022890
Solution value, local machine time, standardized time
12188.9 1.111 1.100
12187.7 1.112 1.101
12182.8 1.113 1.102
12182.4 1.113 1.102
12181.8 1.114 1.103
12175.2 1.117 1.106
12171.2 1.118 1.107
12170.4 1.119 1.108
12170.3 1.121 1.110
12168.4 1.121 1.110
12164.6 1.122 1.111
12164.1 1.123 1.112
12163.9 1.124 1.113
12163.1 1.125 1.114
12162.5 1.126 1.115
12160.0 1.126 1.115
12159.2 1.127 1.116
12155.9 1.128 1.117
12154.5 1.128 1.117
12154.3 1.129 1.118
12153.7 1.130 1.119
12152.9 1.130 1.119
12152.5 1.131 1.120
12152.3 1.132 1.121
12151.2 1.210 1.199
12150.7 1.210 1.199
12147.3 1.213 1.201
12147.0 1.214 1.202
12130.4 1.218 1.206
12127.2 1.218 1.206
12126.7 1.219 1.207
12125.7 1.219 1.207
12124.3 1.220 1.208
12103.2 1.221 1.209
12099.2 1.221 1.209
12085.2 1.222 1.210
12083.9 1.222 1.210
12083.4 1.223 1.211
12079.0 1.225 1.213
12078.5 1.225 1.213
12078.3 1.226 1.214
12077.4 1.227 1.215
12074.5 1.227 1.215
12074.0 1.228 1.216
12071.0 1.228 1.216
12069.7 1.229 1.217
12067.9 1.255 1.243
12067.2 1.255 1.243
12058.4 1.257 1.245
12058.0 1.259 1.247
12057.9 1.265 1.253
12029.0 1.298 1.286
12027.0 1.299 1.287
12022.4 1.299 1.287
12022.0 1.300 1.288
12021.2 1.330 1.317
12021.1 1.352 1.339
12018.9 1.355 1.342
12012.9 1.364 1.351
12008.4 1.459 1.445
12002.6 1.460 1.446
11998.2 1.460 1.446
11996.3 1.462 1.448
11990.2 1.464 1.450
11989.0 1.465 1.451
11931.9 1.488 1.474
11931.7 1.489 1.475
11900.6 1.490 1.476
11891.3 1.490 1.476
11887.5 1.494 1.480
11882.9 1.494 1.480
11879.4 1.577 1.562
11879.1 1.577 1.562
11862.8 1.601 1.586
11860.5 1.627 1.612
11860.1 1.631 1.616
11858.7 1.631 1.616
11858.2 1.632 1.616
11853.2 1.632 1.616
11851.0 1.633 1.617
11849.3 1.634 1.618
11849.2 1.634 1.618
11840.0 1.635 1.619
11839.9 1.635 1.619
11839.7 1.645 1.629
11838.5 1.646 1.630
11837.8 1.647 1.631
11827.0 1.698 1.682
11825.5 1.782 1.765
11811.7 1.795 1.778
11805.4 1.819 1.802
11804.9 1.820 1.803
11804.1 1.820 1.803
11802.7 1.821 1.804
11801.8 1.821 1.804
11800.9 1.822 1.805
11794.7 1.841 1.824
11785.9 1.841 1.824
11784.5 1.842 1.825
11783.9 1.843 1.825
11783.1 1.843 1.825
11781.6 1.844 1.826
11781.3 1.845 1.827
11772.3 1.883 1.865
11767.5 1.922 1.904
11767.4 1.940 1.922
11766.9 1.940 1.922
11765.5 1.975 1.956
11729.5 2.051 2.032
11728.8 2.083 2.063
11721.8 2.220 2.199
11720.7 2.226 2.205
11719.0 2.461 2.438
11714.5 2.463 2.440
11711.1 2.464 2.441
11711.0 2.496 2.472
11702.9 2.645 2.620
11702.1 2.646 2.621
11701.4 2.647 2.622
11701.2 2.647 2.622
11700.8 2.648 2.623
11700.3 2.649 2.624
11699.2 2.649 2.624
11698.5 2.650 2.625
11695.8 2.650 2.625
11694.2 2.651 2.626
11693.3 2.652 2.627
11689.1 2.705 2.679
11688.6 2.769 2.743
11688.4 2.798 2.771
11685.5 3.010 2.981
11679.5 3.206 3.176
11678.4 3.207 3.177
11672.4 3.776 3.740
11671.4 3.826 3.790
11670.6 4.299 4.258
11670.5 4.376 4.334
11669.2 4.493 4.450
11667.9 4.856 4.810
11666.8 4.912 4.865
11666.7 4.913 4.866
11666.6 5.054 5.006
11665.8 6.319 6.259
11664.4 6.579 6.516
11663.6 6.845 6.780
11661.6 7.052 6.985
11661.4 7.152 7.084
11660.7 7.228 7.159
11660.4 7.228 7.159
11660.3 7.294 7.225
11659.4 7.345 7.275
11659.3 7.467 7.396
11658.6 7.467 7.396
11649.2 7.468 7.397
11647.4 7.765 7.691
11645.8 8.557 8.476
11645.0 8.558 8.477
11644.0 8.753 8.670
11643.7 8.754 8.671
11643.5 8.754 8.671
11643.1 12.094 11.979
11642.1 12.095 11.980
11641.2 12.096 11.981
11639.7 12.097 11.982
11638.9 12.516 12.397
11637.5 12.517 12.398
11635.1 12.596 12.476
11634.3 12.597 12.477
11634.2 12.604 12.484
11633.2 12.622 12.502
11628.9 12.623 12.503
11628.4 12.663 12.543
11620.3 12.672 12.552
11619.5 12.673 12.553
11617.5 12.673 12.553
11615.5 12.674 12.554
11615.2 12.675 12.555
11614.2 12.813 12.691
11614.1 12.818 12.696
11612.3 13.044 12.920
11611.6 13.067 12.943
11611.2 13.096 12.972
11610.7 13.867 13.735
11610.5 13.867 13.735
11609.3 13.868 13.736
11608.5 13.868 13.736
11608.4 13.869 13.737
11606.4 13.869 13.737
11604.3 13.870 13.738
11603.7 13.910 13.778
11603.5 13.911 13.779
11590.6 13.986 13.853
11590.4 14.006 13.873
11580.6 14.007 13.874
11576.1 14.007 13.874
11575.4 14.008 13.875
11573.8 14.008 13.875
11573.7 14.009 13.876
11573.5 14.153 14.019
11573.1 14.154 14.020
11569.4 14.155 14.021
11569.2 14.155 14.021
11568.3 14.156 14.022
11566.6 14.477 14.339
11543.7 14.478 14.340
11543.1 14.479 14.341
11542.3 14.480 14.342
11536.7 14.480 14.342
11536.1 14.481 14.343
11534.0 14.481 14.343
11532.9 14.482 14.344
11531.4 14.482 14.344
11520.0 14.590 14.451
11516.3 14.590 14.451
11514.0 14.591 14.452
11513.9 14.741 14.601
11513.3 14.742 14.602
11495.5 14.812 14.671
11494.7 14.814 14.673
11494.6 14.833 14.692
11494.5 14.874 14.733
11492.2 14.984 14.842
11491.2 15.005 14.862
11491.0 15.006 14.863
11490.5 15.045 14.902
11489.5 15.065 14.922
11488.7 15.066 14.923
11486.7 15.066 14.923
11482.1 15.101 14.958
11480.2 15.107 14.963
11477.5 15.107 14.963
11477.3 15.108 14.964
11475.8 15.182 15.038
11474.4 15.250 15.105
11474.2 15.250 15.105
11468.4 15.304 15.159
11465.6 15.308 15.163
11463.7 15.308 15.163
11462.9 15.309 15.164
11462.8 15.343 15.197
11462.1 15.426 15.279
11461.3 15.427 15.280
11460.6 15.525 15.378
11451.0 15.531 15.383
11449.3 15.531 15.383
11448.7 15.532 15.384
11448.4 15.533 15.385
11447.8 15.746 15.596
11446.3 15.796 15.646
11445.3 17.763 17.594
11444.4 17.764 17.595
11443.4 17.803 17.634
11442.4 17.957 17.786
11442.3 19.534 19.348
11441.6 19.785 19.597
11441.0 19.786 19.598
11440.4 19.925 19.736
11435.9 20.313 20.120
11435.8 20.377 20.183
11435.7 20.438 20.244
11430.7 20.563 20.368
11430.5 20.564 20.369
11429.9 20.565 20.370
11425.4 20.565 20.370
11423.8 20.566 20.371
11423.5 20.566 20.371
11423.4 20.567 20.372
11422.6 20.568 20.373
11412.2 20.712 20.515
11411.5 20.712 20.515
11410.5 20.713 20.516
11408.9 20.713 20.516
11408.7 20.714 20.517
11406.8 20.715 20.518
11406.6 20.715 20.518
11401.5 20.875 20.677
11398.6 20.880 20.682
11392.0 20.880 20.682
11391.2 20.936 20.737
11390.3 21.015 20.815
11390.2 21.016 20.816
11388.5 21.285 21.083
11386.6 21.512 21.308
11386.5 21.535 21.330
11377.8 21.877 21.669
11356.8 22.591 22.376
11352.2 22.592 22.377
11351.4 22.988 22.770
11350.7 22.996 22.778
11349.6 22.997 22.779
11349.2 22.997 22.779
11349.0 23.441 23.218
11348.9 23.791 23.565
11348.4 24.533 24.300
11344.4 24.667 24.433
11343.7 25.547 25.304
11343.6 26.876 26.621
11343.1 30.211 29.924
11341.9 30.212 29.925
11341.7 30.213 29.926
11341.2 30.566 30.276
11339.3 30.573 30.283
11339.0 30.574 30.284
11338.9 30.681 30.390
11337.5 31.120 30.824
11337.4 31.156 30.860
11337.0 31.157 30.861
11336.6 31.157 30.861
11336.5 31.276 30.979
11335.5 31.283 30.986
11335.1 31.421 31.123
11334.4 92.890 92.008
11334.2 92.890 92.008
11333.2 92.891 92.009
11331.6 92.966 92.083
11330.4 92.966 92.083
11323.2 92.982 92.099
11299.9 92.983 92.100
11296.7 92.985 92.102
11295.4 93.184 92.299
11295.1 93.184 92.299
11293.9 93.185 92.300
11292.3 93.316 92.429
11290.1 93.334 92.447
11288.7 93.334 92.447
11288.3 93.336 92.449
11286.7 93.437 92.549
11284.0 93.454 92.566
11282.6 93.572 92.683
11282.4 93.590 92.701
11281.0 93.689 92.799
11280.3 93.751 92.860
11272.6 99.657 98.710
11270.7 99.832 98.884
11270.5 99.834 98.886
11270.2 99.836 98.888
11268.3 99.966 99.016
11268.1 99.977 99.027
11266.2 100.134 99.183
11265.7 100.359 99.406
11262.7 106.568 105.556
11261.8 106.710 105.696
11260.6 106.726 105.712
11260.2 106.777 105.763
11259.2 106.992 105.976
11258.2 107.357 106.337
11257.3 108.566 107.535
11255.9 108.567 107.536
11255.4 117.243 116.129
11254.8 117.363 116.248
11254.0 117.367 116.252
11253.5 117.416 116.301
11252.8 117.416 116.301
11252.6 117.416 116.301
11252.0 117.528 116.411
11251.6 117.909 116.789
11250.7 119.119 117.987
11248.9 125.003 123.815
11248.2 125.165 123.976
11246.7 125.166 123.977
11245.2 125.171 123.982
11243.0 125.450 124.258
11242.5 125.463 124.271
11241.8 125.546 124.353
11241.5 125.548 124.355
11240.3 125.548 124.355
11239.3 125.658 124.464
11239.2 125.669 124.475
11238.2 125.744 124.549
11237.7 125.846 124.650
11237.5 125.847 124.651
11237.0 125.943 124.747
11236.7 126.099 124.901
11235.8 139.304 137.981
11235.7 139.313 137.990
11235.1 139.372 138.048
11234.7 139.374 138.050
11234.1 139.435 138.110
11230.2 140.388 139.054
11229.9 140.389 139.055
11228.9 147.504 146.103
11226.8 518.768 513.840
11225.2 518.768 513.840
11223.4 518.769 513.841
11218.7 518.770 513.842
11214.8 518.771 513.843
11212.9 518.771 513.843
11212.3 518.772 513.844
11212.2 518.772 513.844
11211.7 518.773 513.845
11211.2 518.774 513.846
11211.1 518.798 513.869
11210.5 518.799 513.870
11209.1 518.800 513.871
11202.0 518.813 513.884
11198.3 520.090 515.149
11197.8 520.165 515.223
11196.9 520.225 515.283
11185.7 527.505 522.494
11180.9 527.506 522.495
11180.4 527.536 522.524
11179.7 527.711 522.698
11178.1 527.712 522.699
11177.8 527.713 522.700
11177.7 527.714 522.701
11175.8 527.805 522.791
11175.7 527.831 522.817
11174.9 527.988 522.972
11174.8 528.023 523.007
11174.0 528.826 523.802
11172.0 528.994 523.969
11167.8 529.248 524.220
11166.2 529.406 524.377
11165.7 529.434 524.404
11164.4 529.476 524.446
11162.9 529.476 524.446
11161.0 529.477 524.447
11160.1 542.647 537.492
11141.7 590.836 585.223
11129.8 900.021 891.471
Primal Integral: 0.6131296481
