12th DIMACS Implementation Challenge: Vehicle Routing
VRPTW track
Controller version: December 13, 2021
Competitor: HustSmart
Ubuntu 21.04
Intel(R) Xeon(R) CPU E5-2698 v3 @ 2.30GHz
hostid: 10916887366929678835
PassMark Single Thread Benchmark: 1981
Time factor: 0.99 (baseline 2000)
Instance: RC1_10_3
Standardized Time limit: 7200 secs
Local Machine Time Limit: 7269 secs
Base solution: 46571.800
BKS: 42338.0
Optimal: 0
Thu 13 Jan 2022 09:55:41 AM CST
timestamp: 1642038941
Solution value, local machine time, standardized time
46569.3 3.028 2.999
46567.4 3.029 3.000
46565.3 3.030 3.001
46565.2 3.030 3.001
46565.1 3.031 3.002
46563.8 3.032 3.003
46560.0 3.047 3.018
46557.3 3.047 3.018
46555.6 3.050 3.021
46545.9 3.051 3.022
46545.0 3.059 3.030
46543.9 3.063 3.034
46541.7 3.063 3.034
46540.5 3.064 3.035
46535.9 3.109 3.079
46535.7 3.128 3.098
46516.2 3.130 3.100
46515.9 3.131 3.101
46515.6 3.132 3.102
46515.4 3.133 3.103
46514.2 3.134 3.104
46511.8 3.135 3.105
46511.3 3.136 3.106
46510.3 3.137 3.107
46501.4 3.151 3.121
46492.1 3.152 3.122
46490.1 3.153 3.123
46490.0 3.154 3.124
46487.1 3.155 3.125
46483.3 3.156 3.126
46482.8 3.157 3.127
46482.4 3.158 3.128
46482.0 3.177 3.147
46479.5 3.216 3.185
46477.4 3.217 3.186
46476.7 3.218 3.187
46474.3 3.219 3.188
46464.8 3.220 3.189
46464.3 3.221 3.190
46462.7 3.223 3.192
46462.0 3.224 3.193
46425.9 3.225 3.194
46421.4 3.225 3.194
46419.1 3.226 3.195
46418.4 3.227 3.196
46418.0 3.228 3.197
46416.4 3.242 3.211
46409.7 3.243 3.212
46407.5 3.244 3.213
46407.0 3.245 3.214
46406.6 3.259 3.228
46396.7 3.296 3.265
46314.0 3.309 3.278
46313.3 3.310 3.279
46313.1 3.311 3.280
46302.4 3.320 3.288
46301.4 3.344 3.312
46290.0 3.346 3.314
46289.9 3.355 3.323
46286.1 3.381 3.349
46286.0 3.382 3.350
46285.6 3.383 3.351
46274.9 3.384 3.352
46272.4 3.385 3.353
46268.5 3.386 3.354
46265.2 3.387 3.355
46260.9 3.388 3.356
46255.9 3.389 3.357
46255.4 3.390 3.358
46249.6 3.391 3.359
46248.2 3.393 3.361
46247.8 3.394 3.362
46247.3 3.395 3.363
46246.4 3.396 3.364
46244.3 3.397 3.365
46243.3 3.398 3.366
46241.1 3.401 3.369
46237.5 3.411 3.379
46237.1 3.413 3.381
46234.0 3.414 3.382
46233.5 3.415 3.383
46231.3 3.416 3.384
46231.1 3.417 3.385
46229.9 3.418 3.386
46226.1 3.447 3.414
46215.6 3.448 3.415
46215.3 3.449 3.416
46181.6 3.461 3.428
46180.8 3.462 3.429
46179.9 3.469 3.436
46179.7 3.471 3.438
46179.2 3.471 3.438
46178.4 3.473 3.440
46178.2 3.537 3.503
46178.0 3.538 3.504
46176.7 3.669 3.634
46174.3 3.670 3.635
46173.1 3.672 3.637
46170.7 3.673 3.638
46170.2 3.674 3.639
46167.8 3.675 3.640
46159.1 3.680 3.645
46139.2 3.681 3.646
46138.8 3.764 3.728
46137.8 3.765 3.729
46134.5 3.766 3.730
46006.4 3.771 3.735
46001.7 3.772 3.736
46000.8 3.773 3.737
46000.0 3.774 3.738
45999.8 3.775 3.739
45997.6 3.777 3.741
45995.8 3.778 3.742
45991.8 3.779 3.743
45991.1 3.780 3.744
45990.9 3.781 3.745
45990.6 3.782 3.746
45984.1 3.812 3.776
45983.8 3.846 3.809
45970.5 3.847 3.810
45962.0 3.850 3.813
45961.4 3.851 3.814
45956.1 3.852 3.815
45956.0 3.853 3.816
45955.9 3.854 3.817
45955.3 3.855 3.818
45944.2 3.857 3.820
45942.0 3.858 3.821
45941.9 3.859 3.822
45939.9 3.862 3.825
45937.6 3.863 3.826
45936.7 3.864 3.827
45932.5 3.875 3.838
45925.3 3.877 3.840
45920.4 3.878 3.841
45918.7 3.879 3.842
45917.9 3.880 3.843
45916.7 3.881 3.844
45904.7 3.882 3.845
45902.8 3.883 3.846
45902.6 3.884 3.847
45900.9 3.885 3.848
45900.8 3.887 3.850
45899.8 3.888 3.851
45897.6 3.889 3.852
45880.8 3.890 3.853
45856.5 3.891 3.854
45856.4 3.892 3.855
45850.6 3.893 3.856
45842.8 3.894 3.857
45842.5 3.903 3.866
45838.3 3.906 3.869
45834.9 3.907 3.870
45825.8 3.908 3.871
45807.8 3.909 3.872
45806.8 3.910 3.873
45804.8 3.921 3.884
45804.1 3.922 3.885
45803.8 3.923 3.886
45801.4 3.924 3.887
45801.3 3.925 3.888
45800.5 3.926 3.889
45797.6 3.928 3.891
45791.7 3.929 3.892
45791.1 3.930 3.893
45788.6 3.931 3.894
45788.4 3.942 3.905
45780.0 3.987 3.949
45773.0 3.988 3.950
45771.4 3.989 3.951
45768.7 3.990 3.952
45754.3 3.995 3.957
45753.7 3.996 3.958
45753.1 3.997 3.959
45752.9 3.999 3.961
45752.1 4.002 3.964
45750.8 4.004 3.966
45747.9 4.005 3.967
45743.8 4.058 4.019
45743.1 4.069 4.030
45742.8 4.071 4.032
45741.6 4.072 4.033
45740.9 4.073 4.034
45740.7 4.074 4.035
45740.5 4.075 4.036
45739.3 4.076 4.037
45739.0 4.077 4.038
45738.8 4.078 4.039
45734.3 4.079 4.040
45734.0 4.080 4.041
45733.9 4.101 4.062
45733.7 4.102 4.063
45733.6 4.103 4.064
45720.9 4.104 4.065
45720.0 4.113 4.074
45717.8 4.114 4.075
45717.3 4.115 4.076
45716.7 4.116 4.077
45715.9 4.117 4.078
45709.7 4.119 4.080
45706.0 4.120 4.081
45704.2 4.121 4.082
45695.7 4.122 4.083
45694.6 4.123 4.084
45693.9 4.124 4.085
45688.3 4.142 4.103
45684.9 4.156 4.117
45665.4 4.159 4.119
45665.1 4.219 4.179
45664.8 4.274 4.233
45664.7 4.275 4.234
45664.0 4.276 4.235
45663.9 4.324 4.283
45658.7 4.349 4.308
45656.4 4.434 4.392
45653.9 4.435 4.393
45652.5 4.442 4.400
45632.8 4.450 4.408
45632.6 4.451 4.409
45631.0 4.452 4.410
45628.8 4.453 4.411
45628.6 4.454 4.412
45627.9 4.455 4.413
45627.2 4.456 4.414
45626.9 4.457 4.415
45625.6 4.547 4.504
45625.1 4.548 4.505
45624.9 4.549 4.506
45624.1 4.579 4.535
45623.8 4.580 4.536
45621.5 4.581 4.537
45619.5 4.602 4.558
45618.0 4.603 4.559
45615.3 4.609 4.565
45613.8 4.622 4.578
45613.7 4.664 4.620
45612.6 4.709 4.664
45610.9 4.742 4.697
45606.6 4.743 4.698
45605.7 4.744 4.699
45605.5 4.745 4.700
45605.1 4.746 4.701
45604.5 4.747 4.702
45603.9 4.749 4.704
45602.4 4.813 4.767
45600.9 4.814 4.768
45600.8 4.815 4.769
45600.7 4.815 4.769
45600.6 4.816 4.770
45600.5 4.817 4.771
45599.5 4.817 4.771
45599.4 4.818 4.772
45571.8 4.918 4.871
45570.4 4.931 4.884
45569.6 4.932 4.885
45566.9 4.973 4.926
45566.5 4.975 4.928
45565.5 4.981 4.934
45563.1 4.982 4.935
45562.5 4.983 4.936
45558.6 4.984 4.937
45558.2 4.985 4.938
45557.5 4.986 4.939
45557.2 4.988 4.941
45546.7 5.010 4.962
45545.1 5.011 4.963
45544.6 5.012 4.964
45511.7 5.013 4.965
45511.6 5.014 4.966
45509.6 5.015 4.967
45508.4 5.016 4.968
45506.6 5.046 4.998
45502.6 5.080 5.032
45502.3 5.082 5.034
45501.4 5.083 5.035
45499.0 5.084 5.036
45498.8 5.085 5.037
45498.3 5.086 5.038
45486.9 5.102 5.054
45486.8 5.103 5.055
45485.5 5.104 5.056
45482.7 5.105 5.057
45479.0 5.106 5.057
45478.3 5.107 5.058
45461.3 5.115 5.066
45460.9 5.116 5.067
45459.2 5.117 5.068
45452.6 5.119 5.070
45451.4 5.120 5.071
45449.2 5.129 5.080
45448.2 5.142 5.093
45447.5 5.143 5.094
45447.2 5.144 5.095
45419.3 5.145 5.096
45416.1 5.146 5.097
45413.1 5.147 5.098
45412.1 5.149 5.100
45409.8 5.150 5.101
45407.6 5.151 5.102
45315.2 5.161 5.112
45309.5 5.162 5.113
45309.4 5.182 5.133
45308.5 5.184 5.135
45307.4 5.185 5.136
45305.7 5.186 5.137
45305.6 5.187 5.138
45304.6 5.188 5.139
45304.0 5.189 5.140
45301.8 5.190 5.141
45301.0 5.191 5.142
45298.3 5.192 5.143
45298.1 5.193 5.144
45296.9 5.195 5.146
45274.2 5.199 5.150
45271.8 5.231 5.181
45267.7 5.232 5.182
45266.7 5.234 5.184
45265.4 5.252 5.202
45265.2 5.253 5.203
45262.9 5.254 5.204
45262.8 5.255 5.205
45262.3 5.256 5.206
45259.0 5.257 5.207
45257.9 5.259 5.209
45257.7 5.260 5.210
45257.0 5.339 5.288
45245.2 5.462 5.410
45239.3 5.535 5.482
45216.9 5.536 5.483
45211.7 5.608 5.555
45210.0 5.609 5.556
45207.8 5.614 5.561
45204.6 5.629 5.576
45201.1 5.636 5.582
45199.6 5.660 5.606
45199.5 5.664 5.610
45195.5 5.665 5.611
45195.1 5.679 5.625
45192.7 5.680 5.626
45190.7 5.681 5.627
45187.9 5.741 5.686
45187.2 5.742 5.687
45187.1 5.743 5.688
45186.9 5.744 5.689
45186.4 5.753 5.698
45184.3 5.761 5.706
45181.7 5.762 5.707
45180.8 5.763 5.708
45179.2 5.764 5.709
45177.7 5.767 5.712
45176.7 5.782 5.727
45172.4 5.798 5.743
45172.3 5.799 5.744
45164.6 5.800 5.745
45153.3 5.801 5.746
45152.9 5.802 5.747
45148.8 5.804 5.749
45148.0 5.805 5.750
45146.2 5.806 5.751
45145.8 5.807 5.752
45145.3 5.808 5.753
45143.4 5.824 5.769
45140.9 5.869 5.813
45129.1 5.870 5.814
45127.6 5.876 5.820
45123.4 5.877 5.821
45118.6 5.878 5.822
45114.7 5.879 5.823
45107.3 5.902 5.846
45102.7 5.903 5.847
45100.8 5.904 5.848
45100.0 5.945 5.889
45090.4 6.001 5.944
45089.0 6.002 5.945
45088.6 6.003 5.946
45087.8 6.011 5.954
45084.4 6.045 5.988
45082.7 6.071 6.013
45080.4 6.084 6.026
45079.8 6.095 6.037
45071.4 6.111 6.053
45070.2 6.112 6.054
45069.9 6.147 6.089
45067.8 6.156 6.098
45066.2 6.222 6.163
45060.6 6.223 6.164
45055.0 6.224 6.165
45047.8 6.227 6.168
45045.8 6.272 6.212
45045.1 6.273 6.213
45043.4 6.274 6.214
45032.3 6.275 6.215
45031.7 6.277 6.217
45030.9 6.278 6.218
45029.9 6.279 6.219
45028.1 6.280 6.220
45027.5 6.288 6.228
45023.5 6.289 6.229
45021.2 6.290 6.230
45021.1 6.314 6.254
45020.2 6.315 6.255
45020.1 6.317 6.257
45019.6 6.318 6.258
45019.4 6.320 6.260
45019.2 6.327 6.267
45017.8 6.329 6.269
45016.5 6.417 6.356
45016.2 6.418 6.357
45016.0 6.419 6.358
45015.8 6.421 6.360
45014.1 6.422 6.361
45002.1 6.424 6.363
44998.1 6.425 6.364
44996.2 6.426 6.365
44993.9 6.428 6.367
44992.9 6.429 6.368
44992.3 6.441 6.380
44988.2 6.442 6.381
44983.6 6.443 6.382
44981.5 6.444 6.383
44978.7 6.485 6.423
44976.9 6.485 6.423
44974.2 6.486 6.424
44971.3 6.493 6.431
44970.8 6.502 6.440
44968.7 6.503 6.441
44967.0 6.504 6.442
44966.7 6.505 6.443
44966.2 6.506 6.444
44962.7 6.545 6.483
44962.5 6.546 6.484
44956.6 6.550 6.488
44955.3 6.551 6.489
44953.8 6.552 6.490
44948.2 6.553 6.491
44947.4 6.554 6.492
44946.5 6.555 6.493
44946.1 6.556 6.494
44944.9 6.557 6.495
44944.2 6.557 6.495
44943.0 6.558 6.496
44918.0 6.570 6.508
44917.9 6.573 6.511
44917.3 6.605 6.542
44916.4 6.607 6.544
44912.5 6.629 6.566
44912.2 6.636 6.573
44904.4 6.637 6.574
44902.3 6.638 6.575
44900.3 6.640 6.577
44897.7 6.641 6.578
44896.5 6.651 6.588
44896.1 6.653 6.590
44891.2 6.654 6.591
44891.1 6.655 6.592
44890.9 6.657 6.594
44890.8 6.658 6.595
44890.6 6.660 6.597
44890.1 6.662 6.599
44887.8 6.664 6.601
44873.5 6.667 6.604
44872.3 6.670 6.607
44871.6 6.677 6.614
44871.0 6.678 6.615
44866.3 6.688 6.624
44861.3 6.699 6.635
44854.8 6.736 6.672
44850.9 6.765 6.701
44834.3 6.767 6.703
44832.5 6.768 6.704
44831.6 6.769 6.705
44831.5 6.771 6.707
44828.9 6.812 6.747
44828.5 6.813 6.748
44805.2 6.837 6.772
44804.0 6.839 6.774
44796.8 6.840 6.775
44796.1 6.841 6.776
44795.6 6.844 6.779
44795.5 6.846 6.781
44784.7 6.847 6.782
44782.9 6.855 6.790
44782.5 6.856 6.791
44782.2 6.857 6.792
44781.8 6.860 6.795
44781.1 6.880 6.815
44779.8 6.882 6.817
44775.3 6.883 6.818
44764.5 6.885 6.820
44753.2 6.886 6.821
44750.9 6.888 6.823
44750.5 6.889 6.824
44737.8 6.891 6.826
44734.8 6.892 6.827
44734.3 6.897 6.831
44733.8 7.012 6.945
44733.1 7.014 6.947
44731.5 7.015 6.948
44727.2 7.104 7.037
44727.0 7.105 7.038
44726.1 7.107 7.039
44725.7 7.113 7.045
44725.6 7.114 7.046
44725.5 7.116 7.048
44725.4 7.118 7.050
44724.7 7.211 7.142
44723.8 7.213 7.144
44723.3 7.214 7.145
44722.8 7.230 7.161
44722.6 7.232 7.163
44721.7 7.233 7.164
44720.9 7.235 7.166
44719.9 7.260 7.191
44711.9 7.264 7.195
44711.8 7.315 7.246
44711.4 7.316 7.246
44708.1 7.318 7.248
44707.5 7.319 7.249
44698.2 7.320 7.250
44693.0 7.321 7.251
44685.0 7.322 7.252
44673.3 7.323 7.253
44669.6 7.324 7.254
44668.8 7.325 7.255
44667.4 7.584 7.512
44667.3 7.669 7.596
44666.9 7.670 7.597
44665.4 7.737 7.663
44664.4 7.738 7.664
44662.3 7.768 7.694
44653.6 7.769 7.695
44645.9 7.774 7.700
44623.0 7.789 7.715
44622.8 7.790 7.716
44622.6 8.038 7.962
44622.4 8.069 7.992
44607.6 8.070 7.993
44594.0 8.079 8.002
44591.7 8.080 8.003
44591.4 8.104 8.027
44586.6 8.105 8.028
44586.1 8.106 8.029
44585.9 8.107 8.030
44584.4 8.108 8.031
44583.8 8.109 8.032
44580.5 8.264 8.185
44580.4 8.265 8.186
44577.0 8.488 8.407
44576.4 8.489 8.408
44575.9 8.491 8.410
44575.7 8.600 8.518
44575.6 8.601 8.519
44575.3 8.603 8.521
44574.1 8.670 8.588
44573.8 8.742 8.659
44570.7 8.743 8.660
44570.5 8.811 8.727
44554.1 8.825 8.741
44552.8 8.826 8.742
44549.2 8.860 8.776
44547.6 8.862 8.778
44547.5 8.864 8.780
44547.2 8.918 8.833
44546.8 9.067 8.981
44546.1 9.077 8.991
44545.9 9.225 9.137
44545.4 9.246 9.158
44544.8 9.398 9.309
44543.5 9.425 9.335
44542.3 9.538 9.447
44539.0 9.539 9.448
44537.3 9.586 9.495
44537.1 9.587 9.496
44536.9 9.630 9.539
44534.7 9.630 9.539
44533.7 9.899 9.805
44532.4 9.914 9.820
44531.4 9.927 9.833
44530.3 9.972 9.877
44528.7 9.991 9.896
44527.9 10.271 10.173
44527.1 10.822 10.719
44526.9 11.004 10.899
44526.5 11.925 11.812
44524.7 11.965 11.851
44524.4 11.966 11.852
44523.5 11.967 11.853
44523.3 11.968 11.854
44521.4 12.073 11.958
44520.9 12.074 11.959
44520.2 12.248 12.132
44516.7 12.283 12.166
44501.8 12.345 12.228
44498.8 12.443 12.325
44497.0 12.507 12.388
44496.4 12.516 12.397
44496.3 12.517 12.398
44492.3 12.598 12.478
44490.5 12.694 12.573
44489.7 13.025 12.901
44489.5 13.026 12.902
44488.9 13.029 12.905
44488.6 13.150 13.025
44488.5 13.293 13.167
44488.4 13.312 13.186
44488.2 13.313 13.187
44487.9 13.722 13.592
44487.8 13.752 13.621
44486.9 13.757 13.626
44475.6 13.779 13.648
44473.8 13.780 13.649
44465.0 13.781 13.650
44464.7 13.833 13.702
44457.3 14.129 13.995
44452.9 14.226 14.091
44452.2 14.256 14.121
44451.8 14.287 14.151
44449.6 14.301 14.165
44440.8 14.356 14.220
44439.4 14.359 14.223
44437.8 14.361 14.225
44435.9 14.363 14.227
44435.8 14.503 14.365
44435.7 14.503 14.365
44428.9 14.520 14.382
44422.4 14.747 14.607
44420.7 14.765 14.625
44418.6 14.766 14.626
44418.2 14.780 14.640
44416.6 14.782 14.642
44416.0 15.571 15.423
44415.9 15.591 15.443
44408.6 15.607 15.459
44394.2 15.711 15.562
44393.4 15.717 15.568
44392.0 15.719 15.570
44390.5 15.720 15.571
44387.8 15.721 15.572
44385.9 15.722 15.573
44384.8 15.723 15.574
44382.5 15.738 15.588
44374.6 15.847 15.696
44369.5 15.848 15.697
44348.2 15.849 15.698
44348.0 15.869 15.718
44347.6 15.902 15.751
44347.4 15.904 15.753
44346.4 15.905 15.754
44342.6 15.934 15.783
44342.2 15.935 15.784
44341.9 15.936 15.785
44341.7 15.938 15.787
44341.2 15.939 15.788
44340.5 15.940 15.789
44339.6 15.941 15.790
44336.3 16.014 15.862
44334.7 16.016 15.864
44328.6 16.022 15.870
44327.9 16.029 15.877
44327.7 16.041 15.889
44327.4 16.042 15.890
44325.2 16.043 15.891
44325.0 16.044 15.892
44324.7 16.080 15.927
44324.6 16.101 15.948
44321.0 16.102 15.949
44320.9 16.124 15.971
44315.4 16.125 15.972
44313.3 16.126 15.973
44312.9 16.145 15.992
44310.6 16.204 16.050
44309.8 16.206 16.052
44309.0 16.313 16.158
44308.6 16.314 16.159
44308.4 16.315 16.160
44305.9 16.326 16.171
44297.4 16.385 16.229
44296.8 16.389 16.233
44296.7 16.390 16.234
44295.8 16.397 16.241
44277.3 16.448 16.292
44276.5 16.450 16.294
44275.1 16.452 16.296
44274.7 16.478 16.321
44274.6 16.491 16.334
44273.8 16.689 16.530
44273.5 16.690 16.531
44269.3 16.692 16.533
44268.0 16.803 16.643
44267.6 17.083 16.921
44267.0 17.142 16.979
44266.9 17.308 17.144
44257.6 17.383 17.218
44256.8 17.385 17.220
44254.2 17.421 17.256
44254.0 17.705 17.537
44253.3 17.943 17.773
44252.8 18.420 18.245
44252.2 18.455 18.280
44252.1 18.457 18.282
44251.8 18.459 18.284
44251.5 18.705 18.527
44251.3 18.706 18.528
44250.1 18.707 18.529
44249.2 18.708 18.530
44247.5 18.709 18.531
44247.2 18.710 18.532
44246.9 18.711 18.533
44246.8 18.712 18.534
44246.6 18.713 18.535
44245.1 18.714 18.536
44244.9 19.063 18.882
44244.7 19.215 19.032
44244.5 19.227 19.044
44242.2 19.229 19.046
44242.0 19.230 19.047
44239.9 19.231 19.048
44239.5 19.232 19.049
44238.7 19.460 19.275
44225.4 19.698 19.511
44222.1 19.699 19.512
44217.0 19.819 19.631
44214.0 19.821 19.633
44213.0 19.844 19.655
44212.0 19.866 19.677
44211.9 20.643 20.447
44210.6 20.937 20.738
44210.2 21.002 20.802
44209.9 21.028 20.828
44209.8 21.762 21.555
44209.6 22.056 21.846
44209.0 22.156 21.946
44208.8 22.258 22.047
44195.7 23.233 23.012
44195.4 23.411 23.189
44186.2 23.586 23.362
44184.8 23.696 23.471
44184.2 23.858 23.631
44184.1 23.933 23.706
44183.5 23.946 23.719
44182.6 23.959 23.731
44179.5 25.145 24.906
44179.0 25.538 25.295
44178.1 25.539 25.296
44169.7 25.540 25.297
44169.3 25.541 25.298
44169.2 25.883 25.637
44168.6 26.113 25.865
44168.3 26.114 25.866
44167.9 26.115 25.867
44167.0 26.201 25.952
44166.9 26.201 25.952
44166.7 26.217 25.968
44166.5 26.987 26.731
44166.1 26.988 26.732
44165.7 28.660 28.388
44165.6 28.682 28.410
44164.9 28.764 28.491
44160.1 29.096 28.820
44148.8 29.097 28.821
44148.1 29.597 29.316
44146.9 29.598 29.317
44146.3 29.599 29.318
44144.0 29.716 29.434
44142.7 29.717 29.435
44137.9 29.869 29.585
44137.3 29.870 29.586
44134.8 29.930 29.646
44134.6 30.047 29.762
44133.9 30.063 29.777
44133.7 30.471 30.182
44132.8 30.472 30.183
44132.4 30.624 30.333
44132.3 30.660 30.369
44131.8 30.699 30.407
44130.5 31.099 30.804
44130.4 31.100 30.805
44129.0 32.038 31.734
44118.8 32.180 31.874
44116.1 32.280 31.973
44116.0 32.281 31.974
44115.6 32.282 31.975
44115.4 32.379 32.071
44115.1 32.380 32.072
44114.4 32.381 32.073
44114.3 32.464 32.156
44113.1 32.538 32.229
44113.0 32.539 32.230
44112.8 32.540 32.231
44112.6 32.541 32.232
44112.3 32.562 32.253
44111.7 32.563 32.254
44111.4 32.594 32.284
44110.9 32.602 32.292
44104.4 32.640 32.330
44100.1 32.641 32.331
44099.4 33.605 33.286
44097.1 33.605 33.286
44096.6 33.606 33.287
44093.9 33.648 33.328
44092.7 33.650 33.330
44088.7 33.972 33.649
44087.9 33.973 33.650
44087.7 33.974 33.651
44086.4 34.003 33.680
44086.1 34.056 33.732
44061.2 34.167 33.842
44058.9 34.168 33.843
44058.2 34.169 33.844
44057.4 34.170 33.845
44049.1 34.171 33.846
44048.2 34.172 33.847
44046.6 34.173 33.848
44045.7 34.193 33.868
44044.2 34.204 33.879
44043.6 34.271 33.945
44041.2 34.329 34.003
44040.8 34.330 34.004
44040.7 34.331 34.005
44039.2 34.332 34.006
44034.5 34.573 34.245
44031.0 34.597 34.268
44029.8 34.598 34.269
44028.5 34.599 34.270
44027.8 34.599 34.270
44027.5 34.600 34.271
44027.1 34.649 34.320
44026.1 34.745 34.415
44025.3 34.746 34.416
44018.1 34.840 34.509
44017.5 34.842 34.511
44016.0 34.845 34.514
44015.1 34.929 34.597
44014.5 34.936 34.604
44014.0 34.937 34.605
44013.5 35.077 34.744
44013.1 35.171 34.837
44011.1 35.198 34.864
44001.7 36.079 35.736
44001.5 36.080 35.737
43999.1 36.081 35.738
43998.2 36.082 35.739
43995.4 36.106 35.763
43995.1 36.139 35.796
43994.2 36.217 35.873
43989.2 36.238 35.894
43987.9 36.435 36.089
43987.8 36.478 36.131
43986.9 36.579 36.231
43986.4 36.580 36.232
43986.1 36.581 36.233
43985.1 36.583 36.235
43984.7 36.658 36.310
43984.6 36.704 36.355
43976.5 36.707 36.358
43976.3 36.708 36.359
43974.2 36.790 36.440
43973.7 36.791 36.441
43953.1 36.804 36.454
43952.6 36.822 36.472
43952.4 36.823 36.473
43951.9 36.824 36.474
43951.5 36.831 36.481
43951.4 36.833 36.483
43950.9 36.848 36.498
43949.0 36.926 36.575
43947.3 36.927 36.576
43946.9 37.019 36.667
43946.5 37.312 36.958
43946.4 37.359 37.004
43942.5 39.161 38.789
43942.4 39.213 38.840
43942.3 39.215 38.842
43942.1 39.216 38.843
43941.8 39.299 38.926
43941.7 39.467 39.092
43941.3 39.586 39.210
43940.8 39.588 39.212
43940.2 39.868 39.489
43939.9 40.046 39.666
43939.8 40.624 40.238
43939.3 40.636 40.250
43938.7 41.316 40.923
43938.3 41.317 40.924
43937.0 41.501 41.107
43935.8 41.502 41.108
43935.4 41.503 41.109
43935.3 41.913 41.515
43934.9 41.914 41.516
43933.6 42.098 41.698
43933.4 42.136 41.736
43933.1 42.349 41.947
43932.3 43.853 43.436
43932.2 43.886 43.469
43932.1 43.926 43.509
43931.8 44.232 43.812
43931.7 44.985 44.558
43931.4 44.987 44.560
43931.2 44.988 44.561
43931.1 45.028 44.600
43930.9 45.029 44.601
43929.8 45.863 45.427
43929.4 45.864 45.428
43929.3 46.433 45.992
43928.6 46.456 46.015
43928.1 46.677 46.234
43928.0 46.678 46.235
43922.8 46.837 46.392
43910.6 46.839 46.394
43908.9 47.302 46.853
43905.0 47.341 46.891
43904.8 47.358 46.908
43904.3 48.989 48.524
43903.9 49.017 48.551
43903.5 49.018 48.552
43903.1 49.240 48.772
43903.0 50.901 50.417
43902.1 51.572 51.082
43901.2 51.807 51.315
43901.1 165.308 163.738
43900.5 165.411 163.840
43900.4 165.412 163.841
43897.4 165.413 163.842
43895.9 165.414 163.843
43894.6 165.416 163.845
43894.3 165.417 163.846
43891.3 165.418 163.847
43891.2 165.419 163.848
43889.7 165.420 163.849
43886.5 166.921 165.335
43883.9 166.922 165.336
43876.4 166.923 165.337
43874.3 166.924 165.338
43863.4 166.925 165.339
43862.9 166.926 165.340
43859.4 166.927 165.341
43859.0 166.929 165.343
43858.9 166.930 165.344
43858.8 166.931 165.345
43857.9 166.932 165.346
43855.7 166.933 165.347
43855.0 166.934 165.348
43852.7 166.935 165.349
43852.3 166.936 165.350
43839.6 166.937 165.351
43836.5 167.322 165.732
43833.5 167.323 165.733
43831.1 167.324 165.734
43829.6 167.325 165.735
43828.5 168.104 166.507
43827.9 168.105 166.508
43826.0 169.465 167.855
43821.9 169.466 167.856
43820.9 169.467 167.857
43819.3 169.469 167.859
43817.6 169.470 167.860
43817.4 169.608 167.997
43817.1 169.609 167.998
43815.3 170.481 168.861
43810.5 170.482 168.862
43810.1 170.483 168.863
43809.2 171.024 169.399
43807.9 171.031 169.406
43806.1 171.032 169.407
43805.4 171.033 169.408
43801.2 171.034 169.409
43798.5 171.155 169.529
43797.7 171.171 169.545
43796.2 171.172 169.546
43795.8 171.173 169.547
43789.9 171.174 169.548
43789.4 171.175 169.549
43789.3 171.186 169.560
43788.6 173.517 171.869
43787.4 173.519 171.871
43786.1 173.784 172.133
43784.4 173.785 172.134
43784.2 173.787 172.136
43784.1 173.788 172.137
43780.1 173.789 172.138
43774.7 173.790 172.139
43774.5 173.791 172.140
43773.9 173.792 172.141
43773.6 173.793 172.142
43772.6 174.462 172.805
43770.8 176.717 175.038
43769.5 176.718 175.039
43766.5 176.719 175.040
43765.1 176.719 175.040
43762.6 176.720 175.041
43762.3 178.375 176.680
43762.1 178.376 176.681
43761.3 178.950 177.250
43756.9 179.131 177.429
43751.8 179.500 177.795
43747.7 179.501 177.796
43745.0 179.502 177.797
43744.5 179.889 178.180
43739.7 179.890 178.181
43738.9 180.548 178.833
43738.6 181.018 179.298
43737.3 181.034 179.314
43737.0 181.035 179.315
43736.7 181.036 179.316
43736.6 181.037 179.317
43736.2 181.038 179.318
43733.0 181.069 179.349
43732.5 181.118 179.397
43731.8 181.798 180.071
43729.6 182.378 180.645
43726.9 182.379 180.646
43726.8 182.380 180.647
43726.5 183.182 181.442
43726.4 183.183 181.443
43726.3 183.184 181.444
43722.8 183.202 181.462
43722.6 183.203 181.463
43719.6 183.204 181.464
43707.0 183.205 181.465
43706.5 184.744 182.989
43704.5 185.011 183.253
43703.9 185.012 183.254
43703.8 186.433 184.662
43698.0 186.434 184.663
43695.5 186.435 184.664
43693.7 186.436 184.665
43693.1 186.437 184.666
43691.6 186.438 184.667
43691.4 186.439 184.668
43691.3 186.440 184.669
43691.2 186.441 184.670
43689.9 186.442 184.671
43686.8 186.782 185.008
43685.4 186.783 185.009
43669.7 186.784 185.010
43669.5 186.785 185.011
43669.2 186.786 185.012
43668.6 186.787 185.013
43668.1 186.788 185.014
43659.6 186.789 185.015
43656.9 186.789 185.015
43655.8 186.790 185.015
43655.4 186.791 185.016
43654.5 186.792 185.017
43654.0 186.793 185.018
43646.0 186.794 185.019
43645.7 186.795 185.020
43645.6 186.797 185.022
43639.1 186.798 185.023
43638.7 186.799 185.024
43637.2 186.800 185.025
43633.9 186.801 185.026
43632.7 187.411 185.631
43631.5 188.132 186.345
43630.1 188.133 186.346
43628.0 188.845 187.051
43627.4 188.853 187.059
43621.5 189.568 187.767
43620.0 190.643 188.832
43617.2 190.651 188.840
43616.9 191.266 189.449
43612.4 191.267 189.450
43611.0 191.269 189.452
43610.9 191.270 189.453
43610.4 191.720 189.899
43608.5 192.247 190.421
43606.6 192.248 190.422
43606.2 192.252 190.426
43605.6 192.253 190.427
43603.5 194.241 192.396
43603.4 194.242 192.397
43598.8 195.285 193.430
43596.3 197.961 196.080
43594.0 198.817 196.928
43593.4 198.819 196.930
43590.7 198.820 196.931
43590.2 199.819 197.921
43589.7 199.822 197.924
43580.1 202.519 200.595
43577.7 202.520 200.596
43575.3 202.521 200.597
43570.4 203.150 201.220
43560.1 204.491 202.548
43559.4 204.492 202.549
43558.4 204.493 202.550
43558.0 204.493 202.550
43552.5 204.494 202.551
43550.5 204.495 202.552
43548.3 205.807 203.852
43519.3 208.471 206.491
43516.3 208.483 206.502
43515.9 208.484 206.503
43514.5 208.513 206.532
43514.4 208.561 206.580
43514.1 208.600 206.618
43513.9 208.719 206.736
43513.2 208.729 206.746
43512.9 208.730 206.747
43510.3 208.751 206.768
43509.7 208.792 206.808
43507.8 208.836 206.852
43507.7 208.837 206.853
43507.5 208.920 206.935
43501.4 208.943 206.958
43493.2 211.220 209.213
43493.0 211.221 209.214
43488.4 211.222 209.215
43485.5 211.223 209.216
43483.0 211.224 209.217
43481.7 211.225 209.218
43479.4 211.239 209.232
43477.2 211.240 209.233
43474.7 211.241 209.234
43474.6 211.242 209.235
43474.2 211.243 209.236
43474.1 211.244 209.237
43470.7 211.245 209.238
43470.6 211.246 209.239
43467.7 211.262 209.255
43467.6 211.264 209.257
43467.4 211.320 209.312
43464.8 211.408 209.400
43464.5 211.410 209.402
43462.6 211.417 209.409
43452.8 211.430 209.421
43450.6 211.431 209.422
43450.0 211.432 209.423
43449.7 211.464 209.455
43449.5 211.465 209.456
43447.8 211.467 209.458
43445.8 211.468 209.459
43445.6 211.490 209.481
43444.9 211.492 209.483
43441.0 249.967 247.592
43440.3 249.968 247.593
43440.2 250.559 248.179
43439.6 250.590 248.209
43438.2 251.526 249.137
43433.7 251.527 249.137
43429.2 252.064 249.669
43420.7 252.066 249.671
43419.6 253.178 250.773
43415.0 253.412 251.005
43414.4 253.439 251.031
43408.1 253.442 251.034
43401.9 253.443 251.035
43400.5 253.444 251.036
43397.3 253.445 251.037
43396.1 253.446 251.038
43395.4 253.818 251.407
43390.2 254.444 252.027
43387.7 254.445 252.028
43386.5 254.446 252.029
43386.2 254.447 252.030
43381.6 254.687 252.267
43381.5 255.116 252.692
43380.3 255.487 253.060
43378.8 255.488 253.061
43367.8 255.490 253.063
43349.8 257.038 254.596
43324.1 257.734 255.286
43321.6 258.353 255.899
43321.0 259.080 256.619
43318.4 259.097 256.636
43315.8 259.100 256.639
43311.8 260.704 258.227
43307.3 260.722 258.245
43306.7 260.723 258.246
43305.6 260.724 258.247
43304.7 260.725 258.248
43302.8 263.142 260.642
43302.7 263.144 260.644
43302.6 263.145 260.645
43300.7 263.146 260.646
43300.2 265.621 263.098
43298.0 268.251 265.703
43297.9 269.409 266.850
43297.2 271.927 269.344
43297.0 271.929 269.346
43296.7 271.930 269.347
43296.4 271.931 269.348
43294.9 271.933 269.350
43294.7 271.934 269.351
43288.6 271.936 269.353
43287.1 271.938 269.355
43285.5 271.940 269.357
43284.5 271.942 269.359
43283.9 273.305 270.709
43279.1 273.373 270.776
43278.4 273.375 270.778
43277.0 273.376 270.779
43276.0 273.379 270.782
43272.1 274.570 271.962
43271.9 275.014 272.401
43271.0 275.015 272.402
43270.9 275.592 272.974
43270.4 276.482 273.855
43269.8 277.075 274.443
43254.4 277.899 275.259
43254.2 277.900 275.260
43244.2 279.588 276.932
43243.4 279.589 276.933
43242.1 281.070 278.400
43242.0 281.075 278.405
43241.6 284.366 281.665
43240.5 284.390 281.688
43238.2 284.460 281.758
43237.6 284.461 281.759
43236.6 284.463 281.761
43235.6 284.464 281.762
43235.2 284.642 281.938
43231.4 284.643 281.939
43220.1 284.684 281.980
43220.0 284.728 282.023
43219.5 284.729 282.024
43218.5 284.903 282.196
43218.2 284.905 282.198
43217.4 284.906 282.199
43217.3 284.947 282.240
43217.2 284.951 282.244
43216.1 285.078 282.370
43215.8 285.199 282.490
43214.0 494.600 489.901
43210.7 494.601 489.902
43208.9 494.602 489.903
Primal Integral: 2.1140876139
