12th DIMACS Implementation Challenge: Vehicle Routing
VRPTW track
Controller version: December 13, 2021
Competitor: HustSmart
Ubuntu 21.04
Intel(R) Xeon(R) CPU E5-2698 v3 @ 2.30GHz
hostid: 10916887366929678835
PassMark Single Thread Benchmark: 1981
Time factor: 0.99 (baseline 2000)
Instance: R108
Standardized Time limit: 1800 secs
Local Machine Time Limit: 1817 secs
Base solution: 1025.310
BKS: 932.1
Optimal: 1
Thu 13 Jan 2022 12:24:50 AM CST
timestamp: 1642004690
Solution value, local machine time, standardized time
1006.0 0.011 0.011
1005.5 0.014 0.014
993.8 0.014 0.014
993.4 0.015 0.015
991.5 0.015 0.015
988.1 0.015 0.015
987.6 0.015 0.015
984.0 0.023 0.023
983.9 0.023 0.023
982.9 0.023 0.023
981.9 0.023 0.023
980.7 0.048 0.048
979.6 0.069 0.068
978.7 0.079 0.078
978.4 0.079 0.078
976.0 0.086 0.085
975.4 0.086 0.085
974.9 0.086 0.085
971.8 0.086 0.085
971.1 0.086 0.085
970.1 0.102 0.101
969.1 0.110 0.109
968.5 0.133 0.132
967.6 0.133 0.132
967.2 0.133 0.132
965.7 0.151 0.150
964.9 0.151 0.150
964.5 0.151 0.150
964.1 0.152 0.151
964.0 0.152 0.151
961.5 0.159 0.157
960.0 0.159 0.157
958.0 0.159 0.157
957.6 0.169 0.167
956.4 0.182 0.180
955.1 0.182 0.180
954.6 0.986 0.977
954.2 1.127 1.116
954.1 1.320 1.307
954.0 1.335 1.322
951.8 2.215 2.194
951.4 2.227 2.206
949.6 2.227 2.206
948.4 2.230 2.209
944.3 2.238 2.217
943.9 2.678 2.653
943.8 11.353 11.245
942.4 11.356 11.248
940.8 11.356 11.248
938.6 129.296 128.068
937.6 129.320 128.091
936.7 129.536 128.305
Primal Integral: 0.5285387244
