12th DIMACS Implementation Challenge: Vehicle Routing
VRPTW track
Controller version: December 13, 2021
Competitor: HustSmart
Ubuntu 21.04
Intel(R) Xeon(R) CPU E5-2698 v3 @ 2.30GHz
hostid: 10916887366929678835
PassMark Single Thread Benchmark: 1981
Time factor: 0.99 (baseline 2000)
Instance: C204
Standardized Time limit: 1800 secs
Local Machine Time Limit: 1817 secs
Base solution: 646.910
BKS: 588.1
Optimal: 1
Thu 13 Jan 2022 12:24:38 AM CST
timestamp: 1642004678
Solution value, local machine time, standardized time
644.2 0.018 0.018
639.5 0.018 0.018
637.3 0.018 0.018
635.1 0.018 0.018
634.2 0.024 0.024
634.0 0.024 0.024
625.6 0.026 0.026
619.2 0.026 0.026
618.6 0.031 0.031
617.1 0.058 0.057
614.3 0.058 0.057
609.7 0.068 0.067
608.9 0.068 0.067
608.0 0.068 0.067
607.4 0.072 0.071
607.2 0.072 0.071
606.6 0.073 0.072
605.7 0.073 0.072
602.6 0.073 0.072
602.1 0.073 0.072
601.4 0.081 0.080
596.7 0.081 0.080
594.6 4.935 4.888
594.0 4.946 4.899
592.0 5.350 5.299
591.4 5.401 5.350
588.1 5.544 5.491
Primal Integral: 0.0044680685
