12th DIMACS Implementation Challenge: Vehicle Routing
VRPTW track
Controller version: December 13, 2021
Competitor: HustSmart
Ubuntu 20.04.3 LTS
Intel(R) Core(TM) i5-4690 CPU @ 3.50GHz
hostid: 4179100773924013267
PassMark Single Thread Benchmark: 2204
Time factor: 1.10 (baseline 2000)
Instance: R205
Standardized Time limit: 1800 secs
Local Machine Time Limit: 1633 secs
Base solution: 1044.780
BKS: 949.8
Optimal: 1
Wed 09 Feb 2022 02:44:09 PM EST
timestamp: 1644435849
Solution value, local machine time, standardized time
1022.5 0.011 0.012
1015.6 0.012 0.013
1001.6 0.014 0.015
997.8 0.015 0.017
991.3 0.019 0.021
990.8 0.021 0.023
981.6 0.024 0.026
980.3 0.025 0.028
979.1 0.026 0.029
976.7 0.035 0.039
972.7 0.053 0.058
966.7 0.215 0.237
962.9 0.599 0.660
961.3 0.600 0.661
961.1 0.615 0.678
955.4 0.628 0.692
954.5 7.950 8.761
954.4 8.044 8.864
952.1 8.185 9.020
950.0 8.247 9.088
949.8 8.461 9.324
Primal Integral: 0.0035650874
