12th DIMACS Implementation Challenge: Vehicle Routing
VRPTW track
Controller version: December 13, 2021
Competitor: HustSmart
Ubuntu 20.04.3 LTS
Intel(R) Core(TM) i5-4690 CPU @ 3.50GHz
hostid: 4179100773924013267
PassMark Single Thread Benchmark: 2204
Time factor: 1.10 (baseline 2000)
Instance: R204
Standardized Time limit: 1800 secs
Local Machine Time Limit: 1633 secs
Base solution: 804.430
BKS: 731.3
Optimal: 1
Wed 09 Feb 2022 02:43:35 PM EST
timestamp: 1644435815
Solution value, local machine time, standardized time
797.5 0.011 0.012
784.8 0.014 0.015
773.5 0.017 0.019
773.1 0.019 0.021
767.1 0.021 0.023
766.8 0.024 0.026
755.4 0.025 0.028
754.7 0.027 0.030
751.7 0.034 0.037
751.3 0.039 0.043
749.1 0.098 0.108
748.7 0.147 0.162
746.0 0.171 0.188
744.6 0.340 0.375
742.5 0.494 0.544
742.0 0.498 0.549
740.4 0.499 0.550
738.0 0.504 0.555
736.6 0.509 0.561
733.4 0.519 0.572
733.2 4.278 4.714
733.0 6.079 6.699
731.3 33.751 37.194
Primal Integral: 0.0056370740
