12th DIMACS Implementation Challenge: Vehicle Routing
VRPTW track
Controller version: December 13, 2021
Competitor: HustSmart
Ubuntu 20.04.3 LTS
Intel(R) Core(TM) i5-4690 CPU @ 3.50GHz
hostid: 4179100773924013267
PassMark Single Thread Benchmark: 2204
Time factor: 1.10 (baseline 2000)
Instance: R203
Standardized Time limit: 1800 secs
Local Machine Time Limit: 1633 secs
Base solution: 957.880
BKS: 870.8
Optimal: 1
Wed 09 Feb 2022 02:43:23 PM EST
timestamp: 1644435803
Solution value, local machine time, standardized time
942.3 0.009 0.010
927.4 0.010 0.011
904.9 0.011 0.012
903.6 0.012 0.013
897.4 0.014 0.015
889.1 0.015 0.017
888.6 0.016 0.018
887.7 0.021 0.023
887.5 0.024 0.026
882.7 0.066 0.073
878.3 0.067 0.074
876.9 0.105 0.116
875.8 0.135 0.149
874.8 12.051 13.280
874.3 12.153 13.393
872.4 12.182 13.425
870.8 12.363 13.624
Primal Integral: 0.0044123092
