12th DIMACS Implementation Challenge: Vehicle Routing
VRPTW track
Controller version: December 13, 2021
Competitor: HustSmart
Ubuntu 21.04
Intel(R) Xeon(R) CPU E5-2698 v3 @ 2.30GHz
hostid: 10916887366929678835
PassMark Single Thread Benchmark: 1981
Time factor: 0.99 (baseline 2000)
Instance: C206
Standardized Time limit: 1800 secs
Local Machine Time Limit: 1817 secs
Base solution: 644.600
BKS: 586.0
Optimal: 1
Fri 14 Jan 2022 06:34:32 PM CST
timestamp: 1642156472
Solution value, local machine time, standardized time
623.7 0.006 0.006
621.5 0.006 0.006
587.3 0.011 0.011
586.0 0.012 0.012
Primal Integral: 0.0000502844
