12th DIMACS Implementation Challenge: Vehicle Routing
VRPTW track
Controller version: December 13, 2021
Competitor: HustSmart
Ubuntu 21.04
Intel(R) Xeon(R) CPU E5-2698 v3 @ 2.30GHz
hostid: 10916887366929678835
PassMark Single Thread Benchmark: 1981
Time factor: 0.99 (baseline 2000)
Instance: C107
Standardized Time limit: 1800 secs
Local Machine Time Limit: 1817 secs
Base solution: 910.030
BKS: 827.3
Optimal: 1
Fri 14 Jan 2022 06:34:24 PM CST
timestamp: 1642156464
Solution value, local machine time, standardized time
901.9 0.006 0.006
901.8 0.006 0.006
895.3 0.006 0.006
892.3 0.006 0.006
892.2 0.006 0.006
891.5 0.006 0.006
887.8 0.006 0.006
883.4 0.007 0.007
882.5 0.007 0.007
858.7 0.007 0.007
857.0 0.007 0.007
854.2 0.008 0.008
850.1 0.008 0.008
849.4 0.008 0.008
847.3 0.008 0.008
827.3 0.011 0.011
Primal Integral: 0.0000434197
