12th DIMACS Implementation Challenge: Vehicle Routing
VRPTW track
Controller version: December 13, 2021
Competitor: HustSmart
Ubuntu 21.04
Intel(R) Xeon(R) CPU E5-2698 v3 @ 2.30GHz
hostid: 10916887366929678835
PassMark Single Thread Benchmark: 1981
Time factor: 0.99 (baseline 2000)
Instance: R108
Standardized Time limit: 1800 secs
Local Machine Time Limit: 1817 secs
Base solution: 1025.310
BKS: 932.1
Optimal: 1
Fri 14 Jan 2022 06:34:42 PM CST
timestamp: 1642156482
Solution value, local machine time, standardized time
1021.9 0.013 0.013
1020.6 0.014 0.014
1018.7 0.014 0.014
1016.5 0.014 0.014
1015.8 0.014 0.014
1015.3 0.014 0.014
1014.7 0.014 0.014
1010.5 0.014 0.014
1008.2 0.014 0.014
1003.2 0.014 0.014
994.3 0.017 0.017
988.1 0.017 0.017
986.1 0.017 0.017
985.3 0.018 0.018
980.5 0.037 0.037
980.1 0.062 0.061
976.7 0.062 0.061
976.2 0.062 0.061
976.0 0.062 0.061
974.1 0.062 0.061
971.3 0.062 0.061
969.6 0.063 0.062
967.3 0.070 0.069
966.5 0.085 0.084
963.5 0.103 0.102
959.1 0.105 0.104
953.5 0.107 0.106
951.8 0.107 0.106
951.7 0.108 0.107
951.6 0.108 0.107
951.1 0.108 0.107
950.7 0.108 0.107
948.8 0.108 0.107
948.6 0.108 0.107
946.6 0.108 0.107
945.1 0.144 0.143
944.9 0.219 0.217
944.3 0.219 0.217
942.4 3.742 3.706
936.7 3.742 3.706
934.9 3.786 3.750
933.7 4.061 4.022
932.1 39.879 39.500
Primal Integral: 0.0063837470
