12th DIMACS Implementation Challenge: Vehicle Routing
VRPTW track
Controller version: December 13, 2021
Competitor: HustSmart
Ubuntu 21.04
Intel(R) Xeon(R) CPU E5-2698 v3 @ 2.30GHz
hostid: 10916887366929678835
PassMark Single Thread Benchmark: 1981
Time factor: 0.99 (baseline 2000)
Instance: R204
Standardized Time limit: 1800 secs
Local Machine Time Limit: 1817 secs
Base solution: 804.430
BKS: 731.3
Optimal: 1
Fri 14 Jan 2022 06:34:50 PM CST
timestamp: 1642156490
Solution value, local machine time, standardized time
800.6 0.026 0.026
790.9 0.031 0.031
789.3 0.031 0.031
789.2 0.031 0.031
783.2 0.032 0.032
782.0 0.032 0.032
777.4 0.032 0.032
773.0 0.033 0.033
769.2 0.033 0.033
769.1 0.167 0.165
768.1 0.168 0.166
764.7 0.168 0.166
762.7 0.183 0.181
760.7 0.183 0.181
759.8 0.183 0.181
759.4 0.184 0.182
756.9 0.327 0.324
756.6 0.328 0.325
756.5 0.329 0.326
747.7 0.337 0.334
747.6 0.337 0.334
745.5 0.337 0.334
742.6 1.239 1.227
742.1 1.239 1.227
741.4 1.239 1.227
740.1 1.239 1.227
740.0 1.302 1.290
739.4 1.696 1.680
737.8 1.969 1.950
737.4 1.969 1.950
736.4 1.986 1.967
735.2 2.444 2.421
733.3 2.444 2.421
733.2 2.445 2.422
732.8 3.118 3.088
732.1 8.691 8.608
731.3 8.691 8.608
Primal Integral: 0.0032625446
