12th DIMACS Implementation Challenge: Vehicle Routing
VRPTW track
Controller version: December 13, 2021
Competitor: HustSmart
Ubuntu 21.04
Intel(R) Xeon(R) CPU E5-2698 v3 @ 2.30GHz
hostid: 10916887366929678835
PassMark Single Thread Benchmark: 1981
Time factor: 0.99 (baseline 2000)
Instance: C2_2_7
Standardized Time limit: 1800 secs
Local Machine Time Limit: 1817 secs
Base solution: 2026.420
BKS: 1842.2
Optimal: 1
Fri 14 Jan 2022 06:35:31 PM CST
timestamp: 1642156531
Solution value, local machine time, standardized time
2006.9 0.024 0.024
2005.9 0.024 0.024
2000.7 0.024 0.024
1992.3 0.024 0.024
1990.4 0.025 0.025
1984.1 0.027 0.027
1983.4 0.027 0.027
1982.3 0.028 0.028
1979.1 0.028 0.028
1977.9 0.028 0.028
1976.7 0.029 0.029
1975.6 0.029 0.029
1974.3 0.030 0.030
1972.0 0.032 0.032
1970.7 0.033 0.033
1965.1 0.035 0.035
1964.3 0.037 0.037
1964.0 0.037 0.037
1961.4 0.038 0.038
1960.8 0.038 0.038
1960.0 0.039 0.039
1954.3 0.049 0.049
1949.5 0.049 0.049
1942.0 0.049 0.049
1934.9 0.049 0.049
1933.9 0.049 0.049
1930.7 0.050 0.050
1929.7 0.050 0.050
1929.2 0.051 0.051
1921.8 0.052 0.052
1921.6 0.052 0.052
1919.9 0.053 0.052
1916.9 0.058 0.057
1915.0 0.058 0.057
1914.9 0.061 0.060
1912.6 0.061 0.060
1897.2 0.061 0.060
1895.2 0.069 0.068
1884.5 0.069 0.068
1881.3 0.069 0.068
1881.1 0.069 0.068
1872.8 0.069 0.068
1871.0 0.069 0.068
1869.2 0.077 0.076
1864.2 0.098 0.097
1861.7 0.108 0.107
1847.9 0.162 0.160
1847.5 0.162 0.160
1843.5 0.164 0.162
1842.9 0.299 0.296
1842.8 1.515 1.501
1842.2 2.751 2.725
Primal Integral: 0.0003835987
