12th DIMACS Implementation Challenge: Vehicle Routing
VRPTW track
Controller version: December 13, 2021
Competitor: HustSmart
Ubuntu 21.04
Intel(R) Xeon(R) CPU E5-2698 v3 @ 2.30GHz
hostid: 10916887366929678835
PassMark Single Thread Benchmark: 1981
Time factor: 0.99 (baseline 2000)
Instance: C203
Standardized Time limit: 1800 secs
Local Machine Time Limit: 1817 secs
Base solution: 647.570
BKS: 588.7
Optimal: 1
Fri 14 Jan 2022 06:34:29 PM CST
timestamp: 1642156469
Solution value, local machine time, standardized time
645.7 0.006 0.006
645.5 0.006 0.006
643.8 0.006 0.006
629.3 0.010 0.010
623.9 0.010 0.010
614.7 0.010 0.010
612.0 0.010 0.010
611.0 0.015 0.015
609.8 0.015 0.015
606.3 0.015 0.015
588.7 0.017 0.017
Primal Integral: 0.0000684484
