12th DIMACS Implementation Challenge: Vehicle Routing
VRPTW track
Controller version: December 13, 2021
Competitor: HustSmart
Ubuntu 21.04
Intel(R) Xeon(R) CPU E5-2698 v3 @ 2.30GHz
hostid: 10916887366929678835
PassMark Single Thread Benchmark: 1981
Time factor: 0.99 (baseline 2000)
Instance: R205
Standardized Time limit: 1800 secs
Local Machine Time Limit: 1817 secs
Base solution: 1044.780
BKS: 949.8
Optimal: 1
Fri 14 Jan 2022 06:34:51 PM CST
timestamp: 1642156491
Solution value, local machine time, standardized time
1041.9 0.045 0.045
1037.3 0.054 0.053
1036.1 0.056 0.055
1032.6 0.056 0.055
1032.5 0.063 0.062
1032.0 0.063 0.062
1031.8 0.063 0.062
1030.4 0.063 0.062
1029.1 0.065 0.064
1026.6 0.068 0.067
1024.1 0.069 0.068
1023.7 0.082 0.081
1023.5 0.084 0.083
1021.3 0.293 0.290
1021.1 0.308 0.305
1021.0 0.310 0.307
1015.3 0.310 0.307
1008.6 0.311 0.308
1003.4 0.319 0.316
999.6 0.319 0.316
999.5 0.326 0.323
998.1 0.330 0.327
997.9 0.330 0.327
997.7 0.367 0.364
994.1 0.369 0.365
992.9 0.410 0.406
988.8 0.410 0.406
986.7 0.410 0.406
986.3 0.411 0.407
982.9 0.411 0.407
962.7 0.420 0.416
958.1 0.429 0.425
957.9 0.429 0.425
955.6 0.430 0.426
955.4 0.626 0.620
954.1 2.450 2.427
953.4 2.450 2.427
953.2 4.471 4.429
952.4 4.472 4.430
951.5 4.473 4.431
949.8 16.069 15.916
Primal Integral: 0.0039186261
