12th DIMACS Implementation Challenge: Vehicle Routing
VRPTW track
Controller version: December 13, 2021
Competitor: HustSmart
Ubuntu 21.04
Intel(R) Xeon(R) CPU E5-2698 v3 @ 2.30GHz
hostid: 10916887366929678835
PassMark Single Thread Benchmark: 1981
Time factor: 0.99 (baseline 2000)
Instance: R102
Standardized Time limit: 1800 secs
Local Machine Time Limit: 1817 secs
Base solution: 1613.260
BKS: 1466.6
Optimal: 1
Mon 14 Feb 2022 08:41:34 PM CST
timestamp: 1644842494
Solution value, local machine time, standardized time
1577.6 0.007 0.007
1563.6 0.009 0.009
1516.4 0.010 0.010
1511.1 0.011 0.011
1498.3 0.012 0.012
1485.3 0.014 0.014
1483.9 0.015 0.015
1482.5 0.017 0.017
1479.0 0.023 0.023
1473.3 0.033 0.033
1472.2 0.034 0.034
1469.3 0.046 0.046
1468.1 0.048 0.048
1466.6 0.059 0.058
Primal Integral: 0.0000708487
