12th DIMACS Implementation Challenge: Vehicle Routing
VRPTW track
Controller version: December 13, 2021
Competitor: HustSmart
Ubuntu 21.04
Intel(R) Xeon(R) CPU E5-2698 v3 @ 2.30GHz
hostid: 10916887366929678835
PassMark Single Thread Benchmark: 1981
Time factor: 0.99 (baseline 2000)
Instance: C1_4_1
Standardized Time limit: 3600 secs
Local Machine Time Limit: 3635 secs
Base solution: 7852.680
BKS: 7138.8
Optimal: 1
Mon 14 Feb 2022 07:53:51 PM CST
timestamp: 1644839631
Solution value, local machine time, standardized time
7841.2 0.052 0.052
7836.9 0.054 0.053
7573.7 0.056 0.055
7544.1 0.059 0.058
7540.4 0.063 0.062
7533.1 0.065 0.064
7510.7 0.066 0.065
7498.7 0.067 0.066
7487.4 0.069 0.068
7476.0 0.070 0.069
7447.6 0.071 0.070
7446.9 0.072 0.071
7416.1 0.074 0.073
7405.8 0.075 0.074
7370.9 0.076 0.075
7312.8 0.077 0.076
7252.8 0.078 0.077
7248.0 0.080 0.079
7238.8 0.084 0.083
7227.3 0.088 0.087
7192.0 0.092 0.091
7154.2 0.118 0.117
7143.2 0.119 0.118
7143.0 0.140 0.139
7138.8 0.141 0.140
Primal Integral: 0.0001942073
