12th DIMACS Implementation Challenge: Vehicle Routing
VRPTW track
Controller version: December 13, 2021
Competitor: HustSmart
Ubuntu 21.04
Intel(R) Xeon(R) CPU E5-2698 v3 @ 2.30GHz
hostid: 10916887366929678835
PassMark Single Thread Benchmark: 1981
Time factor: 0.99 (baseline 2000)
Instance: R2_10_9
Standardized Time limit: 7200 secs
Local Machine Time Limit: 7269 secs
Base solution: 35315.390
BKS: 32104.9
Optimal: 0
Fri 14 Jan 2022 09:32:40 AM CST
timestamp: 1642123960
Solution value, local machine time, standardized time
35304.6 14.961 14.819
35304.2 14.962 14.820
35298.7 14.963 14.821
35283.8 14.964 14.822
35281.6 15.061 14.918
35278.2 15.213 15.068
35254.8 15.419 15.273
35244.1 15.840 15.690
35241.9 15.923 15.772
35224.7 16.193 16.039
35223.7 16.194 16.040
35222.8 16.224 16.070
35220.1 16.225 16.071
35219.9 16.226 16.072
35217.3 16.227 16.073
35203.0 16.273 16.118
35155.8 16.349 16.194
35153.7 16.350 16.195
35153.1 16.880 16.720
35151.1 16.881 16.721
35142.1 17.099 16.937
35052.8 18.279 18.105
35039.1 18.280 18.106
35016.9 18.283 18.109
35015.4 18.296 18.122
35013.7 18.297 18.123
35010.8 18.298 18.124
34996.3 18.299 18.125
34994.0 18.299 18.125
34993.9 18.300 18.126
34980.6 18.301 18.127
34976.3 18.316 18.142
34971.9 18.500 18.324
34964.6 18.501 18.325
34964.5 18.779 18.601
34963.3 18.874 18.695
34953.9 18.878 18.699
34942.2 18.901 18.721
34940.8 18.910 18.730
34931.8 18.944 18.764
34931.5 18.956 18.776
34925.2 19.006 18.825
34921.2 19.007 18.826
34915.1 19.027 18.846
34910.7 19.090 18.909
34896.6 19.091 18.910
34891.3 19.092 18.911
34890.5 19.093 18.912
34883.4 19.174 18.992
34880.6 19.175 18.993
34879.7 19.181 18.999
34877.2 19.182 19.000
34876.8 19.214 19.031
34875.0 19.220 19.037
34874.5 19.221 19.038
34870.6 19.282 19.099
34870.4 19.305 19.122
34870.3 19.306 19.123
34870.1 19.478 19.293
34869.5 19.479 19.294
34867.0 19.956 19.766
34864.8 19.963 19.773
34851.1 19.964 19.774
34840.4 19.996 19.806
34836.1 20.131 19.940
34828.7 20.132 19.941
34824.8 20.133 19.942
34809.5 20.134 19.943
34799.4 20.326 20.133
34795.6 20.348 20.155
34783.7 20.440 20.246
34749.7 20.441 20.247
34708.4 20.534 20.339
34675.9 20.588 20.392
34675.2 20.589 20.393
34674.6 20.590 20.394
34661.8 20.591 20.395
34651.6 20.592 20.396
34635.4 20.592 20.396
34633.9 20.593 20.397
34631.3 20.594 20.398
34630.7 20.609 20.413
34624.0 20.613 20.417
34611.8 20.700 20.503
34611.7 20.885 20.687
34611.5 20.966 20.767
34599.9 21.090 20.890
34592.2 21.091 20.891
34589.7 21.092 20.892
34588.0 21.135 20.934
34585.3 21.620 21.415
34572.9 21.691 21.485
34561.0 21.820 21.613
34522.4 21.821 21.614
34516.6 21.831 21.624
34512.3 21.930 21.722
34504.7 21.934 21.726
34502.3 21.935 21.727
34480.9 21.936 21.728
34471.5 21.937 21.729
34456.2 21.938 21.730
34449.6 21.939 21.731
34447.1 23.179 22.959
34446.5 23.184 22.964
34442.1 23.185 22.965
34440.6 23.186 22.966
34407.8 23.230 23.009
34405.3 23.255 23.034
34402.9 23.288 23.067
34402.4 23.289 23.068
34399.6 23.290 23.069
34363.3 23.594 23.370
34358.0 23.836 23.610
34353.7 23.837 23.611
34351.2 23.838 23.612
34344.2 23.918 23.691
34343.1 23.919 23.692
34334.6 24.039 23.811
34330.8 24.394 24.162
34329.6 25.285 25.045
34317.2 25.291 25.051
34305.4 25.347 25.106
34304.8 25.432 25.190
34302.7 26.284 26.034
34299.6 26.503 26.251
34299.2 26.940 26.684
34298.0 27.287 27.028
34297.7 27.315 27.056
34295.8 27.577 27.315
34294.3 27.607 27.345
34293.9 27.650 27.387
34292.4 28.576 28.305
34292.3 28.578 28.307
34289.8 28.625 28.353
34273.7 28.671 28.399
34259.6 28.672 28.400
34257.3 29.169 28.892
34257.0 29.257 28.979
34255.1 30.076 29.790
34225.9 30.077 29.791
34214.5 30.252 29.965
34209.2 30.256 29.969
34208.4 30.257 29.970
34206.0 30.475 30.185
34150.5 30.481 30.191
34132.2 30.482 30.192
34130.2 30.483 30.193
34127.0 30.484 30.194
34088.5 30.485 30.195
34071.1 30.486 30.196
34065.3 30.487 30.197
34063.6 30.539 30.249
34058.3 30.544 30.254
34053.9 30.599 30.308
34053.7 30.684 30.393
34051.5 31.526 31.227
34046.9 31.755 31.453
34043.2 31.953 31.649
34039.6 32.119 31.814
34036.7 32.506 32.197
34024.7 33.307 32.991
34024.1 33.343 33.026
34022.3 33.441 33.123
34020.4 33.450 33.132
34018.6 33.619 33.300
34016.1 33.661 33.341
34010.3 33.772 33.451
34009.6 33.896 33.574
34008.2 36.228 35.884
34008.1 36.430 36.084
33997.8 36.456 36.110
33995.8 36.457 36.111
33990.0 36.736 36.387
33989.3 37.071 36.719
33985.7 41.066 40.676
33983.3 41.098 40.708
33982.9 41.099 40.709
33980.7 41.100 40.710
33976.3 41.104 40.714
33975.9 41.220 40.828
33975.3 42.245 41.844
33942.3 58.902 58.342
33942.2 58.903 58.343
33942.1 58.992 58.432
33938.0 59.017 58.456
33936.7 59.045 58.484
33936.5 59.054 58.493
33936.4 59.055 58.494
33935.0 59.141 58.579
33927.9 59.227 58.664
33925.1 59.228 58.665
33924.7 59.229 58.666
33924.3 59.455 58.890
33917.6 59.456 58.891
33908.0 59.457 58.892
33905.4 59.467 58.902
33905.2 59.468 58.903
33893.2 59.469 58.904
33877.4 59.481 58.916
33868.5 59.482 58.917
33868.1 59.483 58.918
33863.7 59.484 58.919
33861.6 59.572 59.006
33856.7 59.586 59.020
33854.5 59.637 59.070
33838.8 59.699 59.132
33838.6 59.700 59.133
33838.0 59.980 59.410
33837.9 60.011 59.441
33836.8 60.136 59.565
33832.7 60.137 59.566
33830.7 60.741 60.164
33820.2 60.742 60.165
33819.4 60.743 60.166
33818.6 60.930 60.351
33802.4 60.931 60.352
33801.5 60.963 60.384
33799.3 61.016 60.436
33798.4 61.238 60.656
33796.7 62.058 61.468
33796.5 62.163 61.572
33796.4 62.164 61.573
33796.3 62.623 62.028
33791.6 62.624 62.029
33790.5 62.964 62.366
33790.0 62.965 62.367
33778.8 63.095 62.496
33778.3 63.223 62.622
33775.8 63.415 62.813
33774.9 63.436 62.833
33773.1 63.801 63.195
33771.2 63.920 63.313
33770.4 63.947 63.340
33735.1 64.146 63.537
33734.9 64.147 63.538
33715.8 64.154 63.545
33713.9 64.199 63.589
33706.5 64.239 63.629
33705.7 64.240 63.630
33705.5 64.398 63.786
33705.4 64.399 63.787
33704.3 64.459 63.847
33697.4 64.653 64.039
33697.0 64.654 64.040
33691.1 64.664 64.050
33681.1 65.326 64.705
33676.5 65.340 64.719
33674.0 65.491 64.869
33673.4 65.514 64.892
33670.5 65.654 65.030
33668.3 68.036 67.390
33664.3 68.103 67.456
33663.9 68.219 67.571
33661.7 68.238 67.590
33655.6 68.239 67.591
33655.2 68.240 67.592
33653.2 68.246 67.598
33649.2 68.247 67.599
33649.1 68.280 67.631
33648.4 68.288 67.639
33646.6 68.382 67.732
33642.2 68.400 67.750
33638.5 68.590 67.938
33602.0 68.604 67.952
33601.6 68.604 67.952
33601.1 68.605 67.953
33594.7 68.606 67.954
33594.6 68.625 67.973
33592.7 68.739 68.086
33589.2 68.848 68.194
33581.5 68.871 68.217
33579.7 68.872 68.218
33574.7 68.873 68.219
33573.1 68.908 68.253
33567.0 68.909 68.254
33564.7 69.109 68.452
33564.3 70.190 69.523
33559.8 70.262 69.595
33559.7 70.263 69.596
33557.1 70.264 69.596
33553.1 70.275 69.607
33552.7 70.276 69.608
33549.5 70.391 69.722
33548.3 135.684 134.395
33548.0 135.726 134.437
33547.7 135.768 134.478
33545.3 135.782 134.492
33526.0 135.841 134.551
33525.5 135.921 134.630
33518.7 136.252 134.958
33517.9 136.354 135.059
33516.0 136.355 135.060
33510.1 136.359 135.064
33510.0 136.639 135.341
33466.7 136.664 135.366
33466.3 136.665 135.367
33459.7 136.798 135.498
33459.1 136.801 135.501
33456.9 138.025 136.714
33455.5 138.027 136.716
33450.6 138.440 137.125
33441.2 139.661 138.334
33440.9 139.703 138.376
33434.1 139.832 138.504
33419.0 139.965 138.635
33413.8 140.131 138.800
33413.7 140.193 138.861
33409.3 140.394 139.060
33405.0 140.570 139.235
33401.1 140.571 139.236
33399.4 140.617 139.281
33394.5 144.420 143.048
33390.9 184.935 183.178
33388.9 185.039 183.281
33382.0 185.644 183.880
33381.3 185.650 183.886
33374.6 185.915 184.149
33365.8 189.624 187.823
33361.7 189.943 188.139
33356.9 190.085 188.279
33355.0 190.843 189.030
33354.7 190.848 189.035
33342.8 281.064 278.394
33319.8 281.136 278.465
33316.9 284.909 282.202
33316.1 285.903 283.187
33314.3 285.904 283.188
33314.1 285.905 283.189
33313.3 285.906 283.190
33308.0 286.363 283.643
33301.4 286.365 283.645
33296.1 288.604 285.862
33291.8 289.841 287.088
33290.0 290.125 287.369
33272.8 290.293 287.535
33268.4 290.294 287.536
33260.9 290.295 287.537
33247.7 291.576 288.806
33243.3 291.923 289.150
33238.9 291.931 289.158
33232.5 292.604 289.824
33219.6 292.605 289.825
33210.7 293.407 290.620
33205.7 293.408 290.621
33197.3 293.826 291.035
33193.0 294.973 292.171
33189.4 294.979 292.177
33188.3 294.999 292.197
33186.8 295.186 292.382
33186.4 295.190 292.386
33184.0 295.194 292.390
33182.8 295.611 292.803
33182.6 296.596 293.778
33142.6 296.998 294.177
33137.3 297.312 294.488
33135.5 297.317 294.492
33133.3 297.317 294.492
33132.7 297.319 294.494
33132.4 297.319 294.494
33126.6 297.368 294.543
33117.9 297.369 294.544
33117.3 297.370 294.545
33117.1 297.371 294.546
33116.2 297.372 294.547
33072.9 297.373 294.548
33072.3 297.374 294.549
33059.6 297.375 294.550
33059.4 297.375 294.550
33056.1 297.376 294.551
33052.9 297.377 294.552
33049.2 297.378 294.553
32993.9 297.379 294.554
32978.0 297.380 294.555
32963.5 297.383 294.558
32961.1 297.385 294.560
32903.4 298.040 295.209
32897.6 298.658 295.821
32882.2 298.659 295.822
32876.4 299.205 296.363
32875.8 299.232 296.389
32872.8 299.626 296.780
32843.8 299.787 296.939
32841.2 300.215 297.363
32838.0 300.250 297.398
32809.5 300.837 297.979
32806.4 301.413 298.550
32801.6 302.484 299.610
32775.9 302.959 300.081
32765.7 305.065 302.167
32757.9 305.074 302.176
32757.7 305.663 302.759
32747.5 305.862 302.956
32714.5 305.864 302.958
32704.7 306.056 303.148
32694.5 306.350 303.440
32692.0 306.432 303.521
32679.1 306.703 303.789
32665.7 306.827 303.912
32664.5 307.091 304.174
32664.3 307.215 304.296
32655.0 307.220 304.301
32643.8 307.408 304.488
32643.6 307.546 304.624
32643.0 307.765 304.841
32642.8 307.870 304.945
32640.0 310.161 307.214
32628.8 311.555 308.595
32617.2 312.258 309.292
32614.4 312.802 309.830
32604.8 312.917 309.944
32603.0 313.117 310.142
32602.1 313.118 310.143
32599.9 313.210 310.235
32594.4 314.357 311.371
32593.5 319.676 316.639
32575.5 333.569 330.400
32566.6 333.605 330.436
32560.5 333.659 330.489
32557.3 334.145 330.971
32555.6 334.237 331.062
32512.1 334.712 331.532
32511.7 334.713 331.533
32510.8 335.339 332.153
32501.9 337.789 334.580
32497.8 337.937 334.727
32497.5 338.023 334.812
32495.9 341.959 338.710
32495.2 341.960 338.711
32494.3 343.346 340.084
32484.7 357.748 354.349
32465.8 357.749 354.350
32454.4 357.758 354.359
32432.1 357.805 354.406
32432.0 357.994 354.593
32428.5 359.120 355.708
32428.4 359.122 355.710
32421.1 359.516 356.101
32418.1 379.685 376.078
32415.0 379.696 376.089
32414.3 379.758 376.150
32407.8 379.786 376.178
32402.0 379.853 376.244
32399.4 379.854 376.245
32398.7 379.938 376.329
32392.6 380.058 376.447
32391.9 380.711 377.094
32389.5 380.712 377.095
32388.5 399.919 396.120
32388.2 400.008 396.208
32378.6 400.915 397.106
32371.9 420.597 416.601
32357.9 420.610 416.614
32354.8 420.611 416.615
32348.1 420.635 416.639
32337.4 443.177 438.967
32333.5 443.177 438.967
Primal Integral: 0.8871852393
