12th DIMACS Implementation Challenge: Vehicle Routing
VRPTW track
Controller version: December 13, 2021
Competitor: HustSmart
Ubuntu 21.04
Intel(R) Xeon(R) CPU E5-2698 v3 @ 2.30GHz
hostid: 10916887366929678835
PassMark Single Thread Benchmark: 1981
Time factor: 0.99 (baseline 2000)
Instance: RC104
Standardized Time limit: 1800 secs
Local Machine Time Limit: 1817 secs
Base solution: 1245.530
BKS: 1132.3
Optimal: 1
Mon 14 Feb 2022 08:37:23 PM CST
timestamp: 1644842243
Solution value, local machine time, standardized time
1229.5 0.015 0.015
1206.8 0.017 0.017
1203.1 0.021 0.021
1202.5 0.045 0.045
1198.6 0.047 0.047
1195.2 0.049 0.049
1194.8 0.061 0.060
1183.9 0.066 0.065
1180.3 0.068 0.067
1179.5 0.078 0.077
1175.5 0.094 0.093
1173.5 0.192 0.190
1172.8 0.195 0.193
1168.1 0.196 0.194
1158.2 0.315 0.312
1157.6 0.327 0.324
1157.5 0.362 0.359
1157.3 0.484 0.479
1156.7 0.494 0.489
1155.0 0.496 0.491
1154.2 0.672 0.666
1153.4 0.673 0.667
1153.1 0.674 0.668
1150.7 0.701 0.694
1149.6 0.704 0.697
1147.3 0.723 0.716
1146.2 0.726 0.719
1145.5 0.741 0.734
1144.9 1.155 1.144
1137.0 2.635 2.610
1134.4 7.789 7.715
1133.3 8.507 8.426
1132.6 9.214 9.126
1132.3 14.335 14.199
Primal Integral: 0.0037480080
