12th DIMACS Implementation Challenge: Vehicle Routing
VRPTW track
Controller version: December 13, 2021
Competitor: HustSmart
Ubuntu 21.04
Intel(R) Xeon(R) CPU E5-2698 v3 @ 2.30GHz
hostid: 10916887366929678835
PassMark Single Thread Benchmark: 1981
Time factor: 0.99 (baseline 2000)
Instance: RC106
Standardized Time limit: 1800 secs
Local Machine Time Limit: 1817 secs
Base solution: 1509.970
BKS: 1372.7
Optimal: 1
Mon 14 Feb 2022 08:37:08 PM CST
timestamp: 1644842228
Solution value, local machine time, standardized time
1495.8 0.019 0.019
1493.4 0.020 0.020
1474.6 0.033 0.033
1474.0 0.037 0.037
1465.4 0.039 0.039
1463.4 0.040 0.040
1458.7 0.043 0.043
1455.0 0.063 0.062
1454.8 0.071 0.070
1453.7 0.092 0.091
1452.4 0.102 0.101
1440.4 0.103 0.102
1438.7 0.110 0.109
1431.8 0.122 0.121
1430.2 0.131 0.130
1428.4 0.135 0.134
1424.7 0.146 0.145
1419.9 0.178 0.176
1419.0 0.189 0.187
1417.2 0.199 0.197
1410.4 0.237 0.235
1410.1 0.262 0.260
1406.2 0.396 0.392
1406.0 0.609 0.603
1405.3 0.622 0.616
1404.2 0.910 0.901
1400.7 1.012 1.002
1398.1 1.029 1.019
1397.6 1.106 1.095
1396.2 1.502 1.488
1395.8 1.507 1.493
1393.3 1.625 1.610
1391.8 3.284 3.253
1385.6 3.371 3.339
1384.4 3.931 3.894
1383.9 3.940 3.903
1380.3 3.944 3.907
1379.7 3.948 3.910
1378.0 3.982 3.944
1375.8 4.362 4.321
1373.9 4.374 4.332
1372.7 47.547 47.095
Primal Integral: 0.0062479999
