12th DIMACS Implementation Challenge: Vehicle Routing
VRPTW track
Controller version: December 13, 2021
Competitor: HustSmart
Ubuntu 21.04
Intel(R) Xeon(R) CPU E5-2698 v3 @ 2.30GHz
hostid: 10916887366929678835
PassMark Single Thread Benchmark: 1981
Time factor: 0.99 (baseline 2000)
Instance: C1_2_1
Standardized Time limit: 1800 secs
Local Machine Time Limit: 1817 secs
Base solution: 2968.460
BKS: 2698.6
Optimal: 1
Thu 13 Jan 2022 11:56:11 PM CST
timestamp: 1642089371
Solution value, local machine time, standardized time
2965.3 0.031 0.031
2964.4 0.031 0.031
2911.6 0.031 0.031
2884.0 0.031 0.031
2874.6 0.031 0.031
2827.8 0.032 0.032
2814.8 0.035 0.035
2812.1 0.035 0.035
2810.3 0.035 0.035
2794.2 0.035 0.035
2793.2 0.036 0.036
2792.0 0.036 0.036
2785.2 0.036 0.036
2768.0 0.036 0.036
2764.6 0.036 0.036
2751.4 0.036 0.036
2704.6 0.036 0.036
2701.4 0.040 0.040
2700.0 7.130 7.062
2698.6 7.132 7.064
Primal Integral: 0.0005911143
