12th DIMACS Implementation Challenge: Vehicle Routing
VRPTW track
Controller version: December 13, 2021
Competitor: HustSmart
Ubuntu 21.04
Intel(R) Xeon(R) CPU E5-2698 v3 @ 2.30GHz
hostid: 10916887366929678835
PassMark Single Thread Benchmark: 1981
Time factor: 0.99 (baseline 2000)
Instance: C205
Standardized Time limit: 1800 secs
Local Machine Time Limit: 1817 secs
Base solution: 645.040
BKS: 586.4
Optimal: 1
Mon 14 Feb 2022 08:41:48 PM CST
timestamp: 1644842508
Solution value, local machine time, standardized time
623.8 0.011 0.011
609.3 0.015 0.015
606.8 0.016 0.016
586.4 0.035 0.035
Primal Integral: 0.0001141750
