12th DIMACS Implementation Challenge: Vehicle Routing
VRPTW track
Controller version: December 13, 2021
Competitor: HustSmart
Ubuntu 21.04
Intel(R) Xeon(R) CPU E5-2698 v3 @ 2.30GHz
hostid: 10916887366929678835
PassMark Single Thread Benchmark: 1981
Time factor: 0.99 (baseline 2000)
Instance: C2_2_7
Standardized Time limit: 1800 secs
Local Machine Time Limit: 1817 secs
Base solution: 2026.420
BKS: 1842.2
Optimal: 1
Thu 13 Jan 2022 11:56:30 PM CST
timestamp: 1642089390
Solution value, local machine time, standardized time
1988.3 0.026 0.026
1985.5 0.026 0.026
1982.5 0.026 0.026
1974.9 0.026 0.026
1961.1 0.026 0.026
1954.9 0.027 0.027
1954.8 0.027 0.027
1953.3 0.027 0.027
1951.0 0.027 0.027
1949.4 0.027 0.027
1949.2 0.027 0.027
1948.2 0.027 0.027
1938.1 0.027 0.027
1935.0 0.028 0.028
1934.4 0.028 0.028
1933.6 0.028 0.028
1932.4 0.034 0.034
1929.9 0.034 0.034
1928.7 0.042 0.042
1928.2 0.043 0.043
1926.7 0.053 0.052
1926.6 0.053 0.052
1924.0 0.054 0.053
1911.2 0.054 0.053
1908.9 0.054 0.053
1903.7 0.054 0.053
1895.1 0.055 0.054
1892.1 0.055 0.054
1891.1 0.055 0.054
1887.7 0.055 0.054
1879.5 0.055 0.054
1864.9 0.058 0.057
1860.6 0.064 0.063
1859.5 0.064 0.063
1858.4 0.065 0.064
1858.2 0.065 0.064
1857.3 0.066 0.065
1854.9 0.066 0.065
1854.2 0.066 0.065
1852.7 0.075 0.074
1852.2 0.076 0.075
1849.5 0.077 0.076
1847.8 0.077 0.076
1846.9 0.077 0.076
1846.1 0.077 0.076
1844.5 0.077 0.076
1843.8 0.077 0.076
1842.2 0.092 0.091
Primal Integral: 0.0002320541
