12th DIMACS Implementation Challenge: Vehicle Routing
VRPTW track
Controller version: December 13, 2021
Competitor: HustSmart
Ubuntu 21.04
Intel(R) Xeon(R) CPU E5-2698 v3 @ 2.30GHz
hostid: 10916887366929678835
PassMark Single Thread Benchmark: 1981
Time factor: 0.99 (baseline 2000)
Instance: R112
Standardized Time limit: 1800 secs
Local Machine Time Limit: 1817 secs
Base solution: 1043.790
BKS: 948.9
Optimal: 1
Thu 13 Jan 2022 11:55:42 PM CST
timestamp: 1642089342
Solution value, local machine time, standardized time
1040.1 0.015 0.015
1039.5 0.015 0.015
1037.2 0.015 0.015
1034.0 0.015 0.015
1032.8 0.016 0.016
1032.7 0.016 0.016
1032.6 0.016 0.016
1030.6 0.016 0.016
1029.8 0.020 0.020
1028.3 0.020 0.020
1028.0 0.020 0.020
1026.5 0.022 0.022
1025.5 0.022 0.022
1023.7 0.023 0.023
1013.9 0.027 0.027
1013.8 0.033 0.033
1012.4 0.033 0.033
1012.1 0.033 0.033
1010.3 0.033 0.033
1010.2 0.039 0.039
1009.6 0.040 0.040
1008.1 0.040 0.040
1006.8 0.047 0.047
1004.4 0.047 0.047
1003.6 0.065 0.064
1000.7 0.066 0.065
978.0 0.131 0.130
977.7 0.143 0.142
972.0 0.212 0.210
970.9 0.213 0.211
967.7 0.214 0.212
967.3 0.431 0.427
966.9 0.431 0.427
965.8 0.454 0.450
965.4 0.455 0.451
965.2 1.505 1.491
961.4 1.508 1.494
961.3 1.508 1.494
959.5 4.044 4.006
958.6 4.136 4.097
958.4 9.487 9.397
954.8 9.744 9.651
953.9 9.803 9.710
953.8 176.664 174.986
953.2 176.664 174.986
952.3 176.665 174.987
950.9 225.030 222.892
Primal Integral: 0.2495149266
