12th DIMACS Implementation Challenge: Vehicle Routing
VRPTW track
Controller version: December 13, 2021
Competitor: HustSmart
Ubuntu 21.04
Intel(R) Xeon(R) CPU E5-2698 v3 @ 2.30GHz
hostid: 10916887366929678835
PassMark Single Thread Benchmark: 1981
Time factor: 0.99 (baseline 2000)
Instance: RC1_4_6
Standardized Time limit: 3600 secs
Local Machine Time Limit: 3635 secs
Base solution: 8963.570
BKS: 8148.7
Optimal: 0
Mon 14 Feb 2022 06:01:44 PM CST
timestamp: 1644832904
Solution value, local machine time, standardized time
8952.6 0.144 0.143
8942.1 0.160 0.158
8915.7 0.162 0.160
8911.3 0.181 0.179
8878.4 0.182 0.180
8868.3 0.183 0.181
8836.4 0.187 0.185
8830.2 0.193 0.191
8828.7 0.194 0.192
8828.4 0.195 0.193
8827.1 0.202 0.200
8817.4 0.207 0.205
8806.2 0.217 0.215
8786.9 0.220 0.218
8773.4 0.222 0.220
8772.5 0.223 0.221
8769.7 0.258 0.256
8761.1 0.259 0.257
8757.7 0.261 0.259
8756.1 0.280 0.277
8747.7 0.318 0.315
8742.3 0.330 0.327
8738.3 0.331 0.328
8734.5 0.359 0.356
8724.5 0.480 0.475
8724.2 0.491 0.486
8723.4 0.497 0.492
8721.9 0.509 0.504
8693.4 0.530 0.525
8692.4 0.531 0.526
8684.7 0.541 0.536
8683.9 0.542 0.537
8679.8 0.555 0.550
8672.3 0.557 0.552
8665.3 0.557 0.552
8665.0 0.573 0.568
8663.6 0.592 0.586
8660.5 0.602 0.596
8651.8 0.646 0.640
8646.9 0.687 0.680
8644.0 0.692 0.685
8642.1 0.693 0.686
8635.3 0.709 0.702
8632.4 0.772 0.765
8619.3 0.773 0.766
8618.7 0.805 0.797
8611.7 0.816 0.808
8607.9 0.821 0.813
8605.1 0.874 0.866
8602.2 0.884 0.876
8602.0 0.901 0.892
8596.0 0.920 0.911
8592.9 0.939 0.930
8591.6 0.945 0.936
8591.2 0.952 0.943
8579.8 0.968 0.959
8572.1 1.029 1.019
8570.7 1.030 1.020
8569.9 1.067 1.057
8568.6 1.068 1.058
8565.1 1.083 1.073
8564.1 1.086 1.076
8562.7 1.120 1.109
8561.9 1.128 1.117
8560.5 1.151 1.140
8558.8 1.153 1.142
8537.4 1.173 1.162
8535.2 1.255 1.243
8522.1 1.261 1.249
8521.9 1.263 1.251
8520.7 1.333 1.320
8519.6 1.452 1.438
8519.5 1.496 1.482
8514.2 1.680 1.664
8514.0 1.688 1.672
8509.1 1.729 1.713
8508.6 1.740 1.723
8502.1 1.804 1.787
8501.1 1.836 1.819
8497.6 1.838 1.821
8497.3 1.915 1.897
8494.2 1.947 1.929
8489.5 2.027 2.008
8484.6 2.041 2.022
8480.7 2.052 2.033
8480.4 2.063 2.043
8479.3 2.115 2.095
8477.0 2.291 2.269
8475.3 2.306 2.284
8474.4 2.310 2.288
8474.3 2.332 2.310
8474.1 2.374 2.351
8473.0 2.443 2.420
8467.3 2.477 2.453
8466.9 2.572 2.548
8461.8 2.658 2.633
8461.2 2.659 2.634
8460.6 2.902 2.874
8459.8 2.935 2.907
8458.2 3.027 2.998
8445.4 3.088 3.059
8442.3 3.125 3.095
8435.0 3.237 3.206
8433.2 3.267 3.236
8431.9 3.445 3.412
8424.5 3.650 3.615
8412.0 3.701 3.666
8404.0 3.748 3.712
8392.8 4.246 4.206
8392.2 34.535 34.207
8379.7 34.548 34.220
8370.6 35.644 35.305
8370.5 35.646 35.307
8366.8 36.472 36.126
8366.3 36.648 36.300
8364.6 36.716 36.367
8360.1 37.623 37.266
8359.5 37.848 37.488
8358.8 38.094 37.732
8355.2 38.808 38.439
8354.3 40.547 40.162
8347.4 41.896 41.498
8344.6 41.930 41.532
8342.5 42.110 41.710
8341.2 42.192 41.791
8340.5 43.616 43.202
8328.4 43.622 43.208
8328.0 43.673 43.258
8308.0 43.855 43.438
8305.1 43.907 43.490
8299.3 44.629 44.205
8297.4 44.686 44.261
8296.8 44.724 44.299
8296.4 45.075 44.647
8295.9 57.267 56.723
8293.6 63.264 62.663
8283.6 63.290 62.689
8283.2 63.304 62.703
8282.8 63.389 62.787
8282.5 63.390 62.788
8282.1 63.413 62.811
8278.8 73.995 73.292
8278.3 82.820 82.033
8277.7 82.845 82.058
8273.3 84.339 83.538
8272.5 84.341 83.540
8272.0 84.401 83.599
8271.3 84.427 83.625
8270.3 84.428 83.626
8270.0 84.438 83.636
8261.4 84.448 83.646
8260.8 84.449 83.647
8257.3 84.457 83.655
8256.8 86.224 85.405
8256.4 86.339 85.519
8254.9 86.340 85.520
8254.5 86.819 85.994
8253.2 87.047 86.220
8252.3 92.106 91.231
8251.4 99.207 98.265
8251.3 102.400 101.427
8238.9 104.332 103.341
8236.5 110.596 109.545
8233.1 260.007 257.537
8232.1 260.009 257.539
8230.9 261.440 258.956
8228.0 261.451 258.967
8226.6 264.628 262.114
8220.5 269.907 267.343
8220.1 270.609 268.038
8219.8 287.568 284.836
8219.5 288.509 285.768
8217.9 296.367 293.552
8217.8 297.960 295.129
8217.5 300.125 297.274
8217.0 300.299 297.446
8216.7 303.652 300.767
8216.6 311.055 308.100
8214.3 321.332 318.279
8214.1 321.333 318.280
8213.8 329.925 326.791
8213.0 429.531 425.450
8212.1 429.895 425.811
8208.9 466.122 461.694
8208.7 466.138 461.710
8208.6 466.140 461.712
8207.0 470.943 466.469
8204.5 473.451 468.953
8203.8 474.949 470.437
8203.3 480.217 475.655
8203.2 480.846 476.278
8199.8 487.056 482.429
8198.9 498.488 493.752
8196.8 666.163 659.834
8196.0 666.621 660.288
8195.7 689.296 682.748
8195.6 689.412 682.863
8193.7 701.542 694.877
8193.6 702.203 695.532
8193.0 706.709 699.995
8192.7 714.277 707.491
8192.2 714.414 707.627
8191.8 726.732 719.828
8191.0 727.159 720.251
8190.3 883.713 875.318
8188.0 885.707 877.293
8187.6 889.827 881.374
Primal Integral: 0.5832277818
