12th DIMACS Implementation Challenge: Vehicle Routing
VRPTW track
Controller version: December 13, 2021
Competitor: HustSmart
Ubuntu 21.04
Intel(R) Xeon(R) CPU E5-2698 v3 @ 2.30GHz
hostid: 10916887366929678835
PassMark Single Thread Benchmark: 1981
Time factor: 0.99 (baseline 2000)
Instance: C1_8_9
Standardized Time limit: 3600 secs
Local Machine Time Limit: 3635 secs
Base solution: 26620.440
BKS: 24200.4
Optimal: 0
Mon 14 Feb 2022 01:58:21 PM CST
timestamp: 1644818301
Solution value, local machine time, standardized time
26604.1 0.576 0.571
26591.6 0.578 0.573
26589.4 0.579 0.573
26546.9 0.582 0.576
26479.6 0.596 0.590
26463.4 0.598 0.592
26449.1 0.599 0.593
26448.7 0.608 0.602
26322.6 0.615 0.609
26257.8 0.616 0.610
26244.6 0.627 0.621
26241.1 0.638 0.632
26212.5 0.639 0.633
26114.0 0.640 0.634
26099.6 0.657 0.651
26065.2 0.659 0.653
26013.8 0.662 0.656
26011.6 0.671 0.665
25990.5 0.673 0.667
25990.2 0.674 0.668
25988.7 0.676 0.670
25986.6 0.678 0.672
25984.3 0.679 0.673
25983.4 0.681 0.675
25971.8 0.685 0.678
25955.2 0.699 0.692
25954.6 0.713 0.706
25954.5 0.714 0.707
25951.8 0.716 0.709
25946.9 0.717 0.710
25944.2 0.719 0.712
25941.4 0.729 0.722
25925.4 0.730 0.723
25925.0 0.732 0.725
25886.1 0.736 0.729
25877.1 0.738 0.731
25833.7 0.749 0.742
25832.8 0.759 0.752
25797.1 0.760 0.753
25794.7 0.770 0.763
25769.2 0.793 0.785
25754.6 0.798 0.790
25728.8 0.814 0.806
25701.0 0.816 0.808
25700.8 0.820 0.812
25700.6 0.822 0.814
25651.6 0.834 0.826
25650.7 0.854 0.846
25647.4 0.855 0.847
25607.1 0.858 0.850
25582.0 0.905 0.896
25581.6 0.910 0.901
25538.4 0.920 0.911
25537.1 0.921 0.912
25532.5 0.924 0.915
25529.8 0.932 0.923
25440.4 0.935 0.926
25440.0 0.936 0.927
25438.1 0.947 0.938
25430.0 1.000 0.991
25428.7 1.021 1.011
25425.8 1.025 1.015
25425.2 1.026 1.016
25417.9 1.117 1.106
25390.3 1.119 1.108
25389.3 1.121 1.110
25376.7 1.123 1.112
25376.0 1.141 1.130
25375.8 1.147 1.136
25359.0 1.165 1.154
25358.5 1.182 1.171
25348.3 1.187 1.176
25346.3 1.188 1.177
25342.7 1.190 1.179
25304.5 1.221 1.209
25295.2 1.253 1.241
25293.0 1.262 1.250
25291.3 1.265 1.253
25285.2 1.302 1.290
25285.0 1.313 1.301
25282.7 1.329 1.316
25278.7 1.330 1.317
25278.1 1.351 1.338
25274.5 1.352 1.339
25255.2 1.365 1.352
25253.8 1.370 1.357
25246.5 1.374 1.361
25209.2 1.376 1.363
25194.1 1.377 1.364
25158.2 1.384 1.371
25153.4 1.386 1.373
25148.3 1.398 1.385
25145.0 1.399 1.386
25141.6 1.404 1.391
25140.6 1.406 1.393
25113.4 1.415 1.402
25111.9 1.417 1.404
25111.5 1.464 1.450
25110.3 1.471 1.457
25094.5 1.476 1.462
25047.4 1.486 1.472
25028.1 1.488 1.474
25022.0 1.489 1.475
25021.1 1.492 1.478
25020.4 1.505 1.491
25020.1 1.506 1.492
25019.1 1.583 1.568
25018.7 1.599 1.584
25013.4 1.621 1.606
25004.1 1.644 1.628
25000.1 1.653 1.637
24999.5 1.661 1.645
24995.8 1.784 1.767
24995.4 1.827 1.810
24994.8 1.836 1.819
24994.4 2.010 1.991
24993.0 2.014 1.995
24989.4 2.054 2.034
24958.5 2.064 2.044
24958.2 2.065 2.045
24932.1 2.123 2.103
24929.4 2.141 2.121
24912.6 2.193 2.172
24862.3 2.194 2.173
24860.8 2.199 2.178
24859.8 2.209 2.188
24859.1 2.217 2.196
24843.1 2.396 2.373
24841.3 2.445 2.422
24839.8 2.449 2.426
24839.2 2.481 2.457
24837.1 2.568 2.544
24807.7 2.581 2.556
24803.8 2.582 2.557
24794.9 2.584 2.559
24793.8 2.650 2.625
24792.9 2.733 2.707
24766.7 2.801 2.774
24747.9 2.896 2.868
24735.7 2.955 2.927
24734.2 2.957 2.929
24734.0 2.997 2.969
24731.8 3.015 2.986
24728.9 3.018 2.989
24728.4 3.451 3.418
24726.9 3.586 3.552
24725.8 3.596 3.562
24721.0 3.597 3.563
24720.4 3.649 3.614
24720.2 3.819 3.783
24715.7 4.231 4.191
24708.4 4.386 4.344
24699.7 4.492 4.449
24691.7 4.627 4.583
24691.6 4.651 4.607
24690.5 4.654 4.610
24683.3 4.680 4.636
24682.2 4.704 4.659
24681.1 4.822 4.776
24680.5 4.823 4.777
24675.3 4.871 4.825
24674.6 5.006 4.958
24674.4 5.169 5.120
24671.4 5.324 5.273
24667.6 5.388 5.337
24666.6 5.621 5.568
24664.5 5.648 5.594
24663.7 5.696 5.642
24663.6 5.698 5.644
24663.2 5.949 5.892
24660.6 6.221 6.162
24659.8 6.255 6.196
24653.5 6.814 6.749
24652.1 7.062 6.995
24649.8 7.129 7.061
24640.3 7.668 7.595
24639.4 7.669 7.596
24638.9 7.707 7.634
24637.8 7.733 7.660
24630.1 8.009 7.933
24593.1 8.231 8.153
24585.9 8.342 8.263
24585.5 8.369 8.289
24584.9 8.434 8.354
24584.1 8.439 8.359
24582.9 8.634 8.552
24582.1 8.833 8.749
24581.9 9.271 9.183
24578.6 9.502 9.412
24559.7 9.527 9.436
24559.6 9.528 9.437
24558.6 9.594 9.503
24557.8 9.729 9.637
24556.7 9.793 9.700
24556.1 10.696 10.594
24528.4 10.991 10.887
24527.2 11.792 11.680
24526.7 12.027 11.913
24508.4 22.266 22.054
24507.7 22.829 22.612
24505.2 23.166 22.946
24504.6 23.439 23.216
24499.5 23.446 23.223
24499.3 23.789 23.563
24498.4 23.800 23.574
24492.8 23.942 23.715
24492.7 24.228 23.998
24492.3 24.719 24.484
24490.2 24.732 24.497
24489.4 24.901 24.664
24486.3 24.969 24.732
24483.6 25.316 25.075
24483.5 25.637 25.393
24482.6 26.612 26.359
24480.4 55.233 54.708
24479.5 123.927 122.750
24478.4 137.367 136.062
24474.5 139.973 138.643
24469.7 139.976 138.646
24459.6 140.976 139.637
24458.6 140.990 139.651
24455.3 142.838 141.481
24454.7 143.722 142.357
24453.2 143.855 142.488
24452.3 144.782 143.407
24452.0 144.783 143.408
24450.6 146.860 145.465
24450.2 146.861 145.466
24448.9 148.749 147.336
24448.3 148.931 147.516
24448.1 149.155 147.738
24447.0 150.476 149.046
24444.9 150.479 149.049
24444.3 150.648 149.217
24444.2 151.342 149.904
24438.6 152.958 151.505
24438.3 152.999 151.546
24438.0 153.519 152.061
24430.5 154.421 152.954
24430.2 154.463 152.996
24430.0 155.934 154.453
24429.7 156.404 154.918
24429.2 158.350 156.846
24418.7 166.853 165.268
24413.1 167.469 165.878
24400.1 167.716 166.123
24397.6 167.718 166.125
24390.9 167.752 166.158
24388.0 170.634 169.013
24383.9 170.683 169.062
24383.7 170.775 169.153
24373.6 170.812 169.189
24371.9 173.439 171.791
24369.9 173.963 172.310
24368.9 174.067 172.413
24367.9 174.102 172.448
24366.8 174.104 172.450
24364.8 174.197 172.542
24364.6 175.855 174.184
24364.0 175.885 174.214
24363.7 176.230 174.556
24362.9 177.462 175.776
24362.5 192.410 190.582
24362.4 193.909 192.067
24362.2 193.910 192.068
24362.0 195.556 193.698
24356.5 195.648 193.789
24355.7 195.650 193.791
24352.5 195.851 193.990
24349.0 196.165 194.301
24348.7 196.310 194.445
24348.4 196.802 194.932
24348.2 196.890 195.020
24340.0 196.933 195.062
24338.1 197.486 195.610
24326.2 205.080 203.132
24324.1 205.125 203.176
24322.9 205.701 203.747
24321.4 205.702 203.748
24321.1 214.280 212.244
24320.7 214.368 212.332
24319.1 214.400 212.363
24318.9 230.234 228.047
24318.7 241.836 239.539
24313.6 244.847 242.521
24313.3 245.592 243.259
24312.9 245.781 243.446
24311.7 247.173 244.825
24311.5 249.424 247.054
24304.4 377.142 373.559
24303.2 377.373 373.788
24302.8 377.476 373.890
24301.9 377.868 374.278
24301.2 393.670 389.930
24300.9 393.692 389.952
24300.7 393.806 390.065
24300.2 394.364 390.618
24299.3 395.857 392.096
24299.1 396.637 392.869
24299.0 398.291 394.507
24296.6 413.344 409.417
24288.5 645.036 638.908
24284.8 680.270 673.807
24284.5 871.417 863.139
24283.5 1925.522 1907.230
24281.0 1955.369 1936.793
24275.3 1955.535 1936.957
Primal Integral: 0.3843408428
