12th DIMACS Implementation Challenge: Vehicle Routing
VRPTW track
Controller version: December 13, 2021
Competitor: HustSmart
Ubuntu 21.04
Intel(R) Xeon(R) CPU E5-2698 v3 @ 2.30GHz
hostid: 10916887366929678835
PassMark Single Thread Benchmark: 1981
Time factor: 0.99 (baseline 2000)
Instance: RC2_6_8
Standardized Time limit: 3600 secs
Local Machine Time Limit: 3635 secs
Base solution: 10802.000
BKS: 9820.0
Optimal: 0
Fri 14 Jan 2022 04:30:56 AM CST
timestamp: 1642105856
Solution value, local machine time, standardized time
10801.9 1.991 1.972
10800.2 1.992 1.973
10793.5 2.018 1.999
10792.3 2.018 1.999
10789.3 2.019 2.000
10788.5 2.148 2.128
10788.0 2.152 2.132
10786.9 2.152 2.132
10786.7 2.153 2.133
10765.7 2.171 2.150
10748.2 2.171 2.150
10743.7 2.172 2.151
10726.1 2.172 2.151
10725.5 2.254 2.233
10725.3 2.255 2.234
10724.4 2.255 2.234
10722.7 2.256 2.235
10722.5 2.256 2.235
10719.4 2.256 2.235
10718.2 2.257 2.236
10717.6 2.260 2.239
10716.4 2.261 2.240
10714.9 2.269 2.247
10713.2 2.334 2.312
10708.4 2.336 2.314
10707.4 2.336 2.314
10706.3 2.337 2.315
10705.8 2.338 2.316
10704.1 2.338 2.316
10703.0 2.339 2.317
10702.6 2.339 2.317
10695.6 2.340 2.318
10694.5 2.340 2.318
10693.3 2.341 2.319
10680.4 2.341 2.319
10677.6 2.342 2.320
10677.5 2.342 2.320
10677.0 2.364 2.342
10676.2 2.365 2.343
10671.0 2.481 2.457
10670.9 2.489 2.465
10670.1 2.490 2.466
10668.1 2.490 2.466
10665.8 2.491 2.467
10665.2 2.491 2.467
10663.8 2.505 2.481
10661.9 2.506 2.482
10661.7 2.506 2.482
10642.0 2.514 2.490
10641.1 2.532 2.508
10640.8 2.542 2.518
10638.9 2.577 2.553
10638.5 2.591 2.566
10633.5 2.592 2.567
10633.3 2.592 2.567
10631.8 2.593 2.568
10621.0 2.594 2.569
10617.6 2.594 2.569
10616.3 2.596 2.571
10610.2 2.600 2.575
10608.3 2.600 2.575
10608.1 2.601 2.576
10608.0 2.616 2.591
10606.9 2.622 2.597
10606.6 2.623 2.598
10606.5 2.623 2.598
10600.3 2.660 2.635
10600.1 2.660 2.635
10599.2 3.003 2.974
10597.1 3.004 2.975
10596.9 3.086 3.057
10596.0 3.087 3.058
10594.9 3.087 3.058
10594.6 3.088 3.059
10594.1 3.088 3.059
10593.7 3.093 3.064
10593.2 3.094 3.065
10592.7 3.094 3.065
10588.7 3.108 3.078
10587.0 3.116 3.086
10586.4 3.198 3.168
10586.2 3.199 3.169
10585.2 3.199 3.169
10584.8 3.200 3.170
10540.4 3.255 3.224
10538.3 3.535 3.501
10523.7 3.571 3.537
10523.3 3.572 3.538
10522.9 3.675 3.640
10522.3 3.683 3.648
10520.8 3.683 3.648
10519.1 3.684 3.649
10514.3 3.710 3.675
10511.9 3.711 3.676
10509.6 3.711 3.676
10508.9 3.712 3.677
10501.3 3.712 3.677
10498.6 3.713 3.678
10498.3 3.713 3.678
10497.4 3.714 3.679
10497.3 3.714 3.679
10497.2 3.715 3.680
10496.7 3.715 3.680
10495.1 3.716 3.681
10492.4 3.721 3.686
10492.2 3.743 3.707
10492.1 4.036 3.998
10481.6 4.042 4.004
10480.3 4.043 4.005
10478.5 4.043 4.005
10475.2 4.044 4.006
10473.6 4.044 4.006
10473.3 4.045 4.007
10472.2 4.045 4.007
10469.3 4.046 4.008
10468.8 4.046 4.008
10467.9 4.047 4.009
10460.0 4.049 4.011
10459.4 4.055 4.016
10455.2 4.082 4.043
10454.8 4.083 4.044
10452.1 4.083 4.044
10445.0 4.170 4.130
10437.4 4.711 4.666
10428.4 4.712 4.667
10428.2 5.439 5.387
10426.5 5.439 5.387
10425.8 5.491 5.439
10422.0 5.492 5.440
10421.2 5.550 5.497
10420.2 5.550 5.497
10419.8 5.578 5.525
10418.3 5.578 5.525
10418.2 5.579 5.526
10417.0 5.600 5.547
10413.4 5.600 5.547
10412.1 5.603 5.550
10410.8 5.607 5.554
10410.4 5.655 5.601
10409.7 5.656 5.602
10408.7 5.656 5.602
10408.3 5.728 5.674
10398.4 5.732 5.678
10395.1 5.745 5.690
10387.5 5.756 5.701
10387.0 5.756 5.701
10384.9 5.757 5.702
10383.9 5.757 5.702
10383.7 5.758 5.703
10383.5 5.760 5.705
10381.2 6.086 6.028
10380.9 6.113 6.055
10380.4 6.113 6.055
10380.3 6.200 6.141
10374.3 6.220 6.161
10363.0 6.521 6.459
10362.4 6.521 6.459
10313.9 6.522 6.460
10312.2 6.523 6.461
10311.8 6.523 6.461
10309.3 6.529 6.467
10308.3 6.530 6.468
10305.8 6.617 6.554
10284.5 6.618 6.555
10262.4 6.678 6.615
10250.5 6.679 6.616
10249.4 6.780 6.716
10247.3 6.955 6.889
10246.9 6.964 6.898
10246.8 6.979 6.913
10246.5 6.989 6.923
10245.3 6.990 6.924
10245.0 6.990 6.924
10244.8 7.207 7.139
10244.3 7.208 7.140
10241.6 7.243 7.174
10241.5 7.247 7.178
10238.8 7.293 7.224
10238.7 7.316 7.246
10237.8 7.322 7.252
10236.5 7.384 7.314
10236.1 7.385 7.315
10231.4 7.385 7.315
10229.3 7.432 7.361
10228.9 7.441 7.370
10225.7 7.446 7.375
10225.6 7.447 7.376
10225.2 8.454 8.374
10223.6 8.455 8.375
10222.6 8.462 8.382
10219.6 8.539 8.458
10216.1 8.559 8.478
10205.2 8.559 8.478
10204.3 8.642 8.560
10203.0 8.643 8.561
10202.6 9.086 9.000
10201.9 9.087 9.001
10198.5 9.558 9.467
10196.4 9.559 9.468
10194.8 11.554 11.444
10194.2 11.575 11.465
10193.2 11.576 11.466
10192.9 11.579 11.469
10192.8 11.579 11.469
10192.2 11.580 11.470
10191.5 11.672 11.561
10190.3 11.935 11.822
10189.9 11.936 11.823
10189.8 11.936 11.823
10188.0 11.937 11.824
10185.8 12.126 12.011
10184.8 12.127 12.012
10184.0 12.137 12.022
10182.6 12.138 12.023
10182.0 12.441 12.323
10181.9 12.487 12.368
10181.0 12.488 12.369
10180.7 12.954 12.831
10180.2 12.969 12.846
10180.1 13.589 13.460
10179.7 13.608 13.479
10141.8 13.920 13.788
10141.1 13.940 13.808
10138.8 13.944 13.812
10116.8 13.944 13.812
10116.7 14.047 13.914
10115.5 14.047 13.914
10115.1 14.074 13.940
10114.1 14.087 13.953
10111.7 14.198 14.063
10111.0 14.202 14.067
10110.8 14.265 14.129
10110.3 14.283 14.147
10109.9 14.283 14.147
10108.8 14.284 14.148
10107.5 14.284 14.148
10105.3 14.460 14.323
10103.9 14.547 14.409
10103.2 14.548 14.410
10102.7 14.599 14.460
10101.4 14.599 14.460
10098.0 14.617 14.478
10097.2 14.623 14.484
10097.1 14.660 14.521
10095.6 23.330 23.108
10093.8 23.336 23.114
10084.8 23.343 23.121
10082.3 23.344 23.122
10081.9 23.344 23.122
10080.8 23.345 23.123
10080.5 23.345 23.123
10079.9 23.346 23.124
10079.7 23.346 23.124
10079.3 23.347 23.125
10077.7 23.416 23.194
10076.4 23.423 23.200
10074.4 23.424 23.201
10072.8 23.447 23.224
10072.7 23.448 23.225
10068.8 23.448 23.225
10065.8 23.449 23.226
10065.6 23.574 23.350
10063.8 23.576 23.352
10063.7 23.577 23.353
10061.7 23.612 23.388
10061.5 23.778 23.552
10059.7 23.779 23.553
10053.2 23.780 23.554
10052.4 23.783 23.557
10051.9 23.783 23.557
10050.1 23.784 23.558
10046.0 23.793 23.567
10045.6 23.796 23.570
10043.9 23.973 23.745
10042.8 23.974 23.746
10040.0 24.015 23.787
10037.4 24.019 23.791
10029.2 24.020 23.792
10028.2 24.508 24.275
10027.9 24.551 24.318
10027.5 24.552 24.319
10027.2 24.553 24.320
10026.4 24.553 24.320
10026.3 24.554 24.321
10024.8 24.554 24.321
10024.0 24.568 24.335
10023.2 24.569 24.336
10021.6 24.581 24.347
10021.5 24.582 24.348
10019.0 24.694 24.459
10018.9 25.386 25.145
10018.5 25.389 25.148
10017.8 25.417 25.176
10016.9 25.417 25.176
10016.1 28.484 28.213
10015.8 28.772 28.499
10014.1 28.773 28.500
10013.5 29.931 29.647
10013.1 154.233 152.768
10012.7 154.234 152.769
10010.5 154.235 152.770
10010.3 154.700 153.230
10009.6 154.700 153.230
10006.3 155.436 153.959
10004.2 155.951 154.469
10000.3 156.415 154.929
9998.7 157.074 155.582
9998.5 157.687 156.189
9996.9 157.849 156.349
9995.4 158.188 156.685
9995.1 159.192 157.680
9995.0 159.698 158.181
9990.5 164.245 162.685
9989.9 166.014 164.437
9986.6 173.700 172.050
9986.2 173.804 172.153
9985.4 173.809 172.158
9985.0 173.868 172.216
9976.1 186.090 184.322
9968.9 186.251 184.482
9968.8 186.252 184.483
9968.4 186.253 184.484
9958.4 186.253 184.484
9953.9 195.245 193.390
9952.1 195.274 193.419
9951.7 195.290 193.435
9947.1 195.318 193.462
9944.8 195.392 193.536
9943.6 195.392 193.536
9942.4 208.805 206.821
9940.8 208.806 206.822
9939.6 208.806 206.822
9939.2 2028.579 2009.307
9938.1 2028.579 2009.307
9936.7 2047.579 2028.127
9936.6 2084.685 2064.880
Primal Integral: 1.2585917241
