12th DIMACS Implementation Challenge: Vehicle Routing
VRPTW track
Controller version: December 13, 2021
Competitor: HustSmart
Ubuntu 21.04
Intel(R) Xeon(R) CPU E5-2698 v3 @ 2.30GHz
hostid: 10916887366929678835
PassMark Single Thread Benchmark: 1981
Time factor: 0.99 (baseline 2000)
Instance: C1_2_10
Standardized Time limit: 1800 secs
Local Machine Time Limit: 1817 secs
Base solution: 2887.170
BKS: 2624.7
Optimal: 1
Sun 06 Feb 2022 05:41:09 PM CST
timestamp: 1644140469
Solution value, local machine time, standardized time
2865.8 0.071 0.070
2844.6 0.105 0.104
2832.4 0.106 0.105
2829.4 0.108 0.107
2817.0 0.109 0.108
2811.9 0.113 0.112
2805.9 0.114 0.113
2802.3 0.116 0.115
2784.6 0.119 0.118
2762.0 0.121 0.120
2761.7 0.122 0.121
2761.2 0.126 0.125
2760.5 0.128 0.127
2759.7 0.129 0.128
2758.4 0.131 0.130
2742.7 0.139 0.138
2723.2 0.140 0.139
2686.9 0.143 0.142
2679.7 0.144 0.143
2673.6 0.150 0.149
2668.2 0.152 0.151
2661.0 0.203 0.201
2660.1 0.204 0.202
2659.4 0.254 0.252
2658.7 0.256 0.254
2657.5 0.314 0.311
2657.3 0.316 0.313
2655.7 0.360 0.357
2653.4 0.408 0.404
2649.1 0.463 0.459
2649.0 0.550 0.545
2648.8 0.648 0.642
2647.6 0.649 0.643
2647.2 1.184 1.173
2646.9 1.185 1.174
2646.6 1.223 1.211
2645.2 1.868 1.850
2644.7 2.288 2.266
2643.7 2.952 2.924
2637.6 2.954 2.926
2637.5 2.955 2.927
2637.1 3.014 2.985
2636.5 3.015 2.986
2636.3 3.764 3.728
2633.4 4.120 4.081
2632.4 4.121 4.082
2631.3 4.413 4.371
2627.2 18.880 18.701
2625.8 67.615 66.973
2624.7 68.044 67.398
Primal Integral: 0.0069468532
