12th DIMACS Implementation Challenge: Vehicle Routing
VRPTW track
Controller version: December 13, 2021
Competitor: HustSmart
Ubuntu 21.04
Intel(R) Xeon(R) CPU E5-2698 v3 @ 2.30GHz
hostid: 10916887366929678835
PassMark Single Thread Benchmark: 1981
Time factor: 0.99 (baseline 2000)
Instance: R103
Standardized Time limit: 1800 secs
Local Machine Time Limit: 1817 secs
Base solution: 1329.570
BKS: 1208.7
Optimal: 1
Sun 06 Feb 2022 05:51:34 PM CST
timestamp: 1644141094
Solution value, local machine time, standardized time
1325.1 0.015 0.015
1318.8 0.016 0.016
1307.4 0.018 0.018
1272.4 0.019 0.019
1272.1 0.022 0.022
1268.2 0.023 0.023
1247.0 0.025 0.025
1244.3 0.026 0.026
1244.1 0.027 0.027
1243.3 0.028 0.028
1242.5 0.030 0.030
1240.9 0.031 0.031
1238.9 0.046 0.046
1236.3 0.047 0.047
1230.5 0.049 0.049
1217.6 0.050 0.050
1213.8 0.056 0.055
1212.6 0.697 0.690
1210.0 1.499 1.485
1209.5 1.501 1.487
1208.7 1.514 1.500
Primal Integral: 0.0004513964
