12th DIMACS Implementation Challenge: Vehicle Routing
VRPTW track
Controller version: December 13, 2021
Competitor: HustSmart
Ubuntu 21.04
Intel(R) Xeon(R) CPU E5-2698 v3 @ 2.30GHz
hostid: 10916887366929678835
PassMark Single Thread Benchmark: 1981
Time factor: 0.99 (baseline 2000)
Instance: R2_2_4
Standardized Time limit: 1800 secs
Local Machine Time Limit: 1817 secs
Base solution: 2121.350
BKS: 1928.5
Optimal: 1
Sun 06 Feb 2022 05:17:47 PM CST
timestamp: 1644139067
Solution value, local machine time, standardized time
2114.4 0.213 0.211
2097.5 0.215 0.213
2096.9 0.218 0.216
2095.8 0.222 0.220
2092.4 0.224 0.222
2090.8 0.226 0.224
2089.4 0.228 0.226
2080.2 0.230 0.228
2065.2 0.236 0.234
2043.9 0.239 0.237
2043.8 0.323 0.320
2042.9 0.324 0.321
2042.1 0.334 0.331
2039.4 0.366 0.363
2031.3 0.395 0.391
2029.5 0.553 0.548
2029.1 0.918 0.909
2024.7 1.468 1.454
2021.1 1.471 1.457
2017.6 1.492 1.478
2016.9 1.498 1.484
2016.7 1.500 1.486
2011.0 1.515 1.501
1992.6 1.516 1.502
1981.4 1.517 1.503
1979.4 1.519 1.505
1978.7 1.532 1.517
1978.1 1.537 1.522
1977.6 1.550 1.535
1976.7 1.551 1.536
1973.0 2.707 2.681
1972.4 2.708 2.682
1970.0 2.777 2.751
1968.2 2.801 2.774
1964.2 26.482 26.230
1950.9 26.638 26.385
1947.8 26.851 26.596
1945.8 31.414 31.116
1942.8 39.689 39.312
1942.4 39.690 39.313
1932.8 39.724 39.347
1932.7 39.960 39.580
1930.3 40.128 39.747
1928.8 40.129 39.748
1928.5 41.743 41.346
Primal Integral: 0.0405707502
