12th DIMACS Implementation Challenge: Vehicle Routing
VRPTW track
Controller version: December 13, 2021
Competitor: HustSmart
Ubuntu 21.04
Intel(R) Xeon(R) CPU E5-2698 v3 @ 2.30GHz
hostid: 10916887366929678835
PassMark Single Thread Benchmark: 1981
Time factor: 0.99 (baseline 2000)
Instance: C2_2_2
Standardized Time limit: 1800 secs
Local Machine Time Limit: 1817 secs
Base solution: 2036.540
BKS: 1851.4
Optimal: 1
Sun 06 Feb 2022 05:40:17 PM CST
timestamp: 1644140417
Solution value, local machine time, standardized time
2031.6 0.050 0.050
2001.7 0.051 0.051
1987.0 0.052 0.052
1983.0 0.054 0.053
1975.4 0.055 0.054
1975.1 0.057 0.056
1974.4 0.060 0.059
1973.2 0.071 0.070
1973.1 0.072 0.071
1948.6 0.073 0.072
1947.0 0.087 0.086
1935.7 0.088 0.087
1928.5 0.098 0.097
1927.7 0.099 0.098
1917.0 0.101 0.100
1913.9 0.109 0.108
1908.5 0.127 0.126
1903.8 0.128 0.127
1900.3 0.561 0.556
1884.8 0.564 0.559
1881.3 0.566 0.561
1878.2 0.616 0.610
1871.6 0.647 0.641
1869.3 0.648 0.642
1868.8 0.650 0.644
1866.3 0.651 0.645
1865.7 0.657 0.651
1863.2 0.698 0.691
1861.3 0.702 0.695
1857.9 0.707 0.700
1855.9 0.708 0.701
1854.9 1.836 1.819
1851.4 1.838 1.821
Primal Integral: 0.0014154844
