12th DIMACS Implementation Challenge: Vehicle Routing
VRPTW track
Controller version: December 13, 2021
Competitor: HustSmart
Ubuntu 21.04
Intel(R) Xeon(R) CPU E5-2698 v3 @ 2.30GHz
hostid: 10916887366929678835
PassMark Single Thread Benchmark: 1981
Time factor: 0.99 (baseline 2000)
Instance: R206
Standardized Time limit: 1800 secs
Local Machine Time Limit: 1817 secs
Base solution: 963.490
BKS: 875.9
Optimal: 1
Sun 06 Feb 2022 05:44:24 PM CST
timestamp: 1644140664
Solution value, local machine time, standardized time
960.1 0.033 0.033
954.4 0.034 0.034
948.0 0.035 0.035
947.0 0.037 0.037
944.9 0.039 0.039
939.4 0.040 0.040
937.9 0.041 0.041
926.0 0.048 0.048
924.0 0.050 0.050
898.8 0.051 0.051
896.4 0.054 0.053
885.2 0.056 0.055
884.0 0.057 0.056
883.5 0.058 0.057
882.5 0.070 0.069
881.8 0.071 0.070
880.5 0.078 0.077
880.1 0.090 0.089
879.9 0.742 0.735
875.9 453.471 449.163
Primal Integral: 0.1142176346
