12th DIMACS Implementation Challenge: Vehicle Routing
VRPTW track
Controller version: December 13, 2021
Competitor: HustSmart
Ubuntu 21.04
Intel(R) Xeon(R) CPU E5-2698 v3 @ 2.30GHz
hostid: 10916887366929678835
PassMark Single Thread Benchmark: 1981
Time factor: 0.99 (baseline 2000)
Instance: C2_8_9
Standardized Time limit: 3600 secs
Local Machine Time Limit: 3635 secs
Base solution: 12254.440
BKS: 11140.4
Optimal: 0
Sun 06 Feb 2022 11:04:43 AM CST
timestamp: 1644116683
Solution value, local machine time, standardized time
12215.2 7.320 7.250
12210.1 7.323 7.253
12208.5 7.361 7.291
12208.4 7.362 7.292
12208.2 7.410 7.340
12205.5 7.411 7.341
12202.1 7.412 7.342
12199.6 7.414 7.344
12198.1 7.447 7.376
12185.2 7.449 7.378
12179.7 7.504 7.433
12177.8 7.519 7.448
12177.0 7.566 7.494
12172.3 7.590 7.518
12168.9 7.592 7.520
12162.8 7.598 7.526
12154.3 7.626 7.554
12140.1 7.628 7.556
12139.3 7.631 7.559
12133.2 7.633 7.560
12130.9 7.830 7.756
12130.0 7.833 7.759
12127.8 7.889 7.814
12127.7 7.969 7.893
12127.3 8.096 8.019
12127.0 8.101 8.024
12125.3 8.826 8.742
12108.5 8.828 8.744
12107.7 8.931 8.846
12105.5 9.047 8.961
12105.4 9.108 9.021
12105.3 9.290 9.202
12105.1 9.335 9.246
12104.9 10.127 10.031
12099.9 10.131 10.035
12066.9 14.364 14.228
12064.1 14.367 14.231
12063.6 14.373 14.236
12063.2 14.374 14.237
12059.0 14.392 14.255
12056.7 14.394 14.257
12039.0 14.457 14.320
12038.1 14.459 14.322
12033.8 14.474 14.336
12030.3 14.475 14.337
12029.5 14.504 14.366
12028.8 14.506 14.368
12028.1 14.577 14.439
12027.5 14.657 14.518
12024.1 14.661 14.522
12022.6 14.778 14.638
12020.8 14.903 14.761
12017.9 14.917 14.775
12016.9 14.982 14.840
12014.4 15.028 14.885
12013.7 15.029 14.886
12011.8 15.061 14.918
12010.6 15.112 14.968
12010.5 15.177 15.033
12009.6 15.302 15.157
12007.3 16.000 15.848
12001.7 16.003 15.851
11982.5 16.031 15.879
11975.7 16.033 15.881
11974.8 16.059 15.906
11973.8 16.063 15.910
11970.6 16.098 15.945
11969.9 16.267 16.112
11958.6 16.364 16.209
11958.5 17.293 17.129
11957.2 17.909 17.739
11949.4 18.107 17.935
11947.5 18.109 17.937
11935.9 18.137 17.965
11924.3 18.140 17.968
11922.4 18.182 18.009
11921.9 18.295 18.121
11919.8 18.298 18.124
11919.7 18.698 18.520
11917.7 19.324 19.140
11916.8 25.545 25.302
11916.7 25.555 25.312
11911.2 25.556 25.313
11910.9 25.743 25.498
11910.5 25.808 25.563
11908.8 25.809 25.564
11907.9 26.315 26.065
11907.6 26.337 26.087
11907.5 26.882 26.627
11899.9 31.357 31.059
11897.9 31.427 31.128
11877.1 31.428 31.129
11876.4 31.444 31.145
11875.6 31.491 31.192
11874.8 31.492 31.193
11874.6 31.804 31.502
11872.8 31.987 31.683
11861.0 32.061 31.756
11843.3 32.063 31.758
11842.2 32.117 31.812
11837.4 32.119 31.814
11835.8 32.145 31.840
11833.3 32.198 31.892
11833.0 32.202 31.896
11832.3 32.210 31.904
11831.1 32.214 31.908
11830.7 32.249 31.943
11829.1 32.250 31.944
11828.9 32.316 32.009
11827.3 32.491 32.182
11815.8 32.492 32.183
11814.7 32.693 32.382
11809.3 32.843 32.531
11808.6 32.844 32.532
11808.1 33.079 32.765
11807.9 33.289 32.973
11805.7 33.376 33.059
11803.1 33.605 33.286
11796.8 33.608 33.289
11796.7 33.699 33.379
11796.1 33.726 33.406
11793.7 33.954 33.631
11785.0 33.956 33.633
11784.4 34.104 33.780
11782.1 34.332 34.006
11779.3 34.333 34.007
11778.4 34.642 34.313
11776.5 34.644 34.315
11776.2 34.718 34.388
11763.6 34.720 34.390
11758.9 34.827 34.496
11758.2 34.853 34.522
11758.1 34.854 34.523
11758.0 34.933 34.601
11757.8 34.937 34.605
11757.1 35.161 34.827
11754.6 35.165 34.831
11752.6 35.597 35.259
11751.8 35.611 35.273
11751.6 36.985 36.634
11751.0 38.096 37.734
11749.0 38.280 37.916
11747.8 38.713 38.345
11745.9 38.717 38.349
11742.8 39.019 38.648
11741.5 39.380 39.006
11740.7 39.429 39.054
11737.7 39.911 39.532
11731.5 90.724 89.862
11729.9 90.725 89.863
11728.8 90.896 90.032
11724.5 90.899 90.035
11717.3 90.911 90.047
11709.7 90.962 90.098
11703.4 91.070 90.205
11700.7 91.081 90.216
11696.5 91.086 90.221
11695.9 91.543 90.673
11686.3 91.546 90.676
11681.2 91.555 90.685
11671.6 91.556 90.686
11667.0 91.735 90.864
11651.2 91.737 90.865
11640.5 91.817 90.945
11630.3 92.246 91.370
11623.9 92.580 91.700
11621.1 92.581 91.701
11619.6 92.585 91.705
11616.0 92.750 91.869
11580.0 92.752 91.871
11569.6 92.774 91.893
11566.3 92.775 91.894
11558.8 92.992 92.109
11556.6 92.995 92.112
11554.8 92.998 92.115
11530.4 93.000 92.117
11528.0 94.496 93.598
11525.8 94.497 93.599
11524.5 95.037 94.134
11523.4 95.050 94.147
11523.2 95.609 94.701
11521.5 95.610 94.702
11516.7 95.661 94.752
11513.4 95.735 94.826
11511.2 95.767 94.857
11510.3 96.204 95.290
11507.8 96.352 95.437
11506.8 96.902 95.981
11506.2 97.433 96.507
11505.8 97.435 96.509
11504.5 98.094 97.162
11503.8 98.161 97.228
11502.9 98.549 97.613
11502.7 98.797 97.858
11501.3 98.798 97.859
11498.5 99.154 98.212
11498.0 99.528 98.582
11496.3 99.532 98.586
11494.5 99.546 98.600
11494.4 99.551 98.605
11492.7 100.341 99.388
11491.7 100.343 99.390
11487.3 100.793 99.835
11486.8 100.805 99.847
11482.2 101.385 100.422
11481.9 104.680 103.686
11480.6 106.403 105.392
11478.3 109.583 108.542
11460.1 110.846 109.793
11458.9 110.970 109.916
11458.2 110.972 109.918
11455.8 121.589 120.434
11454.3 121.627 120.472
11453.3 121.642 120.486
11451.9 121.643 120.487
11451.4 121.882 120.724
11450.0 123.472 122.299
11448.7 125.538 124.345
11444.8 126.077 124.879
11436.0 128.426 127.206
11432.7 128.429 127.209
11430.8 129.120 127.893
11428.3 129.180 127.953
11425.8 129.184 127.957
11425.5 129.191 127.964
11424.5 129.193 127.966
11422.8 129.214 127.986
11422.2 129.235 128.007
11422.1 132.687 131.426
11418.0 132.691 131.430
11409.2 133.787 132.516
11409.1 133.871 132.599
11407.3 133.887 132.615
11399.7 133.890 132.618
11399.0 133.941 132.669
11398.2 133.947 132.675
11397.1 133.976 132.703
11357.0 133.978 132.705
11354.5 134.012 132.739
11315.9 134.049 132.776
11315.3 134.077 132.803
11313.3 134.093 132.819
11312.7 134.095 132.821
11312.1 134.117 132.843
11307.4 134.159 132.884
11307.2 134.160 132.885
11301.7 134.241 132.966
11300.7 134.244 132.969
11299.7 134.246 132.971
11298.6 134.338 133.062
11297.0 134.344 133.068
11289.5 134.526 133.248
11289.1 134.597 133.318
11284.7 134.599 133.320
11283.8 155.537 154.059
11283.3 166.811 165.226
11282.1 166.814 165.229
11276.8 168.071 166.474
11275.1 170.384 168.765
11274.0 171.258 169.631
11273.9 171.262 169.635
11273.3 171.369 169.741
11272.5 171.372 169.744
11269.3 218.286 216.212
11269.2 218.289 216.215
11264.2 259.631 257.165
11261.6 259.719 257.252
11259.8 259.725 257.258
11259.1 259.726 257.259
11257.9 259.737 257.269
11254.4 259.896 257.427
11253.5 259.901 257.432
11252.8 259.904 257.435
11250.4 260.308 257.835
11249.8 260.310 257.837
11249.3 260.313 257.840
11249.0 260.328 257.855
11248.4 260.332 257.859
11248.0 260.516 258.041
11246.5 260.517 258.042
11246.0 260.519 258.044
11245.4 260.528 258.053
11240.7 260.737 258.260
11238.1 261.075 258.595
11236.2 261.502 259.018
11226.9 261.798 259.311
11223.9 261.800 259.313
11220.4 262.042 259.553
11218.7 262.053 259.563
11215.8 262.065 259.575
11215.5 262.607 260.112
11212.3 262.611 260.116
11211.9 262.765 260.269
11211.4 262.782 260.286
11210.7 262.793 260.296
11207.1 262.806 260.309
11206.1 263.316 260.814
11205.5 263.321 260.819
11205.2 263.324 260.822
11205.1 263.749 261.243
11203.6 263.757 261.251
11203.2 263.787 261.281
11202.7 263.794 261.288
11202.6 263.814 261.308
11202.2 264.253 261.743
11201.3 264.552 262.039
11201.2 265.032 262.514
11200.8 265.037 262.519
11200.6 265.307 262.787
11200.5 265.309 262.789
11200.4 265.415 262.894
11200.3 265.417 262.896
11200.0 265.742 263.217
11193.2 266.394 263.863
11193.1 266.939 264.403
11192.3 267.137 264.599
11185.7 267.157 264.619
11181.5 267.535 264.993
11180.2 267.772 265.228
11178.5 267.844 265.299
11178.4 267.862 265.317
11177.5 267.863 265.318
11176.8 276.421 273.795
11176.6 276.787 274.158
11174.6 276.791 274.161
11163.1 277.532 274.895
11159.7 277.533 274.896
11157.9 277.584 274.947
11155.9 277.621 274.984
11155.8 277.761 275.122
11155.4 277.819 275.180
11155.2 280.395 277.731
11154.8 296.817 293.997
11152.7 296.845 294.025
11152.6 296.846 294.026
11152.5 296.878 294.058
11150.4 296.918 294.097
11149.0 302.105 299.235
11148.6 302.109 299.239
11147.9 998.472 988.987
11147.8 998.476 988.990
Primal Integral: 0.3017372312
