12th DIMACS Implementation Challenge: Vehicle Routing
VRPTW track
Controller version: December 13, 2021
Competitor: HustSmart
Ubuntu 21.04
Intel(R) Xeon(R) CPU E5-2698 v3 @ 2.30GHz
hostid: 10916887366929678835
PassMark Single Thread Benchmark: 1981
Time factor: 0.99 (baseline 2000)
Instance: R106
Standardized Time limit: 1800 secs
Local Machine Time Limit: 1817 secs
Base solution: 1358.060
BKS: 1234.6
Optimal: 1
Sun 06 Feb 2022 05:50:21 PM CST
timestamp: 1644141021
Solution value, local machine time, standardized time
1354.8 0.023 0.023
1336.8 0.024 0.024
1335.8 0.027 0.027
1320.5 0.029 0.029
1303.5 0.030 0.030
1284.8 0.032 0.032
1284.4 0.036 0.036
1282.3 0.037 0.037
1261.2 0.038 0.038
1257.6 0.039 0.039
1251.5 0.041 0.041
1251.1 0.053 0.052
1248.8 0.069 0.068
1248.4 0.073 0.072
1248.1 0.097 0.096
1247.5 0.177 0.175
1247.4 0.180 0.178
1243.0 0.181 0.179
1242.0 0.195 0.193
1240.8 1.102 1.092
1237.3 1.103 1.093
1236.9 1.111 1.100
1235.8 1.552 1.537
1235.7 2.547 2.523
1234.6 2.579 2.554
Primal Integral: 0.0006766465
