12th DIMACS Implementation Challenge: Vehicle Routing
VRPTW track
Controller version: December 13, 2021
Competitor: HustSmart
Ubuntu 21.04
Intel(R) Xeon(R) CPU E5-2698 v3 @ 2.30GHz
hostid: 10916887366929678835
PassMark Single Thread Benchmark: 1981
Time factor: 0.99 (baseline 2000)
Instance: RC2_2_8
Standardized Time limit: 1800 secs
Local Machine Time Limit: 1817 secs
Base solution: 2366.320
BKS: 2151.2
Optimal: 1
Sun 06 Feb 2022 05:08:35 PM CST
timestamp: 1644138515
Solution value, local machine time, standardized time
2352.7 0.089 0.088
2311.6 0.091 0.090
2307.6 0.095 0.094
2298.5 0.096 0.095
2296.4 0.098 0.097
2289.6 0.103 0.102
2281.9 0.104 0.103
2278.9 0.106 0.105
2278.2 0.107 0.106
2278.0 0.109 0.108
2260.4 0.111 0.110
2258.6 0.115 0.114
2257.3 0.120 0.119
2244.3 0.151 0.150
2238.2 0.153 0.152
2228.7 0.154 0.153
2225.1 0.156 0.155
2221.3 0.158 0.156
2220.2 0.170 0.168
2218.5 0.267 0.264
2216.2 0.304 0.301
2215.8 0.305 0.302
2215.5 0.311 0.308
2206.7 0.312 0.309
2206.3 0.315 0.312
2202.7 0.336 0.333
2193.3 0.338 0.335
2192.5 0.426 0.422
2191.1 0.428 0.424
2190.9 0.733 0.726
2187.5 1.001 0.991
2184.2 1.172 1.161
2183.7 1.177 1.166
2182.1 1.178 1.167
2181.6 1.279 1.267
2178.4 1.281 1.269
2172.2 1.311 1.299
2171.3 20.230 20.038
2171.2 20.653 20.457
2171.1 20.654 20.458
2153.5 20.695 20.498
2153.0 20.696 20.499
2152.8 20.710 20.513
2151.2 20.711 20.514
Primal Integral: 0.0123519679
