12th DIMACS Implementation Challenge: Vehicle Routing
VRPTW track
Controller version: December 13, 2021
Competitor: HustSmart
Ubuntu 21.04
Intel(R) Xeon(R) CPU E5-2698 v3 @ 2.30GHz
hostid: 10916887366929678835
PassMark Single Thread Benchmark: 1981
Time factor: 0.99 (baseline 2000)
Instance: R101
Standardized Time limit: 1800 secs
Local Machine Time Limit: 1817 secs
Base solution: 1801.470
BKS: 1637.7
Optimal: 1
Sun 06 Feb 2022 05:51:40 PM CST
timestamp: 1644141100
Solution value, local machine time, standardized time
1749.6 0.015 0.015
1735.4 0.016 0.016
1691.5 0.017 0.017
1691.4 0.019 0.019
1683.3 0.020 0.020
1683.1 0.022 0.022
1681.1 0.029 0.029
1677.6 0.040 0.040
1677.4 0.041 0.041
1676.8 0.041 0.041
1671.7 0.041 0.041
1670.1 0.041 0.041
1668.6 0.042 0.042
1657.2 0.042 0.042
1656.4 0.047 0.047
1652.2 0.287 0.284
1651.7 0.424 0.420
1646.4 0.425 0.421
1645.4 0.430 0.426
1645.1 0.432 0.428
1639.8 0.433 0.429
1639.5 0.440 0.436
1639.4 0.443 0.439
1637.7 0.445 0.441
Primal Integral: 0.0003525049
