12th DIMACS Implementation Challenge: Vehicle Routing
VRPTW track
Controller version: December 13, 2021
Competitor: HustSmart
Ubuntu 21.04
Intel(R) Xeon(R) CPU E5-2698 v3 @ 2.30GHz
hostid: 10916887366929678835
PassMark Single Thread Benchmark: 1981
Time factor: 0.99 (baseline 2000)
Instance: RC201
Standardized Time limit: 1800 secs
Local Machine Time Limit: 1817 secs
Base solution: 1387.980
BKS: 1261.8
Optimal: 1
Sun 06 Feb 2022 05:42:04 PM CST
timestamp: 1644140524
Solution value, local machine time, standardized time
1354.1 0.020 0.020
1310.1 0.021 0.021
1303.0 0.026 0.026
1301.5 0.027 0.027
1295.7 0.034 0.034
1295.4 0.035 0.035
1291.8 0.044 0.044
1290.4 0.045 0.045
1287.7 0.049 0.049
1277.2 0.051 0.051
1277.1 0.095 0.094
1276.4 0.191 0.189
1269.9 0.235 0.233
1266.3 0.236 0.234
1266.0 15.410 15.264
1264.8 15.413 15.267
1264.3 16.303 16.148
1262.8 26.528 26.276
1262.4 34.027 33.704
1262.2 1232.897 1221.184
1261.8 1232.899 1221.186
Primal Integral: 0.0361917983
