12th DIMACS Implementation Challenge: Vehicle Routing
VRPTW track
Controller version: December 13, 2021
Competitor: HustSmart
Ubuntu 21.04
Intel(R) Xeon(R) CPU E5-2698 v3 @ 2.30GHz
hostid: 10916887366929678835
PassMark Single Thread Benchmark: 1981
Time factor: 0.99 (baseline 2000)
Instance: C2_2_9
Standardized Time limit: 1800 secs
Local Machine Time Limit: 1817 secs
Base solution: 1996.500
BKS: 1815.0
Optimal: 1
Sun 06 Feb 2022 05:39:25 PM CST
timestamp: 1644140365
Solution value, local machine time, standardized time
1994.5 0.060 0.059
1993.1 0.062 0.061
1985.9 0.064 0.063
1964.0 0.066 0.065
1963.8 0.068 0.067
1963.0 0.069 0.068
1949.0 0.071 0.070
1947.7 0.074 0.073
1930.4 0.076 0.075
1923.9 0.078 0.077
1907.9 0.080 0.079
1900.7 0.082 0.081
1898.4 0.084 0.083
1896.1 0.085 0.084
1885.4 0.087 0.086
1876.8 0.088 0.087
1875.5 0.096 0.095
1869.7 0.097 0.096
1858.4 0.110 0.109
1858.0 0.132 0.131
1852.3 0.133 0.132
1851.7 0.135 0.134
1847.7 0.141 0.140
1839.0 0.142 0.141
1837.4 0.143 0.142
1837.2 0.146 0.145
1835.6 0.153 0.152
1835.4 0.158 0.156
1834.3 0.163 0.161
1833.8 0.207 0.205
1833.1 0.251 0.249
1830.7 0.282 0.279
1823.7 0.283 0.280
1822.0 0.312 0.309
1820.0 0.315 0.312
1816.7 181.315 179.593
1815.7 181.327 179.604
1815.0 181.328 179.605
Primal Integral: 0.0280456872
