12th DIMACS Implementation Challenge: Vehicle Routing
VRPTW track
Controller version: December 13, 2021
Competitor: HustSmart
Ubuntu 21.04
Intel(R) Xeon(R) CPU E5-2698 v3 @ 2.30GHz
hostid: 10916887366929678835
PassMark Single Thread Benchmark: 1981
Time factor: 0.99 (baseline 2000)
Instance: RC107
Standardized Time limit: 1800 secs
Local Machine Time Limit: 1817 secs
Base solution: 1328.580
BKS: 1207.8
Optimal: 1
Wed 26 Jan 2022 10:31:32 AM CST
timestamp: 1643164292
Solution value, local machine time, standardized time
1328.3 0.026 0.026
1327.4 0.027 0.027
1326.6 0.027 0.027
1324.4 0.027 0.027
1324.1 0.027 0.027
1323.3 0.027 0.027
1323.0 0.027 0.027
1321.8 0.028 0.028
1320.8 0.028 0.028
1319.6 0.028 0.028
1314.4 0.028 0.028
1313.2 0.028 0.028
1308.1 0.028 0.028
1304.8 0.031 0.031
1303.2 0.031 0.031
1302.4 0.036 0.036
1301.2 0.041 0.041
1295.7 0.041 0.041
1292.4 0.041 0.041
1291.3 0.042 0.042
1290.9 0.042 0.042
1289.2 0.044 0.044
1280.1 0.067 0.066
1279.2 0.069 0.068
1276.5 0.075 0.074
1276.4 0.075 0.074
1272.7 0.087 0.086
1272.5 0.087 0.086
1271.4 0.116 0.115
1270.1 0.116 0.115
1264.7 0.117 0.116
1260.7 0.122 0.121
1247.7 0.127 0.126
1247.5 0.131 0.130
1245.5 0.131 0.130
1244.4 0.132 0.131
1242.8 0.144 0.143
1238.6 0.145 0.144
1238.1 0.145 0.144
1232.0 0.145 0.144
1229.6 0.158 0.156
1229.3 1.587 1.572
1228.6 1.591 1.576
1228.5 1.592 1.577
1223.0 1.666 1.650
1221.0 1.730 1.714
1214.7 1.776 1.759
1211.3 2.045 2.026
1209.3 2.057 2.037
1207.8 6.455 6.394
Primal Integral: 0.0024831181
