12th DIMACS Implementation Challenge: Vehicle Routing
VRPTW track
Controller version: December 13, 2021
Competitor: HustSmart
Ubuntu 21.04
Intel(R) Xeon(R) CPU E5-2698 v3 @ 2.30GHz
hostid: 10916887366929678835
PassMark Single Thread Benchmark: 1981
Time factor: 0.99 (baseline 2000)
Instance: R205
Standardized Time limit: 1800 secs
Local Machine Time Limit: 1817 secs
Base solution: 1044.780
BKS: 949.8
Optimal: 1
Wed 26 Jan 2022 10:34:28 AM CST
timestamp: 1643164468
Solution value, local machine time, standardized time
1041.9 0.020 0.020
1032.3 0.020 0.020
1031.5 0.020 0.020
1028.8 0.020 0.020
1028.6 0.020 0.020
1027.9 0.021 0.021
1023.6 0.021 0.021
1022.7 0.021 0.021
1022.6 0.021 0.021
1021.2 0.021 0.021
1007.3 0.023 0.023
1004.9 0.023 0.023
1003.3 0.023 0.023
1003.0 0.023 0.023
999.4 0.023 0.023
996.8 0.024 0.024
995.1 0.098 0.097
991.7 0.098 0.097
991.6 0.098 0.097
990.9 0.179 0.177
988.0 0.277 0.274
987.8 0.305 0.302
986.6 1.020 1.010
984.1 1.020 1.010
982.9 1.021 1.011
980.6 1.022 1.012
978.6 1.027 1.017
976.5 1.027 1.017
974.7 1.027 1.017
974.4 1.027 1.017
963.7 1.028 1.018
961.8 1.030 1.020
961.1 1.030 1.020
956.1 1.050 1.040
955.8 1.168 1.157
955.6 1.168 1.157
955.4 1.177 1.166
953.9 2.629 2.604
953.8 2.630 2.605
953.4 2.630 2.605
949.8 22.981 22.763
Primal Integral: 0.0071840212
