12th DIMACS Implementation Challenge: Vehicle Routing
VRPTW track
Controller version: December 13, 2021
Competitor: HustSmart
Ubuntu 21.04
Intel(R) Xeon(R) CPU E5-2698 v3 @ 2.30GHz
hostid: 10916887366929678835
PassMark Single Thread Benchmark: 1981
Time factor: 0.99 (baseline 2000)
Instance: R1_6_10
Standardized Time limit: 3600 secs
Local Machine Time Limit: 3635 secs
Base solution: 19412.910
BKS: 17648.1
Optimal: 0
Wed 26 Jan 2022 07:20:08 AM CST
timestamp: 1643152808
Solution value, local machine time, standardized time
19396.2 0.886 0.878
19394.5 0.887 0.879
19375.4 0.908 0.899
19371.5 0.908 0.899
19367.2 0.909 0.900
19366.4 0.910 0.901
19363.9 0.910 0.901
19347.1 0.911 0.902
19346.6 0.912 0.903
19344.8 0.912 0.903
19343.7 0.913 0.904
19343.3 0.914 0.905
19342.1 0.914 0.905
19335.9 0.918 0.909
19321.6 0.919 0.910
19314.3 0.932 0.923
19314.0 0.945 0.936
19300.2 0.946 0.937
19291.5 0.947 0.938
19282.0 0.976 0.967
19272.9 0.989 0.980
19256.7 0.990 0.981
19251.9 0.990 0.981
19248.2 0.997 0.988
19245.3 0.997 0.988
19242.7 0.998 0.989
19242.0 0.999 0.990
19239.2 0.999 0.990
19214.3 1.000 0.991
19212.6 1.015 1.005
19211.7 1.015 1.005
19211.5 1.016 1.006
19192.7 1.046 1.036
19189.9 1.094 1.084
19184.2 1.096 1.086
19165.8 1.110 1.099
19163.9 1.110 1.099
19159.1 1.111 1.100
19154.5 1.112 1.101
19134.7 1.112 1.101
19129.4 1.113 1.102
19120.8 1.114 1.103
19119.3 1.114 1.103
19117.6 1.115 1.104
19113.2 1.116 1.105
19109.2 1.116 1.105
19106.2 1.117 1.106
19103.6 1.135 1.124
19094.7 1.135 1.124
19092.1 1.136 1.125
19091.9 1.137 1.126
19090.0 1.138 1.127
19089.9 1.139 1.128
19089.8 1.140 1.129
19088.9 1.140 1.129
19088.4 1.141 1.130
19088.2 1.142 1.131
19085.8 1.142 1.131
19082.5 1.143 1.132
19082.2 1.144 1.133
19082.1 1.146 1.135
19074.5 1.155 1.144
19056.4 1.156 1.145
19041.9 1.165 1.154
19034.7 1.166 1.155
19032.4 1.188 1.177
19031.0 1.189 1.178
19028.4 1.190 1.179
19027.5 1.190 1.179
19027.0 1.191 1.180
19023.8 1.192 1.181
19023.4 1.192 1.181
19022.7 1.193 1.182
19011.7 1.215 1.203
19011.1 1.216 1.204
18999.7 1.250 1.238
18995.1 1.251 1.239
18991.4 1.251 1.239
18991.0 1.252 1.240
18988.0 1.253 1.241
18987.2 1.253 1.241
18985.5 1.264 1.252
18983.2 1.266 1.254
18966.1 1.266 1.254
18965.6 1.267 1.255
18956.1 1.268 1.256
18920.2 1.383 1.370
18919.2 1.384 1.371
18909.1 1.385 1.372
18908.1 1.386 1.373
18900.5 1.387 1.374
18898.0 1.388 1.375
18890.6 1.388 1.375
18890.3 1.389 1.376
18886.4 1.390 1.377
18886.2 1.390 1.377
18885.6 1.391 1.378
18879.1 1.396 1.383
18868.6 1.398 1.385
18855.2 1.402 1.389
18854.8 1.403 1.390
18851.5 1.404 1.391
18849.0 1.404 1.391
18847.2 1.418 1.405
18846.7 1.419 1.406
18837.1 1.420 1.407
18834.6 1.427 1.413
18829.3 1.427 1.413
18796.1 1.429 1.415
18793.0 1.429 1.415
18777.4 1.558 1.543
18773.5 1.559 1.544
18772.5 1.575 1.560
18772.4 1.576 1.561
18770.4 1.576 1.561
18765.9 1.577 1.562
18730.8 1.578 1.563
18729.2 1.578 1.563
18723.9 1.605 1.590
18723.5 1.646 1.630
18721.5 1.647 1.631
18718.9 1.647 1.631
18716.7 1.656 1.640
18715.4 1.763 1.746
18713.7 1.774 1.757
18700.7 1.854 1.836
18695.4 1.854 1.836
18694.0 1.855 1.837
18688.2 1.924 1.906
18684.1 1.925 1.907
18682.4 1.946 1.928
18681.0 1.947 1.929
18680.5 1.969 1.950
18679.9 1.972 1.953
18679.8 1.973 1.954
18671.8 1.985 1.966
18670.0 1.986 1.967
18659.6 1.993 1.974
18657.1 1.993 1.974
18653.4 1.994 1.975
18651.9 1.995 1.976
18651.2 2.032 2.013
18643.1 2.090 2.070
18634.8 2.091 2.071
18632.2 2.115 2.095
18629.8 2.116 2.096
18628.5 2.126 2.106
18627.2 2.341 2.319
18625.6 2.574 2.550
18624.6 2.684 2.659
18623.0 2.685 2.659
18620.6 2.686 2.660
18617.9 2.748 2.722
18614.5 2.749 2.723
18612.9 2.750 2.724
18610.6 2.751 2.725
18609.8 2.810 2.783
18605.6 2.811 2.784
18597.7 2.833 2.806
18594.0 2.848 2.821
18593.6 2.855 2.828
18588.5 2.910 2.882
18578.4 3.093 3.064
18577.6 3.101 3.072
18577.2 3.115 3.085
18563.6 3.116 3.086
18563.4 3.116 3.086
18560.4 3.117 3.087
18557.1 3.118 3.088
18549.0 3.119 3.089
18547.5 3.119 3.089
18546.6 3.142 3.112
18544.8 3.156 3.126
18539.2 3.157 3.127
18532.1 3.220 3.189
18523.9 3.221 3.190
18523.2 3.228 3.197
18517.4 3.229 3.198
18504.0 3.230 3.199
18496.9 3.239 3.208
18496.8 3.239 3.208
18489.1 3.240 3.209
18484.8 3.241 3.210
18483.9 3.242 3.211
18483.4 3.272 3.241
18475.7 3.273 3.242
18473.9 3.278 3.247
18467.0 3.304 3.273
18466.9 3.316 3.284
18463.7 3.436 3.403
18461.9 3.437 3.404
18461.8 3.437 3.404
18460.8 3.438 3.405
18459.8 3.467 3.434
18457.1 3.547 3.513
18453.0 3.574 3.540
18451.7 3.588 3.554
18446.9 3.589 3.555
18446.6 3.590 3.556
18446.4 3.593 3.559
18446.0 3.595 3.561
18444.6 3.596 3.562
18443.6 3.596 3.562
18442.4 3.597 3.563
18442.3 3.598 3.564
18440.1 3.618 3.584
18436.0 3.899 3.862
18433.2 3.900 3.863
18429.7 3.914 3.877
18425.7 3.914 3.877
18414.6 3.915 3.878
18410.0 3.916 3.879
18407.7 3.916 3.879
18398.5 3.917 3.880
18397.5 3.952 3.914
18392.4 4.052 4.014
18389.8 4.354 4.313
18386.0 4.355 4.314
18381.0 4.356 4.315
18380.5 4.356 4.315
18378.0 4.376 4.334
18376.5 4.394 4.352
18375.5 4.394 4.352
18369.1 4.395 4.353
18368.7 4.468 4.426
18365.1 4.471 4.429
18364.1 4.474 4.431
18363.7 4.485 4.442
18354.6 4.568 4.525
18354.1 4.569 4.526
18352.5 4.570 4.527
18351.3 4.581 4.537
18348.6 4.584 4.540
18348.2 4.594 4.550
18347.8 4.595 4.551
18345.2 4.603 4.559
18343.2 4.604 4.560
18337.6 4.795 4.749
18336.0 4.796 4.750
18334.8 4.796 4.750
18331.9 5.303 5.253
18324.5 5.304 5.254
18316.7 5.361 5.310
18308.0 5.361 5.310
18305.6 5.362 5.311
18304.6 5.649 5.595
18301.3 5.649 5.595
18299.4 5.650 5.596
18296.6 5.988 5.931
18289.7 6.098 6.040
18287.1 6.099 6.041
18284.8 6.100 6.042
18277.7 6.654 6.591
18268.5 6.668 6.605
18268.0 6.701 6.637
18266.8 6.702 6.638
18260.4 6.703 6.639
18255.0 6.703 6.639
18251.8 6.704 6.640
18231.4 6.705 6.641
18226.7 6.926 6.860
18225.8 7.399 7.329
18221.7 7.399 7.329
18213.1 7.400 7.330
18213.0 7.401 7.331
18206.5 7.798 7.724
18199.5 26.318 26.068
18197.1 26.319 26.069
18192.6 26.320 26.070
18191.3 26.646 26.393
18182.0 26.682 26.429
18181.5 27.095 26.838
18176.6 27.096 26.839
18174.3 27.096 26.839
18172.0 27.097 26.840
18170.5 41.283 40.891
18168.8 41.285 40.893
18168.6 41.308 40.916
18166.3 41.990 41.591
18165.4 41.991 41.592
18165.0 41.992 41.593
18163.3 41.993 41.594
18154.3 42.039 41.640
18146.6 42.087 41.687
18146.4 42.103 41.703
18145.8 42.622 42.217
18145.4 42.623 42.218
18143.8 42.624 42.219
18141.4 42.625 42.220
18140.2 43.117 42.707
18130.4 44.104 43.685
18129.9 44.105 43.686
18126.4 44.106 43.687
18124.8 44.107 43.688
18124.6 44.108 43.689
18123.8 44.108 43.689
18123.3 44.109 43.690
18122.3 44.331 43.910
18122.1 44.601 44.177
18121.2 44.632 44.208
18116.4 44.633 44.209
18115.4 44.634 44.210
18115.0 45.689 45.255
18113.8 45.690 45.256
18113.4 46.681 46.238
18109.2 46.682 46.239
18109.0 47.278 46.829
18108.1 47.282 46.833
18107.8 67.571 66.929
18106.6 67.572 66.930
18100.3 67.574 66.932
18096.4 67.906 67.261
18096.3 68.004 67.358
18096.2 68.381 67.731
18095.7 68.475 67.824
18091.9 69.290 68.632
18090.8 69.850 69.186
18090.3 90.773 89.911
18089.3 90.774 89.912
18088.8 117.858 116.738
18086.6 117.859 116.739
18080.2 117.892 116.772
18078.4 118.269 117.145
18078.3 118.270 117.146
18077.3 118.271 117.147
18076.6 131.072 129.827
18072.9 131.144 129.898
18070.4 160.357 158.834
18069.9 160.358 158.835
18061.0 160.443 158.919
18057.3 160.529 159.004
18056.4 160.530 159.005
18055.9 160.543 159.018
18055.7 160.761 159.234
18054.9 160.773 159.246
18051.7 160.865 159.337
18051.4 160.944 159.415
18049.7 161.087 159.557
18048.2 161.163 159.632
18047.3 161.756 160.219
18045.9 161.838 160.301
18034.0 161.839 160.302
18033.5 161.839 160.302
18023.0 161.952 160.413
18019.5 162.070 160.530
18017.6 162.120 160.580
18015.5 162.240 160.699
18013.9 163.700 162.145
18012.5 165.700 164.126
18009.2 165.732 164.158
18008.3 168.053 166.456
18000.9 169.298 167.690
17999.5 173.038 171.394
17997.6 173.414 171.767
17992.6 193.050 191.216
17991.8 193.052 191.218
17987.4 193.053 191.219
17986.4 193.054 191.220
17985.0 193.154 191.319
17982.8 193.476 191.638
17976.5 193.588 191.749
17968.7 193.742 191.901
17968.5 194.129 192.285
17968.4 194.256 192.411
17947.5 194.615 192.766
17947.1 194.616 192.767
17939.1 194.775 192.925
17925.4 194.935 193.083
17921.9 195.500 193.643
17920.6 199.679 197.782
17911.5 199.723 197.826
17908.5 199.724 197.827
17897.0 224.811 222.675
17892.9 224.956 222.819
17890.9 225.027 222.889
17890.0 232.959 230.746
17889.8 232.959 230.746
17887.6 233.225 231.009
17887.5 264.399 261.887
17879.6 278.985 276.335
17879.4 304.446 301.554
17878.3 304.719 301.824
17870.8 324.246 321.166
17869.7 324.247 321.167
17869.6 338.988 335.768
17869.4 339.792 336.564
17852.4 349.845 346.521
17851.6 349.854 346.530
17851.5 349.855 346.531
17847.9 349.891 346.567
17845.8 349.892 346.568
17843.9 349.902 346.578
17842.8 350.008 346.683
17842.5 356.235 352.851
17842.3 356.292 352.907
17842.0 356.362 352.977
17841.9 376.756 373.177
17841.5 376.776 373.197
17834.8 377.072 373.490
17834.6 383.757 380.111
17827.5 403.103 399.274
17826.5 414.345 410.409
17826.0 435.397 431.261
17822.7 487.710 483.077
17822.5 501.797 497.030
17822.4 501.798 497.031
17820.2 804.504 796.861
17820.1 804.913 797.266
17817.1 804.914 797.267
17814.4 805.072 797.424
17813.1 806.124 798.466
17810.1 807.177 799.509
17809.2 807.806 800.132
17808.0 807.807 800.133
17804.9 811.873 804.160
17800.7 830.769 822.877
17795.7 832.972 825.059
17792.5 832.985 825.072
17791.8 832.986 825.073
17788.9 833.069 825.155
17781.1 833.121 825.206
17780.0 833.122 825.207
17776.9 833.148 825.233
17768.1 849.845 841.771
17759.1 870.116 861.850
17757.1 870.181 861.914
17754.4 870.207 861.940
17753.2 870.208 861.941
17751.1 870.292 862.024
17749.5 870.620 862.349
17747.0 876.480 868.153
17746.8 893.915 885.423
17741.1 893.916 885.424
17740.2 893.917 885.425
17737.4 905.595 896.992
17736.9 905.596 896.993
17736.3 905.597 896.994
17734.5 905.598 896.995
17731.0 905.624 897.021
17730.7 905.625 897.022
17729.3 905.626 897.023
17728.1 921.531 912.776
17725.8 921.532 912.777
17724.2 921.533 912.778
17723.4 921.802 913.045
17722.0 921.802 913.045
17720.6 922.024 913.265
17714.3 947.965 938.959
17714.0 948.359 939.350
17711.6 948.451 939.441
17710.0 965.393 956.222
17705.2 1009.884 1000.290
17705.0 1009.913 1000.319
17702.9 1009.988 1000.393
17696.2 1159.348 1148.334
17696.0 1270.766 1258.694
17693.4 1280.003 1267.843
17691.8 1280.045 1267.885
17690.4 1280.319 1268.156
17689.3 1284.478 1272.275
17689.0 1306.705 1294.291
17685.1 1320.081 1307.540
17684.8 1320.082 1307.541
17684.7 1320.152 1307.611
17682.4 1320.153 1307.612
17679.3 1320.366 1307.823
17677.9 1321.085 1308.535
17677.7 1330.654 1318.013
17673.6 1331.288 1318.641
17670.3 1331.859 1319.206
17668.1 1331.860 1319.207
17668.0 1339.426 1326.701
17667.8 1339.992 1327.262
17666.9 1339.992 1327.262
17659.8 1360.184 1347.262
17658.8 1369.074 1356.068
17658.0 1404.011 1390.673
17656.1 1404.127 1390.788
17653.8 1404.144 1390.805
17653.6 1404.157 1390.818
17652.0 1412.807 1399.385
17651.6 1418.515 1405.039
17651.3 1426.781 1413.227
17648.6 1426.884 1413.329
17647.8 1426.885 1413.330
17647.5 1435.369 1421.733
17647.3 1446.497 1432.755
17646.0 1852.121 1834.526
17644.4 1923.536 1905.262
17644.2 1935.592 1917.204
17642.3 1935.603 1917.215
17642.1 1935.634 1917.245
17641.8 2027.672 2008.409
Primal Integral: 0.3635398689
